[2022-07-23 21:04:22,290] {processor.py:153} INFO - Started process (PID=68) to work on /home/airflow/.local/lib/python3.7/site-packages/airflow/example_dags/example_branch_python_dop_operator_3.py
[2022-07-23 21:04:22,291] {processor.py:641} INFO - Processing file /home/airflow/.local/lib/python3.7/site-packages/airflow/example_dags/example_branch_python_dop_operator_3.py for tasks to queue
[2022-07-23 21:04:22,291] {logging_mixin.py:115} INFO - [2022-07-23 21:04:22,291] {dagbag.py:508} INFO - Filling up the DagBag from /home/airflow/.local/lib/python3.7/site-packages/airflow/example_dags/example_branch_python_dop_operator_3.py
[2022-07-23 21:04:22,307] {processor.py:651} INFO - DAG(s) dict_keys(['example_branch_dop_operator_v3']) retrieved from /home/airflow/.local/lib/python3.7/site-packages/airflow/example_dags/example_branch_python_dop_operator_3.py
[2022-07-23 21:04:22,388] {logging_mixin.py:115} INFO - [2022-07-23 21:04:22,388] {manager.py:508} INFO - Created Permission View: can edit on DAG:example_branch_dop_operator_v3
[2022-07-23 21:04:22,399] {logging_mixin.py:115} INFO - [2022-07-23 21:04:22,399] {manager.py:508} INFO - Created Permission View: can read on DAG:example_branch_dop_operator_v3
[2022-07-23 21:04:22,407] {logging_mixin.py:115} INFO - [2022-07-23 21:04:22,407] {manager.py:508} INFO - Created Permission View: can delete on DAG:example_branch_dop_operator_v3
[2022-07-23 21:04:22,407] {logging_mixin.py:115} INFO - [2022-07-23 21:04:22,407] {dag.py:2420} INFO - Sync 1 DAGs
[2022-07-23 21:04:22,418] {logging_mixin.py:115} INFO - [2022-07-23 21:04:22,418] {dag.py:2439} INFO - Creating ORM DAG for example_branch_dop_operator_v3
[2022-07-23 21:04:22,439] {logging_mixin.py:115} INFO - [2022-07-23 21:04:22,439] {dag.py:2972} INFO - Setting next_dagrun for example_branch_dop_operator_v3 to 2022-07-23T21:03:00+00:00, run_after=2022-07-23T21:04:00+00:00
[2022-07-23 21:04:22,453] {processor.py:161} INFO - Processing /home/airflow/.local/lib/python3.7/site-packages/airflow/example_dags/example_branch_python_dop_operator_3.py took 0.167 seconds
[2022-07-23 21:04:53,080] {processor.py:153} INFO - Started process (PID=121) to work on /home/airflow/.local/lib/python3.7/site-packages/airflow/example_dags/example_branch_python_dop_operator_3.py
[2022-07-23 21:04:53,082] {processor.py:641} INFO - Processing file /home/airflow/.local/lib/python3.7/site-packages/airflow/example_dags/example_branch_python_dop_operator_3.py for tasks to queue
[2022-07-23 21:04:53,082] {logging_mixin.py:115} INFO - [2022-07-23 21:04:53,082] {dagbag.py:508} INFO - Filling up the DagBag from /home/airflow/.local/lib/python3.7/site-packages/airflow/example_dags/example_branch_python_dop_operator_3.py
[2022-07-23 21:04:53,088] {processor.py:651} INFO - DAG(s) dict_keys(['example_branch_dop_operator_v3']) retrieved from /home/airflow/.local/lib/python3.7/site-packages/airflow/example_dags/example_branch_python_dop_operator_3.py
[2022-07-23 21:04:53,104] {logging_mixin.py:115} INFO - [2022-07-23 21:04:53,104] {dag.py:2420} INFO - Sync 1 DAGs
[2022-07-23 21:04:53,120] {logging_mixin.py:115} INFO - [2022-07-23 21:04:53,120] {dag.py:2972} INFO - Setting next_dagrun for example_branch_dop_operator_v3 to 2022-07-23T21:03:00+00:00, run_after=2022-07-23T21:04:00+00:00
[2022-07-23 21:04:53,131] {processor.py:161} INFO - Processing /home/airflow/.local/lib/python3.7/site-packages/airflow/example_dags/example_branch_python_dop_operator_3.py took 0.053 seconds
[2022-07-23 21:05:23,492] {processor.py:153} INFO - Started process (PID=182) to work on /home/airflow/.local/lib/python3.7/site-packages/airflow/example_dags/example_branch_python_dop_operator_3.py
[2022-07-23 21:05:23,493] {processor.py:641} INFO - Processing file /home/airflow/.local/lib/python3.7/site-packages/airflow/example_dags/example_branch_python_dop_operator_3.py for tasks to queue
[2022-07-23 21:05:23,493] {logging_mixin.py:115} INFO - [2022-07-23 21:05:23,493] {dagbag.py:508} INFO - Filling up the DagBag from /home/airflow/.local/lib/python3.7/site-packages/airflow/example_dags/example_branch_python_dop_operator_3.py
[2022-07-23 21:05:23,499] {processor.py:651} INFO - DAG(s) dict_keys(['example_branch_dop_operator_v3']) retrieved from /home/airflow/.local/lib/python3.7/site-packages/airflow/example_dags/example_branch_python_dop_operator_3.py
[2022-07-23 21:05:23,516] {logging_mixin.py:115} INFO - [2022-07-23 21:05:23,516] {dag.py:2420} INFO - Sync 1 DAGs
[2022-07-23 21:05:23,532] {logging_mixin.py:115} INFO - [2022-07-23 21:05:23,532] {dag.py:2972} INFO - Setting next_dagrun for example_branch_dop_operator_v3 to 2022-07-23T21:04:00+00:00, run_after=2022-07-23T21:05:00+00:00
[2022-07-23 21:05:23,539] {processor.py:161} INFO - Processing /home/airflow/.local/lib/python3.7/site-packages/airflow/example_dags/example_branch_python_dop_operator_3.py took 0.049 seconds
[2022-07-23 21:05:53,768] {processor.py:153} INFO - Started process (PID=242) to work on /home/airflow/.local/lib/python3.7/site-packages/airflow/example_dags/example_branch_python_dop_operator_3.py
[2022-07-23 21:05:53,768] {processor.py:641} INFO - Processing file /home/airflow/.local/lib/python3.7/site-packages/airflow/example_dags/example_branch_python_dop_operator_3.py for tasks to queue
[2022-07-23 21:05:53,768] {logging_mixin.py:115} INFO - [2022-07-23 21:05:53,768] {dagbag.py:508} INFO - Filling up the DagBag from /home/airflow/.local/lib/python3.7/site-packages/airflow/example_dags/example_branch_python_dop_operator_3.py
[2022-07-23 21:05:53,777] {processor.py:651} INFO - DAG(s) dict_keys(['example_branch_dop_operator_v3']) retrieved from /home/airflow/.local/lib/python3.7/site-packages/airflow/example_dags/example_branch_python_dop_operator_3.py
[2022-07-23 21:05:53,804] {logging_mixin.py:115} INFO - [2022-07-23 21:05:53,803] {dag.py:2420} INFO - Sync 1 DAGs
[2022-07-23 21:05:53,829] {logging_mixin.py:115} INFO - [2022-07-23 21:05:53,828] {dag.py:2972} INFO - Setting next_dagrun for example_branch_dop_operator_v3 to 2022-07-23T21:04:00+00:00, run_after=2022-07-23T21:05:00+00:00
[2022-07-23 21:05:53,841] {processor.py:161} INFO - Processing /home/airflow/.local/lib/python3.7/site-packages/airflow/example_dags/example_branch_python_dop_operator_3.py took 0.077 seconds
[2022-07-23 21:06:24,273] {processor.py:153} INFO - Started process (PID=304) to work on /home/airflow/.local/lib/python3.7/site-packages/airflow/example_dags/example_branch_python_dop_operator_3.py
[2022-07-23 21:06:24,273] {processor.py:641} INFO - Processing file /home/airflow/.local/lib/python3.7/site-packages/airflow/example_dags/example_branch_python_dop_operator_3.py for tasks to queue
[2022-07-23 21:06:24,273] {logging_mixin.py:115} INFO - [2022-07-23 21:06:24,273] {dagbag.py:508} INFO - Filling up the DagBag from /home/airflow/.local/lib/python3.7/site-packages/airflow/example_dags/example_branch_python_dop_operator_3.py
[2022-07-23 21:06:24,279] {processor.py:651} INFO - DAG(s) dict_keys(['example_branch_dop_operator_v3']) retrieved from /home/airflow/.local/lib/python3.7/site-packages/airflow/example_dags/example_branch_python_dop_operator_3.py
[2022-07-23 21:06:24,294] {logging_mixin.py:115} INFO - [2022-07-23 21:06:24,294] {dag.py:2420} INFO - Sync 1 DAGs
[2022-07-23 21:06:24,311] {logging_mixin.py:115} INFO - [2022-07-23 21:06:24,311] {dag.py:2972} INFO - Setting next_dagrun for example_branch_dop_operator_v3 to 2022-07-23T21:05:00+00:00, run_after=2022-07-23T21:06:00+00:00
[2022-07-23 21:06:24,317] {processor.py:161} INFO - Processing /home/airflow/.local/lib/python3.7/site-packages/airflow/example_dags/example_branch_python_dop_operator_3.py took 0.046 seconds
[2022-07-23 21:06:54,635] {processor.py:153} INFO - Started process (PID=357) to work on /home/airflow/.local/lib/python3.7/site-packages/airflow/example_dags/example_branch_python_dop_operator_3.py
[2022-07-23 21:06:54,636] {processor.py:641} INFO - Processing file /home/airflow/.local/lib/python3.7/site-packages/airflow/example_dags/example_branch_python_dop_operator_3.py for tasks to queue
[2022-07-23 21:06:54,637] {logging_mixin.py:115} INFO - [2022-07-23 21:06:54,637] {dagbag.py:508} INFO - Filling up the DagBag from /home/airflow/.local/lib/python3.7/site-packages/airflow/example_dags/example_branch_python_dop_operator_3.py
[2022-07-23 21:06:54,648] {processor.py:651} INFO - DAG(s) dict_keys(['example_branch_dop_operator_v3']) retrieved from /home/airflow/.local/lib/python3.7/site-packages/airflow/example_dags/example_branch_python_dop_operator_3.py
[2022-07-23 21:06:54,665] {logging_mixin.py:115} INFO - [2022-07-23 21:06:54,665] {dag.py:2420} INFO - Sync 1 DAGs
[2022-07-23 21:06:54,686] {logging_mixin.py:115} INFO - [2022-07-23 21:06:54,686] {dag.py:2972} INFO - Setting next_dagrun for example_branch_dop_operator_v3 to 2022-07-23T21:05:00+00:00, run_after=2022-07-23T21:06:00+00:00
[2022-07-23 21:06:54,693] {processor.py:161} INFO - Processing /home/airflow/.local/lib/python3.7/site-packages/airflow/example_dags/example_branch_python_dop_operator_3.py took 0.064 seconds
[2022-07-23 21:07:24,867] {processor.py:153} INFO - Started process (PID=418) to work on /home/airflow/.local/lib/python3.7/site-packages/airflow/example_dags/example_branch_python_dop_operator_3.py
[2022-07-23 21:07:24,867] {processor.py:641} INFO - Processing file /home/airflow/.local/lib/python3.7/site-packages/airflow/example_dags/example_branch_python_dop_operator_3.py for tasks to queue
[2022-07-23 21:07:24,867] {logging_mixin.py:115} INFO - [2022-07-23 21:07:24,867] {dagbag.py:508} INFO - Filling up the DagBag from /home/airflow/.local/lib/python3.7/site-packages/airflow/example_dags/example_branch_python_dop_operator_3.py
[2022-07-23 21:07:24,873] {processor.py:651} INFO - DAG(s) dict_keys(['example_branch_dop_operator_v3']) retrieved from /home/airflow/.local/lib/python3.7/site-packages/airflow/example_dags/example_branch_python_dop_operator_3.py
[2022-07-23 21:07:24,888] {logging_mixin.py:115} INFO - [2022-07-23 21:07:24,888] {dag.py:2420} INFO - Sync 1 DAGs
[2022-07-23 21:07:24,905] {logging_mixin.py:115} INFO - [2022-07-23 21:07:24,904] {dag.py:2972} INFO - Setting next_dagrun for example_branch_dop_operator_v3 to 2022-07-23T21:06:00+00:00, run_after=2022-07-23T21:07:00+00:00
[2022-07-23 21:07:24,912] {processor.py:161} INFO - Processing /home/airflow/.local/lib/python3.7/site-packages/airflow/example_dags/example_branch_python_dop_operator_3.py took 0.047 seconds
[2022-07-23 21:07:55,023] {processor.py:153} INFO - Started process (PID=479) to work on /home/airflow/.local/lib/python3.7/site-packages/airflow/example_dags/example_branch_python_dop_operator_3.py
[2022-07-23 21:07:55,024] {processor.py:641} INFO - Processing file /home/airflow/.local/lib/python3.7/site-packages/airflow/example_dags/example_branch_python_dop_operator_3.py for tasks to queue
[2022-07-23 21:07:55,024] {logging_mixin.py:115} INFO - [2022-07-23 21:07:55,024] {dagbag.py:508} INFO - Filling up the DagBag from /home/airflow/.local/lib/python3.7/site-packages/airflow/example_dags/example_branch_python_dop_operator_3.py
[2022-07-23 21:07:55,029] {processor.py:651} INFO - DAG(s) dict_keys(['example_branch_dop_operator_v3']) retrieved from /home/airflow/.local/lib/python3.7/site-packages/airflow/example_dags/example_branch_python_dop_operator_3.py
[2022-07-23 21:07:55,045] {logging_mixin.py:115} INFO - [2022-07-23 21:07:55,045] {dag.py:2420} INFO - Sync 1 DAGs
[2022-07-23 21:07:55,061] {logging_mixin.py:115} INFO - [2022-07-23 21:07:55,061] {dag.py:2972} INFO - Setting next_dagrun for example_branch_dop_operator_v3 to 2022-07-23T21:06:00+00:00, run_after=2022-07-23T21:07:00+00:00
[2022-07-23 21:07:55,068] {processor.py:161} INFO - Processing /home/airflow/.local/lib/python3.7/site-packages/airflow/example_dags/example_branch_python_dop_operator_3.py took 0.046 seconds
[2022-07-23 21:08:25,293] {processor.py:153} INFO - Started process (PID=540) to work on /home/airflow/.local/lib/python3.7/site-packages/airflow/example_dags/example_branch_python_dop_operator_3.py
[2022-07-23 21:08:25,294] {processor.py:641} INFO - Processing file /home/airflow/.local/lib/python3.7/site-packages/airflow/example_dags/example_branch_python_dop_operator_3.py for tasks to queue
[2022-07-23 21:08:25,295] {logging_mixin.py:115} INFO - [2022-07-23 21:08:25,294] {dagbag.py:508} INFO - Filling up the DagBag from /home/airflow/.local/lib/python3.7/site-packages/airflow/example_dags/example_branch_python_dop_operator_3.py
[2022-07-23 21:08:25,304] {processor.py:651} INFO - DAG(s) dict_keys(['example_branch_dop_operator_v3']) retrieved from /home/airflow/.local/lib/python3.7/site-packages/airflow/example_dags/example_branch_python_dop_operator_3.py
[2022-07-23 21:08:25,324] {logging_mixin.py:115} INFO - [2022-07-23 21:08:25,324] {dag.py:2420} INFO - Sync 1 DAGs
[2022-07-23 21:08:25,352] {logging_mixin.py:115} INFO - [2022-07-23 21:08:25,352] {dag.py:2972} INFO - Setting next_dagrun for example_branch_dop_operator_v3 to 2022-07-23T21:07:00+00:00, run_after=2022-07-23T21:08:00+00:00
[2022-07-23 21:08:25,363] {processor.py:161} INFO - Processing /home/airflow/.local/lib/python3.7/site-packages/airflow/example_dags/example_branch_python_dop_operator_3.py took 0.073 seconds
[2022-07-23 21:08:55,612] {processor.py:153} INFO - Started process (PID=593) to work on /home/airflow/.local/lib/python3.7/site-packages/airflow/example_dags/example_branch_python_dop_operator_3.py
[2022-07-23 21:08:55,612] {processor.py:641} INFO - Processing file /home/airflow/.local/lib/python3.7/site-packages/airflow/example_dags/example_branch_python_dop_operator_3.py for tasks to queue
[2022-07-23 21:08:55,612] {logging_mixin.py:115} INFO - [2022-07-23 21:08:55,612] {dagbag.py:508} INFO - Filling up the DagBag from /home/airflow/.local/lib/python3.7/site-packages/airflow/example_dags/example_branch_python_dop_operator_3.py
[2022-07-23 21:08:55,618] {processor.py:651} INFO - DAG(s) dict_keys(['example_branch_dop_operator_v3']) retrieved from /home/airflow/.local/lib/python3.7/site-packages/airflow/example_dags/example_branch_python_dop_operator_3.py
[2022-07-23 21:08:55,635] {logging_mixin.py:115} INFO - [2022-07-23 21:08:55,635] {dag.py:2420} INFO - Sync 1 DAGs
[2022-07-23 21:08:55,656] {logging_mixin.py:115} INFO - [2022-07-23 21:08:55,656] {dag.py:2972} INFO - Setting next_dagrun for example_branch_dop_operator_v3 to 2022-07-23T21:07:00+00:00, run_after=2022-07-23T21:08:00+00:00
[2022-07-23 21:08:55,664] {processor.py:161} INFO - Processing /home/airflow/.local/lib/python3.7/site-packages/airflow/example_dags/example_branch_python_dop_operator_3.py took 0.054 seconds
[2022-07-23 21:09:25,894] {processor.py:153} INFO - Started process (PID=653) to work on /home/airflow/.local/lib/python3.7/site-packages/airflow/example_dags/example_branch_python_dop_operator_3.py
[2022-07-23 21:09:25,894] {processor.py:641} INFO - Processing file /home/airflow/.local/lib/python3.7/site-packages/airflow/example_dags/example_branch_python_dop_operator_3.py for tasks to queue
[2022-07-23 21:09:25,894] {logging_mixin.py:115} INFO - [2022-07-23 21:09:25,894] {dagbag.py:508} INFO - Filling up the DagBag from /home/airflow/.local/lib/python3.7/site-packages/airflow/example_dags/example_branch_python_dop_operator_3.py
[2022-07-23 21:09:25,900] {processor.py:651} INFO - DAG(s) dict_keys(['example_branch_dop_operator_v3']) retrieved from /home/airflow/.local/lib/python3.7/site-packages/airflow/example_dags/example_branch_python_dop_operator_3.py
[2022-07-23 21:09:25,918] {logging_mixin.py:115} INFO - [2022-07-23 21:09:25,917] {dag.py:2420} INFO - Sync 1 DAGs
[2022-07-23 21:09:25,940] {logging_mixin.py:115} INFO - [2022-07-23 21:09:25,940] {dag.py:2972} INFO - Setting next_dagrun for example_branch_dop_operator_v3 to 2022-07-23T21:08:00+00:00, run_after=2022-07-23T21:09:00+00:00
[2022-07-23 21:09:25,949] {processor.py:161} INFO - Processing /home/airflow/.local/lib/python3.7/site-packages/airflow/example_dags/example_branch_python_dop_operator_3.py took 0.057 seconds
[2022-07-23 21:09:56,122] {processor.py:153} INFO - Started process (PID=713) to work on /home/airflow/.local/lib/python3.7/site-packages/airflow/example_dags/example_branch_python_dop_operator_3.py
[2022-07-23 21:09:56,122] {processor.py:641} INFO - Processing file /home/airflow/.local/lib/python3.7/site-packages/airflow/example_dags/example_branch_python_dop_operator_3.py for tasks to queue
[2022-07-23 21:09:56,123] {logging_mixin.py:115} INFO - [2022-07-23 21:09:56,123] {dagbag.py:508} INFO - Filling up the DagBag from /home/airflow/.local/lib/python3.7/site-packages/airflow/example_dags/example_branch_python_dop_operator_3.py
[2022-07-23 21:09:56,129] {processor.py:651} INFO - DAG(s) dict_keys(['example_branch_dop_operator_v3']) retrieved from /home/airflow/.local/lib/python3.7/site-packages/airflow/example_dags/example_branch_python_dop_operator_3.py
[2022-07-23 21:09:56,144] {logging_mixin.py:115} INFO - [2022-07-23 21:09:56,144] {dag.py:2420} INFO - Sync 1 DAGs
[2022-07-23 21:09:56,161] {logging_mixin.py:115} INFO - [2022-07-23 21:09:56,161] {dag.py:2972} INFO - Setting next_dagrun for example_branch_dop_operator_v3 to 2022-07-23T21:08:00+00:00, run_after=2022-07-23T21:09:00+00:00
[2022-07-23 21:09:56,168] {processor.py:161} INFO - Processing /home/airflow/.local/lib/python3.7/site-packages/airflow/example_dags/example_branch_python_dop_operator_3.py took 0.048 seconds
[2022-07-23 21:10:26,413] {processor.py:153} INFO - Started process (PID=773) to work on /home/airflow/.local/lib/python3.7/site-packages/airflow/example_dags/example_branch_python_dop_operator_3.py
[2022-07-23 21:10:26,413] {processor.py:641} INFO - Processing file /home/airflow/.local/lib/python3.7/site-packages/airflow/example_dags/example_branch_python_dop_operator_3.py for tasks to queue
[2022-07-23 21:10:26,414] {logging_mixin.py:115} INFO - [2022-07-23 21:10:26,414] {dagbag.py:508} INFO - Filling up the DagBag from /home/airflow/.local/lib/python3.7/site-packages/airflow/example_dags/example_branch_python_dop_operator_3.py
[2022-07-23 21:10:26,421] {processor.py:651} INFO - DAG(s) dict_keys(['example_branch_dop_operator_v3']) retrieved from /home/airflow/.local/lib/python3.7/site-packages/airflow/example_dags/example_branch_python_dop_operator_3.py
[2022-07-23 21:10:26,446] {logging_mixin.py:115} INFO - [2022-07-23 21:10:26,446] {dag.py:2420} INFO - Sync 1 DAGs
[2022-07-23 21:10:26,466] {logging_mixin.py:115} INFO - [2022-07-23 21:10:26,466] {dag.py:2972} INFO - Setting next_dagrun for example_branch_dop_operator_v3 to 2022-07-23T21:09:00+00:00, run_after=2022-07-23T21:10:00+00:00
[2022-07-23 21:10:26,476] {processor.py:161} INFO - Processing /home/airflow/.local/lib/python3.7/site-packages/airflow/example_dags/example_branch_python_dop_operator_3.py took 0.067 seconds
[2022-07-23 21:10:56,710] {processor.py:153} INFO - Started process (PID=825) to work on /home/airflow/.local/lib/python3.7/site-packages/airflow/example_dags/example_branch_python_dop_operator_3.py
[2022-07-23 21:10:56,711] {processor.py:641} INFO - Processing file /home/airflow/.local/lib/python3.7/site-packages/airflow/example_dags/example_branch_python_dop_operator_3.py for tasks to queue
[2022-07-23 21:10:56,711] {logging_mixin.py:115} INFO - [2022-07-23 21:10:56,711] {dagbag.py:508} INFO - Filling up the DagBag from /home/airflow/.local/lib/python3.7/site-packages/airflow/example_dags/example_branch_python_dop_operator_3.py
[2022-07-23 21:10:56,716] {processor.py:651} INFO - DAG(s) dict_keys(['example_branch_dop_operator_v3']) retrieved from /home/airflow/.local/lib/python3.7/site-packages/airflow/example_dags/example_branch_python_dop_operator_3.py
[2022-07-23 21:10:56,731] {logging_mixin.py:115} INFO - [2022-07-23 21:10:56,731] {dag.py:2420} INFO - Sync 1 DAGs
[2022-07-23 21:10:56,746] {logging_mixin.py:115} INFO - [2022-07-23 21:10:56,746] {dag.py:2972} INFO - Setting next_dagrun for example_branch_dop_operator_v3 to 2022-07-23T21:09:00+00:00, run_after=2022-07-23T21:10:00+00:00
[2022-07-23 21:10:56,752] {processor.py:161} INFO - Processing /home/airflow/.local/lib/python3.7/site-packages/airflow/example_dags/example_branch_python_dop_operator_3.py took 0.043 seconds
[2022-07-23 21:11:26,888] {processor.py:153} INFO - Started process (PID=886) to work on /home/airflow/.local/lib/python3.7/site-packages/airflow/example_dags/example_branch_python_dop_operator_3.py
[2022-07-23 21:11:26,888] {processor.py:641} INFO - Processing file /home/airflow/.local/lib/python3.7/site-packages/airflow/example_dags/example_branch_python_dop_operator_3.py for tasks to queue
[2022-07-23 21:11:26,889] {logging_mixin.py:115} INFO - [2022-07-23 21:11:26,889] {dagbag.py:508} INFO - Filling up the DagBag from /home/airflow/.local/lib/python3.7/site-packages/airflow/example_dags/example_branch_python_dop_operator_3.py
[2022-07-23 21:11:26,896] {processor.py:651} INFO - DAG(s) dict_keys(['example_branch_dop_operator_v3']) retrieved from /home/airflow/.local/lib/python3.7/site-packages/airflow/example_dags/example_branch_python_dop_operator_3.py
[2022-07-23 21:11:26,912] {logging_mixin.py:115} INFO - [2022-07-23 21:11:26,912] {dag.py:2420} INFO - Sync 1 DAGs
[2022-07-23 21:11:26,940] {logging_mixin.py:115} INFO - [2022-07-23 21:11:26,940] {dag.py:2972} INFO - Setting next_dagrun for example_branch_dop_operator_v3 to 2022-07-23T21:10:00+00:00, run_after=2022-07-23T21:11:00+00:00
[2022-07-23 21:11:26,949] {processor.py:161} INFO - Processing /home/airflow/.local/lib/python3.7/site-packages/airflow/example_dags/example_branch_python_dop_operator_3.py took 0.063 seconds
[2022-07-23 21:11:57,173] {processor.py:153} INFO - Started process (PID=946) to work on /home/airflow/.local/lib/python3.7/site-packages/airflow/example_dags/example_branch_python_dop_operator_3.py
[2022-07-23 21:11:57,174] {processor.py:641} INFO - Processing file /home/airflow/.local/lib/python3.7/site-packages/airflow/example_dags/example_branch_python_dop_operator_3.py for tasks to queue
[2022-07-23 21:11:57,174] {logging_mixin.py:115} INFO - [2022-07-23 21:11:57,174] {dagbag.py:508} INFO - Filling up the DagBag from /home/airflow/.local/lib/python3.7/site-packages/airflow/example_dags/example_branch_python_dop_operator_3.py
[2022-07-23 21:11:57,180] {processor.py:651} INFO - DAG(s) dict_keys(['example_branch_dop_operator_v3']) retrieved from /home/airflow/.local/lib/python3.7/site-packages/airflow/example_dags/example_branch_python_dop_operator_3.py
[2022-07-23 21:11:57,195] {logging_mixin.py:115} INFO - [2022-07-23 21:11:57,195] {dag.py:2420} INFO - Sync 1 DAGs
[2022-07-23 21:11:57,211] {logging_mixin.py:115} INFO - [2022-07-23 21:11:57,211] {dag.py:2972} INFO - Setting next_dagrun for example_branch_dop_operator_v3 to 2022-07-23T21:10:00+00:00, run_after=2022-07-23T21:11:00+00:00
[2022-07-23 21:11:57,218] {processor.py:161} INFO - Processing /home/airflow/.local/lib/python3.7/site-packages/airflow/example_dags/example_branch_python_dop_operator_3.py took 0.046 seconds
[2022-07-23 21:12:27,360] {processor.py:153} INFO - Started process (PID=1009) to work on /home/airflow/.local/lib/python3.7/site-packages/airflow/example_dags/example_branch_python_dop_operator_3.py
[2022-07-23 21:12:27,360] {processor.py:641} INFO - Processing file /home/airflow/.local/lib/python3.7/site-packages/airflow/example_dags/example_branch_python_dop_operator_3.py for tasks to queue
[2022-07-23 21:12:27,361] {logging_mixin.py:115} INFO - [2022-07-23 21:12:27,361] {dagbag.py:508} INFO - Filling up the DagBag from /home/airflow/.local/lib/python3.7/site-packages/airflow/example_dags/example_branch_python_dop_operator_3.py
[2022-07-23 21:12:27,367] {processor.py:651} INFO - DAG(s) dict_keys(['example_branch_dop_operator_v3']) retrieved from /home/airflow/.local/lib/python3.7/site-packages/airflow/example_dags/example_branch_python_dop_operator_3.py
[2022-07-23 21:12:27,387] {logging_mixin.py:115} INFO - [2022-07-23 21:12:27,387] {dag.py:2420} INFO - Sync 1 DAGs
[2022-07-23 21:12:27,412] {logging_mixin.py:115} INFO - [2022-07-23 21:12:27,412] {dag.py:2972} INFO - Setting next_dagrun for example_branch_dop_operator_v3 to 2022-07-23T21:11:00+00:00, run_after=2022-07-23T21:12:00+00:00
[2022-07-23 21:12:27,420] {processor.py:161} INFO - Processing /home/airflow/.local/lib/python3.7/site-packages/airflow/example_dags/example_branch_python_dop_operator_3.py took 0.062 seconds
[2022-07-23 21:12:57,910] {processor.py:153} INFO - Started process (PID=1060) to work on /home/airflow/.local/lib/python3.7/site-packages/airflow/example_dags/example_branch_python_dop_operator_3.py
[2022-07-23 21:12:57,911] {processor.py:641} INFO - Processing file /home/airflow/.local/lib/python3.7/site-packages/airflow/example_dags/example_branch_python_dop_operator_3.py for tasks to queue
[2022-07-23 21:12:57,911] {logging_mixin.py:115} INFO - [2022-07-23 21:12:57,911] {dagbag.py:508} INFO - Filling up the DagBag from /home/airflow/.local/lib/python3.7/site-packages/airflow/example_dags/example_branch_python_dop_operator_3.py
[2022-07-23 21:12:57,917] {processor.py:651} INFO - DAG(s) dict_keys(['example_branch_dop_operator_v3']) retrieved from /home/airflow/.local/lib/python3.7/site-packages/airflow/example_dags/example_branch_python_dop_operator_3.py
[2022-07-23 21:12:57,935] {logging_mixin.py:115} INFO - [2022-07-23 21:12:57,935] {dag.py:2420} INFO - Sync 1 DAGs
[2022-07-23 21:12:57,957] {logging_mixin.py:115} INFO - [2022-07-23 21:12:57,957] {dag.py:2972} INFO - Setting next_dagrun for example_branch_dop_operator_v3 to 2022-07-23T21:11:00+00:00, run_after=2022-07-23T21:12:00+00:00
[2022-07-23 21:12:57,965] {processor.py:161} INFO - Processing /home/airflow/.local/lib/python3.7/site-packages/airflow/example_dags/example_branch_python_dop_operator_3.py took 0.057 seconds
[2022-07-23 21:13:28,258] {processor.py:153} INFO - Started process (PID=1121) to work on /home/airflow/.local/lib/python3.7/site-packages/airflow/example_dags/example_branch_python_dop_operator_3.py
[2022-07-23 21:13:28,259] {processor.py:641} INFO - Processing file /home/airflow/.local/lib/python3.7/site-packages/airflow/example_dags/example_branch_python_dop_operator_3.py for tasks to queue
[2022-07-23 21:13:28,259] {logging_mixin.py:115} INFO - [2022-07-23 21:13:28,259] {dagbag.py:508} INFO - Filling up the DagBag from /home/airflow/.local/lib/python3.7/site-packages/airflow/example_dags/example_branch_python_dop_operator_3.py
[2022-07-23 21:13:28,266] {processor.py:651} INFO - DAG(s) dict_keys(['example_branch_dop_operator_v3']) retrieved from /home/airflow/.local/lib/python3.7/site-packages/airflow/example_dags/example_branch_python_dop_operator_3.py
[2022-07-23 21:13:28,281] {logging_mixin.py:115} INFO - [2022-07-23 21:13:28,281] {dag.py:2420} INFO - Sync 1 DAGs
[2022-07-23 21:13:28,298] {logging_mixin.py:115} INFO - [2022-07-23 21:13:28,298] {dag.py:2972} INFO - Setting next_dagrun for example_branch_dop_operator_v3 to 2022-07-23T21:12:00+00:00, run_after=2022-07-23T21:13:00+00:00
[2022-07-23 21:13:28,305] {processor.py:161} INFO - Processing /home/airflow/.local/lib/python3.7/site-packages/airflow/example_dags/example_branch_python_dop_operator_3.py took 0.048 seconds
[2022-07-23 21:13:58,469] {processor.py:153} INFO - Started process (PID=1183) to work on /home/airflow/.local/lib/python3.7/site-packages/airflow/example_dags/example_branch_python_dop_operator_3.py
[2022-07-23 21:13:58,470] {processor.py:641} INFO - Processing file /home/airflow/.local/lib/python3.7/site-packages/airflow/example_dags/example_branch_python_dop_operator_3.py for tasks to queue
[2022-07-23 21:13:58,470] {logging_mixin.py:115} INFO - [2022-07-23 21:13:58,470] {dagbag.py:508} INFO - Filling up the DagBag from /home/airflow/.local/lib/python3.7/site-packages/airflow/example_dags/example_branch_python_dop_operator_3.py
[2022-07-23 21:13:58,476] {processor.py:651} INFO - DAG(s) dict_keys(['example_branch_dop_operator_v3']) retrieved from /home/airflow/.local/lib/python3.7/site-packages/airflow/example_dags/example_branch_python_dop_operator_3.py
[2022-07-23 21:13:58,491] {logging_mixin.py:115} INFO - [2022-07-23 21:13:58,491] {dag.py:2420} INFO - Sync 1 DAGs
[2022-07-23 21:13:58,508] {logging_mixin.py:115} INFO - [2022-07-23 21:13:58,508] {dag.py:2972} INFO - Setting next_dagrun for example_branch_dop_operator_v3 to 2022-07-23T21:12:00+00:00, run_after=2022-07-23T21:13:00+00:00
[2022-07-23 21:13:58,515] {processor.py:161} INFO - Processing /home/airflow/.local/lib/python3.7/site-packages/airflow/example_dags/example_branch_python_dop_operator_3.py took 0.047 seconds
[2022-07-23 21:14:28,699] {processor.py:153} INFO - Started process (PID=1244) to work on /home/airflow/.local/lib/python3.7/site-packages/airflow/example_dags/example_branch_python_dop_operator_3.py
[2022-07-23 21:14:28,699] {processor.py:641} INFO - Processing file /home/airflow/.local/lib/python3.7/site-packages/airflow/example_dags/example_branch_python_dop_operator_3.py for tasks to queue
[2022-07-23 21:14:28,700] {logging_mixin.py:115} INFO - [2022-07-23 21:14:28,700] {dagbag.py:508} INFO - Filling up the DagBag from /home/airflow/.local/lib/python3.7/site-packages/airflow/example_dags/example_branch_python_dop_operator_3.py
[2022-07-23 21:14:28,706] {processor.py:651} INFO - DAG(s) dict_keys(['example_branch_dop_operator_v3']) retrieved from /home/airflow/.local/lib/python3.7/site-packages/airflow/example_dags/example_branch_python_dop_operator_3.py
[2022-07-23 21:14:28,725] {logging_mixin.py:115} INFO - [2022-07-23 21:14:28,725] {dag.py:2420} INFO - Sync 1 DAGs
[2022-07-23 21:14:28,751] {logging_mixin.py:115} INFO - [2022-07-23 21:14:28,751] {dag.py:2972} INFO - Setting next_dagrun for example_branch_dop_operator_v3 to 2022-07-23T21:13:00+00:00, run_after=2022-07-23T21:14:00+00:00
[2022-07-23 21:14:28,763] {processor.py:161} INFO - Processing /home/airflow/.local/lib/python3.7/site-packages/airflow/example_dags/example_branch_python_dop_operator_3.py took 0.066 seconds
[2022-07-23 21:14:59,054] {processor.py:153} INFO - Started process (PID=1296) to work on /home/airflow/.local/lib/python3.7/site-packages/airflow/example_dags/example_branch_python_dop_operator_3.py
[2022-07-23 21:14:59,055] {processor.py:641} INFO - Processing file /home/airflow/.local/lib/python3.7/site-packages/airflow/example_dags/example_branch_python_dop_operator_3.py for tasks to queue
[2022-07-23 21:14:59,055] {logging_mixin.py:115} INFO - [2022-07-23 21:14:59,055] {dagbag.py:508} INFO - Filling up the DagBag from /home/airflow/.local/lib/python3.7/site-packages/airflow/example_dags/example_branch_python_dop_operator_3.py
[2022-07-23 21:14:59,061] {processor.py:651} INFO - DAG(s) dict_keys(['example_branch_dop_operator_v3']) retrieved from /home/airflow/.local/lib/python3.7/site-packages/airflow/example_dags/example_branch_python_dop_operator_3.py
[2022-07-23 21:14:59,076] {logging_mixin.py:115} INFO - [2022-07-23 21:14:59,076] {dag.py:2420} INFO - Sync 1 DAGs
[2022-07-23 21:14:59,100] {logging_mixin.py:115} INFO - [2022-07-23 21:14:59,100] {dag.py:2972} INFO - Setting next_dagrun for example_branch_dop_operator_v3 to 2022-07-23T21:13:00+00:00, run_after=2022-07-23T21:14:00+00:00
[2022-07-23 21:14:59,110] {processor.py:161} INFO - Processing /home/airflow/.local/lib/python3.7/site-packages/airflow/example_dags/example_branch_python_dop_operator_3.py took 0.057 seconds
[2022-07-23 21:15:29,379] {processor.py:153} INFO - Started process (PID=1358) to work on /home/airflow/.local/lib/python3.7/site-packages/airflow/example_dags/example_branch_python_dop_operator_3.py
[2022-07-23 21:15:29,380] {processor.py:641} INFO - Processing file /home/airflow/.local/lib/python3.7/site-packages/airflow/example_dags/example_branch_python_dop_operator_3.py for tasks to queue
[2022-07-23 21:15:29,380] {logging_mixin.py:115} INFO - [2022-07-23 21:15:29,380] {dagbag.py:508} INFO - Filling up the DagBag from /home/airflow/.local/lib/python3.7/site-packages/airflow/example_dags/example_branch_python_dop_operator_3.py
[2022-07-23 21:15:29,386] {processor.py:651} INFO - DAG(s) dict_keys(['example_branch_dop_operator_v3']) retrieved from /home/airflow/.local/lib/python3.7/site-packages/airflow/example_dags/example_branch_python_dop_operator_3.py
[2022-07-23 21:15:29,403] {logging_mixin.py:115} INFO - [2022-07-23 21:15:29,403] {dag.py:2420} INFO - Sync 1 DAGs
[2022-07-23 21:15:29,427] {logging_mixin.py:115} INFO - [2022-07-23 21:15:29,426] {dag.py:2972} INFO - Setting next_dagrun for example_branch_dop_operator_v3 to 2022-07-23T21:14:00+00:00, run_after=2022-07-23T21:15:00+00:00
[2022-07-23 21:15:29,438] {processor.py:161} INFO - Processing /home/airflow/.local/lib/python3.7/site-packages/airflow/example_dags/example_branch_python_dop_operator_3.py took 0.061 seconds
[2022-07-23 21:15:59,670] {processor.py:153} INFO - Started process (PID=1420) to work on /home/airflow/.local/lib/python3.7/site-packages/airflow/example_dags/example_branch_python_dop_operator_3.py
[2022-07-23 21:15:59,671] {processor.py:641} INFO - Processing file /home/airflow/.local/lib/python3.7/site-packages/airflow/example_dags/example_branch_python_dop_operator_3.py for tasks to queue
[2022-07-23 21:15:59,671] {logging_mixin.py:115} INFO - [2022-07-23 21:15:59,671] {dagbag.py:508} INFO - Filling up the DagBag from /home/airflow/.local/lib/python3.7/site-packages/airflow/example_dags/example_branch_python_dop_operator_3.py
[2022-07-23 21:15:59,677] {processor.py:651} INFO - DAG(s) dict_keys(['example_branch_dop_operator_v3']) retrieved from /home/airflow/.local/lib/python3.7/site-packages/airflow/example_dags/example_branch_python_dop_operator_3.py
[2022-07-23 21:15:59,695] {logging_mixin.py:115} INFO - [2022-07-23 21:15:59,695] {dag.py:2420} INFO - Sync 1 DAGs
[2022-07-23 21:15:59,717] {logging_mixin.py:115} INFO - [2022-07-23 21:15:59,717] {dag.py:2972} INFO - Setting next_dagrun for example_branch_dop_operator_v3 to 2022-07-23T21:14:00+00:00, run_after=2022-07-23T21:15:00+00:00
[2022-07-23 21:15:59,724] {processor.py:161} INFO - Processing /home/airflow/.local/lib/python3.7/site-packages/airflow/example_dags/example_branch_python_dop_operator_3.py took 0.056 seconds
[2022-07-23 21:16:51,828] {processor.py:153} INFO - Started process (PID=58) to work on /home/airflow/.local/lib/python3.7/site-packages/airflow/example_dags/example_branch_python_dop_operator_3.py
[2022-07-23 21:16:51,829] {processor.py:641} INFO - Processing file /home/airflow/.local/lib/python3.7/site-packages/airflow/example_dags/example_branch_python_dop_operator_3.py for tasks to queue
[2022-07-23 21:16:51,830] {logging_mixin.py:115} INFO - [2022-07-23 21:16:51,830] {dagbag.py:508} INFO - Filling up the DagBag from /home/airflow/.local/lib/python3.7/site-packages/airflow/example_dags/example_branch_python_dop_operator_3.py
[2022-07-23 21:16:51,843] {processor.py:651} INFO - DAG(s) dict_keys(['example_branch_dop_operator_v3']) retrieved from /home/airflow/.local/lib/python3.7/site-packages/airflow/example_dags/example_branch_python_dop_operator_3.py
[2022-07-23 21:16:51,867] {logging_mixin.py:115} INFO - [2022-07-23 21:16:51,867] {dag.py:2420} INFO - Sync 1 DAGs
[2022-07-23 21:16:51,992] {logging_mixin.py:115} INFO - [2022-07-23 21:16:51,992] {dag.py:2972} INFO - Setting next_dagrun for example_branch_dop_operator_v3 to 2022-07-23T21:15:00+00:00, run_after=2022-07-23T21:16:00+00:00
[2022-07-23 21:16:52,020] {processor.py:161} INFO - Processing /home/airflow/.local/lib/python3.7/site-packages/airflow/example_dags/example_branch_python_dop_operator_3.py took 0.194 seconds
