[2022-07-23 21:04:22,076] {processor.py:153} INFO - Started process (PID=66) to work on /home/airflow/.local/lib/python3.7/site-packages/airflow/example_dags/example_short_circuit_operator.py
[2022-07-23 21:04:22,077] {processor.py:641} INFO - Processing file /home/airflow/.local/lib/python3.7/site-packages/airflow/example_dags/example_short_circuit_operator.py for tasks to queue
[2022-07-23 21:04:22,077] {logging_mixin.py:115} INFO - [2022-07-23 21:04:22,077] {dagbag.py:508} INFO - Filling up the DagBag from /home/airflow/.local/lib/python3.7/site-packages/airflow/example_dags/example_short_circuit_operator.py
[2022-07-23 21:04:22,089] {processor.py:651} INFO - DAG(s) dict_keys(['example_short_circuit_operator']) retrieved from /home/airflow/.local/lib/python3.7/site-packages/airflow/example_dags/example_short_circuit_operator.py
[2022-07-23 21:04:22,201] {logging_mixin.py:115} INFO - [2022-07-23 21:04:22,201] {manager.py:508} INFO - Created Permission View: can edit on DAG:example_short_circuit_operator
[2022-07-23 21:04:22,212] {logging_mixin.py:115} INFO - [2022-07-23 21:04:22,212] {manager.py:508} INFO - Created Permission View: can read on DAG:example_short_circuit_operator
[2022-07-23 21:04:22,221] {logging_mixin.py:115} INFO - [2022-07-23 21:04:22,220] {manager.py:508} INFO - Created Permission View: can delete on DAG:example_short_circuit_operator
[2022-07-23 21:04:22,221] {logging_mixin.py:115} INFO - [2022-07-23 21:04:22,221] {dag.py:2420} INFO - Sync 1 DAGs
[2022-07-23 21:04:22,237] {logging_mixin.py:115} INFO - [2022-07-23 21:04:22,237] {dag.py:2439} INFO - Creating ORM DAG for example_short_circuit_operator
[2022-07-23 21:04:22,253] {logging_mixin.py:115} INFO - [2022-07-23 21:04:22,253] {dag.py:2972} INFO - Setting next_dagrun for example_short_circuit_operator to 2022-07-22T21:04:22.252627+00:00, run_after=2022-07-23T21:04:22.252627+00:00
[2022-07-23 21:04:22,272] {processor.py:161} INFO - Processing /home/airflow/.local/lib/python3.7/site-packages/airflow/example_dags/example_short_circuit_operator.py took 0.200 seconds
[2022-07-23 21:04:53,021] {processor.py:153} INFO - Started process (PID=119) to work on /home/airflow/.local/lib/python3.7/site-packages/airflow/example_dags/example_short_circuit_operator.py
[2022-07-23 21:04:53,022] {processor.py:641} INFO - Processing file /home/airflow/.local/lib/python3.7/site-packages/airflow/example_dags/example_short_circuit_operator.py for tasks to queue
[2022-07-23 21:04:53,022] {logging_mixin.py:115} INFO - [2022-07-23 21:04:53,022] {dagbag.py:508} INFO - Filling up the DagBag from /home/airflow/.local/lib/python3.7/site-packages/airflow/example_dags/example_short_circuit_operator.py
[2022-07-23 21:04:53,028] {processor.py:651} INFO - DAG(s) dict_keys(['example_short_circuit_operator']) retrieved from /home/airflow/.local/lib/python3.7/site-packages/airflow/example_dags/example_short_circuit_operator.py
[2022-07-23 21:04:53,044] {logging_mixin.py:115} INFO - [2022-07-23 21:04:53,044] {dag.py:2420} INFO - Sync 1 DAGs
[2022-07-23 21:04:53,057] {logging_mixin.py:115} INFO - [2022-07-23 21:04:53,057] {dag.py:2972} INFO - Setting next_dagrun for example_short_circuit_operator to 2022-07-22T21:04:53.057118+00:00, run_after=2022-07-23T21:04:53.057118+00:00
[2022-07-23 21:04:53,067] {processor.py:161} INFO - Processing /home/airflow/.local/lib/python3.7/site-packages/airflow/example_dags/example_short_circuit_operator.py took 0.048 seconds
[2022-07-23 21:05:23,435] {processor.py:153} INFO - Started process (PID=180) to work on /home/airflow/.local/lib/python3.7/site-packages/airflow/example_dags/example_short_circuit_operator.py
[2022-07-23 21:05:23,436] {processor.py:641} INFO - Processing file /home/airflow/.local/lib/python3.7/site-packages/airflow/example_dags/example_short_circuit_operator.py for tasks to queue
[2022-07-23 21:05:23,436] {logging_mixin.py:115} INFO - [2022-07-23 21:05:23,436] {dagbag.py:508} INFO - Filling up the DagBag from /home/airflow/.local/lib/python3.7/site-packages/airflow/example_dags/example_short_circuit_operator.py
[2022-07-23 21:05:23,441] {processor.py:651} INFO - DAG(s) dict_keys(['example_short_circuit_operator']) retrieved from /home/airflow/.local/lib/python3.7/site-packages/airflow/example_dags/example_short_circuit_operator.py
[2022-07-23 21:05:23,462] {logging_mixin.py:115} INFO - [2022-07-23 21:05:23,462] {dag.py:2420} INFO - Sync 1 DAGs
[2022-07-23 21:05:23,475] {logging_mixin.py:115} INFO - [2022-07-23 21:05:23,475] {dag.py:2972} INFO - Setting next_dagrun for example_short_circuit_operator to 2022-07-22T21:05:23.475750+00:00, run_after=2022-07-23T21:05:23.475750+00:00
[2022-07-23 21:05:23,483] {processor.py:161} INFO - Processing /home/airflow/.local/lib/python3.7/site-packages/airflow/example_dags/example_short_circuit_operator.py took 0.049 seconds
[2022-07-23 21:05:53,682] {processor.py:153} INFO - Started process (PID=240) to work on /home/airflow/.local/lib/python3.7/site-packages/airflow/example_dags/example_short_circuit_operator.py
[2022-07-23 21:05:53,683] {processor.py:641} INFO - Processing file /home/airflow/.local/lib/python3.7/site-packages/airflow/example_dags/example_short_circuit_operator.py for tasks to queue
[2022-07-23 21:05:53,683] {logging_mixin.py:115} INFO - [2022-07-23 21:05:53,683] {dagbag.py:508} INFO - Filling up the DagBag from /home/airflow/.local/lib/python3.7/site-packages/airflow/example_dags/example_short_circuit_operator.py
[2022-07-23 21:05:53,690] {processor.py:651} INFO - DAG(s) dict_keys(['example_short_circuit_operator']) retrieved from /home/airflow/.local/lib/python3.7/site-packages/airflow/example_dags/example_short_circuit_operator.py
[2022-07-23 21:05:53,715] {logging_mixin.py:115} INFO - [2022-07-23 21:05:53,714] {dag.py:2420} INFO - Sync 1 DAGs
[2022-07-23 21:05:53,741] {logging_mixin.py:115} INFO - [2022-07-23 21:05:53,741] {dag.py:2972} INFO - Setting next_dagrun for example_short_circuit_operator to 2022-07-22T21:05:53.741020+00:00, run_after=2022-07-23T21:05:53.741020+00:00
[2022-07-23 21:05:53,751] {processor.py:161} INFO - Processing /home/airflow/.local/lib/python3.7/site-packages/airflow/example_dags/example_short_circuit_operator.py took 0.073 seconds
[2022-07-23 21:06:24,220] {processor.py:153} INFO - Started process (PID=302) to work on /home/airflow/.local/lib/python3.7/site-packages/airflow/example_dags/example_short_circuit_operator.py
[2022-07-23 21:06:24,221] {processor.py:641} INFO - Processing file /home/airflow/.local/lib/python3.7/site-packages/airflow/example_dags/example_short_circuit_operator.py for tasks to queue
[2022-07-23 21:06:24,221] {logging_mixin.py:115} INFO - [2022-07-23 21:06:24,221] {dagbag.py:508} INFO - Filling up the DagBag from /home/airflow/.local/lib/python3.7/site-packages/airflow/example_dags/example_short_circuit_operator.py
[2022-07-23 21:06:24,226] {processor.py:651} INFO - DAG(s) dict_keys(['example_short_circuit_operator']) retrieved from /home/airflow/.local/lib/python3.7/site-packages/airflow/example_dags/example_short_circuit_operator.py
[2022-07-23 21:06:24,243] {logging_mixin.py:115} INFO - [2022-07-23 21:06:24,243] {dag.py:2420} INFO - Sync 1 DAGs
[2022-07-23 21:06:24,256] {logging_mixin.py:115} INFO - [2022-07-23 21:06:24,256] {dag.py:2972} INFO - Setting next_dagrun for example_short_circuit_operator to 2022-07-22T21:06:24.256623+00:00, run_after=2022-07-23T21:06:24.256623+00:00
[2022-07-23 21:06:24,263] {processor.py:161} INFO - Processing /home/airflow/.local/lib/python3.7/site-packages/airflow/example_dags/example_short_circuit_operator.py took 0.045 seconds
[2022-07-23 21:06:54,430] {processor.py:153} INFO - Started process (PID=355) to work on /home/airflow/.local/lib/python3.7/site-packages/airflow/example_dags/example_short_circuit_operator.py
[2022-07-23 21:06:54,430] {processor.py:641} INFO - Processing file /home/airflow/.local/lib/python3.7/site-packages/airflow/example_dags/example_short_circuit_operator.py for tasks to queue
[2022-07-23 21:06:54,431] {logging_mixin.py:115} INFO - [2022-07-23 21:06:54,430] {dagbag.py:508} INFO - Filling up the DagBag from /home/airflow/.local/lib/python3.7/site-packages/airflow/example_dags/example_short_circuit_operator.py
[2022-07-23 21:06:54,441] {processor.py:651} INFO - DAG(s) dict_keys(['example_short_circuit_operator']) retrieved from /home/airflow/.local/lib/python3.7/site-packages/airflow/example_dags/example_short_circuit_operator.py
[2022-07-23 21:06:54,465] {logging_mixin.py:115} INFO - [2022-07-23 21:06:54,464] {dag.py:2420} INFO - Sync 1 DAGs
[2022-07-23 21:06:54,494] {logging_mixin.py:115} INFO - [2022-07-23 21:06:54,494] {dag.py:2972} INFO - Setting next_dagrun for example_short_circuit_operator to 2022-07-22T21:06:54.494375+00:00, run_after=2022-07-23T21:06:54.494375+00:00
[2022-07-23 21:06:54,506] {processor.py:161} INFO - Processing /home/airflow/.local/lib/python3.7/site-packages/airflow/example_dags/example_short_circuit_operator.py took 0.079 seconds
[2022-07-23 21:07:24,760] {processor.py:153} INFO - Started process (PID=416) to work on /home/airflow/.local/lib/python3.7/site-packages/airflow/example_dags/example_short_circuit_operator.py
[2022-07-23 21:07:24,761] {processor.py:641} INFO - Processing file /home/airflow/.local/lib/python3.7/site-packages/airflow/example_dags/example_short_circuit_operator.py for tasks to queue
[2022-07-23 21:07:24,761] {logging_mixin.py:115} INFO - [2022-07-23 21:07:24,761] {dagbag.py:508} INFO - Filling up the DagBag from /home/airflow/.local/lib/python3.7/site-packages/airflow/example_dags/example_short_circuit_operator.py
[2022-07-23 21:07:24,766] {processor.py:651} INFO - DAG(s) dict_keys(['example_short_circuit_operator']) retrieved from /home/airflow/.local/lib/python3.7/site-packages/airflow/example_dags/example_short_circuit_operator.py
[2022-07-23 21:07:24,782] {logging_mixin.py:115} INFO - [2022-07-23 21:07:24,782] {dag.py:2420} INFO - Sync 1 DAGs
[2022-07-23 21:07:24,795] {logging_mixin.py:115} INFO - [2022-07-23 21:07:24,794] {dag.py:2972} INFO - Setting next_dagrun for example_short_circuit_operator to 2022-07-22T21:07:24.794812+00:00, run_after=2022-07-23T21:07:24.794812+00:00
[2022-07-23 21:07:24,802] {processor.py:161} INFO - Processing /home/airflow/.local/lib/python3.7/site-packages/airflow/example_dags/example_short_circuit_operator.py took 0.043 seconds
[2022-07-23 21:07:54,963] {processor.py:153} INFO - Started process (PID=477) to work on /home/airflow/.local/lib/python3.7/site-packages/airflow/example_dags/example_short_circuit_operator.py
[2022-07-23 21:07:54,964] {processor.py:641} INFO - Processing file /home/airflow/.local/lib/python3.7/site-packages/airflow/example_dags/example_short_circuit_operator.py for tasks to queue
[2022-07-23 21:07:54,964] {logging_mixin.py:115} INFO - [2022-07-23 21:07:54,964] {dagbag.py:508} INFO - Filling up the DagBag from /home/airflow/.local/lib/python3.7/site-packages/airflow/example_dags/example_short_circuit_operator.py
[2022-07-23 21:07:54,971] {processor.py:651} INFO - DAG(s) dict_keys(['example_short_circuit_operator']) retrieved from /home/airflow/.local/lib/python3.7/site-packages/airflow/example_dags/example_short_circuit_operator.py
[2022-07-23 21:07:54,990] {logging_mixin.py:115} INFO - [2022-07-23 21:07:54,990] {dag.py:2420} INFO - Sync 1 DAGs
[2022-07-23 21:07:55,006] {logging_mixin.py:115} INFO - [2022-07-23 21:07:55,006] {dag.py:2972} INFO - Setting next_dagrun for example_short_circuit_operator to 2022-07-22T21:07:55.006149+00:00, run_after=2022-07-23T21:07:55.006149+00:00
[2022-07-23 21:07:55,012] {processor.py:161} INFO - Processing /home/airflow/.local/lib/python3.7/site-packages/airflow/example_dags/example_short_circuit_operator.py took 0.051 seconds
[2022-07-23 21:08:25,221] {processor.py:153} INFO - Started process (PID=538) to work on /home/airflow/.local/lib/python3.7/site-packages/airflow/example_dags/example_short_circuit_operator.py
[2022-07-23 21:08:25,221] {processor.py:641} INFO - Processing file /home/airflow/.local/lib/python3.7/site-packages/airflow/example_dags/example_short_circuit_operator.py for tasks to queue
[2022-07-23 21:08:25,222] {logging_mixin.py:115} INFO - [2022-07-23 21:08:25,221] {dagbag.py:508} INFO - Filling up the DagBag from /home/airflow/.local/lib/python3.7/site-packages/airflow/example_dags/example_short_circuit_operator.py
[2022-07-23 21:08:25,229] {processor.py:651} INFO - DAG(s) dict_keys(['example_short_circuit_operator']) retrieved from /home/airflow/.local/lib/python3.7/site-packages/airflow/example_dags/example_short_circuit_operator.py
[2022-07-23 21:08:25,250] {logging_mixin.py:115} INFO - [2022-07-23 21:08:25,250] {dag.py:2420} INFO - Sync 1 DAGs
[2022-07-23 21:08:25,270] {logging_mixin.py:115} INFO - [2022-07-23 21:08:25,270] {dag.py:2972} INFO - Setting next_dagrun for example_short_circuit_operator to 2022-07-22T21:08:25.270219+00:00, run_after=2022-07-23T21:08:25.270219+00:00
[2022-07-23 21:08:25,280] {processor.py:161} INFO - Processing /home/airflow/.local/lib/python3.7/site-packages/airflow/example_dags/example_short_circuit_operator.py took 0.061 seconds
[2022-07-23 21:08:55,558] {processor.py:153} INFO - Started process (PID=591) to work on /home/airflow/.local/lib/python3.7/site-packages/airflow/example_dags/example_short_circuit_operator.py
[2022-07-23 21:08:55,559] {processor.py:641} INFO - Processing file /home/airflow/.local/lib/python3.7/site-packages/airflow/example_dags/example_short_circuit_operator.py for tasks to queue
[2022-07-23 21:08:55,559] {logging_mixin.py:115} INFO - [2022-07-23 21:08:55,559] {dagbag.py:508} INFO - Filling up the DagBag from /home/airflow/.local/lib/python3.7/site-packages/airflow/example_dags/example_short_circuit_operator.py
[2022-07-23 21:08:55,564] {processor.py:651} INFO - DAG(s) dict_keys(['example_short_circuit_operator']) retrieved from /home/airflow/.local/lib/python3.7/site-packages/airflow/example_dags/example_short_circuit_operator.py
[2022-07-23 21:08:55,582] {logging_mixin.py:115} INFO - [2022-07-23 21:08:55,582] {dag.py:2420} INFO - Sync 1 DAGs
[2022-07-23 21:08:55,595] {logging_mixin.py:115} INFO - [2022-07-23 21:08:55,595] {dag.py:2972} INFO - Setting next_dagrun for example_short_circuit_operator to 2022-07-22T21:08:55.595422+00:00, run_after=2022-07-23T21:08:55.595422+00:00
[2022-07-23 21:08:55,602] {processor.py:161} INFO - Processing /home/airflow/.local/lib/python3.7/site-packages/airflow/example_dags/example_short_circuit_operator.py took 0.045 seconds
[2022-07-23 21:09:25,790] {processor.py:153} INFO - Started process (PID=651) to work on /home/airflow/.local/lib/python3.7/site-packages/airflow/example_dags/example_short_circuit_operator.py
[2022-07-23 21:09:25,790] {processor.py:641} INFO - Processing file /home/airflow/.local/lib/python3.7/site-packages/airflow/example_dags/example_short_circuit_operator.py for tasks to queue
[2022-07-23 21:09:25,790] {logging_mixin.py:115} INFO - [2022-07-23 21:09:25,790] {dagbag.py:508} INFO - Filling up the DagBag from /home/airflow/.local/lib/python3.7/site-packages/airflow/example_dags/example_short_circuit_operator.py
[2022-07-23 21:09:25,795] {processor.py:651} INFO - DAG(s) dict_keys(['example_short_circuit_operator']) retrieved from /home/airflow/.local/lib/python3.7/site-packages/airflow/example_dags/example_short_circuit_operator.py
[2022-07-23 21:09:25,811] {logging_mixin.py:115} INFO - [2022-07-23 21:09:25,811] {dag.py:2420} INFO - Sync 1 DAGs
[2022-07-23 21:09:25,823] {logging_mixin.py:115} INFO - [2022-07-23 21:09:25,823] {dag.py:2972} INFO - Setting next_dagrun for example_short_circuit_operator to 2022-07-22T21:09:25.823685+00:00, run_after=2022-07-23T21:09:25.823685+00:00
[2022-07-23 21:09:25,830] {processor.py:161} INFO - Processing /home/airflow/.local/lib/python3.7/site-packages/airflow/example_dags/example_short_circuit_operator.py took 0.042 seconds
[2022-07-23 21:09:56,069] {processor.py:153} INFO - Started process (PID=711) to work on /home/airflow/.local/lib/python3.7/site-packages/airflow/example_dags/example_short_circuit_operator.py
[2022-07-23 21:09:56,069] {processor.py:641} INFO - Processing file /home/airflow/.local/lib/python3.7/site-packages/airflow/example_dags/example_short_circuit_operator.py for tasks to queue
[2022-07-23 21:09:56,069] {logging_mixin.py:115} INFO - [2022-07-23 21:09:56,069] {dagbag.py:508} INFO - Filling up the DagBag from /home/airflow/.local/lib/python3.7/site-packages/airflow/example_dags/example_short_circuit_operator.py
[2022-07-23 21:09:56,075] {processor.py:651} INFO - DAG(s) dict_keys(['example_short_circuit_operator']) retrieved from /home/airflow/.local/lib/python3.7/site-packages/airflow/example_dags/example_short_circuit_operator.py
[2022-07-23 21:09:56,091] {logging_mixin.py:115} INFO - [2022-07-23 21:09:56,091] {dag.py:2420} INFO - Sync 1 DAGs
[2022-07-23 21:09:56,104] {logging_mixin.py:115} INFO - [2022-07-23 21:09:56,104] {dag.py:2972} INFO - Setting next_dagrun for example_short_circuit_operator to 2022-07-22T21:09:56.104612+00:00, run_after=2022-07-23T21:09:56.104612+00:00
[2022-07-23 21:09:56,111] {processor.py:161} INFO - Processing /home/airflow/.local/lib/python3.7/site-packages/airflow/example_dags/example_short_circuit_operator.py took 0.044 seconds
[2022-07-23 21:10:26,328] {processor.py:153} INFO - Started process (PID=771) to work on /home/airflow/.local/lib/python3.7/site-packages/airflow/example_dags/example_short_circuit_operator.py
[2022-07-23 21:10:26,329] {processor.py:641} INFO - Processing file /home/airflow/.local/lib/python3.7/site-packages/airflow/example_dags/example_short_circuit_operator.py for tasks to queue
[2022-07-23 21:10:26,329] {logging_mixin.py:115} INFO - [2022-07-23 21:10:26,329] {dagbag.py:508} INFO - Filling up the DagBag from /home/airflow/.local/lib/python3.7/site-packages/airflow/example_dags/example_short_circuit_operator.py
[2022-07-23 21:10:26,336] {processor.py:651} INFO - DAG(s) dict_keys(['example_short_circuit_operator']) retrieved from /home/airflow/.local/lib/python3.7/site-packages/airflow/example_dags/example_short_circuit_operator.py
[2022-07-23 21:10:26,353] {logging_mixin.py:115} INFO - [2022-07-23 21:10:26,353] {dag.py:2420} INFO - Sync 1 DAGs
[2022-07-23 21:10:26,372] {logging_mixin.py:115} INFO - [2022-07-23 21:10:26,372] {dag.py:2972} INFO - Setting next_dagrun for example_short_circuit_operator to 2022-07-22T21:10:26.372269+00:00, run_after=2022-07-23T21:10:26.372269+00:00
[2022-07-23 21:10:26,383] {processor.py:161} INFO - Processing /home/airflow/.local/lib/python3.7/site-packages/airflow/example_dags/example_short_circuit_operator.py took 0.060 seconds
[2022-07-23 21:10:56,651] {processor.py:153} INFO - Started process (PID=823) to work on /home/airflow/.local/lib/python3.7/site-packages/airflow/example_dags/example_short_circuit_operator.py
[2022-07-23 21:10:56,651] {processor.py:641} INFO - Processing file /home/airflow/.local/lib/python3.7/site-packages/airflow/example_dags/example_short_circuit_operator.py for tasks to queue
[2022-07-23 21:10:56,652] {logging_mixin.py:115} INFO - [2022-07-23 21:10:56,652] {dagbag.py:508} INFO - Filling up the DagBag from /home/airflow/.local/lib/python3.7/site-packages/airflow/example_dags/example_short_circuit_operator.py
[2022-07-23 21:10:56,658] {processor.py:651} INFO - DAG(s) dict_keys(['example_short_circuit_operator']) retrieved from /home/airflow/.local/lib/python3.7/site-packages/airflow/example_dags/example_short_circuit_operator.py
[2022-07-23 21:10:56,678] {logging_mixin.py:115} INFO - [2022-07-23 21:10:56,678] {dag.py:2420} INFO - Sync 1 DAGs
[2022-07-23 21:10:56,694] {logging_mixin.py:115} INFO - [2022-07-23 21:10:56,694] {dag.py:2972} INFO - Setting next_dagrun for example_short_circuit_operator to 2022-07-22T21:10:56.694355+00:00, run_after=2022-07-23T21:10:56.694355+00:00
[2022-07-23 21:10:56,701] {processor.py:161} INFO - Processing /home/airflow/.local/lib/python3.7/site-packages/airflow/example_dags/example_short_circuit_operator.py took 0.052 seconds
[2022-07-23 21:11:26,765] {processor.py:153} INFO - Started process (PID=884) to work on /home/airflow/.local/lib/python3.7/site-packages/airflow/example_dags/example_short_circuit_operator.py
[2022-07-23 21:11:26,765] {processor.py:641} INFO - Processing file /home/airflow/.local/lib/python3.7/site-packages/airflow/example_dags/example_short_circuit_operator.py for tasks to queue
[2022-07-23 21:11:26,765] {logging_mixin.py:115} INFO - [2022-07-23 21:11:26,765] {dagbag.py:508} INFO - Filling up the DagBag from /home/airflow/.local/lib/python3.7/site-packages/airflow/example_dags/example_short_circuit_operator.py
[2022-07-23 21:11:26,772] {processor.py:651} INFO - DAG(s) dict_keys(['example_short_circuit_operator']) retrieved from /home/airflow/.local/lib/python3.7/site-packages/airflow/example_dags/example_short_circuit_operator.py
[2022-07-23 21:11:26,792] {logging_mixin.py:115} INFO - [2022-07-23 21:11:26,792] {dag.py:2420} INFO - Sync 1 DAGs
[2022-07-23 21:11:26,811] {logging_mixin.py:115} INFO - [2022-07-23 21:11:26,811] {dag.py:2972} INFO - Setting next_dagrun for example_short_circuit_operator to 2022-07-22T21:11:26.811125+00:00, run_after=2022-07-23T21:11:26.811125+00:00
[2022-07-23 21:11:26,820] {processor.py:161} INFO - Processing /home/airflow/.local/lib/python3.7/site-packages/airflow/example_dags/example_short_circuit_operator.py took 0.057 seconds
[2022-07-23 21:11:57,120] {processor.py:153} INFO - Started process (PID=944) to work on /home/airflow/.local/lib/python3.7/site-packages/airflow/example_dags/example_short_circuit_operator.py
[2022-07-23 21:11:57,120] {processor.py:641} INFO - Processing file /home/airflow/.local/lib/python3.7/site-packages/airflow/example_dags/example_short_circuit_operator.py for tasks to queue
[2022-07-23 21:11:57,120] {logging_mixin.py:115} INFO - [2022-07-23 21:11:57,120] {dagbag.py:508} INFO - Filling up the DagBag from /home/airflow/.local/lib/python3.7/site-packages/airflow/example_dags/example_short_circuit_operator.py
[2022-07-23 21:11:57,126] {processor.py:651} INFO - DAG(s) dict_keys(['example_short_circuit_operator']) retrieved from /home/airflow/.local/lib/python3.7/site-packages/airflow/example_dags/example_short_circuit_operator.py
[2022-07-23 21:11:57,143] {logging_mixin.py:115} INFO - [2022-07-23 21:11:57,143] {dag.py:2420} INFO - Sync 1 DAGs
[2022-07-23 21:11:57,157] {logging_mixin.py:115} INFO - [2022-07-23 21:11:57,157] {dag.py:2972} INFO - Setting next_dagrun for example_short_circuit_operator to 2022-07-22T21:11:57.157000+00:00, run_after=2022-07-23T21:11:57.157000+00:00
[2022-07-23 21:11:57,163] {processor.py:161} INFO - Processing /home/airflow/.local/lib/python3.7/site-packages/airflow/example_dags/example_short_circuit_operator.py took 0.045 seconds
[2022-07-23 21:12:27,290] {processor.py:153} INFO - Started process (PID=1007) to work on /home/airflow/.local/lib/python3.7/site-packages/airflow/example_dags/example_short_circuit_operator.py
[2022-07-23 21:12:27,290] {processor.py:641} INFO - Processing file /home/airflow/.local/lib/python3.7/site-packages/airflow/example_dags/example_short_circuit_operator.py for tasks to queue
[2022-07-23 21:12:27,291] {logging_mixin.py:115} INFO - [2022-07-23 21:12:27,290] {dagbag.py:508} INFO - Filling up the DagBag from /home/airflow/.local/lib/python3.7/site-packages/airflow/example_dags/example_short_circuit_operator.py
[2022-07-23 21:12:27,298] {processor.py:651} INFO - DAG(s) dict_keys(['example_short_circuit_operator']) retrieved from /home/airflow/.local/lib/python3.7/site-packages/airflow/example_dags/example_short_circuit_operator.py
[2022-07-23 21:12:27,318] {logging_mixin.py:115} INFO - [2022-07-23 21:12:27,318] {dag.py:2420} INFO - Sync 1 DAGs
[2022-07-23 21:12:27,341] {logging_mixin.py:115} INFO - [2022-07-23 21:12:27,341] {dag.py:2972} INFO - Setting next_dagrun for example_short_circuit_operator to 2022-07-22T21:12:27.340836+00:00, run_after=2022-07-23T21:12:27.340836+00:00
[2022-07-23 21:12:27,349] {processor.py:161} INFO - Processing /home/airflow/.local/lib/python3.7/site-packages/airflow/example_dags/example_short_circuit_operator.py took 0.062 seconds
[2022-07-23 21:12:57,845] {processor.py:153} INFO - Started process (PID=1058) to work on /home/airflow/.local/lib/python3.7/site-packages/airflow/example_dags/example_short_circuit_operator.py
[2022-07-23 21:12:57,846] {processor.py:641} INFO - Processing file /home/airflow/.local/lib/python3.7/site-packages/airflow/example_dags/example_short_circuit_operator.py for tasks to queue
[2022-07-23 21:12:57,847] {logging_mixin.py:115} INFO - [2022-07-23 21:12:57,847] {dagbag.py:508} INFO - Filling up the DagBag from /home/airflow/.local/lib/python3.7/site-packages/airflow/example_dags/example_short_circuit_operator.py
[2022-07-23 21:12:57,856] {processor.py:651} INFO - DAG(s) dict_keys(['example_short_circuit_operator']) retrieved from /home/airflow/.local/lib/python3.7/site-packages/airflow/example_dags/example_short_circuit_operator.py
[2022-07-23 21:12:57,876] {logging_mixin.py:115} INFO - [2022-07-23 21:12:57,876] {dag.py:2420} INFO - Sync 1 DAGs
[2022-07-23 21:12:57,892] {logging_mixin.py:115} INFO - [2022-07-23 21:12:57,892] {dag.py:2972} INFO - Setting next_dagrun for example_short_circuit_operator to 2022-07-22T21:12:57.892192+00:00, run_after=2022-07-23T21:12:57.892192+00:00
[2022-07-23 21:12:57,900] {processor.py:161} INFO - Processing /home/airflow/.local/lib/python3.7/site-packages/airflow/example_dags/example_short_circuit_operator.py took 0.059 seconds
[2022-07-23 21:13:28,201] {processor.py:153} INFO - Started process (PID=1119) to work on /home/airflow/.local/lib/python3.7/site-packages/airflow/example_dags/example_short_circuit_operator.py
[2022-07-23 21:13:28,201] {processor.py:641} INFO - Processing file /home/airflow/.local/lib/python3.7/site-packages/airflow/example_dags/example_short_circuit_operator.py for tasks to queue
[2022-07-23 21:13:28,202] {logging_mixin.py:115} INFO - [2022-07-23 21:13:28,202] {dagbag.py:508} INFO - Filling up the DagBag from /home/airflow/.local/lib/python3.7/site-packages/airflow/example_dags/example_short_circuit_operator.py
[2022-07-23 21:13:28,209] {processor.py:651} INFO - DAG(s) dict_keys(['example_short_circuit_operator']) retrieved from /home/airflow/.local/lib/python3.7/site-packages/airflow/example_dags/example_short_circuit_operator.py
[2022-07-23 21:13:28,227] {logging_mixin.py:115} INFO - [2022-07-23 21:13:28,227] {dag.py:2420} INFO - Sync 1 DAGs
[2022-07-23 21:13:28,241] {logging_mixin.py:115} INFO - [2022-07-23 21:13:28,241] {dag.py:2972} INFO - Setting next_dagrun for example_short_circuit_operator to 2022-07-22T21:13:28.241370+00:00, run_after=2022-07-23T21:13:28.241370+00:00
[2022-07-23 21:13:28,248] {processor.py:161} INFO - Processing /home/airflow/.local/lib/python3.7/site-packages/airflow/example_dags/example_short_circuit_operator.py took 0.050 seconds
[2022-07-23 21:13:58,403] {processor.py:153} INFO - Started process (PID=1181) to work on /home/airflow/.local/lib/python3.7/site-packages/airflow/example_dags/example_short_circuit_operator.py
[2022-07-23 21:13:58,403] {processor.py:641} INFO - Processing file /home/airflow/.local/lib/python3.7/site-packages/airflow/example_dags/example_short_circuit_operator.py for tasks to queue
[2022-07-23 21:13:58,404] {logging_mixin.py:115} INFO - [2022-07-23 21:13:58,404] {dagbag.py:508} INFO - Filling up the DagBag from /home/airflow/.local/lib/python3.7/site-packages/airflow/example_dags/example_short_circuit_operator.py
[2022-07-23 21:13:58,410] {processor.py:651} INFO - DAG(s) dict_keys(['example_short_circuit_operator']) retrieved from /home/airflow/.local/lib/python3.7/site-packages/airflow/example_dags/example_short_circuit_operator.py
[2022-07-23 21:13:58,430] {logging_mixin.py:115} INFO - [2022-07-23 21:13:58,429] {dag.py:2420} INFO - Sync 1 DAGs
[2022-07-23 21:13:58,447] {logging_mixin.py:115} INFO - [2022-07-23 21:13:58,447] {dag.py:2972} INFO - Setting next_dagrun for example_short_circuit_operator to 2022-07-22T21:13:58.447680+00:00, run_after=2022-07-23T21:13:58.447680+00:00
[2022-07-23 21:13:58,458] {processor.py:161} INFO - Processing /home/airflow/.local/lib/python3.7/site-packages/airflow/example_dags/example_short_circuit_operator.py took 0.057 seconds
[2022-07-23 21:14:28,582] {processor.py:153} INFO - Started process (PID=1242) to work on /home/airflow/.local/lib/python3.7/site-packages/airflow/example_dags/example_short_circuit_operator.py
[2022-07-23 21:14:28,583] {processor.py:641} INFO - Processing file /home/airflow/.local/lib/python3.7/site-packages/airflow/example_dags/example_short_circuit_operator.py for tasks to queue
[2022-07-23 21:14:28,583] {logging_mixin.py:115} INFO - [2022-07-23 21:14:28,583] {dagbag.py:508} INFO - Filling up the DagBag from /home/airflow/.local/lib/python3.7/site-packages/airflow/example_dags/example_short_circuit_operator.py
[2022-07-23 21:14:28,589] {processor.py:651} INFO - DAG(s) dict_keys(['example_short_circuit_operator']) retrieved from /home/airflow/.local/lib/python3.7/site-packages/airflow/example_dags/example_short_circuit_operator.py
[2022-07-23 21:14:28,605] {logging_mixin.py:115} INFO - [2022-07-23 21:14:28,605] {dag.py:2420} INFO - Sync 1 DAGs
[2022-07-23 21:14:28,619] {logging_mixin.py:115} INFO - [2022-07-23 21:14:28,619] {dag.py:2972} INFO - Setting next_dagrun for example_short_circuit_operator to 2022-07-22T21:14:28.619659+00:00, run_after=2022-07-23T21:14:28.619659+00:00
[2022-07-23 21:14:28,627] {processor.py:161} INFO - Processing /home/airflow/.local/lib/python3.7/site-packages/airflow/example_dags/example_short_circuit_operator.py took 0.047 seconds
[2022-07-23 21:14:59,000] {processor.py:153} INFO - Started process (PID=1294) to work on /home/airflow/.local/lib/python3.7/site-packages/airflow/example_dags/example_short_circuit_operator.py
[2022-07-23 21:14:59,001] {processor.py:641} INFO - Processing file /home/airflow/.local/lib/python3.7/site-packages/airflow/example_dags/example_short_circuit_operator.py for tasks to queue
[2022-07-23 21:14:59,001] {logging_mixin.py:115} INFO - [2022-07-23 21:14:59,001] {dagbag.py:508} INFO - Filling up the DagBag from /home/airflow/.local/lib/python3.7/site-packages/airflow/example_dags/example_short_circuit_operator.py
[2022-07-23 21:14:59,007] {processor.py:651} INFO - DAG(s) dict_keys(['example_short_circuit_operator']) retrieved from /home/airflow/.local/lib/python3.7/site-packages/airflow/example_dags/example_short_circuit_operator.py
[2022-07-23 21:14:59,023] {logging_mixin.py:115} INFO - [2022-07-23 21:14:59,023] {dag.py:2420} INFO - Sync 1 DAGs
[2022-07-23 21:14:59,037] {logging_mixin.py:115} INFO - [2022-07-23 21:14:59,037] {dag.py:2972} INFO - Setting next_dagrun for example_short_circuit_operator to 2022-07-22T21:14:59.037602+00:00, run_after=2022-07-23T21:14:59.037602+00:00
[2022-07-23 21:14:59,045] {processor.py:161} INFO - Processing /home/airflow/.local/lib/python3.7/site-packages/airflow/example_dags/example_short_circuit_operator.py took 0.046 seconds
[2022-07-23 21:15:29,266] {processor.py:153} INFO - Started process (PID=1356) to work on /home/airflow/.local/lib/python3.7/site-packages/airflow/example_dags/example_short_circuit_operator.py
[2022-07-23 21:15:29,268] {processor.py:641} INFO - Processing file /home/airflow/.local/lib/python3.7/site-packages/airflow/example_dags/example_short_circuit_operator.py for tasks to queue
[2022-07-23 21:15:29,268] {logging_mixin.py:115} INFO - [2022-07-23 21:15:29,268] {dagbag.py:508} INFO - Filling up the DagBag from /home/airflow/.local/lib/python3.7/site-packages/airflow/example_dags/example_short_circuit_operator.py
[2022-07-23 21:15:29,274] {processor.py:651} INFO - DAG(s) dict_keys(['example_short_circuit_operator']) retrieved from /home/airflow/.local/lib/python3.7/site-packages/airflow/example_dags/example_short_circuit_operator.py
[2022-07-23 21:15:29,289] {logging_mixin.py:115} INFO - [2022-07-23 21:15:29,289] {dag.py:2420} INFO - Sync 1 DAGs
[2022-07-23 21:15:29,302] {logging_mixin.py:115} INFO - [2022-07-23 21:15:29,302] {dag.py:2972} INFO - Setting next_dagrun for example_short_circuit_operator to 2022-07-22T21:15:29.302487+00:00, run_after=2022-07-23T21:15:29.302487+00:00
[2022-07-23 21:15:29,312] {processor.py:161} INFO - Processing /home/airflow/.local/lib/python3.7/site-packages/airflow/example_dags/example_short_circuit_operator.py took 0.048 seconds
[2022-07-23 21:15:59,515] {processor.py:153} INFO - Started process (PID=1417) to work on /home/airflow/.local/lib/python3.7/site-packages/airflow/example_dags/example_short_circuit_operator.py
[2022-07-23 21:15:59,515] {processor.py:641} INFO - Processing file /home/airflow/.local/lib/python3.7/site-packages/airflow/example_dags/example_short_circuit_operator.py for tasks to queue
[2022-07-23 21:15:59,516] {logging_mixin.py:115} INFO - [2022-07-23 21:15:59,516] {dagbag.py:508} INFO - Filling up the DagBag from /home/airflow/.local/lib/python3.7/site-packages/airflow/example_dags/example_short_circuit_operator.py
[2022-07-23 21:15:59,521] {processor.py:651} INFO - DAG(s) dict_keys(['example_short_circuit_operator']) retrieved from /home/airflow/.local/lib/python3.7/site-packages/airflow/example_dags/example_short_circuit_operator.py
[2022-07-23 21:15:59,537] {logging_mixin.py:115} INFO - [2022-07-23 21:15:59,537] {dag.py:2420} INFO - Sync 1 DAGs
[2022-07-23 21:15:59,550] {logging_mixin.py:115} INFO - [2022-07-23 21:15:59,550] {dag.py:2972} INFO - Setting next_dagrun for example_short_circuit_operator to 2022-07-22T21:15:59.550751+00:00, run_after=2022-07-23T21:15:59.550751+00:00
[2022-07-23 21:15:59,557] {processor.py:161} INFO - Processing /home/airflow/.local/lib/python3.7/site-packages/airflow/example_dags/example_short_circuit_operator.py took 0.044 seconds
[2022-07-23 21:16:51,593] {processor.py:153} INFO - Started process (PID=56) to work on /home/airflow/.local/lib/python3.7/site-packages/airflow/example_dags/example_short_circuit_operator.py
[2022-07-23 21:16:51,593] {processor.py:641} INFO - Processing file /home/airflow/.local/lib/python3.7/site-packages/airflow/example_dags/example_short_circuit_operator.py for tasks to queue
[2022-07-23 21:16:51,594] {logging_mixin.py:115} INFO - [2022-07-23 21:16:51,594] {dagbag.py:508} INFO - Filling up the DagBag from /home/airflow/.local/lib/python3.7/site-packages/airflow/example_dags/example_short_circuit_operator.py
[2022-07-23 21:16:51,607] {processor.py:651} INFO - DAG(s) dict_keys(['example_short_circuit_operator']) retrieved from /home/airflow/.local/lib/python3.7/site-packages/airflow/example_dags/example_short_circuit_operator.py
[2022-07-23 21:16:51,635] {logging_mixin.py:115} INFO - [2022-07-23 21:16:51,635] {dag.py:2420} INFO - Sync 1 DAGs
[2022-07-23 21:16:51,788] {logging_mixin.py:115} INFO - [2022-07-23 21:16:51,788] {dag.py:2972} INFO - Setting next_dagrun for example_short_circuit_operator to 2022-07-22T21:16:51.788027+00:00, run_after=2022-07-23T21:16:51.788027+00:00
[2022-07-23 21:16:51,803] {processor.py:161} INFO - Processing /home/airflow/.local/lib/python3.7/site-packages/airflow/example_dags/example_short_circuit_operator.py took 0.213 seconds
