[2022-07-23 21:04:22,025] {processor.py:153} INFO - Started process (PID=65) to work on /home/airflow/.local/lib/python3.7/site-packages/airflow/example_dags/example_branch_datetime_operator.py
[2022-07-23 21:04:22,025] {processor.py:641} INFO - Processing file /home/airflow/.local/lib/python3.7/site-packages/airflow/example_dags/example_branch_datetime_operator.py for tasks to queue
[2022-07-23 21:04:22,025] {logging_mixin.py:115} INFO - [2022-07-23 21:04:22,025] {dagbag.py:508} INFO - Filling up the DagBag from /home/airflow/.local/lib/python3.7/site-packages/airflow/example_dags/example_branch_datetime_operator.py
[2022-07-23 21:04:22,035] {processor.py:651} INFO - DAG(s) dict_keys(['example_branch_datetime_operator', 'example_branch_datetime_operator_2']) retrieved from /home/airflow/.local/lib/python3.7/site-packages/airflow/example_dags/example_branch_datetime_operator.py
[2022-07-23 21:04:22,121] {logging_mixin.py:115} INFO - [2022-07-23 21:04:22,120] {manager.py:508} INFO - Created Permission View: can edit on DAG:example_branch_datetime_operator
[2022-07-23 21:04:22,133] {logging_mixin.py:115} INFO - [2022-07-23 21:04:22,133] {manager.py:508} INFO - Created Permission View: can read on DAG:example_branch_datetime_operator
[2022-07-23 21:04:22,141] {logging_mixin.py:115} INFO - [2022-07-23 21:04:22,141] {manager.py:508} INFO - Created Permission View: can delete on DAG:example_branch_datetime_operator
[2022-07-23 21:04:22,156] {logging_mixin.py:115} INFO - [2022-07-23 21:04:22,156] {manager.py:508} INFO - Created Permission View: can edit on DAG:example_branch_datetime_operator_2
[2022-07-23 21:04:22,164] {logging_mixin.py:115} INFO - [2022-07-23 21:04:22,164] {manager.py:508} INFO - Created Permission View: can read on DAG:example_branch_datetime_operator_2
[2022-07-23 21:04:22,177] {logging_mixin.py:115} INFO - [2022-07-23 21:04:22,177] {manager.py:508} INFO - Created Permission View: can delete on DAG:example_branch_datetime_operator_2
[2022-07-23 21:04:22,177] {logging_mixin.py:115} INFO - [2022-07-23 21:04:22,177] {dag.py:2420} INFO - Sync 2 DAGs
[2022-07-23 21:04:22,193] {logging_mixin.py:115} INFO - [2022-07-23 21:04:22,193] {dag.py:2439} INFO - Creating ORM DAG for example_branch_datetime_operator_2
[2022-07-23 21:04:22,194] {logging_mixin.py:115} INFO - [2022-07-23 21:04:22,194] {dag.py:2439} INFO - Creating ORM DAG for example_branch_datetime_operator
[2022-07-23 21:04:22,213] {logging_mixin.py:115} INFO - [2022-07-23 21:04:22,213] {dag.py:2972} INFO - Setting next_dagrun for example_branch_datetime_operator to 2022-07-22T00:00:00+00:00, run_after=2022-07-23T00:00:00+00:00
[2022-07-23 21:04:22,216] {logging_mixin.py:115} INFO - [2022-07-23 21:04:22,216] {dag.py:2972} INFO - Setting next_dagrun for example_branch_datetime_operator_2 to 2022-07-22T00:00:00+00:00, run_after=2022-07-23T00:00:00+00:00
[2022-07-23 21:04:22,241] {processor.py:161} INFO - Processing /home/airflow/.local/lib/python3.7/site-packages/airflow/example_dags/example_branch_datetime_operator.py took 0.219 seconds
[2022-07-23 21:04:53,017] {processor.py:153} INFO - Started process (PID=118) to work on /home/airflow/.local/lib/python3.7/site-packages/airflow/example_dags/example_branch_datetime_operator.py
[2022-07-23 21:04:53,018] {processor.py:641} INFO - Processing file /home/airflow/.local/lib/python3.7/site-packages/airflow/example_dags/example_branch_datetime_operator.py for tasks to queue
[2022-07-23 21:04:53,018] {logging_mixin.py:115} INFO - [2022-07-23 21:04:53,018] {dagbag.py:508} INFO - Filling up the DagBag from /home/airflow/.local/lib/python3.7/site-packages/airflow/example_dags/example_branch_datetime_operator.py
[2022-07-23 21:04:53,024] {processor.py:651} INFO - DAG(s) dict_keys(['example_branch_datetime_operator', 'example_branch_datetime_operator_2']) retrieved from /home/airflow/.local/lib/python3.7/site-packages/airflow/example_dags/example_branch_datetime_operator.py
[2022-07-23 21:04:53,042] {logging_mixin.py:115} INFO - [2022-07-23 21:04:53,042] {dag.py:2420} INFO - Sync 2 DAGs
[2022-07-23 21:04:53,057] {logging_mixin.py:115} INFO - [2022-07-23 21:04:53,057] {dag.py:2972} INFO - Setting next_dagrun for example_branch_datetime_operator to 2022-07-22T00:00:00+00:00, run_after=2022-07-23T00:00:00+00:00
[2022-07-23 21:04:53,058] {logging_mixin.py:115} INFO - [2022-07-23 21:04:53,058] {dag.py:2972} INFO - Setting next_dagrun for example_branch_datetime_operator_2 to 2022-07-22T00:00:00+00:00, run_after=2022-07-23T00:00:00+00:00
[2022-07-23 21:04:53,070] {processor.py:161} INFO - Processing /home/airflow/.local/lib/python3.7/site-packages/airflow/example_dags/example_branch_datetime_operator.py took 0.057 seconds
[2022-07-23 21:05:23,383] {processor.py:153} INFO - Started process (PID=179) to work on /home/airflow/.local/lib/python3.7/site-packages/airflow/example_dags/example_branch_datetime_operator.py
[2022-07-23 21:05:23,384] {processor.py:641} INFO - Processing file /home/airflow/.local/lib/python3.7/site-packages/airflow/example_dags/example_branch_datetime_operator.py for tasks to queue
[2022-07-23 21:05:23,384] {logging_mixin.py:115} INFO - [2022-07-23 21:05:23,384] {dagbag.py:508} INFO - Filling up the DagBag from /home/airflow/.local/lib/python3.7/site-packages/airflow/example_dags/example_branch_datetime_operator.py
[2022-07-23 21:05:23,389] {processor.py:651} INFO - DAG(s) dict_keys(['example_branch_datetime_operator', 'example_branch_datetime_operator_2']) retrieved from /home/airflow/.local/lib/python3.7/site-packages/airflow/example_dags/example_branch_datetime_operator.py
[2022-07-23 21:05:23,405] {logging_mixin.py:115} INFO - [2022-07-23 21:05:23,405] {dag.py:2420} INFO - Sync 2 DAGs
[2022-07-23 21:05:23,419] {logging_mixin.py:115} INFO - [2022-07-23 21:05:23,418] {dag.py:2972} INFO - Setting next_dagrun for example_branch_datetime_operator to 2022-07-22T00:00:00+00:00, run_after=2022-07-23T00:00:00+00:00
[2022-07-23 21:05:23,419] {logging_mixin.py:115} INFO - [2022-07-23 21:05:23,419] {dag.py:2972} INFO - Setting next_dagrun for example_branch_datetime_operator_2 to 2022-07-22T00:00:00+00:00, run_after=2022-07-23T00:00:00+00:00
[2022-07-23 21:05:23,426] {processor.py:161} INFO - Processing /home/airflow/.local/lib/python3.7/site-packages/airflow/example_dags/example_branch_datetime_operator.py took 0.045 seconds
[2022-07-23 21:05:53,603] {processor.py:153} INFO - Started process (PID=239) to work on /home/airflow/.local/lib/python3.7/site-packages/airflow/example_dags/example_branch_datetime_operator.py
[2022-07-23 21:05:53,604] {processor.py:641} INFO - Processing file /home/airflow/.local/lib/python3.7/site-packages/airflow/example_dags/example_branch_datetime_operator.py for tasks to queue
[2022-07-23 21:05:53,604] {logging_mixin.py:115} INFO - [2022-07-23 21:05:53,604] {dagbag.py:508} INFO - Filling up the DagBag from /home/airflow/.local/lib/python3.7/site-packages/airflow/example_dags/example_branch_datetime_operator.py
[2022-07-23 21:05:53,610] {processor.py:651} INFO - DAG(s) dict_keys(['example_branch_datetime_operator', 'example_branch_datetime_operator_2']) retrieved from /home/airflow/.local/lib/python3.7/site-packages/airflow/example_dags/example_branch_datetime_operator.py
[2022-07-23 21:05:53,632] {logging_mixin.py:115} INFO - [2022-07-23 21:05:53,632] {dag.py:2420} INFO - Sync 2 DAGs
[2022-07-23 21:05:53,655] {logging_mixin.py:115} INFO - [2022-07-23 21:05:53,655] {dag.py:2972} INFO - Setting next_dagrun for example_branch_datetime_operator to 2022-07-22T00:00:00+00:00, run_after=2022-07-23T00:00:00+00:00
[2022-07-23 21:05:53,656] {logging_mixin.py:115} INFO - [2022-07-23 21:05:53,656] {dag.py:2972} INFO - Setting next_dagrun for example_branch_datetime_operator_2 to 2022-07-22T00:00:00+00:00, run_after=2022-07-23T00:00:00+00:00
[2022-07-23 21:05:53,669] {processor.py:161} INFO - Processing /home/airflow/.local/lib/python3.7/site-packages/airflow/example_dags/example_branch_datetime_operator.py took 0.068 seconds
[2022-07-23 21:06:24,167] {processor.py:153} INFO - Started process (PID=301) to work on /home/airflow/.local/lib/python3.7/site-packages/airflow/example_dags/example_branch_datetime_operator.py
[2022-07-23 21:06:24,168] {processor.py:641} INFO - Processing file /home/airflow/.local/lib/python3.7/site-packages/airflow/example_dags/example_branch_datetime_operator.py for tasks to queue
[2022-07-23 21:06:24,168] {logging_mixin.py:115} INFO - [2022-07-23 21:06:24,168] {dagbag.py:508} INFO - Filling up the DagBag from /home/airflow/.local/lib/python3.7/site-packages/airflow/example_dags/example_branch_datetime_operator.py
[2022-07-23 21:06:24,173] {processor.py:651} INFO - DAG(s) dict_keys(['example_branch_datetime_operator', 'example_branch_datetime_operator_2']) retrieved from /home/airflow/.local/lib/python3.7/site-packages/airflow/example_dags/example_branch_datetime_operator.py
[2022-07-23 21:06:24,190] {logging_mixin.py:115} INFO - [2022-07-23 21:06:24,190] {dag.py:2420} INFO - Sync 2 DAGs
[2022-07-23 21:06:24,203] {logging_mixin.py:115} INFO - [2022-07-23 21:06:24,203] {dag.py:2972} INFO - Setting next_dagrun for example_branch_datetime_operator to 2022-07-22T00:00:00+00:00, run_after=2022-07-23T00:00:00+00:00
[2022-07-23 21:06:24,204] {logging_mixin.py:115} INFO - [2022-07-23 21:06:24,204] {dag.py:2972} INFO - Setting next_dagrun for example_branch_datetime_operator_2 to 2022-07-22T00:00:00+00:00, run_after=2022-07-23T00:00:00+00:00
[2022-07-23 21:06:24,211] {processor.py:161} INFO - Processing /home/airflow/.local/lib/python3.7/site-packages/airflow/example_dags/example_branch_datetime_operator.py took 0.045 seconds
[2022-07-23 21:06:54,415] {processor.py:153} INFO - Started process (PID=354) to work on /home/airflow/.local/lib/python3.7/site-packages/airflow/example_dags/example_branch_datetime_operator.py
[2022-07-23 21:06:54,416] {processor.py:641} INFO - Processing file /home/airflow/.local/lib/python3.7/site-packages/airflow/example_dags/example_branch_datetime_operator.py for tasks to queue
[2022-07-23 21:06:54,418] {logging_mixin.py:115} INFO - [2022-07-23 21:06:54,417] {dagbag.py:508} INFO - Filling up the DagBag from /home/airflow/.local/lib/python3.7/site-packages/airflow/example_dags/example_branch_datetime_operator.py
[2022-07-23 21:06:54,433] {processor.py:651} INFO - DAG(s) dict_keys(['example_branch_datetime_operator', 'example_branch_datetime_operator_2']) retrieved from /home/airflow/.local/lib/python3.7/site-packages/airflow/example_dags/example_branch_datetime_operator.py
[2022-07-23 21:06:54,462] {logging_mixin.py:115} INFO - [2022-07-23 21:06:54,462] {dag.py:2420} INFO - Sync 2 DAGs
[2022-07-23 21:06:54,493] {logging_mixin.py:115} INFO - [2022-07-23 21:06:54,493] {dag.py:2972} INFO - Setting next_dagrun for example_branch_datetime_operator to 2022-07-22T00:00:00+00:00, run_after=2022-07-23T00:00:00+00:00
[2022-07-23 21:06:54,494] {logging_mixin.py:115} INFO - [2022-07-23 21:06:54,494] {dag.py:2972} INFO - Setting next_dagrun for example_branch_datetime_operator_2 to 2022-07-22T00:00:00+00:00, run_after=2022-07-23T00:00:00+00:00
[2022-07-23 21:06:54,506] {processor.py:161} INFO - Processing /home/airflow/.local/lib/python3.7/site-packages/airflow/example_dags/example_branch_datetime_operator.py took 0.094 seconds
[2022-07-23 21:07:24,758] {processor.py:153} INFO - Started process (PID=415) to work on /home/airflow/.local/lib/python3.7/site-packages/airflow/example_dags/example_branch_datetime_operator.py
[2022-07-23 21:07:24,758] {processor.py:641} INFO - Processing file /home/airflow/.local/lib/python3.7/site-packages/airflow/example_dags/example_branch_datetime_operator.py for tasks to queue
[2022-07-23 21:07:24,758] {logging_mixin.py:115} INFO - [2022-07-23 21:07:24,758] {dagbag.py:508} INFO - Filling up the DagBag from /home/airflow/.local/lib/python3.7/site-packages/airflow/example_dags/example_branch_datetime_operator.py
[2022-07-23 21:07:24,764] {processor.py:651} INFO - DAG(s) dict_keys(['example_branch_datetime_operator', 'example_branch_datetime_operator_2']) retrieved from /home/airflow/.local/lib/python3.7/site-packages/airflow/example_dags/example_branch_datetime_operator.py
[2022-07-23 21:07:24,781] {logging_mixin.py:115} INFO - [2022-07-23 21:07:24,781] {dag.py:2420} INFO - Sync 2 DAGs
[2022-07-23 21:07:24,795] {logging_mixin.py:115} INFO - [2022-07-23 21:07:24,795] {dag.py:2972} INFO - Setting next_dagrun for example_branch_datetime_operator to 2022-07-22T00:00:00+00:00, run_after=2022-07-23T00:00:00+00:00
[2022-07-23 21:07:24,796] {logging_mixin.py:115} INFO - [2022-07-23 21:07:24,796] {dag.py:2972} INFO - Setting next_dagrun for example_branch_datetime_operator_2 to 2022-07-22T00:00:00+00:00, run_after=2022-07-23T00:00:00+00:00
[2022-07-23 21:07:24,803] {processor.py:161} INFO - Processing /home/airflow/.local/lib/python3.7/site-packages/airflow/example_dags/example_branch_datetime_operator.py took 0.047 seconds
[2022-07-23 21:07:54,912] {processor.py:153} INFO - Started process (PID=476) to work on /home/airflow/.local/lib/python3.7/site-packages/airflow/example_dags/example_branch_datetime_operator.py
[2022-07-23 21:07:54,912] {processor.py:641} INFO - Processing file /home/airflow/.local/lib/python3.7/site-packages/airflow/example_dags/example_branch_datetime_operator.py for tasks to queue
[2022-07-23 21:07:54,913] {logging_mixin.py:115} INFO - [2022-07-23 21:07:54,913] {dagbag.py:508} INFO - Filling up the DagBag from /home/airflow/.local/lib/python3.7/site-packages/airflow/example_dags/example_branch_datetime_operator.py
[2022-07-23 21:07:54,918] {processor.py:651} INFO - DAG(s) dict_keys(['example_branch_datetime_operator', 'example_branch_datetime_operator_2']) retrieved from /home/airflow/.local/lib/python3.7/site-packages/airflow/example_dags/example_branch_datetime_operator.py
[2022-07-23 21:07:54,933] {logging_mixin.py:115} INFO - [2022-07-23 21:07:54,933] {dag.py:2420} INFO - Sync 2 DAGs
[2022-07-23 21:07:54,946] {logging_mixin.py:115} INFO - [2022-07-23 21:07:54,946] {dag.py:2972} INFO - Setting next_dagrun for example_branch_datetime_operator to 2022-07-22T00:00:00+00:00, run_after=2022-07-23T00:00:00+00:00
[2022-07-23 21:07:54,947] {logging_mixin.py:115} INFO - [2022-07-23 21:07:54,947] {dag.py:2972} INFO - Setting next_dagrun for example_branch_datetime_operator_2 to 2022-07-22T00:00:00+00:00, run_after=2022-07-23T00:00:00+00:00
[2022-07-23 21:07:54,954] {processor.py:161} INFO - Processing /home/airflow/.local/lib/python3.7/site-packages/airflow/example_dags/example_branch_datetime_operator.py took 0.044 seconds
[2022-07-23 21:08:25,156] {processor.py:153} INFO - Started process (PID=537) to work on /home/airflow/.local/lib/python3.7/site-packages/airflow/example_dags/example_branch_datetime_operator.py
[2022-07-23 21:08:25,156] {processor.py:641} INFO - Processing file /home/airflow/.local/lib/python3.7/site-packages/airflow/example_dags/example_branch_datetime_operator.py for tasks to queue
[2022-07-23 21:08:25,157] {logging_mixin.py:115} INFO - [2022-07-23 21:08:25,157] {dagbag.py:508} INFO - Filling up the DagBag from /home/airflow/.local/lib/python3.7/site-packages/airflow/example_dags/example_branch_datetime_operator.py
[2022-07-23 21:08:25,162] {processor.py:651} INFO - DAG(s) dict_keys(['example_branch_datetime_operator', 'example_branch_datetime_operator_2']) retrieved from /home/airflow/.local/lib/python3.7/site-packages/airflow/example_dags/example_branch_datetime_operator.py
[2022-07-23 21:08:25,180] {logging_mixin.py:115} INFO - [2022-07-23 21:08:25,180] {dag.py:2420} INFO - Sync 2 DAGs
[2022-07-23 21:08:25,201] {logging_mixin.py:115} INFO - [2022-07-23 21:08:25,201] {dag.py:2972} INFO - Setting next_dagrun for example_branch_datetime_operator to 2022-07-22T00:00:00+00:00, run_after=2022-07-23T00:00:00+00:00
[2022-07-23 21:08:25,202] {logging_mixin.py:115} INFO - [2022-07-23 21:08:25,202] {dag.py:2972} INFO - Setting next_dagrun for example_branch_datetime_operator_2 to 2022-07-22T00:00:00+00:00, run_after=2022-07-23T00:00:00+00:00
[2022-07-23 21:08:25,210] {processor.py:161} INFO - Processing /home/airflow/.local/lib/python3.7/site-packages/airflow/example_dags/example_branch_datetime_operator.py took 0.056 seconds
[2022-07-23 21:08:55,507] {processor.py:153} INFO - Started process (PID=590) to work on /home/airflow/.local/lib/python3.7/site-packages/airflow/example_dags/example_branch_datetime_operator.py
[2022-07-23 21:08:55,507] {processor.py:641} INFO - Processing file /home/airflow/.local/lib/python3.7/site-packages/airflow/example_dags/example_branch_datetime_operator.py for tasks to queue
[2022-07-23 21:08:55,507] {logging_mixin.py:115} INFO - [2022-07-23 21:08:55,507] {dagbag.py:508} INFO - Filling up the DagBag from /home/airflow/.local/lib/python3.7/site-packages/airflow/example_dags/example_branch_datetime_operator.py
[2022-07-23 21:08:55,513] {processor.py:651} INFO - DAG(s) dict_keys(['example_branch_datetime_operator', 'example_branch_datetime_operator_2']) retrieved from /home/airflow/.local/lib/python3.7/site-packages/airflow/example_dags/example_branch_datetime_operator.py
[2022-07-23 21:08:55,529] {logging_mixin.py:115} INFO - [2022-07-23 21:08:55,529] {dag.py:2420} INFO - Sync 2 DAGs
[2022-07-23 21:08:55,541] {logging_mixin.py:115} INFO - [2022-07-23 21:08:55,541] {dag.py:2972} INFO - Setting next_dagrun for example_branch_datetime_operator to 2022-07-22T00:00:00+00:00, run_after=2022-07-23T00:00:00+00:00
[2022-07-23 21:08:55,542] {logging_mixin.py:115} INFO - [2022-07-23 21:08:55,542] {dag.py:2972} INFO - Setting next_dagrun for example_branch_datetime_operator_2 to 2022-07-22T00:00:00+00:00, run_after=2022-07-23T00:00:00+00:00
[2022-07-23 21:08:55,549] {processor.py:161} INFO - Processing /home/airflow/.local/lib/python3.7/site-packages/airflow/example_dags/example_branch_datetime_operator.py took 0.044 seconds
[2022-07-23 21:09:25,786] {processor.py:153} INFO - Started process (PID=650) to work on /home/airflow/.local/lib/python3.7/site-packages/airflow/example_dags/example_branch_datetime_operator.py
[2022-07-23 21:09:25,786] {processor.py:641} INFO - Processing file /home/airflow/.local/lib/python3.7/site-packages/airflow/example_dags/example_branch_datetime_operator.py for tasks to queue
[2022-07-23 21:09:25,787] {logging_mixin.py:115} INFO - [2022-07-23 21:09:25,787] {dagbag.py:508} INFO - Filling up the DagBag from /home/airflow/.local/lib/python3.7/site-packages/airflow/example_dags/example_branch_datetime_operator.py
[2022-07-23 21:09:25,792] {processor.py:651} INFO - DAG(s) dict_keys(['example_branch_datetime_operator', 'example_branch_datetime_operator_2']) retrieved from /home/airflow/.local/lib/python3.7/site-packages/airflow/example_dags/example_branch_datetime_operator.py
[2022-07-23 21:09:25,809] {logging_mixin.py:115} INFO - [2022-07-23 21:09:25,809] {dag.py:2420} INFO - Sync 2 DAGs
[2022-07-23 21:09:25,823] {logging_mixin.py:115} INFO - [2022-07-23 21:09:25,823] {dag.py:2972} INFO - Setting next_dagrun for example_branch_datetime_operator to 2022-07-22T00:00:00+00:00, run_after=2022-07-23T00:00:00+00:00
[2022-07-23 21:09:25,825] {logging_mixin.py:115} INFO - [2022-07-23 21:09:25,825] {dag.py:2972} INFO - Setting next_dagrun for example_branch_datetime_operator_2 to 2022-07-22T00:00:00+00:00, run_after=2022-07-23T00:00:00+00:00
[2022-07-23 21:09:25,831] {processor.py:161} INFO - Processing /home/airflow/.local/lib/python3.7/site-packages/airflow/example_dags/example_branch_datetime_operator.py took 0.047 seconds
[2022-07-23 21:09:56,009] {processor.py:153} INFO - Started process (PID=710) to work on /home/airflow/.local/lib/python3.7/site-packages/airflow/example_dags/example_branch_datetime_operator.py
[2022-07-23 21:09:56,010] {processor.py:641} INFO - Processing file /home/airflow/.local/lib/python3.7/site-packages/airflow/example_dags/example_branch_datetime_operator.py for tasks to queue
[2022-07-23 21:09:56,010] {logging_mixin.py:115} INFO - [2022-07-23 21:09:56,010] {dagbag.py:508} INFO - Filling up the DagBag from /home/airflow/.local/lib/python3.7/site-packages/airflow/example_dags/example_branch_datetime_operator.py
[2022-07-23 21:09:56,015] {processor.py:651} INFO - DAG(s) dict_keys(['example_branch_datetime_operator', 'example_branch_datetime_operator_2']) retrieved from /home/airflow/.local/lib/python3.7/site-packages/airflow/example_dags/example_branch_datetime_operator.py
[2022-07-23 21:09:56,032] {logging_mixin.py:115} INFO - [2022-07-23 21:09:56,031] {dag.py:2420} INFO - Sync 2 DAGs
[2022-07-23 21:09:56,050] {logging_mixin.py:115} INFO - [2022-07-23 21:09:56,049] {dag.py:2972} INFO - Setting next_dagrun for example_branch_datetime_operator to 2022-07-22T00:00:00+00:00, run_after=2022-07-23T00:00:00+00:00
[2022-07-23 21:09:56,051] {logging_mixin.py:115} INFO - [2022-07-23 21:09:56,051] {dag.py:2972} INFO - Setting next_dagrun for example_branch_datetime_operator_2 to 2022-07-22T00:00:00+00:00, run_after=2022-07-23T00:00:00+00:00
[2022-07-23 21:09:56,059] {processor.py:161} INFO - Processing /home/airflow/.local/lib/python3.7/site-packages/airflow/example_dags/example_branch_datetime_operator.py took 0.052 seconds
[2022-07-23 21:10:26,321] {processor.py:153} INFO - Started process (PID=770) to work on /home/airflow/.local/lib/python3.7/site-packages/airflow/example_dags/example_branch_datetime_operator.py
[2022-07-23 21:10:26,322] {processor.py:641} INFO - Processing file /home/airflow/.local/lib/python3.7/site-packages/airflow/example_dags/example_branch_datetime_operator.py for tasks to queue
[2022-07-23 21:10:26,322] {logging_mixin.py:115} INFO - [2022-07-23 21:10:26,322] {dagbag.py:508} INFO - Filling up the DagBag from /home/airflow/.local/lib/python3.7/site-packages/airflow/example_dags/example_branch_datetime_operator.py
[2022-07-23 21:10:26,335] {processor.py:651} INFO - DAG(s) dict_keys(['example_branch_datetime_operator', 'example_branch_datetime_operator_2']) retrieved from /home/airflow/.local/lib/python3.7/site-packages/airflow/example_dags/example_branch_datetime_operator.py
[2022-07-23 21:10:26,359] {logging_mixin.py:115} INFO - [2022-07-23 21:10:26,359] {dag.py:2420} INFO - Sync 2 DAGs
[2022-07-23 21:10:26,382] {logging_mixin.py:115} INFO - [2022-07-23 21:10:26,382] {dag.py:2972} INFO - Setting next_dagrun for example_branch_datetime_operator to 2022-07-22T00:00:00+00:00, run_after=2022-07-23T00:00:00+00:00
[2022-07-23 21:10:26,384] {logging_mixin.py:115} INFO - [2022-07-23 21:10:26,384] {dag.py:2972} INFO - Setting next_dagrun for example_branch_datetime_operator_2 to 2022-07-22T00:00:00+00:00, run_after=2022-07-23T00:00:00+00:00
[2022-07-23 21:10:26,397] {processor.py:161} INFO - Processing /home/airflow/.local/lib/python3.7/site-packages/airflow/example_dags/example_branch_datetime_operator.py took 0.078 seconds
[2022-07-23 21:10:56,600] {processor.py:153} INFO - Started process (PID=822) to work on /home/airflow/.local/lib/python3.7/site-packages/airflow/example_dags/example_branch_datetime_operator.py
[2022-07-23 21:10:56,601] {processor.py:641} INFO - Processing file /home/airflow/.local/lib/python3.7/site-packages/airflow/example_dags/example_branch_datetime_operator.py for tasks to queue
[2022-07-23 21:10:56,601] {logging_mixin.py:115} INFO - [2022-07-23 21:10:56,601] {dagbag.py:508} INFO - Filling up the DagBag from /home/airflow/.local/lib/python3.7/site-packages/airflow/example_dags/example_branch_datetime_operator.py
[2022-07-23 21:10:56,606] {processor.py:651} INFO - DAG(s) dict_keys(['example_branch_datetime_operator', 'example_branch_datetime_operator_2']) retrieved from /home/airflow/.local/lib/python3.7/site-packages/airflow/example_dags/example_branch_datetime_operator.py
[2022-07-23 21:10:56,622] {logging_mixin.py:115} INFO - [2022-07-23 21:10:56,622] {dag.py:2420} INFO - Sync 2 DAGs
[2022-07-23 21:10:56,635] {logging_mixin.py:115} INFO - [2022-07-23 21:10:56,635] {dag.py:2972} INFO - Setting next_dagrun for example_branch_datetime_operator to 2022-07-22T00:00:00+00:00, run_after=2022-07-23T00:00:00+00:00
[2022-07-23 21:10:56,636] {logging_mixin.py:115} INFO - [2022-07-23 21:10:56,636] {dag.py:2972} INFO - Setting next_dagrun for example_branch_datetime_operator_2 to 2022-07-22T00:00:00+00:00, run_after=2022-07-23T00:00:00+00:00
[2022-07-23 21:10:56,642] {processor.py:161} INFO - Processing /home/airflow/.local/lib/python3.7/site-packages/airflow/example_dags/example_branch_datetime_operator.py took 0.043 seconds
[2022-07-23 21:11:26,758] {processor.py:153} INFO - Started process (PID=883) to work on /home/airflow/.local/lib/python3.7/site-packages/airflow/example_dags/example_branch_datetime_operator.py
[2022-07-23 21:11:26,759] {processor.py:641} INFO - Processing file /home/airflow/.local/lib/python3.7/site-packages/airflow/example_dags/example_branch_datetime_operator.py for tasks to queue
[2022-07-23 21:11:26,759] {logging_mixin.py:115} INFO - [2022-07-23 21:11:26,759] {dagbag.py:508} INFO - Filling up the DagBag from /home/airflow/.local/lib/python3.7/site-packages/airflow/example_dags/example_branch_datetime_operator.py
[2022-07-23 21:11:26,765] {processor.py:651} INFO - DAG(s) dict_keys(['example_branch_datetime_operator', 'example_branch_datetime_operator_2']) retrieved from /home/airflow/.local/lib/python3.7/site-packages/airflow/example_dags/example_branch_datetime_operator.py
[2022-07-23 21:11:26,787] {logging_mixin.py:115} INFO - [2022-07-23 21:11:26,787] {dag.py:2420} INFO - Sync 2 DAGs
[2022-07-23 21:11:26,807] {logging_mixin.py:115} INFO - [2022-07-23 21:11:26,807] {dag.py:2972} INFO - Setting next_dagrun for example_branch_datetime_operator to 2022-07-22T00:00:00+00:00, run_after=2022-07-23T00:00:00+00:00
[2022-07-23 21:11:26,809] {logging_mixin.py:115} INFO - [2022-07-23 21:11:26,809] {dag.py:2972} INFO - Setting next_dagrun for example_branch_datetime_operator_2 to 2022-07-22T00:00:00+00:00, run_after=2022-07-23T00:00:00+00:00
[2022-07-23 21:11:26,818] {processor.py:161} INFO - Processing /home/airflow/.local/lib/python3.7/site-packages/airflow/example_dags/example_branch_datetime_operator.py took 0.062 seconds
[2022-07-23 21:11:57,069] {processor.py:153} INFO - Started process (PID=943) to work on /home/airflow/.local/lib/python3.7/site-packages/airflow/example_dags/example_branch_datetime_operator.py
[2022-07-23 21:11:57,069] {processor.py:641} INFO - Processing file /home/airflow/.local/lib/python3.7/site-packages/airflow/example_dags/example_branch_datetime_operator.py for tasks to queue
[2022-07-23 21:11:57,069] {logging_mixin.py:115} INFO - [2022-07-23 21:11:57,069] {dagbag.py:508} INFO - Filling up the DagBag from /home/airflow/.local/lib/python3.7/site-packages/airflow/example_dags/example_branch_datetime_operator.py
[2022-07-23 21:11:57,074] {processor.py:651} INFO - DAG(s) dict_keys(['example_branch_datetime_operator', 'example_branch_datetime_operator_2']) retrieved from /home/airflow/.local/lib/python3.7/site-packages/airflow/example_dags/example_branch_datetime_operator.py
[2022-07-23 21:11:57,091] {logging_mixin.py:115} INFO - [2022-07-23 21:11:57,091] {dag.py:2420} INFO - Sync 2 DAGs
[2022-07-23 21:11:57,103] {logging_mixin.py:115} INFO - [2022-07-23 21:11:57,103] {dag.py:2972} INFO - Setting next_dagrun for example_branch_datetime_operator to 2022-07-22T00:00:00+00:00, run_after=2022-07-23T00:00:00+00:00
[2022-07-23 21:11:57,104] {logging_mixin.py:115} INFO - [2022-07-23 21:11:57,104] {dag.py:2972} INFO - Setting next_dagrun for example_branch_datetime_operator_2 to 2022-07-22T00:00:00+00:00, run_after=2022-07-23T00:00:00+00:00
[2022-07-23 21:11:57,110] {processor.py:161} INFO - Processing /home/airflow/.local/lib/python3.7/site-packages/airflow/example_dags/example_branch_datetime_operator.py took 0.043 seconds
[2022-07-23 21:12:27,221] {processor.py:153} INFO - Started process (PID=1006) to work on /home/airflow/.local/lib/python3.7/site-packages/airflow/example_dags/example_branch_datetime_operator.py
[2022-07-23 21:12:27,222] {processor.py:641} INFO - Processing file /home/airflow/.local/lib/python3.7/site-packages/airflow/example_dags/example_branch_datetime_operator.py for tasks to queue
[2022-07-23 21:12:27,222] {logging_mixin.py:115} INFO - [2022-07-23 21:12:27,222] {dagbag.py:508} INFO - Filling up the DagBag from /home/airflow/.local/lib/python3.7/site-packages/airflow/example_dags/example_branch_datetime_operator.py
[2022-07-23 21:12:27,228] {processor.py:651} INFO - DAG(s) dict_keys(['example_branch_datetime_operator', 'example_branch_datetime_operator_2']) retrieved from /home/airflow/.local/lib/python3.7/site-packages/airflow/example_dags/example_branch_datetime_operator.py
[2022-07-23 21:12:27,250] {logging_mixin.py:115} INFO - [2022-07-23 21:12:27,250] {dag.py:2420} INFO - Sync 2 DAGs
[2022-07-23 21:12:27,269] {logging_mixin.py:115} INFO - [2022-07-23 21:12:27,269] {dag.py:2972} INFO - Setting next_dagrun for example_branch_datetime_operator to 2022-07-22T00:00:00+00:00, run_after=2022-07-23T00:00:00+00:00
[2022-07-23 21:12:27,270] {logging_mixin.py:115} INFO - [2022-07-23 21:12:27,270] {dag.py:2972} INFO - Setting next_dagrun for example_branch_datetime_operator_2 to 2022-07-22T00:00:00+00:00, run_after=2022-07-23T00:00:00+00:00
[2022-07-23 21:12:27,278] {processor.py:161} INFO - Processing /home/airflow/.local/lib/python3.7/site-packages/airflow/example_dags/example_branch_datetime_operator.py took 0.059 seconds
[2022-07-23 21:12:57,823] {processor.py:153} INFO - Started process (PID=1057) to work on /home/airflow/.local/lib/python3.7/site-packages/airflow/example_dags/example_branch_datetime_operator.py
[2022-07-23 21:12:57,824] {processor.py:641} INFO - Processing file /home/airflow/.local/lib/python3.7/site-packages/airflow/example_dags/example_branch_datetime_operator.py for tasks to queue
[2022-07-23 21:12:57,824] {logging_mixin.py:115} INFO - [2022-07-23 21:12:57,824] {dagbag.py:508} INFO - Filling up the DagBag from /home/airflow/.local/lib/python3.7/site-packages/airflow/example_dags/example_branch_datetime_operator.py
[2022-07-23 21:12:57,831] {processor.py:651} INFO - DAG(s) dict_keys(['example_branch_datetime_operator', 'example_branch_datetime_operator_2']) retrieved from /home/airflow/.local/lib/python3.7/site-packages/airflow/example_dags/example_branch_datetime_operator.py
[2022-07-23 21:12:57,854] {logging_mixin.py:115} INFO - [2022-07-23 21:12:57,854] {dag.py:2420} INFO - Sync 2 DAGs
[2022-07-23 21:12:57,872] {logging_mixin.py:115} INFO - [2022-07-23 21:12:57,872] {dag.py:2972} INFO - Setting next_dagrun for example_branch_datetime_operator to 2022-07-22T00:00:00+00:00, run_after=2022-07-23T00:00:00+00:00
[2022-07-23 21:12:57,874] {logging_mixin.py:115} INFO - [2022-07-23 21:12:57,874] {dag.py:2972} INFO - Setting next_dagrun for example_branch_datetime_operator_2 to 2022-07-22T00:00:00+00:00, run_after=2022-07-23T00:00:00+00:00
[2022-07-23 21:12:57,881] {processor.py:161} INFO - Processing /home/airflow/.local/lib/python3.7/site-packages/airflow/example_dags/example_branch_datetime_operator.py took 0.060 seconds
[2022-07-23 21:13:28,126] {processor.py:153} INFO - Started process (PID=1118) to work on /home/airflow/.local/lib/python3.7/site-packages/airflow/example_dags/example_branch_datetime_operator.py
[2022-07-23 21:13:28,126] {processor.py:641} INFO - Processing file /home/airflow/.local/lib/python3.7/site-packages/airflow/example_dags/example_branch_datetime_operator.py for tasks to queue
[2022-07-23 21:13:28,127] {logging_mixin.py:115} INFO - [2022-07-23 21:13:28,126] {dagbag.py:508} INFO - Filling up the DagBag from /home/airflow/.local/lib/python3.7/site-packages/airflow/example_dags/example_branch_datetime_operator.py
[2022-07-23 21:13:28,135] {processor.py:651} INFO - DAG(s) dict_keys(['example_branch_datetime_operator', 'example_branch_datetime_operator_2']) retrieved from /home/airflow/.local/lib/python3.7/site-packages/airflow/example_dags/example_branch_datetime_operator.py
[2022-07-23 21:13:28,159] {logging_mixin.py:115} INFO - [2022-07-23 21:13:28,159] {dag.py:2420} INFO - Sync 2 DAGs
[2022-07-23 21:13:28,177] {logging_mixin.py:115} INFO - [2022-07-23 21:13:28,177] {dag.py:2972} INFO - Setting next_dagrun for example_branch_datetime_operator to 2022-07-22T00:00:00+00:00, run_after=2022-07-23T00:00:00+00:00
[2022-07-23 21:13:28,178] {logging_mixin.py:115} INFO - [2022-07-23 21:13:28,178] {dag.py:2972} INFO - Setting next_dagrun for example_branch_datetime_operator_2 to 2022-07-22T00:00:00+00:00, run_after=2022-07-23T00:00:00+00:00
[2022-07-23 21:13:28,186] {processor.py:161} INFO - Processing /home/airflow/.local/lib/python3.7/site-packages/airflow/example_dags/example_branch_datetime_operator.py took 0.063 seconds
[2022-07-23 21:13:58,345] {processor.py:153} INFO - Started process (PID=1180) to work on /home/airflow/.local/lib/python3.7/site-packages/airflow/example_dags/example_branch_datetime_operator.py
[2022-07-23 21:13:58,346] {processor.py:641} INFO - Processing file /home/airflow/.local/lib/python3.7/site-packages/airflow/example_dags/example_branch_datetime_operator.py for tasks to queue
[2022-07-23 21:13:58,346] {logging_mixin.py:115} INFO - [2022-07-23 21:13:58,346] {dagbag.py:508} INFO - Filling up the DagBag from /home/airflow/.local/lib/python3.7/site-packages/airflow/example_dags/example_branch_datetime_operator.py
[2022-07-23 21:13:58,351] {processor.py:651} INFO - DAG(s) dict_keys(['example_branch_datetime_operator', 'example_branch_datetime_operator_2']) retrieved from /home/airflow/.local/lib/python3.7/site-packages/airflow/example_dags/example_branch_datetime_operator.py
[2022-07-23 21:13:58,370] {logging_mixin.py:115} INFO - [2022-07-23 21:13:58,370] {dag.py:2420} INFO - Sync 2 DAGs
[2022-07-23 21:13:58,385] {logging_mixin.py:115} INFO - [2022-07-23 21:13:58,385] {dag.py:2972} INFO - Setting next_dagrun for example_branch_datetime_operator to 2022-07-22T00:00:00+00:00, run_after=2022-07-23T00:00:00+00:00
[2022-07-23 21:13:58,386] {logging_mixin.py:115} INFO - [2022-07-23 21:13:58,386] {dag.py:2972} INFO - Setting next_dagrun for example_branch_datetime_operator_2 to 2022-07-22T00:00:00+00:00, run_after=2022-07-23T00:00:00+00:00
[2022-07-23 21:13:58,393] {processor.py:161} INFO - Processing /home/airflow/.local/lib/python3.7/site-packages/airflow/example_dags/example_branch_datetime_operator.py took 0.049 seconds
[2022-07-23 21:14:28,568] {processor.py:153} INFO - Started process (PID=1241) to work on /home/airflow/.local/lib/python3.7/site-packages/airflow/example_dags/example_branch_datetime_operator.py
[2022-07-23 21:14:28,568] {processor.py:641} INFO - Processing file /home/airflow/.local/lib/python3.7/site-packages/airflow/example_dags/example_branch_datetime_operator.py for tasks to queue
[2022-07-23 21:14:28,569] {logging_mixin.py:115} INFO - [2022-07-23 21:14:28,569] {dagbag.py:508} INFO - Filling up the DagBag from /home/airflow/.local/lib/python3.7/site-packages/airflow/example_dags/example_branch_datetime_operator.py
[2022-07-23 21:14:28,574] {processor.py:651} INFO - DAG(s) dict_keys(['example_branch_datetime_operator', 'example_branch_datetime_operator_2']) retrieved from /home/airflow/.local/lib/python3.7/site-packages/airflow/example_dags/example_branch_datetime_operator.py
[2022-07-23 21:14:28,597] {logging_mixin.py:115} INFO - [2022-07-23 21:14:28,597] {dag.py:2420} INFO - Sync 2 DAGs
[2022-07-23 21:14:28,619] {logging_mixin.py:115} INFO - [2022-07-23 21:14:28,619] {dag.py:2972} INFO - Setting next_dagrun for example_branch_datetime_operator to 2022-07-22T00:00:00+00:00, run_after=2022-07-23T00:00:00+00:00
[2022-07-23 21:14:28,621] {logging_mixin.py:115} INFO - [2022-07-23 21:14:28,621] {dag.py:2972} INFO - Setting next_dagrun for example_branch_datetime_operator_2 to 2022-07-22T00:00:00+00:00, run_after=2022-07-23T00:00:00+00:00
[2022-07-23 21:14:28,631] {processor.py:161} INFO - Processing /home/airflow/.local/lib/python3.7/site-packages/airflow/example_dags/example_branch_datetime_operator.py took 0.065 seconds
[2022-07-23 21:14:58,929] {processor.py:153} INFO - Started process (PID=1293) to work on /home/airflow/.local/lib/python3.7/site-packages/airflow/example_dags/example_branch_datetime_operator.py
[2022-07-23 21:14:58,930] {processor.py:641} INFO - Processing file /home/airflow/.local/lib/python3.7/site-packages/airflow/example_dags/example_branch_datetime_operator.py for tasks to queue
[2022-07-23 21:14:58,930] {logging_mixin.py:115} INFO - [2022-07-23 21:14:58,930] {dagbag.py:508} INFO - Filling up the DagBag from /home/airflow/.local/lib/python3.7/site-packages/airflow/example_dags/example_branch_datetime_operator.py
[2022-07-23 21:14:58,936] {processor.py:651} INFO - DAG(s) dict_keys(['example_branch_datetime_operator', 'example_branch_datetime_operator_2']) retrieved from /home/airflow/.local/lib/python3.7/site-packages/airflow/example_dags/example_branch_datetime_operator.py
[2022-07-23 21:14:58,959] {logging_mixin.py:115} INFO - [2022-07-23 21:14:58,959] {dag.py:2420} INFO - Sync 2 DAGs
[2022-07-23 21:14:58,978] {logging_mixin.py:115} INFO - [2022-07-23 21:14:58,978] {dag.py:2972} INFO - Setting next_dagrun for example_branch_datetime_operator to 2022-07-22T00:00:00+00:00, run_after=2022-07-23T00:00:00+00:00
[2022-07-23 21:14:58,980] {logging_mixin.py:115} INFO - [2022-07-23 21:14:58,980] {dag.py:2972} INFO - Setting next_dagrun for example_branch_datetime_operator_2 to 2022-07-22T00:00:00+00:00, run_after=2022-07-23T00:00:00+00:00
[2022-07-23 21:14:58,989] {processor.py:161} INFO - Processing /home/airflow/.local/lib/python3.7/site-packages/airflow/example_dags/example_branch_datetime_operator.py took 0.062 seconds
[2022-07-23 21:15:29,262] {processor.py:153} INFO - Started process (PID=1355) to work on /home/airflow/.local/lib/python3.7/site-packages/airflow/example_dags/example_branch_datetime_operator.py
[2022-07-23 21:15:29,263] {processor.py:641} INFO - Processing file /home/airflow/.local/lib/python3.7/site-packages/airflow/example_dags/example_branch_datetime_operator.py for tasks to queue
[2022-07-23 21:15:29,263] {logging_mixin.py:115} INFO - [2022-07-23 21:15:29,263] {dagbag.py:508} INFO - Filling up the DagBag from /home/airflow/.local/lib/python3.7/site-packages/airflow/example_dags/example_branch_datetime_operator.py
[2022-07-23 21:15:29,269] {processor.py:651} INFO - DAG(s) dict_keys(['example_branch_datetime_operator', 'example_branch_datetime_operator_2']) retrieved from /home/airflow/.local/lib/python3.7/site-packages/airflow/example_dags/example_branch_datetime_operator.py
[2022-07-23 21:15:29,287] {logging_mixin.py:115} INFO - [2022-07-23 21:15:29,287] {dag.py:2420} INFO - Sync 2 DAGs
[2022-07-23 21:15:29,301] {logging_mixin.py:115} INFO - [2022-07-23 21:15:29,301] {dag.py:2972} INFO - Setting next_dagrun for example_branch_datetime_operator to 2022-07-22T00:00:00+00:00, run_after=2022-07-23T00:00:00+00:00
[2022-07-23 21:15:29,302] {logging_mixin.py:115} INFO - [2022-07-23 21:15:29,302] {dag.py:2972} INFO - Setting next_dagrun for example_branch_datetime_operator_2 to 2022-07-22T00:00:00+00:00, run_after=2022-07-23T00:00:00+00:00
[2022-07-23 21:15:29,312] {processor.py:161} INFO - Processing /home/airflow/.local/lib/python3.7/site-packages/airflow/example_dags/example_branch_datetime_operator.py took 0.051 seconds
[2022-07-23 21:15:59,512] {processor.py:153} INFO - Started process (PID=1416) to work on /home/airflow/.local/lib/python3.7/site-packages/airflow/example_dags/example_branch_datetime_operator.py
[2022-07-23 21:15:59,512] {processor.py:641} INFO - Processing file /home/airflow/.local/lib/python3.7/site-packages/airflow/example_dags/example_branch_datetime_operator.py for tasks to queue
[2022-07-23 21:15:59,512] {logging_mixin.py:115} INFO - [2022-07-23 21:15:59,512] {dagbag.py:508} INFO - Filling up the DagBag from /home/airflow/.local/lib/python3.7/site-packages/airflow/example_dags/example_branch_datetime_operator.py
[2022-07-23 21:15:59,518] {processor.py:651} INFO - DAG(s) dict_keys(['example_branch_datetime_operator', 'example_branch_datetime_operator_2']) retrieved from /home/airflow/.local/lib/python3.7/site-packages/airflow/example_dags/example_branch_datetime_operator.py
[2022-07-23 21:15:59,537] {logging_mixin.py:115} INFO - [2022-07-23 21:15:59,537] {dag.py:2420} INFO - Sync 2 DAGs
[2022-07-23 21:15:59,551] {logging_mixin.py:115} INFO - [2022-07-23 21:15:59,551] {dag.py:2972} INFO - Setting next_dagrun for example_branch_datetime_operator to 2022-07-22T00:00:00+00:00, run_after=2022-07-23T00:00:00+00:00
[2022-07-23 21:15:59,553] {logging_mixin.py:115} INFO - [2022-07-23 21:15:59,553] {dag.py:2972} INFO - Setting next_dagrun for example_branch_datetime_operator_2 to 2022-07-22T00:00:00+00:00, run_after=2022-07-23T00:00:00+00:00
[2022-07-23 21:15:59,560] {processor.py:161} INFO - Processing /home/airflow/.local/lib/python3.7/site-packages/airflow/example_dags/example_branch_datetime_operator.py took 0.051 seconds
[2022-07-23 21:16:51,515] {processor.py:153} INFO - Started process (PID=55) to work on /home/airflow/.local/lib/python3.7/site-packages/airflow/example_dags/example_branch_datetime_operator.py
[2022-07-23 21:16:51,517] {processor.py:641} INFO - Processing file /home/airflow/.local/lib/python3.7/site-packages/airflow/example_dags/example_branch_datetime_operator.py for tasks to queue
[2022-07-23 21:16:51,517] {logging_mixin.py:115} INFO - [2022-07-23 21:16:51,517] {dagbag.py:508} INFO - Filling up the DagBag from /home/airflow/.local/lib/python3.7/site-packages/airflow/example_dags/example_branch_datetime_operator.py
[2022-07-23 21:16:51,530] {processor.py:651} INFO - DAG(s) dict_keys(['example_branch_datetime_operator', 'example_branch_datetime_operator_2']) retrieved from /home/airflow/.local/lib/python3.7/site-packages/airflow/example_dags/example_branch_datetime_operator.py
[2022-07-23 21:16:51,570] {logging_mixin.py:115} INFO - [2022-07-23 21:16:51,570] {dag.py:2420} INFO - Sync 2 DAGs
[2022-07-23 21:16:51,740] {logging_mixin.py:115} INFO - [2022-07-23 21:16:51,740] {dag.py:2972} INFO - Setting next_dagrun for example_branch_datetime_operator to 2022-07-22T00:00:00+00:00, run_after=2022-07-23T00:00:00+00:00
[2022-07-23 21:16:51,742] {logging_mixin.py:115} INFO - [2022-07-23 21:16:51,742] {dag.py:2972} INFO - Setting next_dagrun for example_branch_datetime_operator_2 to 2022-07-22T00:00:00+00:00, run_after=2022-07-23T00:00:00+00:00
[2022-07-23 21:16:51,786] {processor.py:161} INFO - Processing /home/airflow/.local/lib/python3.7/site-packages/airflow/example_dags/example_branch_datetime_operator.py took 0.273 seconds
