[2022-07-23 21:04:23,176] {processor.py:153} INFO - Started process (PID=77) to work on /home/airflow/.local/lib/python3.7/site-packages/airflow/example_dags/example_xcom.py
[2022-07-23 21:04:23,176] {processor.py:641} INFO - Processing file /home/airflow/.local/lib/python3.7/site-packages/airflow/example_dags/example_xcom.py for tasks to queue
[2022-07-23 21:04:23,177] {logging_mixin.py:115} INFO - [2022-07-23 21:04:23,176] {dagbag.py:508} INFO - Filling up the DagBag from /home/airflow/.local/lib/python3.7/site-packages/airflow/example_dags/example_xcom.py
[2022-07-23 21:04:23,192] {processor.py:651} INFO - DAG(s) dict_keys(['example_xcom']) retrieved from /home/airflow/.local/lib/python3.7/site-packages/airflow/example_dags/example_xcom.py
[2022-07-23 21:04:23,269] {logging_mixin.py:115} INFO - [2022-07-23 21:04:23,269] {manager.py:508} INFO - Created Permission View: can edit on DAG:example_xcom
[2022-07-23 21:04:23,277] {logging_mixin.py:115} INFO - [2022-07-23 21:04:23,277] {manager.py:508} INFO - Created Permission View: can read on DAG:example_xcom
[2022-07-23 21:04:23,282] {logging_mixin.py:115} INFO - [2022-07-23 21:04:23,282] {manager.py:508} INFO - Created Permission View: can delete on DAG:example_xcom
[2022-07-23 21:04:23,282] {logging_mixin.py:115} INFO - [2022-07-23 21:04:23,282] {dag.py:2420} INFO - Sync 1 DAGs
[2022-07-23 21:04:23,290] {logging_mixin.py:115} INFO - [2022-07-23 21:04:23,289] {dag.py:2439} INFO - Creating ORM DAG for example_xcom
[2022-07-23 21:04:23,300] {logging_mixin.py:115} INFO - [2022-07-23 21:04:23,300] {dag.py:2972} INFO - Setting next_dagrun for example_xcom to 2021-01-01T00:00:00+00:00, run_after=2021-01-01T00:00:00+00:00
[2022-07-23 21:04:23,312] {processor.py:161} INFO - Processing /home/airflow/.local/lib/python3.7/site-packages/airflow/example_dags/example_xcom.py took 0.139 seconds
[2022-07-23 21:04:53,460] {processor.py:153} INFO - Started process (PID=132) to work on /home/airflow/.local/lib/python3.7/site-packages/airflow/example_dags/example_xcom.py
[2022-07-23 21:04:53,461] {processor.py:641} INFO - Processing file /home/airflow/.local/lib/python3.7/site-packages/airflow/example_dags/example_xcom.py for tasks to queue
[2022-07-23 21:04:53,461] {logging_mixin.py:115} INFO - [2022-07-23 21:04:53,461] {dagbag.py:508} INFO - Filling up the DagBag from /home/airflow/.local/lib/python3.7/site-packages/airflow/example_dags/example_xcom.py
[2022-07-23 21:04:53,473] {processor.py:651} INFO - DAG(s) dict_keys(['example_xcom']) retrieved from /home/airflow/.local/lib/python3.7/site-packages/airflow/example_dags/example_xcom.py
[2022-07-23 21:04:53,517] {logging_mixin.py:115} INFO - [2022-07-23 21:04:53,517] {dag.py:2420} INFO - Sync 1 DAGs
[2022-07-23 21:04:53,528] {logging_mixin.py:115} INFO - [2022-07-23 21:04:53,528] {dag.py:2972} INFO - Setting next_dagrun for example_xcom to 2021-01-01T00:00:00+00:00, run_after=2021-01-01T00:00:00+00:00
[2022-07-23 21:04:53,536] {processor.py:161} INFO - Processing /home/airflow/.local/lib/python3.7/site-packages/airflow/example_dags/example_xcom.py took 0.078 seconds
[2022-07-23 21:05:23,825] {processor.py:153} INFO - Started process (PID=191) to work on /home/airflow/.local/lib/python3.7/site-packages/airflow/example_dags/example_xcom.py
[2022-07-23 21:05:23,825] {processor.py:641} INFO - Processing file /home/airflow/.local/lib/python3.7/site-packages/airflow/example_dags/example_xcom.py for tasks to queue
[2022-07-23 21:05:23,825] {logging_mixin.py:115} INFO - [2022-07-23 21:05:23,825] {dagbag.py:508} INFO - Filling up the DagBag from /home/airflow/.local/lib/python3.7/site-packages/airflow/example_dags/example_xcom.py
[2022-07-23 21:05:23,836] {processor.py:651} INFO - DAG(s) dict_keys(['example_xcom']) retrieved from /home/airflow/.local/lib/python3.7/site-packages/airflow/example_dags/example_xcom.py
[2022-07-23 21:05:23,877] {logging_mixin.py:115} INFO - [2022-07-23 21:05:23,877] {dag.py:2420} INFO - Sync 1 DAGs
[2022-07-23 21:05:23,891] {logging_mixin.py:115} INFO - [2022-07-23 21:05:23,891] {dag.py:2972} INFO - Setting next_dagrun for example_xcom to 2021-01-01T00:00:00+00:00, run_after=2021-01-01T00:00:00+00:00
[2022-07-23 21:05:23,899] {processor.py:161} INFO - Processing /home/airflow/.local/lib/python3.7/site-packages/airflow/example_dags/example_xcom.py took 0.077 seconds
[2022-07-23 21:05:54,293] {processor.py:153} INFO - Started process (PID=251) to work on /home/airflow/.local/lib/python3.7/site-packages/airflow/example_dags/example_xcom.py
[2022-07-23 21:05:54,294] {processor.py:641} INFO - Processing file /home/airflow/.local/lib/python3.7/site-packages/airflow/example_dags/example_xcom.py for tasks to queue
[2022-07-23 21:05:54,294] {logging_mixin.py:115} INFO - [2022-07-23 21:05:54,294] {dagbag.py:508} INFO - Filling up the DagBag from /home/airflow/.local/lib/python3.7/site-packages/airflow/example_dags/example_xcom.py
[2022-07-23 21:05:54,305] {processor.py:651} INFO - DAG(s) dict_keys(['example_xcom']) retrieved from /home/airflow/.local/lib/python3.7/site-packages/airflow/example_dags/example_xcom.py
[2022-07-23 21:05:54,366] {logging_mixin.py:115} INFO - [2022-07-23 21:05:54,366] {dag.py:2420} INFO - Sync 1 DAGs
[2022-07-23 21:05:54,384] {logging_mixin.py:115} INFO - [2022-07-23 21:05:54,384] {dag.py:2972} INFO - Setting next_dagrun for example_xcom to 2021-01-01T00:00:00+00:00, run_after=2021-01-01T00:00:00+00:00
[2022-07-23 21:05:54,395] {processor.py:161} INFO - Processing /home/airflow/.local/lib/python3.7/site-packages/airflow/example_dags/example_xcom.py took 0.104 seconds
[2022-07-23 21:06:24,579] {processor.py:153} INFO - Started process (PID=313) to work on /home/airflow/.local/lib/python3.7/site-packages/airflow/example_dags/example_xcom.py
[2022-07-23 21:06:24,580] {processor.py:641} INFO - Processing file /home/airflow/.local/lib/python3.7/site-packages/airflow/example_dags/example_xcom.py for tasks to queue
[2022-07-23 21:06:24,580] {logging_mixin.py:115} INFO - [2022-07-23 21:06:24,580] {dagbag.py:508} INFO - Filling up the DagBag from /home/airflow/.local/lib/python3.7/site-packages/airflow/example_dags/example_xcom.py
[2022-07-23 21:06:24,591] {processor.py:651} INFO - DAG(s) dict_keys(['example_xcom']) retrieved from /home/airflow/.local/lib/python3.7/site-packages/airflow/example_dags/example_xcom.py
[2022-07-23 21:06:24,639] {logging_mixin.py:115} INFO - [2022-07-23 21:06:24,638] {dag.py:2420} INFO - Sync 1 DAGs
[2022-07-23 21:06:24,652] {logging_mixin.py:115} INFO - [2022-07-23 21:06:24,652] {dag.py:2972} INFO - Setting next_dagrun for example_xcom to 2021-01-01T00:00:00+00:00, run_after=2021-01-01T00:00:00+00:00
[2022-07-23 21:06:24,660] {processor.py:161} INFO - Processing /home/airflow/.local/lib/python3.7/site-packages/airflow/example_dags/example_xcom.py took 0.082 seconds
[2022-07-23 21:06:54,992] {processor.py:153} INFO - Started process (PID=366) to work on /home/airflow/.local/lib/python3.7/site-packages/airflow/example_dags/example_xcom.py
[2022-07-23 21:06:54,992] {processor.py:641} INFO - Processing file /home/airflow/.local/lib/python3.7/site-packages/airflow/example_dags/example_xcom.py for tasks to queue
[2022-07-23 21:06:54,992] {logging_mixin.py:115} INFO - [2022-07-23 21:06:54,992] {dagbag.py:508} INFO - Filling up the DagBag from /home/airflow/.local/lib/python3.7/site-packages/airflow/example_dags/example_xcom.py
[2022-07-23 21:06:55,005] {processor.py:651} INFO - DAG(s) dict_keys(['example_xcom']) retrieved from /home/airflow/.local/lib/python3.7/site-packages/airflow/example_dags/example_xcom.py
[2022-07-23 21:06:55,051] {logging_mixin.py:115} INFO - [2022-07-23 21:06:55,051] {dag.py:2420} INFO - Sync 1 DAGs
[2022-07-23 21:06:55,064] {logging_mixin.py:115} INFO - [2022-07-23 21:06:55,064] {dag.py:2972} INFO - Setting next_dagrun for example_xcom to 2021-01-01T00:00:00+00:00, run_after=2021-01-01T00:00:00+00:00
[2022-07-23 21:06:55,072] {processor.py:161} INFO - Processing /home/airflow/.local/lib/python3.7/site-packages/airflow/example_dags/example_xcom.py took 0.083 seconds
[2022-07-23 21:07:25,133] {processor.py:153} INFO - Started process (PID=427) to work on /home/airflow/.local/lib/python3.7/site-packages/airflow/example_dags/example_xcom.py
[2022-07-23 21:07:25,133] {processor.py:641} INFO - Processing file /home/airflow/.local/lib/python3.7/site-packages/airflow/example_dags/example_xcom.py for tasks to queue
[2022-07-23 21:07:25,134] {logging_mixin.py:115} INFO - [2022-07-23 21:07:25,134] {dagbag.py:508} INFO - Filling up the DagBag from /home/airflow/.local/lib/python3.7/site-packages/airflow/example_dags/example_xcom.py
[2022-07-23 21:07:25,144] {processor.py:651} INFO - DAG(s) dict_keys(['example_xcom']) retrieved from /home/airflow/.local/lib/python3.7/site-packages/airflow/example_dags/example_xcom.py
[2022-07-23 21:07:25,188] {logging_mixin.py:115} INFO - [2022-07-23 21:07:25,188] {dag.py:2420} INFO - Sync 1 DAGs
[2022-07-23 21:07:25,201] {logging_mixin.py:115} INFO - [2022-07-23 21:07:25,201] {dag.py:2972} INFO - Setting next_dagrun for example_xcom to 2021-01-01T00:00:00+00:00, run_after=2021-01-01T00:00:00+00:00
[2022-07-23 21:07:25,209] {processor.py:161} INFO - Processing /home/airflow/.local/lib/python3.7/site-packages/airflow/example_dags/example_xcom.py took 0.078 seconds
[2022-07-23 21:07:55,421] {processor.py:153} INFO - Started process (PID=488) to work on /home/airflow/.local/lib/python3.7/site-packages/airflow/example_dags/example_xcom.py
[2022-07-23 21:07:55,421] {processor.py:641} INFO - Processing file /home/airflow/.local/lib/python3.7/site-packages/airflow/example_dags/example_xcom.py for tasks to queue
[2022-07-23 21:07:55,421] {logging_mixin.py:115} INFO - [2022-07-23 21:07:55,421] {dagbag.py:508} INFO - Filling up the DagBag from /home/airflow/.local/lib/python3.7/site-packages/airflow/example_dags/example_xcom.py
[2022-07-23 21:07:55,434] {processor.py:651} INFO - DAG(s) dict_keys(['example_xcom']) retrieved from /home/airflow/.local/lib/python3.7/site-packages/airflow/example_dags/example_xcom.py
[2022-07-23 21:07:55,488] {logging_mixin.py:115} INFO - [2022-07-23 21:07:55,488] {dag.py:2420} INFO - Sync 1 DAGs
[2022-07-23 21:07:55,504] {logging_mixin.py:115} INFO - [2022-07-23 21:07:55,504] {dag.py:2972} INFO - Setting next_dagrun for example_xcom to 2021-01-01T00:00:00+00:00, run_after=2021-01-01T00:00:00+00:00
[2022-07-23 21:07:55,514] {processor.py:161} INFO - Processing /home/airflow/.local/lib/python3.7/site-packages/airflow/example_dags/example_xcom.py took 0.095 seconds
[2022-07-23 21:08:25,710] {processor.py:153} INFO - Started process (PID=549) to work on /home/airflow/.local/lib/python3.7/site-packages/airflow/example_dags/example_xcom.py
[2022-07-23 21:08:25,710] {processor.py:641} INFO - Processing file /home/airflow/.local/lib/python3.7/site-packages/airflow/example_dags/example_xcom.py for tasks to queue
[2022-07-23 21:08:25,711] {logging_mixin.py:115} INFO - [2022-07-23 21:08:25,710] {dagbag.py:508} INFO - Filling up the DagBag from /home/airflow/.local/lib/python3.7/site-packages/airflow/example_dags/example_xcom.py
[2022-07-23 21:08:25,721] {processor.py:651} INFO - DAG(s) dict_keys(['example_xcom']) retrieved from /home/airflow/.local/lib/python3.7/site-packages/airflow/example_dags/example_xcom.py
[2022-07-23 21:08:25,736] {logging_mixin.py:115} INFO - [2022-07-23 21:08:25,735] {dag.py:2420} INFO - Sync 1 DAGs
[2022-07-23 21:08:25,750] {logging_mixin.py:115} INFO - [2022-07-23 21:08:25,750] {dag.py:2972} INFO - Setting next_dagrun for example_xcom to 2021-01-01T00:00:00+00:00, run_after=2021-01-01T00:00:00+00:00
[2022-07-23 21:08:25,758] {processor.py:161} INFO - Processing /home/airflow/.local/lib/python3.7/site-packages/airflow/example_dags/example_xcom.py took 0.050 seconds
[2022-07-23 21:08:55,955] {processor.py:153} INFO - Started process (PID=602) to work on /home/airflow/.local/lib/python3.7/site-packages/airflow/example_dags/example_xcom.py
[2022-07-23 21:08:55,956] {processor.py:641} INFO - Processing file /home/airflow/.local/lib/python3.7/site-packages/airflow/example_dags/example_xcom.py for tasks to queue
[2022-07-23 21:08:55,956] {logging_mixin.py:115} INFO - [2022-07-23 21:08:55,956] {dagbag.py:508} INFO - Filling up the DagBag from /home/airflow/.local/lib/python3.7/site-packages/airflow/example_dags/example_xcom.py
[2022-07-23 21:08:55,966] {processor.py:651} INFO - DAG(s) dict_keys(['example_xcom']) retrieved from /home/airflow/.local/lib/python3.7/site-packages/airflow/example_dags/example_xcom.py
[2022-07-23 21:08:55,980] {logging_mixin.py:115} INFO - [2022-07-23 21:08:55,980] {dag.py:2420} INFO - Sync 1 DAGs
[2022-07-23 21:08:55,994] {logging_mixin.py:115} INFO - [2022-07-23 21:08:55,994] {dag.py:2972} INFO - Setting next_dagrun for example_xcom to 2021-01-01T00:00:00+00:00, run_after=2021-01-01T00:00:00+00:00
[2022-07-23 21:08:56,001] {processor.py:161} INFO - Processing /home/airflow/.local/lib/python3.7/site-packages/airflow/example_dags/example_xcom.py took 0.048 seconds
[2022-07-23 21:09:26,224] {processor.py:153} INFO - Started process (PID=662) to work on /home/airflow/.local/lib/python3.7/site-packages/airflow/example_dags/example_xcom.py
[2022-07-23 21:09:26,224] {processor.py:641} INFO - Processing file /home/airflow/.local/lib/python3.7/site-packages/airflow/example_dags/example_xcom.py for tasks to queue
[2022-07-23 21:09:26,224] {logging_mixin.py:115} INFO - [2022-07-23 21:09:26,224] {dagbag.py:508} INFO - Filling up the DagBag from /home/airflow/.local/lib/python3.7/site-packages/airflow/example_dags/example_xcom.py
[2022-07-23 21:09:26,235] {processor.py:651} INFO - DAG(s) dict_keys(['example_xcom']) retrieved from /home/airflow/.local/lib/python3.7/site-packages/airflow/example_dags/example_xcom.py
[2022-07-23 21:09:26,288] {logging_mixin.py:115} INFO - [2022-07-23 21:09:26,288] {dag.py:2420} INFO - Sync 1 DAGs
[2022-07-23 21:09:26,303] {logging_mixin.py:115} INFO - [2022-07-23 21:09:26,303] {dag.py:2972} INFO - Setting next_dagrun for example_xcom to 2021-01-01T00:00:00+00:00, run_after=2021-01-01T00:00:00+00:00
[2022-07-23 21:09:26,312] {processor.py:161} INFO - Processing /home/airflow/.local/lib/python3.7/site-packages/airflow/example_dags/example_xcom.py took 0.091 seconds
[2022-07-23 21:09:56,439] {processor.py:153} INFO - Started process (PID=723) to work on /home/airflow/.local/lib/python3.7/site-packages/airflow/example_dags/example_xcom.py
[2022-07-23 21:09:56,440] {processor.py:641} INFO - Processing file /home/airflow/.local/lib/python3.7/site-packages/airflow/example_dags/example_xcom.py for tasks to queue
[2022-07-23 21:09:56,440] {logging_mixin.py:115} INFO - [2022-07-23 21:09:56,440] {dagbag.py:508} INFO - Filling up the DagBag from /home/airflow/.local/lib/python3.7/site-packages/airflow/example_dags/example_xcom.py
[2022-07-23 21:09:56,450] {processor.py:651} INFO - DAG(s) dict_keys(['example_xcom']) retrieved from /home/airflow/.local/lib/python3.7/site-packages/airflow/example_dags/example_xcom.py
[2022-07-23 21:09:56,487] {logging_mixin.py:115} INFO - [2022-07-23 21:09:56,487] {dag.py:2420} INFO - Sync 1 DAGs
[2022-07-23 21:09:56,500] {logging_mixin.py:115} INFO - [2022-07-23 21:09:56,500] {dag.py:2972} INFO - Setting next_dagrun for example_xcom to 2021-01-01T00:00:00+00:00, run_after=2021-01-01T00:00:00+00:00
[2022-07-23 21:09:56,508] {processor.py:161} INFO - Processing /home/airflow/.local/lib/python3.7/site-packages/airflow/example_dags/example_xcom.py took 0.070 seconds
[2022-07-23 21:10:26,857] {processor.py:153} INFO - Started process (PID=782) to work on /home/airflow/.local/lib/python3.7/site-packages/airflow/example_dags/example_xcom.py
[2022-07-23 21:10:26,857] {processor.py:641} INFO - Processing file /home/airflow/.local/lib/python3.7/site-packages/airflow/example_dags/example_xcom.py for tasks to queue
[2022-07-23 21:10:26,858] {logging_mixin.py:115} INFO - [2022-07-23 21:10:26,858] {dagbag.py:508} INFO - Filling up the DagBag from /home/airflow/.local/lib/python3.7/site-packages/airflow/example_dags/example_xcom.py
[2022-07-23 21:10:26,868] {processor.py:651} INFO - DAG(s) dict_keys(['example_xcom']) retrieved from /home/airflow/.local/lib/python3.7/site-packages/airflow/example_dags/example_xcom.py
[2022-07-23 21:10:26,885] {logging_mixin.py:115} INFO - [2022-07-23 21:10:26,884] {dag.py:2420} INFO - Sync 1 DAGs
[2022-07-23 21:10:26,900] {logging_mixin.py:115} INFO - [2022-07-23 21:10:26,900] {dag.py:2972} INFO - Setting next_dagrun for example_xcom to 2021-01-01T00:00:00+00:00, run_after=2021-01-01T00:00:00+00:00
[2022-07-23 21:10:26,907] {processor.py:161} INFO - Processing /home/airflow/.local/lib/python3.7/site-packages/airflow/example_dags/example_xcom.py took 0.052 seconds
[2022-07-23 21:10:57,026] {processor.py:153} INFO - Started process (PID=835) to work on /home/airflow/.local/lib/python3.7/site-packages/airflow/example_dags/example_xcom.py
[2022-07-23 21:10:57,026] {processor.py:641} INFO - Processing file /home/airflow/.local/lib/python3.7/site-packages/airflow/example_dags/example_xcom.py for tasks to queue
[2022-07-23 21:10:57,026] {logging_mixin.py:115} INFO - [2022-07-23 21:10:57,026] {dagbag.py:508} INFO - Filling up the DagBag from /home/airflow/.local/lib/python3.7/site-packages/airflow/example_dags/example_xcom.py
[2022-07-23 21:10:57,036] {processor.py:651} INFO - DAG(s) dict_keys(['example_xcom']) retrieved from /home/airflow/.local/lib/python3.7/site-packages/airflow/example_dags/example_xcom.py
[2022-07-23 21:10:57,052] {logging_mixin.py:115} INFO - [2022-07-23 21:10:57,052] {dag.py:2420} INFO - Sync 1 DAGs
[2022-07-23 21:10:57,065] {logging_mixin.py:115} INFO - [2022-07-23 21:10:57,065] {dag.py:2972} INFO - Setting next_dagrun for example_xcom to 2021-01-01T00:00:00+00:00, run_after=2021-01-01T00:00:00+00:00
[2022-07-23 21:10:57,072] {processor.py:161} INFO - Processing /home/airflow/.local/lib/python3.7/site-packages/airflow/example_dags/example_xcom.py took 0.048 seconds
[2022-07-23 21:11:27,257] {processor.py:153} INFO - Started process (PID=895) to work on /home/airflow/.local/lib/python3.7/site-packages/airflow/example_dags/example_xcom.py
[2022-07-23 21:11:27,257] {processor.py:641} INFO - Processing file /home/airflow/.local/lib/python3.7/site-packages/airflow/example_dags/example_xcom.py for tasks to queue
[2022-07-23 21:11:27,258] {logging_mixin.py:115} INFO - [2022-07-23 21:11:27,257] {dagbag.py:508} INFO - Filling up the DagBag from /home/airflow/.local/lib/python3.7/site-packages/airflow/example_dags/example_xcom.py
[2022-07-23 21:11:27,273] {processor.py:651} INFO - DAG(s) dict_keys(['example_xcom']) retrieved from /home/airflow/.local/lib/python3.7/site-packages/airflow/example_dags/example_xcom.py
[2022-07-23 21:11:27,318] {logging_mixin.py:115} INFO - [2022-07-23 21:11:27,318] {dag.py:2420} INFO - Sync 1 DAGs
[2022-07-23 21:11:27,330] {logging_mixin.py:115} INFO - [2022-07-23 21:11:27,330] {dag.py:2972} INFO - Setting next_dagrun for example_xcom to 2021-01-01T00:00:00+00:00, run_after=2021-01-01T00:00:00+00:00
[2022-07-23 21:11:27,338] {processor.py:161} INFO - Processing /home/airflow/.local/lib/python3.7/site-packages/airflow/example_dags/example_xcom.py took 0.084 seconds
[2022-07-23 21:11:57,486] {processor.py:153} INFO - Started process (PID=957) to work on /home/airflow/.local/lib/python3.7/site-packages/airflow/example_dags/example_xcom.py
[2022-07-23 21:11:57,487] {processor.py:641} INFO - Processing file /home/airflow/.local/lib/python3.7/site-packages/airflow/example_dags/example_xcom.py for tasks to queue
[2022-07-23 21:11:57,487] {logging_mixin.py:115} INFO - [2022-07-23 21:11:57,487] {dagbag.py:508} INFO - Filling up the DagBag from /home/airflow/.local/lib/python3.7/site-packages/airflow/example_dags/example_xcom.py
[2022-07-23 21:11:57,496] {processor.py:651} INFO - DAG(s) dict_keys(['example_xcom']) retrieved from /home/airflow/.local/lib/python3.7/site-packages/airflow/example_dags/example_xcom.py
[2022-07-23 21:11:57,533] {logging_mixin.py:115} INFO - [2022-07-23 21:11:57,533] {dag.py:2420} INFO - Sync 1 DAGs
[2022-07-23 21:11:57,545] {logging_mixin.py:115} INFO - [2022-07-23 21:11:57,545] {dag.py:2972} INFO - Setting next_dagrun for example_xcom to 2021-01-01T00:00:00+00:00, run_after=2021-01-01T00:00:00+00:00
[2022-07-23 21:11:57,552] {processor.py:161} INFO - Processing /home/airflow/.local/lib/python3.7/site-packages/airflow/example_dags/example_xcom.py took 0.068 seconds
[2022-07-23 21:12:27,720] {processor.py:153} INFO - Started process (PID=1018) to work on /home/airflow/.local/lib/python3.7/site-packages/airflow/example_dags/example_xcom.py
[2022-07-23 21:12:27,720] {processor.py:641} INFO - Processing file /home/airflow/.local/lib/python3.7/site-packages/airflow/example_dags/example_xcom.py for tasks to queue
[2022-07-23 21:12:27,721] {logging_mixin.py:115} INFO - [2022-07-23 21:12:27,721] {dagbag.py:508} INFO - Filling up the DagBag from /home/airflow/.local/lib/python3.7/site-packages/airflow/example_dags/example_xcom.py
[2022-07-23 21:12:27,732] {processor.py:651} INFO - DAG(s) dict_keys(['example_xcom']) retrieved from /home/airflow/.local/lib/python3.7/site-packages/airflow/example_dags/example_xcom.py
[2022-07-23 21:12:27,750] {logging_mixin.py:115} INFO - [2022-07-23 21:12:27,750] {dag.py:2420} INFO - Sync 1 DAGs
[2022-07-23 21:12:27,769] {logging_mixin.py:115} INFO - [2022-07-23 21:12:27,769] {dag.py:2972} INFO - Setting next_dagrun for example_xcom to 2021-01-01T00:00:00+00:00, run_after=2021-01-01T00:00:00+00:00
[2022-07-23 21:12:27,775] {processor.py:161} INFO - Processing /home/airflow/.local/lib/python3.7/site-packages/airflow/example_dags/example_xcom.py took 0.057 seconds
[2022-07-23 21:12:58,281] {processor.py:153} INFO - Started process (PID=1069) to work on /home/airflow/.local/lib/python3.7/site-packages/airflow/example_dags/example_xcom.py
[2022-07-23 21:12:58,282] {processor.py:641} INFO - Processing file /home/airflow/.local/lib/python3.7/site-packages/airflow/example_dags/example_xcom.py for tasks to queue
[2022-07-23 21:12:58,282] {logging_mixin.py:115} INFO - [2022-07-23 21:12:58,282] {dagbag.py:508} INFO - Filling up the DagBag from /home/airflow/.local/lib/python3.7/site-packages/airflow/example_dags/example_xcom.py
[2022-07-23 21:12:58,305] {processor.py:651} INFO - DAG(s) dict_keys(['example_xcom']) retrieved from /home/airflow/.local/lib/python3.7/site-packages/airflow/example_dags/example_xcom.py
[2022-07-23 21:12:58,331] {logging_mixin.py:115} INFO - [2022-07-23 21:12:58,331] {dag.py:2420} INFO - Sync 1 DAGs
[2022-07-23 21:12:58,354] {logging_mixin.py:115} INFO - [2022-07-23 21:12:58,354] {dag.py:2972} INFO - Setting next_dagrun for example_xcom to 2021-01-01T00:00:00+00:00, run_after=2021-01-01T00:00:00+00:00
[2022-07-23 21:12:58,365] {processor.py:161} INFO - Processing /home/airflow/.local/lib/python3.7/site-packages/airflow/example_dags/example_xcom.py took 0.088 seconds
[2022-07-23 21:13:28,529] {processor.py:153} INFO - Started process (PID=1130) to work on /home/airflow/.local/lib/python3.7/site-packages/airflow/example_dags/example_xcom.py
[2022-07-23 21:13:28,529] {processor.py:641} INFO - Processing file /home/airflow/.local/lib/python3.7/site-packages/airflow/example_dags/example_xcom.py for tasks to queue
[2022-07-23 21:13:28,530] {logging_mixin.py:115} INFO - [2022-07-23 21:13:28,530] {dagbag.py:508} INFO - Filling up the DagBag from /home/airflow/.local/lib/python3.7/site-packages/airflow/example_dags/example_xcom.py
[2022-07-23 21:13:28,540] {processor.py:651} INFO - DAG(s) dict_keys(['example_xcom']) retrieved from /home/airflow/.local/lib/python3.7/site-packages/airflow/example_dags/example_xcom.py
[2022-07-23 21:13:28,581] {logging_mixin.py:115} INFO - [2022-07-23 21:13:28,581] {dag.py:2420} INFO - Sync 1 DAGs
[2022-07-23 21:13:28,594] {logging_mixin.py:115} INFO - [2022-07-23 21:13:28,594] {dag.py:2972} INFO - Setting next_dagrun for example_xcom to 2021-01-01T00:00:00+00:00, run_after=2021-01-01T00:00:00+00:00
[2022-07-23 21:13:28,602] {processor.py:161} INFO - Processing /home/airflow/.local/lib/python3.7/site-packages/airflow/example_dags/example_xcom.py took 0.075 seconds
[2022-07-23 21:13:58,773] {processor.py:153} INFO - Started process (PID=1192) to work on /home/airflow/.local/lib/python3.7/site-packages/airflow/example_dags/example_xcom.py
[2022-07-23 21:13:58,774] {processor.py:641} INFO - Processing file /home/airflow/.local/lib/python3.7/site-packages/airflow/example_dags/example_xcom.py for tasks to queue
[2022-07-23 21:13:58,774] {logging_mixin.py:115} INFO - [2022-07-23 21:13:58,774] {dagbag.py:508} INFO - Filling up the DagBag from /home/airflow/.local/lib/python3.7/site-packages/airflow/example_dags/example_xcom.py
[2022-07-23 21:13:58,784] {processor.py:651} INFO - DAG(s) dict_keys(['example_xcom']) retrieved from /home/airflow/.local/lib/python3.7/site-packages/airflow/example_dags/example_xcom.py
[2022-07-23 21:13:58,825] {logging_mixin.py:115} INFO - [2022-07-23 21:13:58,825] {dag.py:2420} INFO - Sync 1 DAGs
[2022-07-23 21:13:58,839] {logging_mixin.py:115} INFO - [2022-07-23 21:13:58,839] {dag.py:2972} INFO - Setting next_dagrun for example_xcom to 2021-01-01T00:00:00+00:00, run_after=2021-01-01T00:00:00+00:00
[2022-07-23 21:13:58,849] {processor.py:161} INFO - Processing /home/airflow/.local/lib/python3.7/site-packages/airflow/example_dags/example_xcom.py took 0.077 seconds
[2022-07-23 21:14:29,052] {processor.py:153} INFO - Started process (PID=1253) to work on /home/airflow/.local/lib/python3.7/site-packages/airflow/example_dags/example_xcom.py
[2022-07-23 21:14:29,053] {processor.py:641} INFO - Processing file /home/airflow/.local/lib/python3.7/site-packages/airflow/example_dags/example_xcom.py for tasks to queue
[2022-07-23 21:14:29,053] {logging_mixin.py:115} INFO - [2022-07-23 21:14:29,053] {dagbag.py:508} INFO - Filling up the DagBag from /home/airflow/.local/lib/python3.7/site-packages/airflow/example_dags/example_xcom.py
[2022-07-23 21:14:29,064] {processor.py:651} INFO - DAG(s) dict_keys(['example_xcom']) retrieved from /home/airflow/.local/lib/python3.7/site-packages/airflow/example_dags/example_xcom.py
[2022-07-23 21:14:29,114] {logging_mixin.py:115} INFO - [2022-07-23 21:14:29,114] {dag.py:2420} INFO - Sync 1 DAGs
[2022-07-23 21:14:29,128] {logging_mixin.py:115} INFO - [2022-07-23 21:14:29,128] {dag.py:2972} INFO - Setting next_dagrun for example_xcom to 2021-01-01T00:00:00+00:00, run_after=2021-01-01T00:00:00+00:00
[2022-07-23 21:14:29,139] {processor.py:161} INFO - Processing /home/airflow/.local/lib/python3.7/site-packages/airflow/example_dags/example_xcom.py took 0.088 seconds
[2022-07-23 21:14:59,433] {processor.py:153} INFO - Started process (PID=1305) to work on /home/airflow/.local/lib/python3.7/site-packages/airflow/example_dags/example_xcom.py
[2022-07-23 21:14:59,433] {processor.py:641} INFO - Processing file /home/airflow/.local/lib/python3.7/site-packages/airflow/example_dags/example_xcom.py for tasks to queue
[2022-07-23 21:14:59,434] {logging_mixin.py:115} INFO - [2022-07-23 21:14:59,434] {dagbag.py:508} INFO - Filling up the DagBag from /home/airflow/.local/lib/python3.7/site-packages/airflow/example_dags/example_xcom.py
[2022-07-23 21:14:59,445] {processor.py:651} INFO - DAG(s) dict_keys(['example_xcom']) retrieved from /home/airflow/.local/lib/python3.7/site-packages/airflow/example_dags/example_xcom.py
[2022-07-23 21:14:59,503] {logging_mixin.py:115} INFO - [2022-07-23 21:14:59,503] {dag.py:2420} INFO - Sync 1 DAGs
[2022-07-23 21:14:59,519] {logging_mixin.py:115} INFO - [2022-07-23 21:14:59,519] {dag.py:2972} INFO - Setting next_dagrun for example_xcom to 2021-01-01T00:00:00+00:00, run_after=2021-01-01T00:00:00+00:00
[2022-07-23 21:14:59,529] {processor.py:161} INFO - Processing /home/airflow/.local/lib/python3.7/site-packages/airflow/example_dags/example_xcom.py took 0.098 seconds
[2022-07-23 21:15:29,673] {processor.py:153} INFO - Started process (PID=1367) to work on /home/airflow/.local/lib/python3.7/site-packages/airflow/example_dags/example_xcom.py
[2022-07-23 21:15:29,674] {processor.py:641} INFO - Processing file /home/airflow/.local/lib/python3.7/site-packages/airflow/example_dags/example_xcom.py for tasks to queue
[2022-07-23 21:15:29,674] {logging_mixin.py:115} INFO - [2022-07-23 21:15:29,674] {dagbag.py:508} INFO - Filling up the DagBag from /home/airflow/.local/lib/python3.7/site-packages/airflow/example_dags/example_xcom.py
[2022-07-23 21:15:29,684] {processor.py:651} INFO - DAG(s) dict_keys(['example_xcom']) retrieved from /home/airflow/.local/lib/python3.7/site-packages/airflow/example_dags/example_xcom.py
[2022-07-23 21:15:29,725] {logging_mixin.py:115} INFO - [2022-07-23 21:15:29,725] {dag.py:2420} INFO - Sync 1 DAGs
[2022-07-23 21:15:29,738] {logging_mixin.py:115} INFO - [2022-07-23 21:15:29,738] {dag.py:2972} INFO - Setting next_dagrun for example_xcom to 2021-01-01T00:00:00+00:00, run_after=2021-01-01T00:00:00+00:00
[2022-07-23 21:15:29,748] {processor.py:161} INFO - Processing /home/airflow/.local/lib/python3.7/site-packages/airflow/example_dags/example_xcom.py took 0.077 seconds
[2022-07-23 21:15:59,933] {processor.py:153} INFO - Started process (PID=1428) to work on /home/airflow/.local/lib/python3.7/site-packages/airflow/example_dags/example_xcom.py
[2022-07-23 21:15:59,933] {processor.py:641} INFO - Processing file /home/airflow/.local/lib/python3.7/site-packages/airflow/example_dags/example_xcom.py for tasks to queue
[2022-07-23 21:15:59,933] {logging_mixin.py:115} INFO - [2022-07-23 21:15:59,933] {dagbag.py:508} INFO - Filling up the DagBag from /home/airflow/.local/lib/python3.7/site-packages/airflow/example_dags/example_xcom.py
[2022-07-23 21:15:59,944] {processor.py:651} INFO - DAG(s) dict_keys(['example_xcom']) retrieved from /home/airflow/.local/lib/python3.7/site-packages/airflow/example_dags/example_xcom.py
[2022-07-23 21:15:59,988] {logging_mixin.py:115} INFO - [2022-07-23 21:15:59,988] {dag.py:2420} INFO - Sync 1 DAGs
[2022-07-23 21:16:00,005] {logging_mixin.py:115} INFO - [2022-07-23 21:16:00,004] {dag.py:2972} INFO - Setting next_dagrun for example_xcom to 2021-01-01T00:00:00+00:00, run_after=2021-01-01T00:00:00+00:00
[2022-07-23 21:16:00,016] {processor.py:161} INFO - Processing /home/airflow/.local/lib/python3.7/site-packages/airflow/example_dags/example_xcom.py took 0.085 seconds
[2022-07-23 21:16:52,835] {processor.py:153} INFO - Started process (PID=67) to work on /home/airflow/.local/lib/python3.7/site-packages/airflow/example_dags/example_xcom.py
[2022-07-23 21:16:52,835] {processor.py:641} INFO - Processing file /home/airflow/.local/lib/python3.7/site-packages/airflow/example_dags/example_xcom.py for tasks to queue
[2022-07-23 21:16:52,836] {logging_mixin.py:115} INFO - [2022-07-23 21:16:52,836] {dagbag.py:508} INFO - Filling up the DagBag from /home/airflow/.local/lib/python3.7/site-packages/airflow/example_dags/example_xcom.py
[2022-07-23 21:16:52,851] {processor.py:651} INFO - DAG(s) dict_keys(['example_xcom']) retrieved from /home/airflow/.local/lib/python3.7/site-packages/airflow/example_dags/example_xcom.py
[2022-07-23 21:16:53,031] {logging_mixin.py:115} INFO - [2022-07-23 21:16:53,031] {dag.py:2420} INFO - Sync 1 DAGs
[2022-07-23 21:16:53,050] {logging_mixin.py:115} INFO - [2022-07-23 21:16:53,050] {dag.py:2972} INFO - Setting next_dagrun for example_xcom to 2021-01-01T00:00:00+00:00, run_after=2021-01-01T00:00:00+00:00
[2022-07-23 21:16:53,062] {processor.py:161} INFO - Processing /home/airflow/.local/lib/python3.7/site-packages/airflow/example_dags/example_xcom.py took 0.230 seconds
