[2022-07-23 21:04:23,008] {processor.py:153} INFO - Started process (PID=75) to work on /home/airflow/.local/lib/python3.7/site-packages/airflow/example_dags/example_subdag_operator.py
[2022-07-23 21:04:23,009] {processor.py:641} INFO - Processing file /home/airflow/.local/lib/python3.7/site-packages/airflow/example_dags/example_subdag_operator.py for tasks to queue
[2022-07-23 21:04:23,009] {logging_mixin.py:115} INFO - [2022-07-23 21:04:23,009] {dagbag.py:508} INFO - Filling up the DagBag from /home/airflow/.local/lib/python3.7/site-packages/airflow/example_dags/example_subdag_operator.py
[2022-07-23 21:04:23,034] {processor.py:651} INFO - DAG(s) dict_keys(['example_subdag_operator.section-1', 'example_subdag_operator.section-2', 'example_subdag_operator']) retrieved from /home/airflow/.local/lib/python3.7/site-packages/airflow/example_dags/example_subdag_operator.py
[2022-07-23 21:04:23,111] {logging_mixin.py:115} INFO - [2022-07-23 21:04:23,111] {manager.py:508} INFO - Created Permission View: can edit on DAG:example_subdag_operator
[2022-07-23 21:04:23,119] {logging_mixin.py:115} INFO - [2022-07-23 21:04:23,118] {manager.py:508} INFO - Created Permission View: can read on DAG:example_subdag_operator
[2022-07-23 21:04:23,124] {logging_mixin.py:115} INFO - [2022-07-23 21:04:23,124] {manager.py:508} INFO - Created Permission View: can delete on DAG:example_subdag_operator
[2022-07-23 21:04:23,124] {logging_mixin.py:115} INFO - [2022-07-23 21:04:23,124] {dag.py:2420} INFO - Sync 3 DAGs
[2022-07-23 21:04:23,132] {logging_mixin.py:115} INFO - [2022-07-23 21:04:23,132] {dag.py:2439} INFO - Creating ORM DAG for example_subdag_operator
[2022-07-23 21:04:23,133] {logging_mixin.py:115} INFO - [2022-07-23 21:04:23,133] {dag.py:2439} INFO - Creating ORM DAG for example_subdag_operator.section-1
[2022-07-23 21:04:23,133] {logging_mixin.py:115} INFO - [2022-07-23 21:04:23,133] {dag.py:2439} INFO - Creating ORM DAG for example_subdag_operator.section-2
[2022-07-23 21:04:23,143] {logging_mixin.py:115} INFO - [2022-07-23 21:04:23,143] {dag.py:2972} INFO - Setting next_dagrun for example_subdag_operator to 2022-01-01T00:00:00+00:00, run_after=2022-01-01T00:00:00+00:00
[2022-07-23 21:04:23,143] {logging_mixin.py:115} INFO - [2022-07-23 21:04:23,143] {dag.py:2972} INFO - Setting next_dagrun for example_subdag_operator.section-1 to None, run_after=None
[2022-07-23 21:04:23,144] {logging_mixin.py:115} INFO - [2022-07-23 21:04:23,144] {dag.py:2972} INFO - Setting next_dagrun for example_subdag_operator.section-2 to None, run_after=None
[2022-07-23 21:04:23,152] {logging_mixin.py:115} INFO - [2022-07-23 21:04:23,152] {dag.py:2420} INFO - Sync 2 DAGs
[2022-07-23 21:04:23,157] {logging_mixin.py:115} INFO - [2022-07-23 21:04:23,157] {dag.py:2972} INFO - Setting next_dagrun for example_subdag_operator.section-1 to None, run_after=None
[2022-07-23 21:04:23,157] {logging_mixin.py:115} INFO - [2022-07-23 21:04:23,157] {dag.py:2972} INFO - Setting next_dagrun for example_subdag_operator.section-2 to None, run_after=None
[2022-07-23 21:04:23,163] {processor.py:161} INFO - Processing /home/airflow/.local/lib/python3.7/site-packages/airflow/example_dags/example_subdag_operator.py took 0.158 seconds
[2022-07-23 21:04:53,339] {processor.py:153} INFO - Started process (PID=128) to work on /home/airflow/.local/lib/python3.7/site-packages/airflow/example_dags/example_subdag_operator.py
[2022-07-23 21:04:53,340] {processor.py:641} INFO - Processing file /home/airflow/.local/lib/python3.7/site-packages/airflow/example_dags/example_subdag_operator.py for tasks to queue
[2022-07-23 21:04:53,340] {logging_mixin.py:115} INFO - [2022-07-23 21:04:53,340] {dagbag.py:508} INFO - Filling up the DagBag from /home/airflow/.local/lib/python3.7/site-packages/airflow/example_dags/example_subdag_operator.py
[2022-07-23 21:04:53,356] {processor.py:651} INFO - DAG(s) dict_keys(['example_subdag_operator.section-1', 'example_subdag_operator.section-2', 'example_subdag_operator']) retrieved from /home/airflow/.local/lib/python3.7/site-packages/airflow/example_dags/example_subdag_operator.py
[2022-07-23 21:04:53,375] {logging_mixin.py:115} INFO - [2022-07-23 21:04:53,375] {dag.py:2420} INFO - Sync 3 DAGs
[2022-07-23 21:04:53,396] {logging_mixin.py:115} INFO - [2022-07-23 21:04:53,396] {dag.py:2972} INFO - Setting next_dagrun for example_subdag_operator to 2022-01-01T00:00:00+00:00, run_after=2022-01-01T00:00:00+00:00
[2022-07-23 21:04:53,396] {logging_mixin.py:115} INFO - [2022-07-23 21:04:53,396] {dag.py:2972} INFO - Setting next_dagrun for example_subdag_operator.section-1 to None, run_after=None
[2022-07-23 21:04:53,396] {logging_mixin.py:115} INFO - [2022-07-23 21:04:53,396] {dag.py:2972} INFO - Setting next_dagrun for example_subdag_operator.section-2 to None, run_after=None
[2022-07-23 21:04:53,403] {logging_mixin.py:115} INFO - [2022-07-23 21:04:53,403] {dag.py:2420} INFO - Sync 2 DAGs
[2022-07-23 21:04:53,407] {logging_mixin.py:115} INFO - [2022-07-23 21:04:53,407] {dag.py:2972} INFO - Setting next_dagrun for example_subdag_operator.section-1 to None, run_after=None
[2022-07-23 21:04:53,407] {logging_mixin.py:115} INFO - [2022-07-23 21:04:53,407] {dag.py:2972} INFO - Setting next_dagrun for example_subdag_operator.section-2 to None, run_after=None
[2022-07-23 21:04:53,412] {processor.py:161} INFO - Processing /home/airflow/.local/lib/python3.7/site-packages/airflow/example_dags/example_subdag_operator.py took 0.074 seconds
[2022-07-23 21:05:23,749] {processor.py:153} INFO - Started process (PID=189) to work on /home/airflow/.local/lib/python3.7/site-packages/airflow/example_dags/example_subdag_operator.py
[2022-07-23 21:05:23,749] {processor.py:641} INFO - Processing file /home/airflow/.local/lib/python3.7/site-packages/airflow/example_dags/example_subdag_operator.py for tasks to queue
[2022-07-23 21:05:23,750] {logging_mixin.py:115} INFO - [2022-07-23 21:05:23,750] {dagbag.py:508} INFO - Filling up the DagBag from /home/airflow/.local/lib/python3.7/site-packages/airflow/example_dags/example_subdag_operator.py
[2022-07-23 21:05:23,765] {processor.py:651} INFO - DAG(s) dict_keys(['example_subdag_operator.section-1', 'example_subdag_operator.section-2', 'example_subdag_operator']) retrieved from /home/airflow/.local/lib/python3.7/site-packages/airflow/example_dags/example_subdag_operator.py
[2022-07-23 21:05:23,783] {logging_mixin.py:115} INFO - [2022-07-23 21:05:23,783] {dag.py:2420} INFO - Sync 3 DAGs
[2022-07-23 21:05:23,796] {logging_mixin.py:115} INFO - [2022-07-23 21:05:23,796] {dag.py:2972} INFO - Setting next_dagrun for example_subdag_operator to 2022-01-01T00:00:00+00:00, run_after=2022-01-01T00:00:00+00:00
[2022-07-23 21:05:23,796] {logging_mixin.py:115} INFO - [2022-07-23 21:05:23,796] {dag.py:2972} INFO - Setting next_dagrun for example_subdag_operator.section-1 to None, run_after=None
[2022-07-23 21:05:23,796] {logging_mixin.py:115} INFO - [2022-07-23 21:05:23,796] {dag.py:2972} INFO - Setting next_dagrun for example_subdag_operator.section-2 to None, run_after=None
[2022-07-23 21:05:23,800] {logging_mixin.py:115} INFO - [2022-07-23 21:05:23,800] {dag.py:2420} INFO - Sync 2 DAGs
[2022-07-23 21:05:23,804] {logging_mixin.py:115} INFO - [2022-07-23 21:05:23,804] {dag.py:2972} INFO - Setting next_dagrun for example_subdag_operator.section-1 to None, run_after=None
[2022-07-23 21:05:23,804] {logging_mixin.py:115} INFO - [2022-07-23 21:05:23,804] {dag.py:2972} INFO - Setting next_dagrun for example_subdag_operator.section-2 to None, run_after=None
[2022-07-23 21:05:23,808] {processor.py:161} INFO - Processing /home/airflow/.local/lib/python3.7/site-packages/airflow/example_dags/example_subdag_operator.py took 0.061 seconds
[2022-07-23 21:05:54,168] {processor.py:153} INFO - Started process (PID=249) to work on /home/airflow/.local/lib/python3.7/site-packages/airflow/example_dags/example_subdag_operator.py
[2022-07-23 21:05:54,169] {processor.py:641} INFO - Processing file /home/airflow/.local/lib/python3.7/site-packages/airflow/example_dags/example_subdag_operator.py for tasks to queue
[2022-07-23 21:05:54,169] {logging_mixin.py:115} INFO - [2022-07-23 21:05:54,169] {dagbag.py:508} INFO - Filling up the DagBag from /home/airflow/.local/lib/python3.7/site-packages/airflow/example_dags/example_subdag_operator.py
[2022-07-23 21:05:54,190] {processor.py:651} INFO - DAG(s) dict_keys(['example_subdag_operator.section-1', 'example_subdag_operator.section-2', 'example_subdag_operator']) retrieved from /home/airflow/.local/lib/python3.7/site-packages/airflow/example_dags/example_subdag_operator.py
[2022-07-23 21:05:54,210] {logging_mixin.py:115} INFO - [2022-07-23 21:05:54,209] {dag.py:2420} INFO - Sync 3 DAGs
[2022-07-23 21:05:54,228] {logging_mixin.py:115} INFO - [2022-07-23 21:05:54,228] {dag.py:2972} INFO - Setting next_dagrun for example_subdag_operator to 2022-01-01T00:00:00+00:00, run_after=2022-01-01T00:00:00+00:00
[2022-07-23 21:05:54,228] {logging_mixin.py:115} INFO - [2022-07-23 21:05:54,228] {dag.py:2972} INFO - Setting next_dagrun for example_subdag_operator.section-1 to None, run_after=None
[2022-07-23 21:05:54,228] {logging_mixin.py:115} INFO - [2022-07-23 21:05:54,228] {dag.py:2972} INFO - Setting next_dagrun for example_subdag_operator.section-2 to None, run_after=None
[2022-07-23 21:05:54,233] {logging_mixin.py:115} INFO - [2022-07-23 21:05:54,233] {dag.py:2420} INFO - Sync 2 DAGs
[2022-07-23 21:05:54,236] {logging_mixin.py:115} INFO - [2022-07-23 21:05:54,236] {dag.py:2972} INFO - Setting next_dagrun for example_subdag_operator.section-1 to None, run_after=None
[2022-07-23 21:05:54,237] {logging_mixin.py:115} INFO - [2022-07-23 21:05:54,237] {dag.py:2972} INFO - Setting next_dagrun for example_subdag_operator.section-2 to None, run_after=None
[2022-07-23 21:05:54,241] {processor.py:161} INFO - Processing /home/airflow/.local/lib/python3.7/site-packages/airflow/example_dags/example_subdag_operator.py took 0.078 seconds
[2022-07-23 21:06:24,485] {processor.py:153} INFO - Started process (PID=311) to work on /home/airflow/.local/lib/python3.7/site-packages/airflow/example_dags/example_subdag_operator.py
[2022-07-23 21:06:24,485] {processor.py:641} INFO - Processing file /home/airflow/.local/lib/python3.7/site-packages/airflow/example_dags/example_subdag_operator.py for tasks to queue
[2022-07-23 21:06:24,485] {logging_mixin.py:115} INFO - [2022-07-23 21:06:24,485] {dagbag.py:508} INFO - Filling up the DagBag from /home/airflow/.local/lib/python3.7/site-packages/airflow/example_dags/example_subdag_operator.py
[2022-07-23 21:06:24,500] {processor.py:651} INFO - DAG(s) dict_keys(['example_subdag_operator.section-1', 'example_subdag_operator.section-2', 'example_subdag_operator']) retrieved from /home/airflow/.local/lib/python3.7/site-packages/airflow/example_dags/example_subdag_operator.py
[2022-07-23 21:06:24,519] {logging_mixin.py:115} INFO - [2022-07-23 21:06:24,519] {dag.py:2420} INFO - Sync 3 DAGs
[2022-07-23 21:06:24,533] {logging_mixin.py:115} INFO - [2022-07-23 21:06:24,533] {dag.py:2972} INFO - Setting next_dagrun for example_subdag_operator to 2022-01-01T00:00:00+00:00, run_after=2022-01-01T00:00:00+00:00
[2022-07-23 21:06:24,533] {logging_mixin.py:115} INFO - [2022-07-23 21:06:24,533] {dag.py:2972} INFO - Setting next_dagrun for example_subdag_operator.section-1 to None, run_after=None
[2022-07-23 21:06:24,533] {logging_mixin.py:115} INFO - [2022-07-23 21:06:24,533] {dag.py:2972} INFO - Setting next_dagrun for example_subdag_operator.section-2 to None, run_after=None
[2022-07-23 21:06:24,539] {logging_mixin.py:115} INFO - [2022-07-23 21:06:24,539] {dag.py:2420} INFO - Sync 2 DAGs
[2022-07-23 21:06:24,546] {logging_mixin.py:115} INFO - [2022-07-23 21:06:24,545] {dag.py:2972} INFO - Setting next_dagrun for example_subdag_operator.section-1 to None, run_after=None
[2022-07-23 21:06:24,546] {logging_mixin.py:115} INFO - [2022-07-23 21:06:24,546] {dag.py:2972} INFO - Setting next_dagrun for example_subdag_operator.section-2 to None, run_after=None
[2022-07-23 21:06:24,551] {processor.py:161} INFO - Processing /home/airflow/.local/lib/python3.7/site-packages/airflow/example_dags/example_subdag_operator.py took 0.068 seconds
[2022-07-23 21:06:54,894] {processor.py:153} INFO - Started process (PID=364) to work on /home/airflow/.local/lib/python3.7/site-packages/airflow/example_dags/example_subdag_operator.py
[2022-07-23 21:06:54,895] {processor.py:641} INFO - Processing file /home/airflow/.local/lib/python3.7/site-packages/airflow/example_dags/example_subdag_operator.py for tasks to queue
[2022-07-23 21:06:54,895] {logging_mixin.py:115} INFO - [2022-07-23 21:06:54,895] {dagbag.py:508} INFO - Filling up the DagBag from /home/airflow/.local/lib/python3.7/site-packages/airflow/example_dags/example_subdag_operator.py
[2022-07-23 21:06:54,911] {processor.py:651} INFO - DAG(s) dict_keys(['example_subdag_operator.section-1', 'example_subdag_operator.section-2', 'example_subdag_operator']) retrieved from /home/airflow/.local/lib/python3.7/site-packages/airflow/example_dags/example_subdag_operator.py
[2022-07-23 21:06:54,934] {logging_mixin.py:115} INFO - [2022-07-23 21:06:54,934] {dag.py:2420} INFO - Sync 3 DAGs
[2022-07-23 21:06:54,952] {logging_mixin.py:115} INFO - [2022-07-23 21:06:54,952] {dag.py:2972} INFO - Setting next_dagrun for example_subdag_operator to 2022-01-01T00:00:00+00:00, run_after=2022-01-01T00:00:00+00:00
[2022-07-23 21:06:54,953] {logging_mixin.py:115} INFO - [2022-07-23 21:06:54,953] {dag.py:2972} INFO - Setting next_dagrun for example_subdag_operator.section-1 to None, run_after=None
[2022-07-23 21:06:54,953] {logging_mixin.py:115} INFO - [2022-07-23 21:06:54,953] {dag.py:2972} INFO - Setting next_dagrun for example_subdag_operator.section-2 to None, run_after=None
[2022-07-23 21:06:54,958] {logging_mixin.py:115} INFO - [2022-07-23 21:06:54,958] {dag.py:2420} INFO - Sync 2 DAGs
[2022-07-23 21:06:54,962] {logging_mixin.py:115} INFO - [2022-07-23 21:06:54,962] {dag.py:2972} INFO - Setting next_dagrun for example_subdag_operator.section-1 to None, run_after=None
[2022-07-23 21:06:54,962] {logging_mixin.py:115} INFO - [2022-07-23 21:06:54,962] {dag.py:2972} INFO - Setting next_dagrun for example_subdag_operator.section-2 to None, run_after=None
[2022-07-23 21:06:54,967] {processor.py:161} INFO - Processing /home/airflow/.local/lib/python3.7/site-packages/airflow/example_dags/example_subdag_operator.py took 0.075 seconds
[2022-07-23 21:07:25,063] {processor.py:153} INFO - Started process (PID=425) to work on /home/airflow/.local/lib/python3.7/site-packages/airflow/example_dags/example_subdag_operator.py
[2022-07-23 21:07:25,063] {processor.py:641} INFO - Processing file /home/airflow/.local/lib/python3.7/site-packages/airflow/example_dags/example_subdag_operator.py for tasks to queue
[2022-07-23 21:07:25,064] {logging_mixin.py:115} INFO - [2022-07-23 21:07:25,064] {dagbag.py:508} INFO - Filling up the DagBag from /home/airflow/.local/lib/python3.7/site-packages/airflow/example_dags/example_subdag_operator.py
[2022-07-23 21:07:25,079] {processor.py:651} INFO - DAG(s) dict_keys(['example_subdag_operator.section-1', 'example_subdag_operator.section-2', 'example_subdag_operator']) retrieved from /home/airflow/.local/lib/python3.7/site-packages/airflow/example_dags/example_subdag_operator.py
[2022-07-23 21:07:25,096] {logging_mixin.py:115} INFO - [2022-07-23 21:07:25,096] {dag.py:2420} INFO - Sync 3 DAGs
[2022-07-23 21:07:25,109] {logging_mixin.py:115} INFO - [2022-07-23 21:07:25,109] {dag.py:2972} INFO - Setting next_dagrun for example_subdag_operator to 2022-01-01T00:00:00+00:00, run_after=2022-01-01T00:00:00+00:00
[2022-07-23 21:07:25,109] {logging_mixin.py:115} INFO - [2022-07-23 21:07:25,109] {dag.py:2972} INFO - Setting next_dagrun for example_subdag_operator.section-1 to None, run_after=None
[2022-07-23 21:07:25,109] {logging_mixin.py:115} INFO - [2022-07-23 21:07:25,109] {dag.py:2972} INFO - Setting next_dagrun for example_subdag_operator.section-2 to None, run_after=None
[2022-07-23 21:07:25,114] {logging_mixin.py:115} INFO - [2022-07-23 21:07:25,114] {dag.py:2420} INFO - Sync 2 DAGs
[2022-07-23 21:07:25,117] {logging_mixin.py:115} INFO - [2022-07-23 21:07:25,117] {dag.py:2972} INFO - Setting next_dagrun for example_subdag_operator.section-1 to None, run_after=None
[2022-07-23 21:07:25,118] {logging_mixin.py:115} INFO - [2022-07-23 21:07:25,118] {dag.py:2972} INFO - Setting next_dagrun for example_subdag_operator.section-2 to None, run_after=None
[2022-07-23 21:07:25,122] {processor.py:161} INFO - Processing /home/airflow/.local/lib/python3.7/site-packages/airflow/example_dags/example_subdag_operator.py took 0.061 seconds
[2022-07-23 21:07:55,328] {processor.py:153} INFO - Started process (PID=486) to work on /home/airflow/.local/lib/python3.7/site-packages/airflow/example_dags/example_subdag_operator.py
[2022-07-23 21:07:55,329] {processor.py:641} INFO - Processing file /home/airflow/.local/lib/python3.7/site-packages/airflow/example_dags/example_subdag_operator.py for tasks to queue
[2022-07-23 21:07:55,329] {logging_mixin.py:115} INFO - [2022-07-23 21:07:55,329] {dagbag.py:508} INFO - Filling up the DagBag from /home/airflow/.local/lib/python3.7/site-packages/airflow/example_dags/example_subdag_operator.py
[2022-07-23 21:07:55,350] {processor.py:651} INFO - DAG(s) dict_keys(['example_subdag_operator.section-1', 'example_subdag_operator.section-2', 'example_subdag_operator']) retrieved from /home/airflow/.local/lib/python3.7/site-packages/airflow/example_dags/example_subdag_operator.py
[2022-07-23 21:07:55,378] {logging_mixin.py:115} INFO - [2022-07-23 21:07:55,378] {dag.py:2420} INFO - Sync 3 DAGs
[2022-07-23 21:07:55,396] {logging_mixin.py:115} INFO - [2022-07-23 21:07:55,396] {dag.py:2972} INFO - Setting next_dagrun for example_subdag_operator to 2022-01-01T00:00:00+00:00, run_after=2022-01-01T00:00:00+00:00
[2022-07-23 21:07:55,396] {logging_mixin.py:115} INFO - [2022-07-23 21:07:55,396] {dag.py:2972} INFO - Setting next_dagrun for example_subdag_operator.section-1 to None, run_after=None
[2022-07-23 21:07:55,397] {logging_mixin.py:115} INFO - [2022-07-23 21:07:55,397] {dag.py:2972} INFO - Setting next_dagrun for example_subdag_operator.section-2 to None, run_after=None
[2022-07-23 21:07:55,401] {logging_mixin.py:115} INFO - [2022-07-23 21:07:55,401] {dag.py:2420} INFO - Sync 2 DAGs
[2022-07-23 21:07:55,405] {logging_mixin.py:115} INFO - [2022-07-23 21:07:55,405] {dag.py:2972} INFO - Setting next_dagrun for example_subdag_operator.section-1 to None, run_after=None
[2022-07-23 21:07:55,405] {logging_mixin.py:115} INFO - [2022-07-23 21:07:55,405] {dag.py:2972} INFO - Setting next_dagrun for example_subdag_operator.section-2 to None, run_after=None
[2022-07-23 21:07:55,410] {processor.py:161} INFO - Processing /home/airflow/.local/lib/python3.7/site-packages/airflow/example_dags/example_subdag_operator.py took 0.084 seconds
[2022-07-23 21:08:25,619] {processor.py:153} INFO - Started process (PID=547) to work on /home/airflow/.local/lib/python3.7/site-packages/airflow/example_dags/example_subdag_operator.py
[2022-07-23 21:08:25,620] {processor.py:641} INFO - Processing file /home/airflow/.local/lib/python3.7/site-packages/airflow/example_dags/example_subdag_operator.py for tasks to queue
[2022-07-23 21:08:25,620] {logging_mixin.py:115} INFO - [2022-07-23 21:08:25,620] {dagbag.py:508} INFO - Filling up the DagBag from /home/airflow/.local/lib/python3.7/site-packages/airflow/example_dags/example_subdag_operator.py
[2022-07-23 21:08:25,636] {processor.py:651} INFO - DAG(s) dict_keys(['example_subdag_operator.section-1', 'example_subdag_operator.section-2', 'example_subdag_operator']) retrieved from /home/airflow/.local/lib/python3.7/site-packages/airflow/example_dags/example_subdag_operator.py
[2022-07-23 21:08:25,653] {logging_mixin.py:115} INFO - [2022-07-23 21:08:25,653] {dag.py:2420} INFO - Sync 3 DAGs
[2022-07-23 21:08:25,666] {logging_mixin.py:115} INFO - [2022-07-23 21:08:25,666] {dag.py:2972} INFO - Setting next_dagrun for example_subdag_operator to 2022-01-01T00:00:00+00:00, run_after=2022-01-01T00:00:00+00:00
[2022-07-23 21:08:25,666] {logging_mixin.py:115} INFO - [2022-07-23 21:08:25,666] {dag.py:2972} INFO - Setting next_dagrun for example_subdag_operator.section-1 to None, run_after=None
[2022-07-23 21:08:25,666] {logging_mixin.py:115} INFO - [2022-07-23 21:08:25,666] {dag.py:2972} INFO - Setting next_dagrun for example_subdag_operator.section-2 to None, run_after=None
[2022-07-23 21:08:25,670] {logging_mixin.py:115} INFO - [2022-07-23 21:08:25,670] {dag.py:2420} INFO - Sync 2 DAGs
[2022-07-23 21:08:25,674] {logging_mixin.py:115} INFO - [2022-07-23 21:08:25,674] {dag.py:2972} INFO - Setting next_dagrun for example_subdag_operator.section-1 to None, run_after=None
[2022-07-23 21:08:25,674] {logging_mixin.py:115} INFO - [2022-07-23 21:08:25,674] {dag.py:2972} INFO - Setting next_dagrun for example_subdag_operator.section-2 to None, run_after=None
[2022-07-23 21:08:25,678] {processor.py:161} INFO - Processing /home/airflow/.local/lib/python3.7/site-packages/airflow/example_dags/example_subdag_operator.py took 0.060 seconds
[2022-07-23 21:08:55,869] {processor.py:153} INFO - Started process (PID=600) to work on /home/airflow/.local/lib/python3.7/site-packages/airflow/example_dags/example_subdag_operator.py
[2022-07-23 21:08:55,869] {processor.py:641} INFO - Processing file /home/airflow/.local/lib/python3.7/site-packages/airflow/example_dags/example_subdag_operator.py for tasks to queue
[2022-07-23 21:08:55,869] {logging_mixin.py:115} INFO - [2022-07-23 21:08:55,869] {dagbag.py:508} INFO - Filling up the DagBag from /home/airflow/.local/lib/python3.7/site-packages/airflow/example_dags/example_subdag_operator.py
[2022-07-23 21:08:55,886] {processor.py:651} INFO - DAG(s) dict_keys(['example_subdag_operator.section-1', 'example_subdag_operator.section-2', 'example_subdag_operator']) retrieved from /home/airflow/.local/lib/python3.7/site-packages/airflow/example_dags/example_subdag_operator.py
[2022-07-23 21:08:55,905] {logging_mixin.py:115} INFO - [2022-07-23 21:08:55,905] {dag.py:2420} INFO - Sync 3 DAGs
[2022-07-23 21:08:55,918] {logging_mixin.py:115} INFO - [2022-07-23 21:08:55,918] {dag.py:2972} INFO - Setting next_dagrun for example_subdag_operator to 2022-01-01T00:00:00+00:00, run_after=2022-01-01T00:00:00+00:00
[2022-07-23 21:08:55,919] {logging_mixin.py:115} INFO - [2022-07-23 21:08:55,919] {dag.py:2972} INFO - Setting next_dagrun for example_subdag_operator.section-1 to None, run_after=None
[2022-07-23 21:08:55,919] {logging_mixin.py:115} INFO - [2022-07-23 21:08:55,919] {dag.py:2972} INFO - Setting next_dagrun for example_subdag_operator.section-2 to None, run_after=None
[2022-07-23 21:08:55,923] {logging_mixin.py:115} INFO - [2022-07-23 21:08:55,923] {dag.py:2420} INFO - Sync 2 DAGs
[2022-07-23 21:08:55,926] {logging_mixin.py:115} INFO - [2022-07-23 21:08:55,926] {dag.py:2972} INFO - Setting next_dagrun for example_subdag_operator.section-1 to None, run_after=None
[2022-07-23 21:08:55,926] {logging_mixin.py:115} INFO - [2022-07-23 21:08:55,926] {dag.py:2972} INFO - Setting next_dagrun for example_subdag_operator.section-2 to None, run_after=None
[2022-07-23 21:08:55,930] {processor.py:161} INFO - Processing /home/airflow/.local/lib/python3.7/site-packages/airflow/example_dags/example_subdag_operator.py took 0.063 seconds
[2022-07-23 21:09:26,153] {processor.py:153} INFO - Started process (PID=660) to work on /home/airflow/.local/lib/python3.7/site-packages/airflow/example_dags/example_subdag_operator.py
[2022-07-23 21:09:26,154] {processor.py:641} INFO - Processing file /home/airflow/.local/lib/python3.7/site-packages/airflow/example_dags/example_subdag_operator.py for tasks to queue
[2022-07-23 21:09:26,154] {logging_mixin.py:115} INFO - [2022-07-23 21:09:26,154] {dagbag.py:508} INFO - Filling up the DagBag from /home/airflow/.local/lib/python3.7/site-packages/airflow/example_dags/example_subdag_operator.py
[2022-07-23 21:09:26,169] {processor.py:651} INFO - DAG(s) dict_keys(['example_subdag_operator.section-1', 'example_subdag_operator.section-2', 'example_subdag_operator']) retrieved from /home/airflow/.local/lib/python3.7/site-packages/airflow/example_dags/example_subdag_operator.py
[2022-07-23 21:09:26,188] {logging_mixin.py:115} INFO - [2022-07-23 21:09:26,188] {dag.py:2420} INFO - Sync 3 DAGs
[2022-07-23 21:09:26,202] {logging_mixin.py:115} INFO - [2022-07-23 21:09:26,202] {dag.py:2972} INFO - Setting next_dagrun for example_subdag_operator to 2022-01-01T00:00:00+00:00, run_after=2022-01-01T00:00:00+00:00
[2022-07-23 21:09:26,202] {logging_mixin.py:115} INFO - [2022-07-23 21:09:26,202] {dag.py:2972} INFO - Setting next_dagrun for example_subdag_operator.section-1 to None, run_after=None
[2022-07-23 21:09:26,202] {logging_mixin.py:115} INFO - [2022-07-23 21:09:26,202] {dag.py:2972} INFO - Setting next_dagrun for example_subdag_operator.section-2 to None, run_after=None
[2022-07-23 21:09:26,206] {logging_mixin.py:115} INFO - [2022-07-23 21:09:26,206] {dag.py:2420} INFO - Sync 2 DAGs
[2022-07-23 21:09:26,209] {logging_mixin.py:115} INFO - [2022-07-23 21:09:26,209] {dag.py:2972} INFO - Setting next_dagrun for example_subdag_operator.section-1 to None, run_after=None
[2022-07-23 21:09:26,210] {logging_mixin.py:115} INFO - [2022-07-23 21:09:26,210] {dag.py:2972} INFO - Setting next_dagrun for example_subdag_operator.section-2 to None, run_after=None
[2022-07-23 21:09:26,214] {processor.py:161} INFO - Processing /home/airflow/.local/lib/python3.7/site-packages/airflow/example_dags/example_subdag_operator.py took 0.062 seconds
[2022-07-23 21:09:56,348] {processor.py:153} INFO - Started process (PID=720) to work on /home/airflow/.local/lib/python3.7/site-packages/airflow/example_dags/example_subdag_operator.py
[2022-07-23 21:09:56,348] {processor.py:641} INFO - Processing file /home/airflow/.local/lib/python3.7/site-packages/airflow/example_dags/example_subdag_operator.py for tasks to queue
[2022-07-23 21:09:56,348] {logging_mixin.py:115} INFO - [2022-07-23 21:09:56,348] {dagbag.py:508} INFO - Filling up the DagBag from /home/airflow/.local/lib/python3.7/site-packages/airflow/example_dags/example_subdag_operator.py
[2022-07-23 21:09:56,365] {processor.py:651} INFO - DAG(s) dict_keys(['example_subdag_operator.section-1', 'example_subdag_operator.section-2', 'example_subdag_operator']) retrieved from /home/airflow/.local/lib/python3.7/site-packages/airflow/example_dags/example_subdag_operator.py
[2022-07-23 21:09:56,383] {logging_mixin.py:115} INFO - [2022-07-23 21:09:56,383] {dag.py:2420} INFO - Sync 3 DAGs
[2022-07-23 21:09:56,397] {logging_mixin.py:115} INFO - [2022-07-23 21:09:56,397] {dag.py:2972} INFO - Setting next_dagrun for example_subdag_operator to 2022-01-01T00:00:00+00:00, run_after=2022-01-01T00:00:00+00:00
[2022-07-23 21:09:56,397] {logging_mixin.py:115} INFO - [2022-07-23 21:09:56,397] {dag.py:2972} INFO - Setting next_dagrun for example_subdag_operator.section-1 to None, run_after=None
[2022-07-23 21:09:56,397] {logging_mixin.py:115} INFO - [2022-07-23 21:09:56,397] {dag.py:2972} INFO - Setting next_dagrun for example_subdag_operator.section-2 to None, run_after=None
[2022-07-23 21:09:56,401] {logging_mixin.py:115} INFO - [2022-07-23 21:09:56,401] {dag.py:2420} INFO - Sync 2 DAGs
[2022-07-23 21:09:56,405] {logging_mixin.py:115} INFO - [2022-07-23 21:09:56,405] {dag.py:2972} INFO - Setting next_dagrun for example_subdag_operator.section-1 to None, run_after=None
[2022-07-23 21:09:56,405] {logging_mixin.py:115} INFO - [2022-07-23 21:09:56,405] {dag.py:2972} INFO - Setting next_dagrun for example_subdag_operator.section-2 to None, run_after=None
[2022-07-23 21:09:56,409] {processor.py:161} INFO - Processing /home/airflow/.local/lib/python3.7/site-packages/airflow/example_dags/example_subdag_operator.py took 0.064 seconds
[2022-07-23 21:10:26,705] {processor.py:153} INFO - Started process (PID=780) to work on /home/airflow/.local/lib/python3.7/site-packages/airflow/example_dags/example_subdag_operator.py
[2022-07-23 21:10:26,705] {processor.py:641} INFO - Processing file /home/airflow/.local/lib/python3.7/site-packages/airflow/example_dags/example_subdag_operator.py for tasks to queue
[2022-07-23 21:10:26,706] {logging_mixin.py:115} INFO - [2022-07-23 21:10:26,706] {dagbag.py:508} INFO - Filling up the DagBag from /home/airflow/.local/lib/python3.7/site-packages/airflow/example_dags/example_subdag_operator.py
[2022-07-23 21:10:26,736] {processor.py:651} INFO - DAG(s) dict_keys(['example_subdag_operator.section-1', 'example_subdag_operator.section-2', 'example_subdag_operator']) retrieved from /home/airflow/.local/lib/python3.7/site-packages/airflow/example_dags/example_subdag_operator.py
[2022-07-23 21:10:26,765] {logging_mixin.py:115} INFO - [2022-07-23 21:10:26,765] {dag.py:2420} INFO - Sync 3 DAGs
[2022-07-23 21:10:26,782] {logging_mixin.py:115} INFO - [2022-07-23 21:10:26,782] {dag.py:2972} INFO - Setting next_dagrun for example_subdag_operator to 2022-01-01T00:00:00+00:00, run_after=2022-01-01T00:00:00+00:00
[2022-07-23 21:10:26,782] {logging_mixin.py:115} INFO - [2022-07-23 21:10:26,782] {dag.py:2972} INFO - Setting next_dagrun for example_subdag_operator.section-1 to None, run_after=None
[2022-07-23 21:10:26,782] {logging_mixin.py:115} INFO - [2022-07-23 21:10:26,782] {dag.py:2972} INFO - Setting next_dagrun for example_subdag_operator.section-2 to None, run_after=None
[2022-07-23 21:10:26,787] {logging_mixin.py:115} INFO - [2022-07-23 21:10:26,787] {dag.py:2420} INFO - Sync 2 DAGs
[2022-07-23 21:10:26,792] {logging_mixin.py:115} INFO - [2022-07-23 21:10:26,792] {dag.py:2972} INFO - Setting next_dagrun for example_subdag_operator.section-1 to None, run_after=None
[2022-07-23 21:10:26,792] {logging_mixin.py:115} INFO - [2022-07-23 21:10:26,792] {dag.py:2972} INFO - Setting next_dagrun for example_subdag_operator.section-2 to None, run_after=None
[2022-07-23 21:10:26,798] {processor.py:161} INFO - Processing /home/airflow/.local/lib/python3.7/site-packages/airflow/example_dags/example_subdag_operator.py took 0.095 seconds
[2022-07-23 21:10:56,929] {processor.py:153} INFO - Started process (PID=832) to work on /home/airflow/.local/lib/python3.7/site-packages/airflow/example_dags/example_subdag_operator.py
[2022-07-23 21:10:56,929] {processor.py:641} INFO - Processing file /home/airflow/.local/lib/python3.7/site-packages/airflow/example_dags/example_subdag_operator.py for tasks to queue
[2022-07-23 21:10:56,930] {logging_mixin.py:115} INFO - [2022-07-23 21:10:56,929] {dagbag.py:508} INFO - Filling up the DagBag from /home/airflow/.local/lib/python3.7/site-packages/airflow/example_dags/example_subdag_operator.py
[2022-07-23 21:10:56,949] {processor.py:651} INFO - DAG(s) dict_keys(['example_subdag_operator.section-1', 'example_subdag_operator.section-2', 'example_subdag_operator']) retrieved from /home/airflow/.local/lib/python3.7/site-packages/airflow/example_dags/example_subdag_operator.py
[2022-07-23 21:10:56,967] {logging_mixin.py:115} INFO - [2022-07-23 21:10:56,967] {dag.py:2420} INFO - Sync 3 DAGs
[2022-07-23 21:10:56,982] {logging_mixin.py:115} INFO - [2022-07-23 21:10:56,982] {dag.py:2972} INFO - Setting next_dagrun for example_subdag_operator to 2022-01-01T00:00:00+00:00, run_after=2022-01-01T00:00:00+00:00
[2022-07-23 21:10:56,982] {logging_mixin.py:115} INFO - [2022-07-23 21:10:56,982] {dag.py:2972} INFO - Setting next_dagrun for example_subdag_operator.section-1 to None, run_after=None
[2022-07-23 21:10:56,982] {logging_mixin.py:115} INFO - [2022-07-23 21:10:56,982] {dag.py:2972} INFO - Setting next_dagrun for example_subdag_operator.section-2 to None, run_after=None
[2022-07-23 21:10:56,987] {logging_mixin.py:115} INFO - [2022-07-23 21:10:56,987] {dag.py:2420} INFO - Sync 2 DAGs
[2022-07-23 21:10:56,991] {logging_mixin.py:115} INFO - [2022-07-23 21:10:56,991] {dag.py:2972} INFO - Setting next_dagrun for example_subdag_operator.section-1 to None, run_after=None
[2022-07-23 21:10:56,991] {logging_mixin.py:115} INFO - [2022-07-23 21:10:56,991] {dag.py:2972} INFO - Setting next_dagrun for example_subdag_operator.section-2 to None, run_after=None
[2022-07-23 21:10:56,996] {processor.py:161} INFO - Processing /home/airflow/.local/lib/python3.7/site-packages/airflow/example_dags/example_subdag_operator.py took 0.069 seconds
[2022-07-23 21:11:27,152] {processor.py:153} INFO - Started process (PID=893) to work on /home/airflow/.local/lib/python3.7/site-packages/airflow/example_dags/example_subdag_operator.py
[2022-07-23 21:11:27,152] {processor.py:641} INFO - Processing file /home/airflow/.local/lib/python3.7/site-packages/airflow/example_dags/example_subdag_operator.py for tasks to queue
[2022-07-23 21:11:27,152] {logging_mixin.py:115} INFO - [2022-07-23 21:11:27,152] {dagbag.py:508} INFO - Filling up the DagBag from /home/airflow/.local/lib/python3.7/site-packages/airflow/example_dags/example_subdag_operator.py
[2022-07-23 21:11:27,171] {processor.py:651} INFO - DAG(s) dict_keys(['example_subdag_operator.section-1', 'example_subdag_operator.section-2', 'example_subdag_operator']) retrieved from /home/airflow/.local/lib/python3.7/site-packages/airflow/example_dags/example_subdag_operator.py
[2022-07-23 21:11:27,199] {logging_mixin.py:115} INFO - [2022-07-23 21:11:27,199] {dag.py:2420} INFO - Sync 3 DAGs
[2022-07-23 21:11:27,221] {logging_mixin.py:115} INFO - [2022-07-23 21:11:27,220] {dag.py:2972} INFO - Setting next_dagrun for example_subdag_operator to 2022-01-01T00:00:00+00:00, run_after=2022-01-01T00:00:00+00:00
[2022-07-23 21:11:27,221] {logging_mixin.py:115} INFO - [2022-07-23 21:11:27,221] {dag.py:2972} INFO - Setting next_dagrun for example_subdag_operator.section-1 to None, run_after=None
[2022-07-23 21:11:27,221] {logging_mixin.py:115} INFO - [2022-07-23 21:11:27,221] {dag.py:2972} INFO - Setting next_dagrun for example_subdag_operator.section-2 to None, run_after=None
[2022-07-23 21:11:27,228] {logging_mixin.py:115} INFO - [2022-07-23 21:11:27,228] {dag.py:2420} INFO - Sync 2 DAGs
[2022-07-23 21:11:27,233] {logging_mixin.py:115} INFO - [2022-07-23 21:11:27,233] {dag.py:2972} INFO - Setting next_dagrun for example_subdag_operator.section-1 to None, run_after=None
[2022-07-23 21:11:27,233] {logging_mixin.py:115} INFO - [2022-07-23 21:11:27,233] {dag.py:2972} INFO - Setting next_dagrun for example_subdag_operator.section-2 to None, run_after=None
[2022-07-23 21:11:27,240] {processor.py:161} INFO - Processing /home/airflow/.local/lib/python3.7/site-packages/airflow/example_dags/example_subdag_operator.py took 0.091 seconds
[2022-07-23 21:11:57,386] {processor.py:153} INFO - Started process (PID=953) to work on /home/airflow/.local/lib/python3.7/site-packages/airflow/example_dags/example_subdag_operator.py
[2022-07-23 21:11:57,386] {processor.py:641} INFO - Processing file /home/airflow/.local/lib/python3.7/site-packages/airflow/example_dags/example_subdag_operator.py for tasks to queue
[2022-07-23 21:11:57,387] {logging_mixin.py:115} INFO - [2022-07-23 21:11:57,387] {dagbag.py:508} INFO - Filling up the DagBag from /home/airflow/.local/lib/python3.7/site-packages/airflow/example_dags/example_subdag_operator.py
[2022-07-23 21:11:57,402] {processor.py:651} INFO - DAG(s) dict_keys(['example_subdag_operator.section-1', 'example_subdag_operator.section-2', 'example_subdag_operator']) retrieved from /home/airflow/.local/lib/python3.7/site-packages/airflow/example_dags/example_subdag_operator.py
[2022-07-23 21:11:57,419] {logging_mixin.py:115} INFO - [2022-07-23 21:11:57,419] {dag.py:2420} INFO - Sync 3 DAGs
[2022-07-23 21:11:57,433] {logging_mixin.py:115} INFO - [2022-07-23 21:11:57,433] {dag.py:2972} INFO - Setting next_dagrun for example_subdag_operator to 2022-01-01T00:00:00+00:00, run_after=2022-01-01T00:00:00+00:00
[2022-07-23 21:11:57,433] {logging_mixin.py:115} INFO - [2022-07-23 21:11:57,433] {dag.py:2972} INFO - Setting next_dagrun for example_subdag_operator.section-1 to None, run_after=None
[2022-07-23 21:11:57,433] {logging_mixin.py:115} INFO - [2022-07-23 21:11:57,433] {dag.py:2972} INFO - Setting next_dagrun for example_subdag_operator.section-2 to None, run_after=None
[2022-07-23 21:11:57,438] {logging_mixin.py:115} INFO - [2022-07-23 21:11:57,437] {dag.py:2420} INFO - Sync 2 DAGs
[2022-07-23 21:11:57,441] {logging_mixin.py:115} INFO - [2022-07-23 21:11:57,441] {dag.py:2972} INFO - Setting next_dagrun for example_subdag_operator.section-1 to None, run_after=None
[2022-07-23 21:11:57,441] {logging_mixin.py:115} INFO - [2022-07-23 21:11:57,441] {dag.py:2972} INFO - Setting next_dagrun for example_subdag_operator.section-2 to None, run_after=None
[2022-07-23 21:11:57,446] {processor.py:161} INFO - Processing /home/airflow/.local/lib/python3.7/site-packages/airflow/example_dags/example_subdag_operator.py took 0.061 seconds
[2022-07-23 21:12:27,625] {processor.py:153} INFO - Started process (PID=1016) to work on /home/airflow/.local/lib/python3.7/site-packages/airflow/example_dags/example_subdag_operator.py
[2022-07-23 21:12:27,625] {processor.py:641} INFO - Processing file /home/airflow/.local/lib/python3.7/site-packages/airflow/example_dags/example_subdag_operator.py for tasks to queue
[2022-07-23 21:12:27,626] {logging_mixin.py:115} INFO - [2022-07-23 21:12:27,626] {dagbag.py:508} INFO - Filling up the DagBag from /home/airflow/.local/lib/python3.7/site-packages/airflow/example_dags/example_subdag_operator.py
[2022-07-23 21:12:27,644] {processor.py:651} INFO - DAG(s) dict_keys(['example_subdag_operator.section-1', 'example_subdag_operator.section-2', 'example_subdag_operator']) retrieved from /home/airflow/.local/lib/python3.7/site-packages/airflow/example_dags/example_subdag_operator.py
[2022-07-23 21:12:27,672] {logging_mixin.py:115} INFO - [2022-07-23 21:12:27,672] {dag.py:2420} INFO - Sync 3 DAGs
[2022-07-23 21:12:27,692] {logging_mixin.py:115} INFO - [2022-07-23 21:12:27,692] {dag.py:2972} INFO - Setting next_dagrun for example_subdag_operator to 2022-01-01T00:00:00+00:00, run_after=2022-01-01T00:00:00+00:00
[2022-07-23 21:12:27,693] {logging_mixin.py:115} INFO - [2022-07-23 21:12:27,692] {dag.py:2972} INFO - Setting next_dagrun for example_subdag_operator.section-1 to None, run_after=None
[2022-07-23 21:12:27,693] {logging_mixin.py:115} INFO - [2022-07-23 21:12:27,693] {dag.py:2972} INFO - Setting next_dagrun for example_subdag_operator.section-2 to None, run_after=None
[2022-07-23 21:12:27,699] {logging_mixin.py:115} INFO - [2022-07-23 21:12:27,699] {dag.py:2420} INFO - Sync 2 DAGs
[2022-07-23 21:12:27,704] {logging_mixin.py:115} INFO - [2022-07-23 21:12:27,704] {dag.py:2972} INFO - Setting next_dagrun for example_subdag_operator.section-1 to None, run_after=None
[2022-07-23 21:12:27,704] {logging_mixin.py:115} INFO - [2022-07-23 21:12:27,704] {dag.py:2972} INFO - Setting next_dagrun for example_subdag_operator.section-2 to None, run_after=None
[2022-07-23 21:12:27,710] {processor.py:161} INFO - Processing /home/airflow/.local/lib/python3.7/site-packages/airflow/example_dags/example_subdag_operator.py took 0.087 seconds
[2022-07-23 21:12:58,144] {processor.py:153} INFO - Started process (PID=1067) to work on /home/airflow/.local/lib/python3.7/site-packages/airflow/example_dags/example_subdag_operator.py
[2022-07-23 21:12:58,145] {processor.py:641} INFO - Processing file /home/airflow/.local/lib/python3.7/site-packages/airflow/example_dags/example_subdag_operator.py for tasks to queue
[2022-07-23 21:12:58,145] {logging_mixin.py:115} INFO - [2022-07-23 21:12:58,145] {dagbag.py:508} INFO - Filling up the DagBag from /home/airflow/.local/lib/python3.7/site-packages/airflow/example_dags/example_subdag_operator.py
[2022-07-23 21:12:58,163] {processor.py:651} INFO - DAG(s) dict_keys(['example_subdag_operator.section-1', 'example_subdag_operator.section-2', 'example_subdag_operator']) retrieved from /home/airflow/.local/lib/python3.7/site-packages/airflow/example_dags/example_subdag_operator.py
[2022-07-23 21:12:58,191] {logging_mixin.py:115} INFO - [2022-07-23 21:12:58,191] {dag.py:2420} INFO - Sync 3 DAGs
[2022-07-23 21:12:58,217] {logging_mixin.py:115} INFO - [2022-07-23 21:12:58,217] {dag.py:2972} INFO - Setting next_dagrun for example_subdag_operator to 2022-01-01T00:00:00+00:00, run_after=2022-01-01T00:00:00+00:00
[2022-07-23 21:12:58,218] {logging_mixin.py:115} INFO - [2022-07-23 21:12:58,218] {dag.py:2972} INFO - Setting next_dagrun for example_subdag_operator.section-1 to None, run_after=None
[2022-07-23 21:12:58,218] {logging_mixin.py:115} INFO - [2022-07-23 21:12:58,218] {dag.py:2972} INFO - Setting next_dagrun for example_subdag_operator.section-2 to None, run_after=None
[2022-07-23 21:12:58,223] {logging_mixin.py:115} INFO - [2022-07-23 21:12:58,223] {dag.py:2420} INFO - Sync 2 DAGs
[2022-07-23 21:12:58,231] {logging_mixin.py:115} INFO - [2022-07-23 21:12:58,231] {dag.py:2972} INFO - Setting next_dagrun for example_subdag_operator.section-1 to None, run_after=None
[2022-07-23 21:12:58,231] {logging_mixin.py:115} INFO - [2022-07-23 21:12:58,231] {dag.py:2972} INFO - Setting next_dagrun for example_subdag_operator.section-2 to None, run_after=None
[2022-07-23 21:12:58,241] {processor.py:161} INFO - Processing /home/airflow/.local/lib/python3.7/site-packages/airflow/example_dags/example_subdag_operator.py took 0.099 seconds
[2022-07-23 21:13:28,453] {processor.py:153} INFO - Started process (PID=1128) to work on /home/airflow/.local/lib/python3.7/site-packages/airflow/example_dags/example_subdag_operator.py
[2022-07-23 21:13:28,453] {processor.py:641} INFO - Processing file /home/airflow/.local/lib/python3.7/site-packages/airflow/example_dags/example_subdag_operator.py for tasks to queue
[2022-07-23 21:13:28,453] {logging_mixin.py:115} INFO - [2022-07-23 21:13:28,453] {dagbag.py:508} INFO - Filling up the DagBag from /home/airflow/.local/lib/python3.7/site-packages/airflow/example_dags/example_subdag_operator.py
[2022-07-23 21:13:28,469] {processor.py:651} INFO - DAG(s) dict_keys(['example_subdag_operator.section-1', 'example_subdag_operator.section-2', 'example_subdag_operator']) retrieved from /home/airflow/.local/lib/python3.7/site-packages/airflow/example_dags/example_subdag_operator.py
[2022-07-23 21:13:28,487] {logging_mixin.py:115} INFO - [2022-07-23 21:13:28,487] {dag.py:2420} INFO - Sync 3 DAGs
[2022-07-23 21:13:28,500] {logging_mixin.py:115} INFO - [2022-07-23 21:13:28,500] {dag.py:2972} INFO - Setting next_dagrun for example_subdag_operator to 2022-01-01T00:00:00+00:00, run_after=2022-01-01T00:00:00+00:00
[2022-07-23 21:13:28,500] {logging_mixin.py:115} INFO - [2022-07-23 21:13:28,500] {dag.py:2972} INFO - Setting next_dagrun for example_subdag_operator.section-1 to None, run_after=None
[2022-07-23 21:13:28,500] {logging_mixin.py:115} INFO - [2022-07-23 21:13:28,500] {dag.py:2972} INFO - Setting next_dagrun for example_subdag_operator.section-2 to None, run_after=None
[2022-07-23 21:13:28,504] {logging_mixin.py:115} INFO - [2022-07-23 21:13:28,504] {dag.py:2420} INFO - Sync 2 DAGs
[2022-07-23 21:13:28,508] {logging_mixin.py:115} INFO - [2022-07-23 21:13:28,507] {dag.py:2972} INFO - Setting next_dagrun for example_subdag_operator.section-1 to None, run_after=None
[2022-07-23 21:13:28,508] {logging_mixin.py:115} INFO - [2022-07-23 21:13:28,508] {dag.py:2972} INFO - Setting next_dagrun for example_subdag_operator.section-2 to None, run_after=None
[2022-07-23 21:13:28,512] {processor.py:161} INFO - Processing /home/airflow/.local/lib/python3.7/site-packages/airflow/example_dags/example_subdag_operator.py took 0.061 seconds
[2022-07-23 21:13:58,687] {processor.py:153} INFO - Started process (PID=1190) to work on /home/airflow/.local/lib/python3.7/site-packages/airflow/example_dags/example_subdag_operator.py
[2022-07-23 21:13:58,687] {processor.py:641} INFO - Processing file /home/airflow/.local/lib/python3.7/site-packages/airflow/example_dags/example_subdag_operator.py for tasks to queue
[2022-07-23 21:13:58,688] {logging_mixin.py:115} INFO - [2022-07-23 21:13:58,687] {dagbag.py:508} INFO - Filling up the DagBag from /home/airflow/.local/lib/python3.7/site-packages/airflow/example_dags/example_subdag_operator.py
[2022-07-23 21:13:58,702] {processor.py:651} INFO - DAG(s) dict_keys(['example_subdag_operator.section-1', 'example_subdag_operator.section-2', 'example_subdag_operator']) retrieved from /home/airflow/.local/lib/python3.7/site-packages/airflow/example_dags/example_subdag_operator.py
[2022-07-23 21:13:58,726] {logging_mixin.py:115} INFO - [2022-07-23 21:13:58,726] {dag.py:2420} INFO - Sync 3 DAGs
[2022-07-23 21:13:58,745] {logging_mixin.py:115} INFO - [2022-07-23 21:13:58,745] {dag.py:2972} INFO - Setting next_dagrun for example_subdag_operator to 2022-01-01T00:00:00+00:00, run_after=2022-01-01T00:00:00+00:00
[2022-07-23 21:13:58,745] {logging_mixin.py:115} INFO - [2022-07-23 21:13:58,745] {dag.py:2972} INFO - Setting next_dagrun for example_subdag_operator.section-1 to None, run_after=None
[2022-07-23 21:13:58,745] {logging_mixin.py:115} INFO - [2022-07-23 21:13:58,745] {dag.py:2972} INFO - Setting next_dagrun for example_subdag_operator.section-2 to None, run_after=None
[2022-07-23 21:13:58,752] {logging_mixin.py:115} INFO - [2022-07-23 21:13:58,752] {dag.py:2420} INFO - Sync 2 DAGs
[2022-07-23 21:13:58,758] {logging_mixin.py:115} INFO - [2022-07-23 21:13:58,758] {dag.py:2972} INFO - Setting next_dagrun for example_subdag_operator.section-1 to None, run_after=None
[2022-07-23 21:13:58,759] {logging_mixin.py:115} INFO - [2022-07-23 21:13:58,759] {dag.py:2972} INFO - Setting next_dagrun for example_subdag_operator.section-2 to None, run_after=None
[2022-07-23 21:13:58,764] {processor.py:161} INFO - Processing /home/airflow/.local/lib/python3.7/site-packages/airflow/example_dags/example_subdag_operator.py took 0.078 seconds
[2022-07-23 21:14:28,962] {processor.py:153} INFO - Started process (PID=1251) to work on /home/airflow/.local/lib/python3.7/site-packages/airflow/example_dags/example_subdag_operator.py
[2022-07-23 21:14:28,962] {processor.py:641} INFO - Processing file /home/airflow/.local/lib/python3.7/site-packages/airflow/example_dags/example_subdag_operator.py for tasks to queue
[2022-07-23 21:14:28,963] {logging_mixin.py:115} INFO - [2022-07-23 21:14:28,963] {dagbag.py:508} INFO - Filling up the DagBag from /home/airflow/.local/lib/python3.7/site-packages/airflow/example_dags/example_subdag_operator.py
[2022-07-23 21:14:28,983] {processor.py:651} INFO - DAG(s) dict_keys(['example_subdag_operator.section-1', 'example_subdag_operator.section-2', 'example_subdag_operator']) retrieved from /home/airflow/.local/lib/python3.7/site-packages/airflow/example_dags/example_subdag_operator.py
[2022-07-23 21:14:29,012] {logging_mixin.py:115} INFO - [2022-07-23 21:14:29,012] {dag.py:2420} INFO - Sync 3 DAGs
[2022-07-23 21:14:29,030] {logging_mixin.py:115} INFO - [2022-07-23 21:14:29,030] {dag.py:2972} INFO - Setting next_dagrun for example_subdag_operator to 2022-01-01T00:00:00+00:00, run_after=2022-01-01T00:00:00+00:00
[2022-07-23 21:14:29,030] {logging_mixin.py:115} INFO - [2022-07-23 21:14:29,030] {dag.py:2972} INFO - Setting next_dagrun for example_subdag_operator.section-1 to None, run_after=None
[2022-07-23 21:14:29,030] {logging_mixin.py:115} INFO - [2022-07-23 21:14:29,030] {dag.py:2972} INFO - Setting next_dagrun for example_subdag_operator.section-2 to None, run_after=None
[2022-07-23 21:14:29,034] {logging_mixin.py:115} INFO - [2022-07-23 21:14:29,034] {dag.py:2420} INFO - Sync 2 DAGs
[2022-07-23 21:14:29,038] {logging_mixin.py:115} INFO - [2022-07-23 21:14:29,038] {dag.py:2972} INFO - Setting next_dagrun for example_subdag_operator.section-1 to None, run_after=None
[2022-07-23 21:14:29,038] {logging_mixin.py:115} INFO - [2022-07-23 21:14:29,038] {dag.py:2972} INFO - Setting next_dagrun for example_subdag_operator.section-2 to None, run_after=None
[2022-07-23 21:14:29,043] {processor.py:161} INFO - Processing /home/airflow/.local/lib/python3.7/site-packages/airflow/example_dags/example_subdag_operator.py took 0.083 seconds
[2022-07-23 21:14:59,360] {processor.py:153} INFO - Started process (PID=1303) to work on /home/airflow/.local/lib/python3.7/site-packages/airflow/example_dags/example_subdag_operator.py
[2022-07-23 21:14:59,361] {processor.py:641} INFO - Processing file /home/airflow/.local/lib/python3.7/site-packages/airflow/example_dags/example_subdag_operator.py for tasks to queue
[2022-07-23 21:14:59,361] {logging_mixin.py:115} INFO - [2022-07-23 21:14:59,361] {dagbag.py:508} INFO - Filling up the DagBag from /home/airflow/.local/lib/python3.7/site-packages/airflow/example_dags/example_subdag_operator.py
[2022-07-23 21:14:59,378] {processor.py:651} INFO - DAG(s) dict_keys(['example_subdag_operator.section-1', 'example_subdag_operator.section-2', 'example_subdag_operator']) retrieved from /home/airflow/.local/lib/python3.7/site-packages/airflow/example_dags/example_subdag_operator.py
[2022-07-23 21:14:59,395] {logging_mixin.py:115} INFO - [2022-07-23 21:14:59,395] {dag.py:2420} INFO - Sync 3 DAGs
[2022-07-23 21:14:59,408] {logging_mixin.py:115} INFO - [2022-07-23 21:14:59,408] {dag.py:2972} INFO - Setting next_dagrun for example_subdag_operator to 2022-01-01T00:00:00+00:00, run_after=2022-01-01T00:00:00+00:00
[2022-07-23 21:14:59,408] {logging_mixin.py:115} INFO - [2022-07-23 21:14:59,408] {dag.py:2972} INFO - Setting next_dagrun for example_subdag_operator.section-1 to None, run_after=None
[2022-07-23 21:14:59,408] {logging_mixin.py:115} INFO - [2022-07-23 21:14:59,408] {dag.py:2972} INFO - Setting next_dagrun for example_subdag_operator.section-2 to None, run_after=None
[2022-07-23 21:14:59,413] {logging_mixin.py:115} INFO - [2022-07-23 21:14:59,412] {dag.py:2420} INFO - Sync 2 DAGs
[2022-07-23 21:14:59,416] {logging_mixin.py:115} INFO - [2022-07-23 21:14:59,416] {dag.py:2972} INFO - Setting next_dagrun for example_subdag_operator.section-1 to None, run_after=None
[2022-07-23 21:14:59,416] {logging_mixin.py:115} INFO - [2022-07-23 21:14:59,416] {dag.py:2972} INFO - Setting next_dagrun for example_subdag_operator.section-2 to None, run_after=None
[2022-07-23 21:14:59,421] {processor.py:161} INFO - Processing /home/airflow/.local/lib/python3.7/site-packages/airflow/example_dags/example_subdag_operator.py took 0.062 seconds
[2022-07-23 21:15:29,600] {processor.py:153} INFO - Started process (PID=1365) to work on /home/airflow/.local/lib/python3.7/site-packages/airflow/example_dags/example_subdag_operator.py
[2022-07-23 21:15:29,601] {processor.py:641} INFO - Processing file /home/airflow/.local/lib/python3.7/site-packages/airflow/example_dags/example_subdag_operator.py for tasks to queue
[2022-07-23 21:15:29,602] {logging_mixin.py:115} INFO - [2022-07-23 21:15:29,601] {dagbag.py:508} INFO - Filling up the DagBag from /home/airflow/.local/lib/python3.7/site-packages/airflow/example_dags/example_subdag_operator.py
[2022-07-23 21:15:29,617] {processor.py:651} INFO - DAG(s) dict_keys(['example_subdag_operator.section-1', 'example_subdag_operator.section-2', 'example_subdag_operator']) retrieved from /home/airflow/.local/lib/python3.7/site-packages/airflow/example_dags/example_subdag_operator.py
[2022-07-23 21:15:29,634] {logging_mixin.py:115} INFO - [2022-07-23 21:15:29,633] {dag.py:2420} INFO - Sync 3 DAGs
[2022-07-23 21:15:29,646] {logging_mixin.py:115} INFO - [2022-07-23 21:15:29,646] {dag.py:2972} INFO - Setting next_dagrun for example_subdag_operator to 2022-01-01T00:00:00+00:00, run_after=2022-01-01T00:00:00+00:00
[2022-07-23 21:15:29,646] {logging_mixin.py:115} INFO - [2022-07-23 21:15:29,646] {dag.py:2972} INFO - Setting next_dagrun for example_subdag_operator.section-1 to None, run_after=None
[2022-07-23 21:15:29,647] {logging_mixin.py:115} INFO - [2022-07-23 21:15:29,647] {dag.py:2972} INFO - Setting next_dagrun for example_subdag_operator.section-2 to None, run_after=None
[2022-07-23 21:15:29,651] {logging_mixin.py:115} INFO - [2022-07-23 21:15:29,651] {dag.py:2420} INFO - Sync 2 DAGs
[2022-07-23 21:15:29,654] {logging_mixin.py:115} INFO - [2022-07-23 21:15:29,654] {dag.py:2972} INFO - Setting next_dagrun for example_subdag_operator.section-1 to None, run_after=None
[2022-07-23 21:15:29,654] {logging_mixin.py:115} INFO - [2022-07-23 21:15:29,654] {dag.py:2972} INFO - Setting next_dagrun for example_subdag_operator.section-2 to None, run_after=None
[2022-07-23 21:15:29,662] {processor.py:161} INFO - Processing /home/airflow/.local/lib/python3.7/site-packages/airflow/example_dags/example_subdag_operator.py took 0.063 seconds
[2022-07-23 21:15:59,845] {processor.py:153} INFO - Started process (PID=1426) to work on /home/airflow/.local/lib/python3.7/site-packages/airflow/example_dags/example_subdag_operator.py
[2022-07-23 21:15:59,846] {processor.py:641} INFO - Processing file /home/airflow/.local/lib/python3.7/site-packages/airflow/example_dags/example_subdag_operator.py for tasks to queue
[2022-07-23 21:15:59,846] {logging_mixin.py:115} INFO - [2022-07-23 21:15:59,846] {dagbag.py:508} INFO - Filling up the DagBag from /home/airflow/.local/lib/python3.7/site-packages/airflow/example_dags/example_subdag_operator.py
[2022-07-23 21:15:59,864] {processor.py:651} INFO - DAG(s) dict_keys(['example_subdag_operator.section-1', 'example_subdag_operator.section-2', 'example_subdag_operator']) retrieved from /home/airflow/.local/lib/python3.7/site-packages/airflow/example_dags/example_subdag_operator.py
[2022-07-23 21:15:59,888] {logging_mixin.py:115} INFO - [2022-07-23 21:15:59,888] {dag.py:2420} INFO - Sync 3 DAGs
[2022-07-23 21:15:59,903] {logging_mixin.py:115} INFO - [2022-07-23 21:15:59,903] {dag.py:2972} INFO - Setting next_dagrun for example_subdag_operator to 2022-01-01T00:00:00+00:00, run_after=2022-01-01T00:00:00+00:00
[2022-07-23 21:15:59,903] {logging_mixin.py:115} INFO - [2022-07-23 21:15:59,903] {dag.py:2972} INFO - Setting next_dagrun for example_subdag_operator.section-1 to None, run_after=None
[2022-07-23 21:15:59,903] {logging_mixin.py:115} INFO - [2022-07-23 21:15:59,903] {dag.py:2972} INFO - Setting next_dagrun for example_subdag_operator.section-2 to None, run_after=None
[2022-07-23 21:15:59,908] {logging_mixin.py:115} INFO - [2022-07-23 21:15:59,908] {dag.py:2420} INFO - Sync 2 DAGs
[2022-07-23 21:15:59,911] {logging_mixin.py:115} INFO - [2022-07-23 21:15:59,911] {dag.py:2972} INFO - Setting next_dagrun for example_subdag_operator.section-1 to None, run_after=None
[2022-07-23 21:15:59,912] {logging_mixin.py:115} INFO - [2022-07-23 21:15:59,912] {dag.py:2972} INFO - Setting next_dagrun for example_subdag_operator.section-2 to None, run_after=None
[2022-07-23 21:15:59,916] {processor.py:161} INFO - Processing /home/airflow/.local/lib/python3.7/site-packages/airflow/example_dags/example_subdag_operator.py took 0.072 seconds
[2022-07-23 21:16:52,620] {processor.py:153} INFO - Started process (PID=65) to work on /home/airflow/.local/lib/python3.7/site-packages/airflow/example_dags/example_subdag_operator.py
[2022-07-23 21:16:52,620] {processor.py:641} INFO - Processing file /home/airflow/.local/lib/python3.7/site-packages/airflow/example_dags/example_subdag_operator.py for tasks to queue
[2022-07-23 21:16:52,621] {logging_mixin.py:115} INFO - [2022-07-23 21:16:52,621] {dagbag.py:508} INFO - Filling up the DagBag from /home/airflow/.local/lib/python3.7/site-packages/airflow/example_dags/example_subdag_operator.py
[2022-07-23 21:16:52,644] {processor.py:651} INFO - DAG(s) dict_keys(['example_subdag_operator.section-1', 'example_subdag_operator.section-2', 'example_subdag_operator']) retrieved from /home/airflow/.local/lib/python3.7/site-packages/airflow/example_dags/example_subdag_operator.py
[2022-07-23 21:16:52,675] {logging_mixin.py:115} INFO - [2022-07-23 21:16:52,674] {dag.py:2420} INFO - Sync 3 DAGs
[2022-07-23 21:16:52,792] {logging_mixin.py:115} INFO - [2022-07-23 21:16:52,792] {dag.py:2972} INFO - Setting next_dagrun for example_subdag_operator to 2022-01-01T00:00:00+00:00, run_after=2022-01-01T00:00:00+00:00
[2022-07-23 21:16:52,792] {logging_mixin.py:115} INFO - [2022-07-23 21:16:52,792] {dag.py:2972} INFO - Setting next_dagrun for example_subdag_operator.section-1 to None, run_after=None
[2022-07-23 21:16:52,792] {logging_mixin.py:115} INFO - [2022-07-23 21:16:52,792] {dag.py:2972} INFO - Setting next_dagrun for example_subdag_operator.section-2 to None, run_after=None
[2022-07-23 21:16:52,801] {logging_mixin.py:115} INFO - [2022-07-23 21:16:52,801] {dag.py:2420} INFO - Sync 2 DAGs
[2022-07-23 21:16:52,807] {logging_mixin.py:115} INFO - [2022-07-23 21:16:52,807] {dag.py:2972} INFO - Setting next_dagrun for example_subdag_operator.section-1 to None, run_after=None
[2022-07-23 21:16:52,807] {logging_mixin.py:115} INFO - [2022-07-23 21:16:52,807] {dag.py:2972} INFO - Setting next_dagrun for example_subdag_operator.section-2 to None, run_after=None
[2022-07-23 21:16:52,814] {processor.py:161} INFO - Processing /home/airflow/.local/lib/python3.7/site-packages/airflow/example_dags/example_subdag_operator.py took 0.196 seconds
