[2022-07-23 21:04:21,872] {processor.py:153} INFO - Started process (PID=64) to work on /home/airflow/.local/lib/python3.7/site-packages/airflow/example_dags/example_branch_labels.py
[2022-07-23 21:04:21,872] {processor.py:641} INFO - Processing file /home/airflow/.local/lib/python3.7/site-packages/airflow/example_dags/example_branch_labels.py for tasks to queue
[2022-07-23 21:04:21,872] {logging_mixin.py:115} INFO - [2022-07-23 21:04:21,872] {dagbag.py:508} INFO - Filling up the DagBag from /home/airflow/.local/lib/python3.7/site-packages/airflow/example_dags/example_branch_labels.py
[2022-07-23 21:04:21,881] {processor.py:651} INFO - DAG(s) dict_keys(['example_branch_labels']) retrieved from /home/airflow/.local/lib/python3.7/site-packages/airflow/example_dags/example_branch_labels.py
[2022-07-23 21:04:21,989] {logging_mixin.py:115} INFO - [2022-07-23 21:04:21,989] {manager.py:508} INFO - Created Permission View: can edit on DAG:example_branch_labels
[2022-07-23 21:04:22,001] {logging_mixin.py:115} INFO - [2022-07-23 21:04:22,001] {manager.py:508} INFO - Created Permission View: can read on DAG:example_branch_labels
[2022-07-23 21:04:22,009] {logging_mixin.py:115} INFO - [2022-07-23 21:04:22,009] {manager.py:508} INFO - Created Permission View: can delete on DAG:example_branch_labels
[2022-07-23 21:04:22,009] {logging_mixin.py:115} INFO - [2022-07-23 21:04:22,009] {dag.py:2420} INFO - Sync 1 DAGs
[2022-07-23 21:04:22,021] {logging_mixin.py:115} INFO - [2022-07-23 21:04:22,021] {dag.py:2439} INFO - Creating ORM DAG for example_branch_labels
[2022-07-23 21:04:22,041] {logging_mixin.py:115} INFO - [2022-07-23 21:04:22,040] {dag.py:2972} INFO - Setting next_dagrun for example_branch_labels to 2022-07-22T00:00:00+00:00, run_after=2022-07-23T00:00:00+00:00
[2022-07-23 21:04:22,058] {processor.py:161} INFO - Processing /home/airflow/.local/lib/python3.7/site-packages/airflow/example_dags/example_branch_labels.py took 0.189 seconds
[2022-07-23 21:04:52,947] {processor.py:153} INFO - Started process (PID=117) to work on /home/airflow/.local/lib/python3.7/site-packages/airflow/example_dags/example_branch_labels.py
[2022-07-23 21:04:52,950] {processor.py:641} INFO - Processing file /home/airflow/.local/lib/python3.7/site-packages/airflow/example_dags/example_branch_labels.py for tasks to queue
[2022-07-23 21:04:52,951] {logging_mixin.py:115} INFO - [2022-07-23 21:04:52,951] {dagbag.py:508} INFO - Filling up the DagBag from /home/airflow/.local/lib/python3.7/site-packages/airflow/example_dags/example_branch_labels.py
[2022-07-23 21:04:52,961] {processor.py:651} INFO - DAG(s) dict_keys(['example_branch_labels']) retrieved from /home/airflow/.local/lib/python3.7/site-packages/airflow/example_dags/example_branch_labels.py
[2022-07-23 21:04:52,978] {logging_mixin.py:115} INFO - [2022-07-23 21:04:52,977] {dag.py:2420} INFO - Sync 1 DAGs
[2022-07-23 21:04:52,992] {logging_mixin.py:115} INFO - [2022-07-23 21:04:52,992] {dag.py:2972} INFO - Setting next_dagrun for example_branch_labels to 2022-07-22T00:00:00+00:00, run_after=2022-07-23T00:00:00+00:00
[2022-07-23 21:04:53,003] {processor.py:161} INFO - Processing /home/airflow/.local/lib/python3.7/site-packages/airflow/example_dags/example_branch_labels.py took 0.057 seconds
[2022-07-23 21:05:23,319] {processor.py:153} INFO - Started process (PID=178) to work on /home/airflow/.local/lib/python3.7/site-packages/airflow/example_dags/example_branch_labels.py
[2022-07-23 21:05:23,324] {processor.py:641} INFO - Processing file /home/airflow/.local/lib/python3.7/site-packages/airflow/example_dags/example_branch_labels.py for tasks to queue
[2022-07-23 21:05:23,325] {logging_mixin.py:115} INFO - [2022-07-23 21:05:23,325] {dagbag.py:508} INFO - Filling up the DagBag from /home/airflow/.local/lib/python3.7/site-packages/airflow/example_dags/example_branch_labels.py
[2022-07-23 21:05:23,336] {processor.py:651} INFO - DAG(s) dict_keys(['example_branch_labels']) retrieved from /home/airflow/.local/lib/python3.7/site-packages/airflow/example_dags/example_branch_labels.py
[2022-07-23 21:05:23,353] {logging_mixin.py:115} INFO - [2022-07-23 21:05:23,353] {dag.py:2420} INFO - Sync 1 DAGs
[2022-07-23 21:05:23,367] {logging_mixin.py:115} INFO - [2022-07-23 21:05:23,367] {dag.py:2972} INFO - Setting next_dagrun for example_branch_labels to 2022-07-22T00:00:00+00:00, run_after=2022-07-23T00:00:00+00:00
[2022-07-23 21:05:23,374] {processor.py:161} INFO - Processing /home/airflow/.local/lib/python3.7/site-packages/airflow/example_dags/example_branch_labels.py took 0.060 seconds
[2022-07-23 21:05:53,525] {processor.py:153} INFO - Started process (PID=238) to work on /home/airflow/.local/lib/python3.7/site-packages/airflow/example_dags/example_branch_labels.py
[2022-07-23 21:05:53,526] {processor.py:641} INFO - Processing file /home/airflow/.local/lib/python3.7/site-packages/airflow/example_dags/example_branch_labels.py for tasks to queue
[2022-07-23 21:05:53,526] {logging_mixin.py:115} INFO - [2022-07-23 21:05:53,526] {dagbag.py:508} INFO - Filling up the DagBag from /home/airflow/.local/lib/python3.7/site-packages/airflow/example_dags/example_branch_labels.py
[2022-07-23 21:05:53,535] {processor.py:651} INFO - DAG(s) dict_keys(['example_branch_labels']) retrieved from /home/airflow/.local/lib/python3.7/site-packages/airflow/example_dags/example_branch_labels.py
[2022-07-23 21:05:53,556] {logging_mixin.py:115} INFO - [2022-07-23 21:05:53,556] {dag.py:2420} INFO - Sync 1 DAGs
[2022-07-23 21:05:53,575] {logging_mixin.py:115} INFO - [2022-07-23 21:05:53,575] {dag.py:2972} INFO - Setting next_dagrun for example_branch_labels to 2022-07-22T00:00:00+00:00, run_after=2022-07-23T00:00:00+00:00
[2022-07-23 21:05:53,588] {processor.py:161} INFO - Processing /home/airflow/.local/lib/python3.7/site-packages/airflow/example_dags/example_branch_labels.py took 0.065 seconds
[2022-07-23 21:06:24,116] {processor.py:153} INFO - Started process (PID=300) to work on /home/airflow/.local/lib/python3.7/site-packages/airflow/example_dags/example_branch_labels.py
[2022-07-23 21:06:24,116] {processor.py:641} INFO - Processing file /home/airflow/.local/lib/python3.7/site-packages/airflow/example_dags/example_branch_labels.py for tasks to queue
[2022-07-23 21:06:24,117] {logging_mixin.py:115} INFO - [2022-07-23 21:06:24,117] {dagbag.py:508} INFO - Filling up the DagBag from /home/airflow/.local/lib/python3.7/site-packages/airflow/example_dags/example_branch_labels.py
[2022-07-23 21:06:24,122] {processor.py:651} INFO - DAG(s) dict_keys(['example_branch_labels']) retrieved from /home/airflow/.local/lib/python3.7/site-packages/airflow/example_dags/example_branch_labels.py
[2022-07-23 21:06:24,137] {logging_mixin.py:115} INFO - [2022-07-23 21:06:24,137] {dag.py:2420} INFO - Sync 1 DAGs
[2022-07-23 21:06:24,151] {logging_mixin.py:115} INFO - [2022-07-23 21:06:24,151] {dag.py:2972} INFO - Setting next_dagrun for example_branch_labels to 2022-07-22T00:00:00+00:00, run_after=2022-07-23T00:00:00+00:00
[2022-07-23 21:06:24,159] {processor.py:161} INFO - Processing /home/airflow/.local/lib/python3.7/site-packages/airflow/example_dags/example_branch_labels.py took 0.046 seconds
[2022-07-23 21:06:54,292] {processor.py:153} INFO - Started process (PID=353) to work on /home/airflow/.local/lib/python3.7/site-packages/airflow/example_dags/example_branch_labels.py
[2022-07-23 21:06:54,301] {processor.py:641} INFO - Processing file /home/airflow/.local/lib/python3.7/site-packages/airflow/example_dags/example_branch_labels.py for tasks to queue
[2022-07-23 21:06:54,304] {logging_mixin.py:115} INFO - [2022-07-23 21:06:54,303] {dagbag.py:508} INFO - Filling up the DagBag from /home/airflow/.local/lib/python3.7/site-packages/airflow/example_dags/example_branch_labels.py
[2022-07-23 21:06:54,320] {processor.py:651} INFO - DAG(s) dict_keys(['example_branch_labels']) retrieved from /home/airflow/.local/lib/python3.7/site-packages/airflow/example_dags/example_branch_labels.py
[2022-07-23 21:06:54,350] {logging_mixin.py:115} INFO - [2022-07-23 21:06:54,350] {dag.py:2420} INFO - Sync 1 DAGs
[2022-07-23 21:06:54,380] {logging_mixin.py:115} INFO - [2022-07-23 21:06:54,380] {dag.py:2972} INFO - Setting next_dagrun for example_branch_labels to 2022-07-22T00:00:00+00:00, run_after=2022-07-23T00:00:00+00:00
[2022-07-23 21:06:54,393] {processor.py:161} INFO - Processing /home/airflow/.local/lib/python3.7/site-packages/airflow/example_dags/example_branch_labels.py took 0.104 seconds
[2022-07-23 21:07:24,692] {processor.py:153} INFO - Started process (PID=414) to work on /home/airflow/.local/lib/python3.7/site-packages/airflow/example_dags/example_branch_labels.py
[2022-07-23 21:07:24,698] {processor.py:641} INFO - Processing file /home/airflow/.local/lib/python3.7/site-packages/airflow/example_dags/example_branch_labels.py for tasks to queue
[2022-07-23 21:07:24,699] {logging_mixin.py:115} INFO - [2022-07-23 21:07:24,699] {dagbag.py:508} INFO - Filling up the DagBag from /home/airflow/.local/lib/python3.7/site-packages/airflow/example_dags/example_branch_labels.py
[2022-07-23 21:07:24,711] {processor.py:651} INFO - DAG(s) dict_keys(['example_branch_labels']) retrieved from /home/airflow/.local/lib/python3.7/site-packages/airflow/example_dags/example_branch_labels.py
[2022-07-23 21:07:24,728] {logging_mixin.py:115} INFO - [2022-07-23 21:07:24,728] {dag.py:2420} INFO - Sync 1 DAGs
[2022-07-23 21:07:24,742] {logging_mixin.py:115} INFO - [2022-07-23 21:07:24,742] {dag.py:2972} INFO - Setting next_dagrun for example_branch_labels to 2022-07-22T00:00:00+00:00, run_after=2022-07-23T00:00:00+00:00
[2022-07-23 21:07:24,749] {processor.py:161} INFO - Processing /home/airflow/.local/lib/python3.7/site-packages/airflow/example_dags/example_branch_labels.py took 0.061 seconds
[2022-07-23 21:07:54,851] {processor.py:153} INFO - Started process (PID=475) to work on /home/airflow/.local/lib/python3.7/site-packages/airflow/example_dags/example_branch_labels.py
[2022-07-23 21:07:54,858] {processor.py:641} INFO - Processing file /home/airflow/.local/lib/python3.7/site-packages/airflow/example_dags/example_branch_labels.py for tasks to queue
[2022-07-23 21:07:54,859] {logging_mixin.py:115} INFO - [2022-07-23 21:07:54,859] {dagbag.py:508} INFO - Filling up the DagBag from /home/airflow/.local/lib/python3.7/site-packages/airflow/example_dags/example_branch_labels.py
[2022-07-23 21:07:54,866] {processor.py:651} INFO - DAG(s) dict_keys(['example_branch_labels']) retrieved from /home/airflow/.local/lib/python3.7/site-packages/airflow/example_dags/example_branch_labels.py
[2022-07-23 21:07:54,882] {logging_mixin.py:115} INFO - [2022-07-23 21:07:54,882] {dag.py:2420} INFO - Sync 1 DAGs
[2022-07-23 21:07:54,896] {logging_mixin.py:115} INFO - [2022-07-23 21:07:54,896] {dag.py:2972} INFO - Setting next_dagrun for example_branch_labels to 2022-07-22T00:00:00+00:00, run_after=2022-07-23T00:00:00+00:00
[2022-07-23 21:07:54,903] {processor.py:161} INFO - Processing /home/airflow/.local/lib/python3.7/site-packages/airflow/example_dags/example_branch_labels.py took 0.056 seconds
[2022-07-23 21:08:25,087] {processor.py:153} INFO - Started process (PID=536) to work on /home/airflow/.local/lib/python3.7/site-packages/airflow/example_dags/example_branch_labels.py
[2022-07-23 21:08:25,096] {processor.py:641} INFO - Processing file /home/airflow/.local/lib/python3.7/site-packages/airflow/example_dags/example_branch_labels.py for tasks to queue
[2022-07-23 21:08:25,096] {logging_mixin.py:115} INFO - [2022-07-23 21:08:25,096] {dagbag.py:508} INFO - Filling up the DagBag from /home/airflow/.local/lib/python3.7/site-packages/airflow/example_dags/example_branch_labels.py
[2022-07-23 21:08:25,101] {processor.py:651} INFO - DAG(s) dict_keys(['example_branch_labels']) retrieved from /home/airflow/.local/lib/python3.7/site-packages/airflow/example_dags/example_branch_labels.py
[2022-07-23 21:08:25,121] {logging_mixin.py:115} INFO - [2022-07-23 21:08:25,121] {dag.py:2420} INFO - Sync 1 DAGs
[2022-07-23 21:08:25,140] {logging_mixin.py:115} INFO - [2022-07-23 21:08:25,140] {dag.py:2972} INFO - Setting next_dagrun for example_branch_labels to 2022-07-22T00:00:00+00:00, run_after=2022-07-23T00:00:00+00:00
[2022-07-23 21:08:25,147] {processor.py:161} INFO - Processing /home/airflow/.local/lib/python3.7/site-packages/airflow/example_dags/example_branch_labels.py took 0.062 seconds
[2022-07-23 21:08:55,440] {processor.py:153} INFO - Started process (PID=589) to work on /home/airflow/.local/lib/python3.7/site-packages/airflow/example_dags/example_branch_labels.py
[2022-07-23 21:08:55,449] {processor.py:641} INFO - Processing file /home/airflow/.local/lib/python3.7/site-packages/airflow/example_dags/example_branch_labels.py for tasks to queue
[2022-07-23 21:08:55,450] {logging_mixin.py:115} INFO - [2022-07-23 21:08:55,450] {dagbag.py:508} INFO - Filling up the DagBag from /home/airflow/.local/lib/python3.7/site-packages/airflow/example_dags/example_branch_labels.py
[2022-07-23 21:08:55,457] {processor.py:651} INFO - DAG(s) dict_keys(['example_branch_labels']) retrieved from /home/airflow/.local/lib/python3.7/site-packages/airflow/example_dags/example_branch_labels.py
[2022-07-23 21:08:55,473] {logging_mixin.py:115} INFO - [2022-07-23 21:08:55,473] {dag.py:2420} INFO - Sync 1 DAGs
[2022-07-23 21:08:55,490] {logging_mixin.py:115} INFO - [2022-07-23 21:08:55,489] {dag.py:2972} INFO - Setting next_dagrun for example_branch_labels to 2022-07-22T00:00:00+00:00, run_after=2022-07-23T00:00:00+00:00
[2022-07-23 21:08:55,497] {processor.py:161} INFO - Processing /home/airflow/.local/lib/python3.7/site-packages/airflow/example_dags/example_branch_labels.py took 0.059 seconds
[2022-07-23 21:09:25,722] {processor.py:153} INFO - Started process (PID=649) to work on /home/airflow/.local/lib/python3.7/site-packages/airflow/example_dags/example_branch_labels.py
[2022-07-23 21:09:25,728] {processor.py:641} INFO - Processing file /home/airflow/.local/lib/python3.7/site-packages/airflow/example_dags/example_branch_labels.py for tasks to queue
[2022-07-23 21:09:25,729] {logging_mixin.py:115} INFO - [2022-07-23 21:09:25,729] {dagbag.py:508} INFO - Filling up the DagBag from /home/airflow/.local/lib/python3.7/site-packages/airflow/example_dags/example_branch_labels.py
[2022-07-23 21:09:25,739] {processor.py:651} INFO - DAG(s) dict_keys(['example_branch_labels']) retrieved from /home/airflow/.local/lib/python3.7/site-packages/airflow/example_dags/example_branch_labels.py
[2022-07-23 21:09:25,756] {logging_mixin.py:115} INFO - [2022-07-23 21:09:25,756] {dag.py:2420} INFO - Sync 1 DAGs
[2022-07-23 21:09:25,770] {logging_mixin.py:115} INFO - [2022-07-23 21:09:25,770] {dag.py:2972} INFO - Setting next_dagrun for example_branch_labels to 2022-07-22T00:00:00+00:00, run_after=2022-07-23T00:00:00+00:00
[2022-07-23 21:09:25,776] {processor.py:161} INFO - Processing /home/airflow/.local/lib/python3.7/site-packages/airflow/example_dags/example_branch_labels.py took 0.060 seconds
[2022-07-23 21:09:55,937] {processor.py:153} INFO - Started process (PID=709) to work on /home/airflow/.local/lib/python3.7/site-packages/airflow/example_dags/example_branch_labels.py
[2022-07-23 21:09:55,938] {processor.py:641} INFO - Processing file /home/airflow/.local/lib/python3.7/site-packages/airflow/example_dags/example_branch_labels.py for tasks to queue
[2022-07-23 21:09:55,939] {logging_mixin.py:115} INFO - [2022-07-23 21:09:55,939] {dagbag.py:508} INFO - Filling up the DagBag from /home/airflow/.local/lib/python3.7/site-packages/airflow/example_dags/example_branch_labels.py
[2022-07-23 21:09:55,946] {processor.py:651} INFO - DAG(s) dict_keys(['example_branch_labels']) retrieved from /home/airflow/.local/lib/python3.7/site-packages/airflow/example_dags/example_branch_labels.py
[2022-07-23 21:09:55,968] {logging_mixin.py:115} INFO - [2022-07-23 21:09:55,967] {dag.py:2420} INFO - Sync 1 DAGs
[2022-07-23 21:09:55,990] {logging_mixin.py:115} INFO - [2022-07-23 21:09:55,990] {dag.py:2972} INFO - Setting next_dagrun for example_branch_labels to 2022-07-22T00:00:00+00:00, run_after=2022-07-23T00:00:00+00:00
[2022-07-23 21:09:55,998] {processor.py:161} INFO - Processing /home/airflow/.local/lib/python3.7/site-packages/airflow/example_dags/example_branch_labels.py took 0.066 seconds
[2022-07-23 21:10:26,257] {processor.py:153} INFO - Started process (PID=769) to work on /home/airflow/.local/lib/python3.7/site-packages/airflow/example_dags/example_branch_labels.py
[2022-07-23 21:10:26,257] {processor.py:641} INFO - Processing file /home/airflow/.local/lib/python3.7/site-packages/airflow/example_dags/example_branch_labels.py for tasks to queue
[2022-07-23 21:10:26,257] {logging_mixin.py:115} INFO - [2022-07-23 21:10:26,257] {dagbag.py:508} INFO - Filling up the DagBag from /home/airflow/.local/lib/python3.7/site-packages/airflow/example_dags/example_branch_labels.py
[2022-07-23 21:10:26,261] {processor.py:651} INFO - DAG(s) dict_keys(['example_branch_labels']) retrieved from /home/airflow/.local/lib/python3.7/site-packages/airflow/example_dags/example_branch_labels.py
[2022-07-23 21:10:26,277] {logging_mixin.py:115} INFO - [2022-07-23 21:10:26,277] {dag.py:2420} INFO - Sync 1 DAGs
[2022-07-23 21:10:26,300] {logging_mixin.py:115} INFO - [2022-07-23 21:10:26,300] {dag.py:2972} INFO - Setting next_dagrun for example_branch_labels to 2022-07-22T00:00:00+00:00, run_after=2022-07-23T00:00:00+00:00
[2022-07-23 21:10:26,313] {processor.py:161} INFO - Processing /home/airflow/.local/lib/python3.7/site-packages/airflow/example_dags/example_branch_labels.py took 0.059 seconds
[2022-07-23 21:10:56,546] {processor.py:153} INFO - Started process (PID=821) to work on /home/airflow/.local/lib/python3.7/site-packages/airflow/example_dags/example_branch_labels.py
[2022-07-23 21:10:56,547] {processor.py:641} INFO - Processing file /home/airflow/.local/lib/python3.7/site-packages/airflow/example_dags/example_branch_labels.py for tasks to queue
[2022-07-23 21:10:56,547] {logging_mixin.py:115} INFO - [2022-07-23 21:10:56,547] {dagbag.py:508} INFO - Filling up the DagBag from /home/airflow/.local/lib/python3.7/site-packages/airflow/example_dags/example_branch_labels.py
[2022-07-23 21:10:56,551] {processor.py:651} INFO - DAG(s) dict_keys(['example_branch_labels']) retrieved from /home/airflow/.local/lib/python3.7/site-packages/airflow/example_dags/example_branch_labels.py
[2022-07-23 21:10:56,566] {logging_mixin.py:115} INFO - [2022-07-23 21:10:56,566] {dag.py:2420} INFO - Sync 1 DAGs
[2022-07-23 21:10:56,581] {logging_mixin.py:115} INFO - [2022-07-23 21:10:56,581] {dag.py:2972} INFO - Setting next_dagrun for example_branch_labels to 2022-07-22T00:00:00+00:00, run_after=2022-07-23T00:00:00+00:00
[2022-07-23 21:10:56,591] {processor.py:161} INFO - Processing /home/airflow/.local/lib/python3.7/site-packages/airflow/example_dags/example_branch_labels.py took 0.047 seconds
[2022-07-23 21:11:26,687] {processor.py:153} INFO - Started process (PID=882) to work on /home/airflow/.local/lib/python3.7/site-packages/airflow/example_dags/example_branch_labels.py
[2022-07-23 21:11:26,695] {processor.py:641} INFO - Processing file /home/airflow/.local/lib/python3.7/site-packages/airflow/example_dags/example_branch_labels.py for tasks to queue
[2022-07-23 21:11:26,696] {logging_mixin.py:115} INFO - [2022-07-23 21:11:26,696] {dagbag.py:508} INFO - Filling up the DagBag from /home/airflow/.local/lib/python3.7/site-packages/airflow/example_dags/example_branch_labels.py
[2022-07-23 21:11:26,700] {processor.py:651} INFO - DAG(s) dict_keys(['example_branch_labels']) retrieved from /home/airflow/.local/lib/python3.7/site-packages/airflow/example_dags/example_branch_labels.py
[2022-07-23 21:11:26,720] {logging_mixin.py:115} INFO - [2022-07-23 21:11:26,719] {dag.py:2420} INFO - Sync 1 DAGs
[2022-07-23 21:11:26,737] {logging_mixin.py:115} INFO - [2022-07-23 21:11:26,737] {dag.py:2972} INFO - Setting next_dagrun for example_branch_labels to 2022-07-22T00:00:00+00:00, run_after=2022-07-23T00:00:00+00:00
[2022-07-23 21:11:26,748] {processor.py:161} INFO - Processing /home/airflow/.local/lib/python3.7/site-packages/airflow/example_dags/example_branch_labels.py took 0.062 seconds
[2022-07-23 21:11:57,013] {processor.py:153} INFO - Started process (PID=942) to work on /home/airflow/.local/lib/python3.7/site-packages/airflow/example_dags/example_branch_labels.py
[2022-07-23 21:11:57,014] {processor.py:641} INFO - Processing file /home/airflow/.local/lib/python3.7/site-packages/airflow/example_dags/example_branch_labels.py for tasks to queue
[2022-07-23 21:11:57,015] {logging_mixin.py:115} INFO - [2022-07-23 21:11:57,015] {dagbag.py:508} INFO - Filling up the DagBag from /home/airflow/.local/lib/python3.7/site-packages/airflow/example_dags/example_branch_labels.py
[2022-07-23 21:11:57,022] {processor.py:651} INFO - DAG(s) dict_keys(['example_branch_labels']) retrieved from /home/airflow/.local/lib/python3.7/site-packages/airflow/example_dags/example_branch_labels.py
[2022-07-23 21:11:57,038] {logging_mixin.py:115} INFO - [2022-07-23 21:11:57,038] {dag.py:2420} INFO - Sync 1 DAGs
[2022-07-23 21:11:57,053] {logging_mixin.py:115} INFO - [2022-07-23 21:11:57,052] {dag.py:2972} INFO - Setting next_dagrun for example_branch_labels to 2022-07-22T00:00:00+00:00, run_after=2022-07-23T00:00:00+00:00
[2022-07-23 21:11:57,059] {processor.py:161} INFO - Processing /home/airflow/.local/lib/python3.7/site-packages/airflow/example_dags/example_branch_labels.py took 0.051 seconds
[2022-07-23 21:12:27,165] {processor.py:153} INFO - Started process (PID=1005) to work on /home/airflow/.local/lib/python3.7/site-packages/airflow/example_dags/example_branch_labels.py
[2022-07-23 21:12:27,165] {processor.py:641} INFO - Processing file /home/airflow/.local/lib/python3.7/site-packages/airflow/example_dags/example_branch_labels.py for tasks to queue
[2022-07-23 21:12:27,165] {logging_mixin.py:115} INFO - [2022-07-23 21:12:27,165] {dagbag.py:508} INFO - Filling up the DagBag from /home/airflow/.local/lib/python3.7/site-packages/airflow/example_dags/example_branch_labels.py
[2022-07-23 21:12:27,170] {processor.py:651} INFO - DAG(s) dict_keys(['example_branch_labels']) retrieved from /home/airflow/.local/lib/python3.7/site-packages/airflow/example_dags/example_branch_labels.py
[2022-07-23 21:12:27,187] {logging_mixin.py:115} INFO - [2022-07-23 21:12:27,186] {dag.py:2420} INFO - Sync 1 DAGs
[2022-07-23 21:12:27,203] {logging_mixin.py:115} INFO - [2022-07-23 21:12:27,203] {dag.py:2972} INFO - Setting next_dagrun for example_branch_labels to 2022-07-22T00:00:00+00:00, run_after=2022-07-23T00:00:00+00:00
[2022-07-23 21:12:27,211] {processor.py:161} INFO - Processing /home/airflow/.local/lib/python3.7/site-packages/airflow/example_dags/example_branch_labels.py took 0.048 seconds
[2022-07-23 21:12:57,744] {processor.py:153} INFO - Started process (PID=1056) to work on /home/airflow/.local/lib/python3.7/site-packages/airflow/example_dags/example_branch_labels.py
[2022-07-23 21:12:57,744] {processor.py:641} INFO - Processing file /home/airflow/.local/lib/python3.7/site-packages/airflow/example_dags/example_branch_labels.py for tasks to queue
[2022-07-23 21:12:57,744] {logging_mixin.py:115} INFO - [2022-07-23 21:12:57,744] {dagbag.py:508} INFO - Filling up the DagBag from /home/airflow/.local/lib/python3.7/site-packages/airflow/example_dags/example_branch_labels.py
[2022-07-23 21:12:57,749] {processor.py:651} INFO - DAG(s) dict_keys(['example_branch_labels']) retrieved from /home/airflow/.local/lib/python3.7/site-packages/airflow/example_dags/example_branch_labels.py
[2022-07-23 21:12:57,772] {logging_mixin.py:115} INFO - [2022-07-23 21:12:57,772] {dag.py:2420} INFO - Sync 1 DAGs
[2022-07-23 21:12:57,795] {logging_mixin.py:115} INFO - [2022-07-23 21:12:57,795] {dag.py:2972} INFO - Setting next_dagrun for example_branch_labels to 2022-07-22T00:00:00+00:00, run_after=2022-07-23T00:00:00+00:00
[2022-07-23 21:12:57,804] {processor.py:161} INFO - Processing /home/airflow/.local/lib/python3.7/site-packages/airflow/example_dags/example_branch_labels.py took 0.063 seconds
[2022-07-23 21:13:28,011] {processor.py:153} INFO - Started process (PID=1117) to work on /home/airflow/.local/lib/python3.7/site-packages/airflow/example_dags/example_branch_labels.py
[2022-07-23 21:13:28,011] {processor.py:641} INFO - Processing file /home/airflow/.local/lib/python3.7/site-packages/airflow/example_dags/example_branch_labels.py for tasks to queue
[2022-07-23 21:13:28,011] {logging_mixin.py:115} INFO - [2022-07-23 21:13:28,011] {dagbag.py:508} INFO - Filling up the DagBag from /home/airflow/.local/lib/python3.7/site-packages/airflow/example_dags/example_branch_labels.py
[2022-07-23 21:13:28,017] {processor.py:651} INFO - DAG(s) dict_keys(['example_branch_labels']) retrieved from /home/airflow/.local/lib/python3.7/site-packages/airflow/example_dags/example_branch_labels.py
[2022-07-23 21:13:28,043] {logging_mixin.py:115} INFO - [2022-07-23 21:13:28,043] {dag.py:2420} INFO - Sync 1 DAGs
[2022-07-23 21:13:28,066] {logging_mixin.py:115} INFO - [2022-07-23 21:13:28,066] {dag.py:2972} INFO - Setting next_dagrun for example_branch_labels to 2022-07-22T00:00:00+00:00, run_after=2022-07-23T00:00:00+00:00
[2022-07-23 21:13:28,077] {processor.py:161} INFO - Processing /home/airflow/.local/lib/python3.7/site-packages/airflow/example_dags/example_branch_labels.py took 0.068 seconds
[2022-07-23 21:13:58,290] {processor.py:153} INFO - Started process (PID=1179) to work on /home/airflow/.local/lib/python3.7/site-packages/airflow/example_dags/example_branch_labels.py
[2022-07-23 21:13:58,291] {processor.py:641} INFO - Processing file /home/airflow/.local/lib/python3.7/site-packages/airflow/example_dags/example_branch_labels.py for tasks to queue
[2022-07-23 21:13:58,292] {logging_mixin.py:115} INFO - [2022-07-23 21:13:58,291] {dagbag.py:508} INFO - Filling up the DagBag from /home/airflow/.local/lib/python3.7/site-packages/airflow/example_dags/example_branch_labels.py
[2022-07-23 21:13:58,299] {processor.py:651} INFO - DAG(s) dict_keys(['example_branch_labels']) retrieved from /home/airflow/.local/lib/python3.7/site-packages/airflow/example_dags/example_branch_labels.py
[2022-07-23 21:13:58,315] {logging_mixin.py:115} INFO - [2022-07-23 21:13:58,315] {dag.py:2420} INFO - Sync 1 DAGs
[2022-07-23 21:13:58,329] {logging_mixin.py:115} INFO - [2022-07-23 21:13:58,329] {dag.py:2972} INFO - Setting next_dagrun for example_branch_labels to 2022-07-22T00:00:00+00:00, run_after=2022-07-23T00:00:00+00:00
[2022-07-23 21:13:58,336] {processor.py:161} INFO - Processing /home/airflow/.local/lib/python3.7/site-packages/airflow/example_dags/example_branch_labels.py took 0.048 seconds
[2022-07-23 21:14:28,514] {processor.py:153} INFO - Started process (PID=1238) to work on /home/airflow/.local/lib/python3.7/site-packages/airflow/example_dags/example_branch_labels.py
[2022-07-23 21:14:28,514] {processor.py:641} INFO - Processing file /home/airflow/.local/lib/python3.7/site-packages/airflow/example_dags/example_branch_labels.py for tasks to queue
[2022-07-23 21:14:28,514] {logging_mixin.py:115} INFO - [2022-07-23 21:14:28,514] {dagbag.py:508} INFO - Filling up the DagBag from /home/airflow/.local/lib/python3.7/site-packages/airflow/example_dags/example_branch_labels.py
[2022-07-23 21:14:28,518] {processor.py:651} INFO - DAG(s) dict_keys(['example_branch_labels']) retrieved from /home/airflow/.local/lib/python3.7/site-packages/airflow/example_dags/example_branch_labels.py
[2022-07-23 21:14:28,538] {logging_mixin.py:115} INFO - [2022-07-23 21:14:28,538] {dag.py:2420} INFO - Sync 1 DAGs
[2022-07-23 21:14:28,560] {logging_mixin.py:115} INFO - [2022-07-23 21:14:28,560] {dag.py:2972} INFO - Setting next_dagrun for example_branch_labels to 2022-07-22T00:00:00+00:00, run_after=2022-07-23T00:00:00+00:00
[2022-07-23 21:14:28,570] {processor.py:161} INFO - Processing /home/airflow/.local/lib/python3.7/site-packages/airflow/example_dags/example_branch_labels.py took 0.058 seconds
[2022-07-23 21:14:58,864] {processor.py:153} INFO - Started process (PID=1292) to work on /home/airflow/.local/lib/python3.7/site-packages/airflow/example_dags/example_branch_labels.py
[2022-07-23 21:14:58,865] {processor.py:641} INFO - Processing file /home/airflow/.local/lib/python3.7/site-packages/airflow/example_dags/example_branch_labels.py for tasks to queue
[2022-07-23 21:14:58,865] {logging_mixin.py:115} INFO - [2022-07-23 21:14:58,865] {dagbag.py:508} INFO - Filling up the DagBag from /home/airflow/.local/lib/python3.7/site-packages/airflow/example_dags/example_branch_labels.py
[2022-07-23 21:14:58,869] {processor.py:651} INFO - DAG(s) dict_keys(['example_branch_labels']) retrieved from /home/airflow/.local/lib/python3.7/site-packages/airflow/example_dags/example_branch_labels.py
[2022-07-23 21:14:58,889] {logging_mixin.py:115} INFO - [2022-07-23 21:14:58,889] {dag.py:2420} INFO - Sync 1 DAGs
[2022-07-23 21:14:58,910] {logging_mixin.py:115} INFO - [2022-07-23 21:14:58,909] {dag.py:2972} INFO - Setting next_dagrun for example_branch_labels to 2022-07-22T00:00:00+00:00, run_after=2022-07-23T00:00:00+00:00
[2022-07-23 21:14:58,918] {processor.py:161} INFO - Processing /home/airflow/.local/lib/python3.7/site-packages/airflow/example_dags/example_branch_labels.py took 0.056 seconds
[2022-07-23 21:15:29,201] {processor.py:153} INFO - Started process (PID=1354) to work on /home/airflow/.local/lib/python3.7/site-packages/airflow/example_dags/example_branch_labels.py
[2022-07-23 21:15:29,202] {processor.py:641} INFO - Processing file /home/airflow/.local/lib/python3.7/site-packages/airflow/example_dags/example_branch_labels.py for tasks to queue
[2022-07-23 21:15:29,203] {logging_mixin.py:115} INFO - [2022-07-23 21:15:29,203] {dagbag.py:508} INFO - Filling up the DagBag from /home/airflow/.local/lib/python3.7/site-packages/airflow/example_dags/example_branch_labels.py
[2022-07-23 21:15:29,212] {processor.py:651} INFO - DAG(s) dict_keys(['example_branch_labels']) retrieved from /home/airflow/.local/lib/python3.7/site-packages/airflow/example_dags/example_branch_labels.py
[2022-07-23 21:15:29,229] {logging_mixin.py:115} INFO - [2022-07-23 21:15:29,229] {dag.py:2420} INFO - Sync 1 DAGs
[2022-07-23 21:15:29,243] {logging_mixin.py:115} INFO - [2022-07-23 21:15:29,243] {dag.py:2972} INFO - Setting next_dagrun for example_branch_labels to 2022-07-22T00:00:00+00:00, run_after=2022-07-23T00:00:00+00:00
[2022-07-23 21:15:29,253] {processor.py:161} INFO - Processing /home/airflow/.local/lib/python3.7/site-packages/airflow/example_dags/example_branch_labels.py took 0.054 seconds
[2022-07-23 21:15:59,449] {processor.py:153} INFO - Started process (PID=1415) to work on /home/airflow/.local/lib/python3.7/site-packages/airflow/example_dags/example_branch_labels.py
[2022-07-23 21:15:59,458] {processor.py:641} INFO - Processing file /home/airflow/.local/lib/python3.7/site-packages/airflow/example_dags/example_branch_labels.py for tasks to queue
[2022-07-23 21:15:59,458] {logging_mixin.py:115} INFO - [2022-07-23 21:15:59,458] {dagbag.py:508} INFO - Filling up the DagBag from /home/airflow/.local/lib/python3.7/site-packages/airflow/example_dags/example_branch_labels.py
[2022-07-23 21:15:59,464] {processor.py:651} INFO - DAG(s) dict_keys(['example_branch_labels']) retrieved from /home/airflow/.local/lib/python3.7/site-packages/airflow/example_dags/example_branch_labels.py
[2022-07-23 21:15:59,481] {logging_mixin.py:115} INFO - [2022-07-23 21:15:59,481] {dag.py:2420} INFO - Sync 1 DAGs
[2022-07-23 21:15:59,495] {logging_mixin.py:115} INFO - [2022-07-23 21:15:59,495] {dag.py:2972} INFO - Setting next_dagrun for example_branch_labels to 2022-07-22T00:00:00+00:00, run_after=2022-07-23T00:00:00+00:00
[2022-07-23 21:15:59,502] {processor.py:161} INFO - Processing /home/airflow/.local/lib/python3.7/site-packages/airflow/example_dags/example_branch_labels.py took 0.054 seconds
[2022-07-23 21:16:51,311] {processor.py:153} INFO - Started process (PID=54) to work on /home/airflow/.local/lib/python3.7/site-packages/airflow/example_dags/example_branch_labels.py
[2022-07-23 21:16:51,311] {processor.py:641} INFO - Processing file /home/airflow/.local/lib/python3.7/site-packages/airflow/example_dags/example_branch_labels.py for tasks to queue
[2022-07-23 21:16:51,312] {logging_mixin.py:115} INFO - [2022-07-23 21:16:51,312] {dagbag.py:508} INFO - Filling up the DagBag from /home/airflow/.local/lib/python3.7/site-packages/airflow/example_dags/example_branch_labels.py
[2022-07-23 21:16:51,324] {processor.py:651} INFO - DAG(s) dict_keys(['example_branch_labels']) retrieved from /home/airflow/.local/lib/python3.7/site-packages/airflow/example_dags/example_branch_labels.py
[2022-07-23 21:16:51,370] {logging_mixin.py:115} INFO - [2022-07-23 21:16:51,370] {dag.py:2420} INFO - Sync 1 DAGs
[2022-07-23 21:16:51,561] {logging_mixin.py:115} INFO - [2022-07-23 21:16:51,561] {dag.py:2972} INFO - Setting next_dagrun for example_branch_labels to 2022-07-22T00:00:00+00:00, run_after=2022-07-23T00:00:00+00:00
[2022-07-23 21:16:51,572] {processor.py:161} INFO - Processing /home/airflow/.local/lib/python3.7/site-packages/airflow/example_dags/example_branch_labels.py took 0.264 seconds
