[2022-07-23 21:04:20,448] {processor.py:153} INFO - Started process (PID=53) to work on /home/airflow/.local/lib/python3.7/site-packages/airflow/example_dags/example_bash_operator.py
[2022-07-23 21:04:20,448] {processor.py:641} INFO - Processing file /home/airflow/.local/lib/python3.7/site-packages/airflow/example_dags/example_bash_operator.py for tasks to queue
[2022-07-23 21:04:20,449] {logging_mixin.py:115} INFO - [2022-07-23 21:04:20,449] {dagbag.py:508} INFO - Filling up the DagBag from /home/airflow/.local/lib/python3.7/site-packages/airflow/example_dags/example_bash_operator.py
[2022-07-23 21:04:20,463] {processor.py:651} INFO - DAG(s) dict_keys(['example_bash_operator']) retrieved from /home/airflow/.local/lib/python3.7/site-packages/airflow/example_dags/example_bash_operator.py
[2022-07-23 21:04:20,606] {logging_mixin.py:115} INFO - [2022-07-23 21:04:20,606] {manager.py:508} INFO - Created Permission View: can edit on DAG:example_bash_operator
[2022-07-23 21:04:20,624] {logging_mixin.py:115} INFO - [2022-07-23 21:04:20,624] {manager.py:508} INFO - Created Permission View: can read on DAG:example_bash_operator
[2022-07-23 21:04:20,634] {logging_mixin.py:115} INFO - [2022-07-23 21:04:20,634] {manager.py:508} INFO - Created Permission View: can delete on DAG:example_bash_operator
[2022-07-23 21:04:20,634] {logging_mixin.py:115} INFO - [2022-07-23 21:04:20,634] {dag.py:2420} INFO - Sync 1 DAGs
[2022-07-23 21:04:20,645] {logging_mixin.py:115} INFO - [2022-07-23 21:04:20,645] {dag.py:2439} INFO - Creating ORM DAG for example_bash_operator
[2022-07-23 21:04:20,667] {logging_mixin.py:115} INFO - [2022-07-23 21:04:20,667] {dag.py:2972} INFO - Setting next_dagrun for example_bash_operator to 2022-07-22T00:00:00+00:00, run_after=2022-07-23T00:00:00+00:00
[2022-07-23 21:04:20,694] {processor.py:161} INFO - Processing /home/airflow/.local/lib/python3.7/site-packages/airflow/example_dags/example_bash_operator.py took 0.250 seconds
[2022-07-23 21:04:51,505] {processor.py:153} INFO - Started process (PID=106) to work on /home/airflow/.local/lib/python3.7/site-packages/airflow/example_dags/example_bash_operator.py
[2022-07-23 21:04:51,505] {processor.py:641} INFO - Processing file /home/airflow/.local/lib/python3.7/site-packages/airflow/example_dags/example_bash_operator.py for tasks to queue
[2022-07-23 21:04:51,506] {logging_mixin.py:115} INFO - [2022-07-23 21:04:51,506] {dagbag.py:508} INFO - Filling up the DagBag from /home/airflow/.local/lib/python3.7/site-packages/airflow/example_dags/example_bash_operator.py
[2022-07-23 21:04:51,516] {processor.py:651} INFO - DAG(s) dict_keys(['example_bash_operator']) retrieved from /home/airflow/.local/lib/python3.7/site-packages/airflow/example_dags/example_bash_operator.py
[2022-07-23 21:04:51,542] {logging_mixin.py:115} INFO - [2022-07-23 21:04:51,542] {dag.py:2420} INFO - Sync 1 DAGs
[2022-07-23 21:04:51,564] {logging_mixin.py:115} INFO - [2022-07-23 21:04:51,564] {dag.py:2972} INFO - Setting next_dagrun for example_bash_operator to 2022-07-22T00:00:00+00:00, run_after=2022-07-23T00:00:00+00:00
[2022-07-23 21:04:51,574] {processor.py:161} INFO - Processing /home/airflow/.local/lib/python3.7/site-packages/airflow/example_dags/example_bash_operator.py took 0.071 seconds
[2022-07-23 21:05:21,767] {processor.py:153} INFO - Started process (PID=167) to work on /home/airflow/.local/lib/python3.7/site-packages/airflow/example_dags/example_bash_operator.py
[2022-07-23 21:05:21,767] {processor.py:641} INFO - Processing file /home/airflow/.local/lib/python3.7/site-packages/airflow/example_dags/example_bash_operator.py for tasks to queue
[2022-07-23 21:05:21,768] {logging_mixin.py:115} INFO - [2022-07-23 21:05:21,768] {dagbag.py:508} INFO - Filling up the DagBag from /home/airflow/.local/lib/python3.7/site-packages/airflow/example_dags/example_bash_operator.py
[2022-07-23 21:05:21,779] {processor.py:651} INFO - DAG(s) dict_keys(['example_bash_operator']) retrieved from /home/airflow/.local/lib/python3.7/site-packages/airflow/example_dags/example_bash_operator.py
[2022-07-23 21:05:21,810] {logging_mixin.py:115} INFO - [2022-07-23 21:05:21,810] {dag.py:2420} INFO - Sync 1 DAGs
[2022-07-23 21:05:21,843] {logging_mixin.py:115} INFO - [2022-07-23 21:05:21,843] {dag.py:2972} INFO - Setting next_dagrun for example_bash_operator to 2022-07-22T00:00:00+00:00, run_after=2022-07-23T00:00:00+00:00
[2022-07-23 21:05:21,852] {processor.py:161} INFO - Processing /home/airflow/.local/lib/python3.7/site-packages/airflow/example_dags/example_bash_operator.py took 0.088 seconds
[2022-07-23 21:05:52,172] {processor.py:153} INFO - Started process (PID=227) to work on /home/airflow/.local/lib/python3.7/site-packages/airflow/example_dags/example_bash_operator.py
[2022-07-23 21:05:52,172] {processor.py:641} INFO - Processing file /home/airflow/.local/lib/python3.7/site-packages/airflow/example_dags/example_bash_operator.py for tasks to queue
[2022-07-23 21:05:52,172] {logging_mixin.py:115} INFO - [2022-07-23 21:05:52,172] {dagbag.py:508} INFO - Filling up the DagBag from /home/airflow/.local/lib/python3.7/site-packages/airflow/example_dags/example_bash_operator.py
[2022-07-23 21:05:52,180] {processor.py:651} INFO - DAG(s) dict_keys(['example_bash_operator']) retrieved from /home/airflow/.local/lib/python3.7/site-packages/airflow/example_dags/example_bash_operator.py
[2022-07-23 21:05:52,198] {logging_mixin.py:115} INFO - [2022-07-23 21:05:52,198] {dag.py:2420} INFO - Sync 1 DAGs
[2022-07-23 21:05:52,215] {logging_mixin.py:115} INFO - [2022-07-23 21:05:52,215] {dag.py:2972} INFO - Setting next_dagrun for example_bash_operator to 2022-07-22T00:00:00+00:00, run_after=2022-07-23T00:00:00+00:00
[2022-07-23 21:05:52,223] {processor.py:161} INFO - Processing /home/airflow/.local/lib/python3.7/site-packages/airflow/example_dags/example_bash_operator.py took 0.054 seconds
[2022-07-23 21:06:22,695] {processor.py:153} INFO - Started process (PID=280) to work on /home/airflow/.local/lib/python3.7/site-packages/airflow/example_dags/example_bash_operator.py
[2022-07-23 21:06:22,696] {processor.py:641} INFO - Processing file /home/airflow/.local/lib/python3.7/site-packages/airflow/example_dags/example_bash_operator.py for tasks to queue
[2022-07-23 21:06:22,696] {logging_mixin.py:115} INFO - [2022-07-23 21:06:22,696] {dagbag.py:508} INFO - Filling up the DagBag from /home/airflow/.local/lib/python3.7/site-packages/airflow/example_dags/example_bash_operator.py
[2022-07-23 21:06:22,703] {processor.py:651} INFO - DAG(s) dict_keys(['example_bash_operator']) retrieved from /home/airflow/.local/lib/python3.7/site-packages/airflow/example_dags/example_bash_operator.py
[2022-07-23 21:06:22,741] {logging_mixin.py:115} INFO - [2022-07-23 21:06:22,741] {dag.py:2420} INFO - Sync 1 DAGs
[2022-07-23 21:06:22,762] {logging_mixin.py:115} INFO - [2022-07-23 21:06:22,762] {dag.py:2972} INFO - Setting next_dagrun for example_bash_operator to 2022-07-22T00:00:00+00:00, run_after=2022-07-23T00:00:00+00:00
[2022-07-23 21:06:22,772] {processor.py:161} INFO - Processing /home/airflow/.local/lib/python3.7/site-packages/airflow/example_dags/example_bash_operator.py took 0.079 seconds
[2022-07-23 21:06:52,945] {processor.py:153} INFO - Started process (PID=342) to work on /home/airflow/.local/lib/python3.7/site-packages/airflow/example_dags/example_bash_operator.py
[2022-07-23 21:06:52,945] {processor.py:641} INFO - Processing file /home/airflow/.local/lib/python3.7/site-packages/airflow/example_dags/example_bash_operator.py for tasks to queue
[2022-07-23 21:06:52,946] {logging_mixin.py:115} INFO - [2022-07-23 21:06:52,946] {dagbag.py:508} INFO - Filling up the DagBag from /home/airflow/.local/lib/python3.7/site-packages/airflow/example_dags/example_bash_operator.py
[2022-07-23 21:06:52,953] {processor.py:651} INFO - DAG(s) dict_keys(['example_bash_operator']) retrieved from /home/airflow/.local/lib/python3.7/site-packages/airflow/example_dags/example_bash_operator.py
[2022-07-23 21:06:52,970] {logging_mixin.py:115} INFO - [2022-07-23 21:06:52,970] {dag.py:2420} INFO - Sync 1 DAGs
[2022-07-23 21:06:52,983] {logging_mixin.py:115} INFO - [2022-07-23 21:06:52,983] {dag.py:2972} INFO - Setting next_dagrun for example_bash_operator to 2022-07-22T00:00:00+00:00, run_after=2022-07-23T00:00:00+00:00
[2022-07-23 21:06:52,991] {processor.py:161} INFO - Processing /home/airflow/.local/lib/python3.7/site-packages/airflow/example_dags/example_bash_operator.py took 0.048 seconds
[2022-07-23 21:07:23,346] {processor.py:153} INFO - Started process (PID=403) to work on /home/airflow/.local/lib/python3.7/site-packages/airflow/example_dags/example_bash_operator.py
[2022-07-23 21:07:23,347] {processor.py:641} INFO - Processing file /home/airflow/.local/lib/python3.7/site-packages/airflow/example_dags/example_bash_operator.py for tasks to queue
[2022-07-23 21:07:23,347] {logging_mixin.py:115} INFO - [2022-07-23 21:07:23,347] {dagbag.py:508} INFO - Filling up the DagBag from /home/airflow/.local/lib/python3.7/site-packages/airflow/example_dags/example_bash_operator.py
[2022-07-23 21:07:23,357] {processor.py:651} INFO - DAG(s) dict_keys(['example_bash_operator']) retrieved from /home/airflow/.local/lib/python3.7/site-packages/airflow/example_dags/example_bash_operator.py
[2022-07-23 21:07:23,373] {logging_mixin.py:115} INFO - [2022-07-23 21:07:23,373] {dag.py:2420} INFO - Sync 1 DAGs
[2022-07-23 21:07:23,387] {logging_mixin.py:115} INFO - [2022-07-23 21:07:23,387] {dag.py:2972} INFO - Setting next_dagrun for example_bash_operator to 2022-07-22T00:00:00+00:00, run_after=2022-07-23T00:00:00+00:00
[2022-07-23 21:07:23,393] {processor.py:161} INFO - Processing /home/airflow/.local/lib/python3.7/site-packages/airflow/example_dags/example_bash_operator.py took 0.052 seconds
[2022-07-23 21:07:53,499] {processor.py:153} INFO - Started process (PID=464) to work on /home/airflow/.local/lib/python3.7/site-packages/airflow/example_dags/example_bash_operator.py
[2022-07-23 21:07:53,507] {processor.py:641} INFO - Processing file /home/airflow/.local/lib/python3.7/site-packages/airflow/example_dags/example_bash_operator.py for tasks to queue
[2022-07-23 21:07:53,508] {logging_mixin.py:115} INFO - [2022-07-23 21:07:53,508] {dagbag.py:508} INFO - Filling up the DagBag from /home/airflow/.local/lib/python3.7/site-packages/airflow/example_dags/example_bash_operator.py
[2022-07-23 21:07:53,520] {processor.py:651} INFO - DAG(s) dict_keys(['example_bash_operator']) retrieved from /home/airflow/.local/lib/python3.7/site-packages/airflow/example_dags/example_bash_operator.py
[2022-07-23 21:07:53,537] {logging_mixin.py:115} INFO - [2022-07-23 21:07:53,537] {dag.py:2420} INFO - Sync 1 DAGs
[2022-07-23 21:07:53,551] {logging_mixin.py:115} INFO - [2022-07-23 21:07:53,551] {dag.py:2972} INFO - Setting next_dagrun for example_bash_operator to 2022-07-22T00:00:00+00:00, run_after=2022-07-23T00:00:00+00:00
[2022-07-23 21:07:53,558] {processor.py:161} INFO - Processing /home/airflow/.local/lib/python3.7/site-packages/airflow/example_dags/example_bash_operator.py took 0.061 seconds
[2022-07-23 21:08:23,763] {processor.py:153} INFO - Started process (PID=516) to work on /home/airflow/.local/lib/python3.7/site-packages/airflow/example_dags/example_bash_operator.py
[2022-07-23 21:08:23,763] {processor.py:641} INFO - Processing file /home/airflow/.local/lib/python3.7/site-packages/airflow/example_dags/example_bash_operator.py for tasks to queue
[2022-07-23 21:08:23,764] {logging_mixin.py:115} INFO - [2022-07-23 21:08:23,764] {dagbag.py:508} INFO - Filling up the DagBag from /home/airflow/.local/lib/python3.7/site-packages/airflow/example_dags/example_bash_operator.py
[2022-07-23 21:08:23,775] {processor.py:651} INFO - DAG(s) dict_keys(['example_bash_operator']) retrieved from /home/airflow/.local/lib/python3.7/site-packages/airflow/example_dags/example_bash_operator.py
[2022-07-23 21:08:23,791] {logging_mixin.py:115} INFO - [2022-07-23 21:08:23,791] {dag.py:2420} INFO - Sync 1 DAGs
[2022-07-23 21:08:23,805] {logging_mixin.py:115} INFO - [2022-07-23 21:08:23,805] {dag.py:2972} INFO - Setting next_dagrun for example_bash_operator to 2022-07-22T00:00:00+00:00, run_after=2022-07-23T00:00:00+00:00
[2022-07-23 21:08:23,812] {processor.py:161} INFO - Processing /home/airflow/.local/lib/python3.7/site-packages/airflow/example_dags/example_bash_operator.py took 0.054 seconds
[2022-07-23 21:08:54,068] {processor.py:153} INFO - Started process (PID=578) to work on /home/airflow/.local/lib/python3.7/site-packages/airflow/example_dags/example_bash_operator.py
[2022-07-23 21:08:54,068] {processor.py:641} INFO - Processing file /home/airflow/.local/lib/python3.7/site-packages/airflow/example_dags/example_bash_operator.py for tasks to queue
[2022-07-23 21:08:54,069] {logging_mixin.py:115} INFO - [2022-07-23 21:08:54,069] {dagbag.py:508} INFO - Filling up the DagBag from /home/airflow/.local/lib/python3.7/site-packages/airflow/example_dags/example_bash_operator.py
[2022-07-23 21:08:54,078] {processor.py:651} INFO - DAG(s) dict_keys(['example_bash_operator']) retrieved from /home/airflow/.local/lib/python3.7/site-packages/airflow/example_dags/example_bash_operator.py
[2022-07-23 21:08:54,095] {logging_mixin.py:115} INFO - [2022-07-23 21:08:54,095] {dag.py:2420} INFO - Sync 1 DAGs
[2022-07-23 21:08:54,109] {logging_mixin.py:115} INFO - [2022-07-23 21:08:54,109] {dag.py:2972} INFO - Setting next_dagrun for example_bash_operator to 2022-07-22T00:00:00+00:00, run_after=2022-07-23T00:00:00+00:00
[2022-07-23 21:08:54,116] {processor.py:161} INFO - Processing /home/airflow/.local/lib/python3.7/site-packages/airflow/example_dags/example_bash_operator.py took 0.054 seconds
[2022-07-23 21:09:24,315] {processor.py:153} INFO - Started process (PID=638) to work on /home/airflow/.local/lib/python3.7/site-packages/airflow/example_dags/example_bash_operator.py
[2022-07-23 21:09:24,324] {processor.py:641} INFO - Processing file /home/airflow/.local/lib/python3.7/site-packages/airflow/example_dags/example_bash_operator.py for tasks to queue
[2022-07-23 21:09:24,325] {logging_mixin.py:115} INFO - [2022-07-23 21:09:24,325] {dagbag.py:508} INFO - Filling up the DagBag from /home/airflow/.local/lib/python3.7/site-packages/airflow/example_dags/example_bash_operator.py
[2022-07-23 21:09:24,336] {processor.py:651} INFO - DAG(s) dict_keys(['example_bash_operator']) retrieved from /home/airflow/.local/lib/python3.7/site-packages/airflow/example_dags/example_bash_operator.py
[2022-07-23 21:09:24,352] {logging_mixin.py:115} INFO - [2022-07-23 21:09:24,352] {dag.py:2420} INFO - Sync 1 DAGs
[2022-07-23 21:09:24,370] {logging_mixin.py:115} INFO - [2022-07-23 21:09:24,370] {dag.py:2972} INFO - Setting next_dagrun for example_bash_operator to 2022-07-22T00:00:00+00:00, run_after=2022-07-23T00:00:00+00:00
[2022-07-23 21:09:24,376] {processor.py:161} INFO - Processing /home/airflow/.local/lib/python3.7/site-packages/airflow/example_dags/example_bash_operator.py took 0.063 seconds
[2022-07-23 21:09:54,573] {processor.py:153} INFO - Started process (PID=698) to work on /home/airflow/.local/lib/python3.7/site-packages/airflow/example_dags/example_bash_operator.py
[2022-07-23 21:09:54,573] {processor.py:641} INFO - Processing file /home/airflow/.local/lib/python3.7/site-packages/airflow/example_dags/example_bash_operator.py for tasks to queue
[2022-07-23 21:09:54,573] {logging_mixin.py:115} INFO - [2022-07-23 21:09:54,573] {dagbag.py:508} INFO - Filling up the DagBag from /home/airflow/.local/lib/python3.7/site-packages/airflow/example_dags/example_bash_operator.py
[2022-07-23 21:09:54,580] {processor.py:651} INFO - DAG(s) dict_keys(['example_bash_operator']) retrieved from /home/airflow/.local/lib/python3.7/site-packages/airflow/example_dags/example_bash_operator.py
[2022-07-23 21:09:54,596] {logging_mixin.py:115} INFO - [2022-07-23 21:09:54,596] {dag.py:2420} INFO - Sync 1 DAGs
[2022-07-23 21:09:54,610] {logging_mixin.py:115} INFO - [2022-07-23 21:09:54,610] {dag.py:2972} INFO - Setting next_dagrun for example_bash_operator to 2022-07-22T00:00:00+00:00, run_after=2022-07-23T00:00:00+00:00
[2022-07-23 21:09:54,617] {processor.py:161} INFO - Processing /home/airflow/.local/lib/python3.7/site-packages/airflow/example_dags/example_bash_operator.py took 0.046 seconds
[2022-07-23 21:10:24,827] {processor.py:153} INFO - Started process (PID=749) to work on /home/airflow/.local/lib/python3.7/site-packages/airflow/example_dags/example_bash_operator.py
[2022-07-23 21:10:24,828] {processor.py:641} INFO - Processing file /home/airflow/.local/lib/python3.7/site-packages/airflow/example_dags/example_bash_operator.py for tasks to queue
[2022-07-23 21:10:24,828] {logging_mixin.py:115} INFO - [2022-07-23 21:10:24,828] {dagbag.py:508} INFO - Filling up the DagBag from /home/airflow/.local/lib/python3.7/site-packages/airflow/example_dags/example_bash_operator.py
[2022-07-23 21:10:24,838] {processor.py:651} INFO - DAG(s) dict_keys(['example_bash_operator']) retrieved from /home/airflow/.local/lib/python3.7/site-packages/airflow/example_dags/example_bash_operator.py
[2022-07-23 21:10:24,853] {logging_mixin.py:115} INFO - [2022-07-23 21:10:24,853] {dag.py:2420} INFO - Sync 1 DAGs
[2022-07-23 21:10:24,867] {logging_mixin.py:115} INFO - [2022-07-23 21:10:24,867] {dag.py:2972} INFO - Setting next_dagrun for example_bash_operator to 2022-07-22T00:00:00+00:00, run_after=2022-07-23T00:00:00+00:00
[2022-07-23 21:10:24,874] {processor.py:161} INFO - Processing /home/airflow/.local/lib/python3.7/site-packages/airflow/example_dags/example_bash_operator.py took 0.049 seconds
[2022-07-23 21:10:55,207] {processor.py:153} INFO - Started process (PID=810) to work on /home/airflow/.local/lib/python3.7/site-packages/airflow/example_dags/example_bash_operator.py
[2022-07-23 21:10:55,207] {processor.py:641} INFO - Processing file /home/airflow/.local/lib/python3.7/site-packages/airflow/example_dags/example_bash_operator.py for tasks to queue
[2022-07-23 21:10:55,208] {logging_mixin.py:115} INFO - [2022-07-23 21:10:55,207] {dagbag.py:508} INFO - Filling up the DagBag from /home/airflow/.local/lib/python3.7/site-packages/airflow/example_dags/example_bash_operator.py
[2022-07-23 21:10:55,214] {processor.py:651} INFO - DAG(s) dict_keys(['example_bash_operator']) retrieved from /home/airflow/.local/lib/python3.7/site-packages/airflow/example_dags/example_bash_operator.py
[2022-07-23 21:10:55,230] {logging_mixin.py:115} INFO - [2022-07-23 21:10:55,230] {dag.py:2420} INFO - Sync 1 DAGs
[2022-07-23 21:10:55,244] {logging_mixin.py:115} INFO - [2022-07-23 21:10:55,244] {dag.py:2972} INFO - Setting next_dagrun for example_bash_operator to 2022-07-22T00:00:00+00:00, run_after=2022-07-23T00:00:00+00:00
[2022-07-23 21:10:55,251] {processor.py:161} INFO - Processing /home/airflow/.local/lib/python3.7/site-packages/airflow/example_dags/example_bash_operator.py took 0.046 seconds
[2022-07-23 21:11:25,338] {processor.py:153} INFO - Started process (PID=871) to work on /home/airflow/.local/lib/python3.7/site-packages/airflow/example_dags/example_bash_operator.py
[2022-07-23 21:11:25,339] {processor.py:641} INFO - Processing file /home/airflow/.local/lib/python3.7/site-packages/airflow/example_dags/example_bash_operator.py for tasks to queue
[2022-07-23 21:11:25,339] {logging_mixin.py:115} INFO - [2022-07-23 21:11:25,339] {dagbag.py:508} INFO - Filling up the DagBag from /home/airflow/.local/lib/python3.7/site-packages/airflow/example_dags/example_bash_operator.py
[2022-07-23 21:11:25,347] {processor.py:651} INFO - DAG(s) dict_keys(['example_bash_operator']) retrieved from /home/airflow/.local/lib/python3.7/site-packages/airflow/example_dags/example_bash_operator.py
[2022-07-23 21:11:25,368] {logging_mixin.py:115} INFO - [2022-07-23 21:11:25,368] {dag.py:2420} INFO - Sync 1 DAGs
[2022-07-23 21:11:25,381] {logging_mixin.py:115} INFO - [2022-07-23 21:11:25,381] {dag.py:2972} INFO - Setting next_dagrun for example_bash_operator to 2022-07-22T00:00:00+00:00, run_after=2022-07-23T00:00:00+00:00
[2022-07-23 21:11:25,388] {processor.py:161} INFO - Processing /home/airflow/.local/lib/python3.7/site-packages/airflow/example_dags/example_bash_operator.py took 0.052 seconds
[2022-07-23 21:11:55,634] {processor.py:153} INFO - Started process (PID=931) to work on /home/airflow/.local/lib/python3.7/site-packages/airflow/example_dags/example_bash_operator.py
[2022-07-23 21:11:55,635] {processor.py:641} INFO - Processing file /home/airflow/.local/lib/python3.7/site-packages/airflow/example_dags/example_bash_operator.py for tasks to queue
[2022-07-23 21:11:55,636] {logging_mixin.py:115} INFO - [2022-07-23 21:11:55,635] {dagbag.py:508} INFO - Filling up the DagBag from /home/airflow/.local/lib/python3.7/site-packages/airflow/example_dags/example_bash_operator.py
[2022-07-23 21:11:55,643] {processor.py:651} INFO - DAG(s) dict_keys(['example_bash_operator']) retrieved from /home/airflow/.local/lib/python3.7/site-packages/airflow/example_dags/example_bash_operator.py
[2022-07-23 21:11:55,659] {logging_mixin.py:115} INFO - [2022-07-23 21:11:55,659] {dag.py:2420} INFO - Sync 1 DAGs
[2022-07-23 21:11:55,673] {logging_mixin.py:115} INFO - [2022-07-23 21:11:55,672] {dag.py:2972} INFO - Setting next_dagrun for example_bash_operator to 2022-07-22T00:00:00+00:00, run_after=2022-07-23T00:00:00+00:00
[2022-07-23 21:11:55,680] {processor.py:161} INFO - Processing /home/airflow/.local/lib/python3.7/site-packages/airflow/example_dags/example_bash_operator.py took 0.047 seconds
[2022-07-23 21:12:25,786] {processor.py:153} INFO - Started process (PID=985) to work on /home/airflow/.local/lib/python3.7/site-packages/airflow/example_dags/example_bash_operator.py
[2022-07-23 21:12:25,786] {processor.py:641} INFO - Processing file /home/airflow/.local/lib/python3.7/site-packages/airflow/example_dags/example_bash_operator.py for tasks to queue
[2022-07-23 21:12:25,786] {logging_mixin.py:115} INFO - [2022-07-23 21:12:25,786] {dagbag.py:508} INFO - Filling up the DagBag from /home/airflow/.local/lib/python3.7/site-packages/airflow/example_dags/example_bash_operator.py
[2022-07-23 21:12:25,794] {processor.py:651} INFO - DAG(s) dict_keys(['example_bash_operator']) retrieved from /home/airflow/.local/lib/python3.7/site-packages/airflow/example_dags/example_bash_operator.py
[2022-07-23 21:12:25,811] {logging_mixin.py:115} INFO - [2022-07-23 21:12:25,811] {dag.py:2420} INFO - Sync 1 DAGs
[2022-07-23 21:12:25,828] {logging_mixin.py:115} INFO - [2022-07-23 21:12:25,828] {dag.py:2972} INFO - Setting next_dagrun for example_bash_operator to 2022-07-22T00:00:00+00:00, run_after=2022-07-23T00:00:00+00:00
[2022-07-23 21:12:25,835] {processor.py:161} INFO - Processing /home/airflow/.local/lib/python3.7/site-packages/airflow/example_dags/example_bash_operator.py took 0.051 seconds
[2022-07-23 21:12:56,071] {processor.py:153} INFO - Started process (PID=1045) to work on /home/airflow/.local/lib/python3.7/site-packages/airflow/example_dags/example_bash_operator.py
[2022-07-23 21:12:56,071] {processor.py:641} INFO - Processing file /home/airflow/.local/lib/python3.7/site-packages/airflow/example_dags/example_bash_operator.py for tasks to queue
[2022-07-23 21:12:56,072] {logging_mixin.py:115} INFO - [2022-07-23 21:12:56,071] {dagbag.py:508} INFO - Filling up the DagBag from /home/airflow/.local/lib/python3.7/site-packages/airflow/example_dags/example_bash_operator.py
[2022-07-23 21:12:56,083] {processor.py:651} INFO - DAG(s) dict_keys(['example_bash_operator']) retrieved from /home/airflow/.local/lib/python3.7/site-packages/airflow/example_dags/example_bash_operator.py
[2022-07-23 21:12:56,107] {logging_mixin.py:115} INFO - [2022-07-23 21:12:56,107] {dag.py:2420} INFO - Sync 1 DAGs
[2022-07-23 21:12:56,128] {logging_mixin.py:115} INFO - [2022-07-23 21:12:56,128] {dag.py:2972} INFO - Setting next_dagrun for example_bash_operator to 2022-07-22T00:00:00+00:00, run_after=2022-07-23T00:00:00+00:00
[2022-07-23 21:12:56,138] {processor.py:161} INFO - Processing /home/airflow/.local/lib/python3.7/site-packages/airflow/example_dags/example_bash_operator.py took 0.069 seconds
[2022-07-23 21:13:26,628] {processor.py:153} INFO - Started process (PID=1106) to work on /home/airflow/.local/lib/python3.7/site-packages/airflow/example_dags/example_bash_operator.py
[2022-07-23 21:13:26,628] {processor.py:641} INFO - Processing file /home/airflow/.local/lib/python3.7/site-packages/airflow/example_dags/example_bash_operator.py for tasks to queue
[2022-07-23 21:13:26,629] {logging_mixin.py:115} INFO - [2022-07-23 21:13:26,629] {dagbag.py:508} INFO - Filling up the DagBag from /home/airflow/.local/lib/python3.7/site-packages/airflow/example_dags/example_bash_operator.py
[2022-07-23 21:13:26,640] {processor.py:651} INFO - DAG(s) dict_keys(['example_bash_operator']) retrieved from /home/airflow/.local/lib/python3.7/site-packages/airflow/example_dags/example_bash_operator.py
[2022-07-23 21:13:26,656] {logging_mixin.py:115} INFO - [2022-07-23 21:13:26,656] {dag.py:2420} INFO - Sync 1 DAGs
[2022-07-23 21:13:26,670] {logging_mixin.py:115} INFO - [2022-07-23 21:13:26,670] {dag.py:2972} INFO - Setting next_dagrun for example_bash_operator to 2022-07-22T00:00:00+00:00, run_after=2022-07-23T00:00:00+00:00
[2022-07-23 21:13:26,676] {processor.py:161} INFO - Processing /home/airflow/.local/lib/python3.7/site-packages/airflow/example_dags/example_bash_operator.py took 0.050 seconds
[2022-07-23 21:13:56,908] {processor.py:153} INFO - Started process (PID=1168) to work on /home/airflow/.local/lib/python3.7/site-packages/airflow/example_dags/example_bash_operator.py
[2022-07-23 21:13:56,917] {processor.py:641} INFO - Processing file /home/airflow/.local/lib/python3.7/site-packages/airflow/example_dags/example_bash_operator.py for tasks to queue
[2022-07-23 21:13:56,918] {logging_mixin.py:115} INFO - [2022-07-23 21:13:56,918] {dagbag.py:508} INFO - Filling up the DagBag from /home/airflow/.local/lib/python3.7/site-packages/airflow/example_dags/example_bash_operator.py
[2022-07-23 21:13:56,935] {processor.py:651} INFO - DAG(s) dict_keys(['example_bash_operator']) retrieved from /home/airflow/.local/lib/python3.7/site-packages/airflow/example_dags/example_bash_operator.py
[2022-07-23 21:13:56,954] {logging_mixin.py:115} INFO - [2022-07-23 21:13:56,954] {dag.py:2420} INFO - Sync 1 DAGs
[2022-07-23 21:13:56,972] {logging_mixin.py:115} INFO - [2022-07-23 21:13:56,971] {dag.py:2972} INFO - Setting next_dagrun for example_bash_operator to 2022-07-22T00:00:00+00:00, run_after=2022-07-23T00:00:00+00:00
[2022-07-23 21:13:56,979] {processor.py:161} INFO - Processing /home/airflow/.local/lib/python3.7/site-packages/airflow/example_dags/example_bash_operator.py took 0.073 seconds
[2022-07-23 21:14:27,167] {processor.py:153} INFO - Started process (PID=1220) to work on /home/airflow/.local/lib/python3.7/site-packages/airflow/example_dags/example_bash_operator.py
[2022-07-23 21:14:27,168] {processor.py:641} INFO - Processing file /home/airflow/.local/lib/python3.7/site-packages/airflow/example_dags/example_bash_operator.py for tasks to queue
[2022-07-23 21:14:27,168] {logging_mixin.py:115} INFO - [2022-07-23 21:14:27,168] {dagbag.py:508} INFO - Filling up the DagBag from /home/airflow/.local/lib/python3.7/site-packages/airflow/example_dags/example_bash_operator.py
[2022-07-23 21:14:27,178] {processor.py:651} INFO - DAG(s) dict_keys(['example_bash_operator']) retrieved from /home/airflow/.local/lib/python3.7/site-packages/airflow/example_dags/example_bash_operator.py
[2022-07-23 21:14:27,194] {logging_mixin.py:115} INFO - [2022-07-23 21:14:27,194] {dag.py:2420} INFO - Sync 1 DAGs
[2022-07-23 21:14:27,207] {logging_mixin.py:115} INFO - [2022-07-23 21:14:27,207] {dag.py:2972} INFO - Setting next_dagrun for example_bash_operator to 2022-07-22T00:00:00+00:00, run_after=2022-07-23T00:00:00+00:00
[2022-07-23 21:14:27,215] {processor.py:161} INFO - Processing /home/airflow/.local/lib/python3.7/site-packages/airflow/example_dags/example_bash_operator.py took 0.049 seconds
[2022-07-23 21:14:57,502] {processor.py:153} INFO - Started process (PID=1281) to work on /home/airflow/.local/lib/python3.7/site-packages/airflow/example_dags/example_bash_operator.py
[2022-07-23 21:14:57,502] {processor.py:641} INFO - Processing file /home/airflow/.local/lib/python3.7/site-packages/airflow/example_dags/example_bash_operator.py for tasks to queue
[2022-07-23 21:14:57,502] {logging_mixin.py:115} INFO - [2022-07-23 21:14:57,502] {dagbag.py:508} INFO - Filling up the DagBag from /home/airflow/.local/lib/python3.7/site-packages/airflow/example_dags/example_bash_operator.py
[2022-07-23 21:14:57,510] {processor.py:651} INFO - DAG(s) dict_keys(['example_bash_operator']) retrieved from /home/airflow/.local/lib/python3.7/site-packages/airflow/example_dags/example_bash_operator.py
[2022-07-23 21:14:57,526] {logging_mixin.py:115} INFO - [2022-07-23 21:14:57,526] {dag.py:2420} INFO - Sync 1 DAGs
[2022-07-23 21:14:57,542] {logging_mixin.py:115} INFO - [2022-07-23 21:14:57,542] {dag.py:2972} INFO - Setting next_dagrun for example_bash_operator to 2022-07-22T00:00:00+00:00, run_after=2022-07-23T00:00:00+00:00
[2022-07-23 21:14:57,549] {processor.py:161} INFO - Processing /home/airflow/.local/lib/python3.7/site-packages/airflow/example_dags/example_bash_operator.py took 0.050 seconds
[2022-07-23 21:15:27,840] {processor.py:153} INFO - Started process (PID=1343) to work on /home/airflow/.local/lib/python3.7/site-packages/airflow/example_dags/example_bash_operator.py
[2022-07-23 21:15:27,840] {processor.py:641} INFO - Processing file /home/airflow/.local/lib/python3.7/site-packages/airflow/example_dags/example_bash_operator.py for tasks to queue
[2022-07-23 21:15:27,841] {logging_mixin.py:115} INFO - [2022-07-23 21:15:27,841] {dagbag.py:508} INFO - Filling up the DagBag from /home/airflow/.local/lib/python3.7/site-packages/airflow/example_dags/example_bash_operator.py
[2022-07-23 21:15:27,847] {processor.py:651} INFO - DAG(s) dict_keys(['example_bash_operator']) retrieved from /home/airflow/.local/lib/python3.7/site-packages/airflow/example_dags/example_bash_operator.py
[2022-07-23 21:15:27,867] {logging_mixin.py:115} INFO - [2022-07-23 21:15:27,867] {dag.py:2420} INFO - Sync 1 DAGs
[2022-07-23 21:15:27,886] {logging_mixin.py:115} INFO - [2022-07-23 21:15:27,886] {dag.py:2972} INFO - Setting next_dagrun for example_bash_operator to 2022-07-22T00:00:00+00:00, run_after=2022-07-23T00:00:00+00:00
[2022-07-23 21:15:27,893] {processor.py:161} INFO - Processing /home/airflow/.local/lib/python3.7/site-packages/airflow/example_dags/example_bash_operator.py took 0.056 seconds
[2022-07-23 21:15:58,088] {processor.py:153} INFO - Started process (PID=1404) to work on /home/airflow/.local/lib/python3.7/site-packages/airflow/example_dags/example_bash_operator.py
[2022-07-23 21:15:58,089] {processor.py:641} INFO - Processing file /home/airflow/.local/lib/python3.7/site-packages/airflow/example_dags/example_bash_operator.py for tasks to queue
[2022-07-23 21:15:58,089] {logging_mixin.py:115} INFO - [2022-07-23 21:15:58,089] {dagbag.py:508} INFO - Filling up the DagBag from /home/airflow/.local/lib/python3.7/site-packages/airflow/example_dags/example_bash_operator.py
[2022-07-23 21:15:58,097] {processor.py:651} INFO - DAG(s) dict_keys(['example_bash_operator']) retrieved from /home/airflow/.local/lib/python3.7/site-packages/airflow/example_dags/example_bash_operator.py
[2022-07-23 21:15:58,118] {logging_mixin.py:115} INFO - [2022-07-23 21:15:58,117] {dag.py:2420} INFO - Sync 1 DAGs
[2022-07-23 21:15:58,131] {logging_mixin.py:115} INFO - [2022-07-23 21:15:58,131] {dag.py:2972} INFO - Setting next_dagrun for example_bash_operator to 2022-07-22T00:00:00+00:00, run_after=2022-07-23T00:00:00+00:00
[2022-07-23 21:15:58,138] {processor.py:161} INFO - Processing /home/airflow/.local/lib/python3.7/site-packages/airflow/example_dags/example_bash_operator.py took 0.054 seconds
[2022-07-23 21:16:49,860] {processor.py:153} INFO - Started process (PID=43) to work on /home/airflow/.local/lib/python3.7/site-packages/airflow/example_dags/example_bash_operator.py
[2022-07-23 21:16:49,861] {processor.py:641} INFO - Processing file /home/airflow/.local/lib/python3.7/site-packages/airflow/example_dags/example_bash_operator.py for tasks to queue
[2022-07-23 21:16:49,861] {logging_mixin.py:115} INFO - [2022-07-23 21:16:49,861] {dagbag.py:508} INFO - Filling up the DagBag from /home/airflow/.local/lib/python3.7/site-packages/airflow/example_dags/example_bash_operator.py
[2022-07-23 21:16:49,875] {processor.py:651} INFO - DAG(s) dict_keys(['example_bash_operator']) retrieved from /home/airflow/.local/lib/python3.7/site-packages/airflow/example_dags/example_bash_operator.py
[2022-07-23 21:16:49,906] {logging_mixin.py:115} INFO - [2022-07-23 21:16:49,905] {dag.py:2420} INFO - Sync 1 DAGs
[2022-07-23 21:16:50,057] {logging_mixin.py:115} INFO - [2022-07-23 21:16:50,057] {dag.py:2972} INFO - Setting next_dagrun for example_bash_operator to 2022-07-22T00:00:00+00:00, run_after=2022-07-23T00:00:00+00:00
[2022-07-23 21:16:50,073] {processor.py:161} INFO - Processing /home/airflow/.local/lib/python3.7/site-packages/airflow/example_dags/example_bash_operator.py took 0.216 seconds
