[2022-07-23 21:04:20,692] {processor.py:153} INFO - Started process (PID=54) to work on /home/airflow/.local/lib/python3.7/site-packages/airflow/example_dags/example_latest_only.py
[2022-07-23 21:04:20,692] {processor.py:641} INFO - Processing file /home/airflow/.local/lib/python3.7/site-packages/airflow/example_dags/example_latest_only.py for tasks to queue
[2022-07-23 21:04:20,693] {logging_mixin.py:115} INFO - [2022-07-23 21:04:20,693] {dagbag.py:508} INFO - Filling up the DagBag from /home/airflow/.local/lib/python3.7/site-packages/airflow/example_dags/example_latest_only.py
[2022-07-23 21:04:20,699] {processor.py:651} INFO - DAG(s) dict_keys(['latest_only']) retrieved from /home/airflow/.local/lib/python3.7/site-packages/airflow/example_dags/example_latest_only.py
[2022-07-23 21:04:20,825] {logging_mixin.py:115} INFO - [2022-07-23 21:04:20,825] {manager.py:508} INFO - Created Permission View: can edit on DAG:latest_only
[2022-07-23 21:04:20,846] {logging_mixin.py:115} INFO - [2022-07-23 21:04:20,846] {manager.py:508} INFO - Created Permission View: can read on DAG:latest_only
[2022-07-23 21:04:20,856] {logging_mixin.py:115} INFO - [2022-07-23 21:04:20,856] {manager.py:508} INFO - Created Permission View: can delete on DAG:latest_only
[2022-07-23 21:04:20,856] {logging_mixin.py:115} INFO - [2022-07-23 21:04:20,856] {dag.py:2420} INFO - Sync 1 DAGs
[2022-07-23 21:04:20,868] {logging_mixin.py:115} INFO - [2022-07-23 21:04:20,868] {dag.py:2439} INFO - Creating ORM DAG for latest_only
[2022-07-23 21:04:20,885] {logging_mixin.py:115} INFO - [2022-07-23 21:04:20,885] {dag.py:2972} INFO - Setting next_dagrun for latest_only to 2022-07-23T17:04:20.884810+00:00, run_after=2022-07-23T21:04:20.884810+00:00
[2022-07-23 21:04:20,902] {processor.py:161} INFO - Processing /home/airflow/.local/lib/python3.7/site-packages/airflow/example_dags/example_latest_only.py took 0.213 seconds
[2022-07-23 21:04:51,593] {processor.py:153} INFO - Started process (PID=107) to work on /home/airflow/.local/lib/python3.7/site-packages/airflow/example_dags/example_latest_only.py
[2022-07-23 21:04:51,594] {processor.py:641} INFO - Processing file /home/airflow/.local/lib/python3.7/site-packages/airflow/example_dags/example_latest_only.py for tasks to queue
[2022-07-23 21:04:51,594] {logging_mixin.py:115} INFO - [2022-07-23 21:04:51,594] {dagbag.py:508} INFO - Filling up the DagBag from /home/airflow/.local/lib/python3.7/site-packages/airflow/example_dags/example_latest_only.py
[2022-07-23 21:04:51,598] {processor.py:651} INFO - DAG(s) dict_keys(['latest_only']) retrieved from /home/airflow/.local/lib/python3.7/site-packages/airflow/example_dags/example_latest_only.py
[2022-07-23 21:04:51,621] {logging_mixin.py:115} INFO - [2022-07-23 21:04:51,621] {dag.py:2420} INFO - Sync 1 DAGs
[2022-07-23 21:04:51,640] {logging_mixin.py:115} INFO - [2022-07-23 21:04:51,640] {dag.py:2972} INFO - Setting next_dagrun for latest_only to 2022-07-23T17:04:51.640530+00:00, run_after=2022-07-23T21:04:51.640530+00:00
[2022-07-23 21:04:51,651] {processor.py:161} INFO - Processing /home/airflow/.local/lib/python3.7/site-packages/airflow/example_dags/example_latest_only.py took 0.062 seconds
[2022-07-23 21:05:21,880] {processor.py:153} INFO - Started process (PID=168) to work on /home/airflow/.local/lib/python3.7/site-packages/airflow/example_dags/example_latest_only.py
[2022-07-23 21:05:21,881] {processor.py:641} INFO - Processing file /home/airflow/.local/lib/python3.7/site-packages/airflow/example_dags/example_latest_only.py for tasks to queue
[2022-07-23 21:05:21,882] {logging_mixin.py:115} INFO - [2022-07-23 21:05:21,881] {dagbag.py:508} INFO - Filling up the DagBag from /home/airflow/.local/lib/python3.7/site-packages/airflow/example_dags/example_latest_only.py
[2022-07-23 21:05:21,885] {processor.py:651} INFO - DAG(s) dict_keys(['latest_only']) retrieved from /home/airflow/.local/lib/python3.7/site-packages/airflow/example_dags/example_latest_only.py
[2022-07-23 21:05:21,917] {logging_mixin.py:115} INFO - [2022-07-23 21:05:21,917] {dag.py:2420} INFO - Sync 1 DAGs
[2022-07-23 21:05:21,950] {logging_mixin.py:115} INFO - [2022-07-23 21:05:21,950] {dag.py:2972} INFO - Setting next_dagrun for latest_only to 2022-07-23T17:05:21.949651+00:00, run_after=2022-07-23T21:05:21.949651+00:00
[2022-07-23 21:05:21,962] {processor.py:161} INFO - Processing /home/airflow/.local/lib/python3.7/site-packages/airflow/example_dags/example_latest_only.py took 0.087 seconds
[2022-07-23 21:05:52,235] {processor.py:153} INFO - Started process (PID=228) to work on /home/airflow/.local/lib/python3.7/site-packages/airflow/example_dags/example_latest_only.py
[2022-07-23 21:05:52,236] {processor.py:641} INFO - Processing file /home/airflow/.local/lib/python3.7/site-packages/airflow/example_dags/example_latest_only.py for tasks to queue
[2022-07-23 21:05:52,236] {logging_mixin.py:115} INFO - [2022-07-23 21:05:52,236] {dagbag.py:508} INFO - Filling up the DagBag from /home/airflow/.local/lib/python3.7/site-packages/airflow/example_dags/example_latest_only.py
[2022-07-23 21:05:52,239] {processor.py:651} INFO - DAG(s) dict_keys(['latest_only']) retrieved from /home/airflow/.local/lib/python3.7/site-packages/airflow/example_dags/example_latest_only.py
[2022-07-23 21:05:52,257] {logging_mixin.py:115} INFO - [2022-07-23 21:05:52,257] {dag.py:2420} INFO - Sync 1 DAGs
[2022-07-23 21:05:52,273] {logging_mixin.py:115} INFO - [2022-07-23 21:05:52,273] {dag.py:2972} INFO - Setting next_dagrun for latest_only to 2022-07-23T17:05:52.273493+00:00, run_after=2022-07-23T21:05:52.273493+00:00
[2022-07-23 21:05:52,285] {processor.py:161} INFO - Processing /home/airflow/.local/lib/python3.7/site-packages/airflow/example_dags/example_latest_only.py took 0.052 seconds
[2022-07-23 21:06:22,773] {processor.py:153} INFO - Started process (PID=288) to work on /home/airflow/.local/lib/python3.7/site-packages/airflow/example_dags/example_latest_only.py
[2022-07-23 21:06:22,773] {processor.py:641} INFO - Processing file /home/airflow/.local/lib/python3.7/site-packages/airflow/example_dags/example_latest_only.py for tasks to queue
[2022-07-23 21:06:22,773] {logging_mixin.py:115} INFO - [2022-07-23 21:06:22,773] {dagbag.py:508} INFO - Filling up the DagBag from /home/airflow/.local/lib/python3.7/site-packages/airflow/example_dags/example_latest_only.py
[2022-07-23 21:06:22,777] {processor.py:651} INFO - DAG(s) dict_keys(['latest_only']) retrieved from /home/airflow/.local/lib/python3.7/site-packages/airflow/example_dags/example_latest_only.py
[2022-07-23 21:06:22,797] {logging_mixin.py:115} INFO - [2022-07-23 21:06:22,796] {dag.py:2420} INFO - Sync 1 DAGs
[2022-07-23 21:06:22,817] {logging_mixin.py:115} INFO - [2022-07-23 21:06:22,817] {dag.py:2972} INFO - Setting next_dagrun for latest_only to 2022-07-23T17:06:22.817158+00:00, run_after=2022-07-23T21:06:22.817158+00:00
[2022-07-23 21:06:22,827] {processor.py:161} INFO - Processing /home/airflow/.local/lib/python3.7/site-packages/airflow/example_dags/example_latest_only.py took 0.057 seconds
[2022-07-23 21:06:52,999] {processor.py:153} INFO - Started process (PID=343) to work on /home/airflow/.local/lib/python3.7/site-packages/airflow/example_dags/example_latest_only.py
[2022-07-23 21:06:52,999] {processor.py:641} INFO - Processing file /home/airflow/.local/lib/python3.7/site-packages/airflow/example_dags/example_latest_only.py for tasks to queue
[2022-07-23 21:06:52,999] {logging_mixin.py:115} INFO - [2022-07-23 21:06:52,999] {dagbag.py:508} INFO - Filling up the DagBag from /home/airflow/.local/lib/python3.7/site-packages/airflow/example_dags/example_latest_only.py
[2022-07-23 21:06:53,002] {processor.py:651} INFO - DAG(s) dict_keys(['latest_only']) retrieved from /home/airflow/.local/lib/python3.7/site-packages/airflow/example_dags/example_latest_only.py
[2022-07-23 21:06:53,016] {logging_mixin.py:115} INFO - [2022-07-23 21:06:53,016] {dag.py:2420} INFO - Sync 1 DAGs
[2022-07-23 21:06:53,028] {logging_mixin.py:115} INFO - [2022-07-23 21:06:53,028] {dag.py:2972} INFO - Setting next_dagrun for latest_only to 2022-07-23T17:06:53.028681+00:00, run_after=2022-07-23T21:06:53.028681+00:00
[2022-07-23 21:06:53,035] {processor.py:161} INFO - Processing /home/airflow/.local/lib/python3.7/site-packages/airflow/example_dags/example_latest_only.py took 0.037 seconds
[2022-07-23 21:07:23,402] {processor.py:153} INFO - Started process (PID=404) to work on /home/airflow/.local/lib/python3.7/site-packages/airflow/example_dags/example_latest_only.py
[2022-07-23 21:07:23,402] {processor.py:641} INFO - Processing file /home/airflow/.local/lib/python3.7/site-packages/airflow/example_dags/example_latest_only.py for tasks to queue
[2022-07-23 21:07:23,403] {logging_mixin.py:115} INFO - [2022-07-23 21:07:23,402] {dagbag.py:508} INFO - Filling up the DagBag from /home/airflow/.local/lib/python3.7/site-packages/airflow/example_dags/example_latest_only.py
[2022-07-23 21:07:23,405] {processor.py:651} INFO - DAG(s) dict_keys(['latest_only']) retrieved from /home/airflow/.local/lib/python3.7/site-packages/airflow/example_dags/example_latest_only.py
[2022-07-23 21:07:23,419] {logging_mixin.py:115} INFO - [2022-07-23 21:07:23,419] {dag.py:2420} INFO - Sync 1 DAGs
[2022-07-23 21:07:23,431] {logging_mixin.py:115} INFO - [2022-07-23 21:07:23,431] {dag.py:2972} INFO - Setting next_dagrun for latest_only to 2022-07-23T17:07:23.431718+00:00, run_after=2022-07-23T21:07:23.431718+00:00
[2022-07-23 21:07:23,438] {processor.py:161} INFO - Processing /home/airflow/.local/lib/python3.7/site-packages/airflow/example_dags/example_latest_only.py took 0.038 seconds
[2022-07-23 21:07:53,567] {processor.py:153} INFO - Started process (PID=465) to work on /home/airflow/.local/lib/python3.7/site-packages/airflow/example_dags/example_latest_only.py
[2022-07-23 21:07:53,567] {processor.py:641} INFO - Processing file /home/airflow/.local/lib/python3.7/site-packages/airflow/example_dags/example_latest_only.py for tasks to queue
[2022-07-23 21:07:53,567] {logging_mixin.py:115} INFO - [2022-07-23 21:07:53,567] {dagbag.py:508} INFO - Filling up the DagBag from /home/airflow/.local/lib/python3.7/site-packages/airflow/example_dags/example_latest_only.py
[2022-07-23 21:07:53,570] {processor.py:651} INFO - DAG(s) dict_keys(['latest_only']) retrieved from /home/airflow/.local/lib/python3.7/site-packages/airflow/example_dags/example_latest_only.py
[2022-07-23 21:07:53,584] {logging_mixin.py:115} INFO - [2022-07-23 21:07:53,584] {dag.py:2420} INFO - Sync 1 DAGs
[2022-07-23 21:07:53,597] {logging_mixin.py:115} INFO - [2022-07-23 21:07:53,596] {dag.py:2972} INFO - Setting next_dagrun for latest_only to 2022-07-23T17:07:53.596771+00:00, run_after=2022-07-23T21:07:53.596771+00:00
[2022-07-23 21:07:53,603] {processor.py:161} INFO - Processing /home/airflow/.local/lib/python3.7/site-packages/airflow/example_dags/example_latest_only.py took 0.038 seconds
[2022-07-23 21:08:23,821] {processor.py:153} INFO - Started process (PID=517) to work on /home/airflow/.local/lib/python3.7/site-packages/airflow/example_dags/example_latest_only.py
[2022-07-23 21:08:23,822] {processor.py:641} INFO - Processing file /home/airflow/.local/lib/python3.7/site-packages/airflow/example_dags/example_latest_only.py for tasks to queue
[2022-07-23 21:08:23,822] {logging_mixin.py:115} INFO - [2022-07-23 21:08:23,822] {dagbag.py:508} INFO - Filling up the DagBag from /home/airflow/.local/lib/python3.7/site-packages/airflow/example_dags/example_latest_only.py
[2022-07-23 21:08:23,825] {processor.py:651} INFO - DAG(s) dict_keys(['latest_only']) retrieved from /home/airflow/.local/lib/python3.7/site-packages/airflow/example_dags/example_latest_only.py
[2022-07-23 21:08:23,839] {logging_mixin.py:115} INFO - [2022-07-23 21:08:23,839] {dag.py:2420} INFO - Sync 1 DAGs
[2022-07-23 21:08:23,851] {logging_mixin.py:115} INFO - [2022-07-23 21:08:23,851] {dag.py:2972} INFO - Setting next_dagrun for latest_only to 2022-07-23T17:08:23.851798+00:00, run_after=2022-07-23T21:08:23.851798+00:00
[2022-07-23 21:08:23,858] {processor.py:161} INFO - Processing /home/airflow/.local/lib/python3.7/site-packages/airflow/example_dags/example_latest_only.py took 0.038 seconds
[2022-07-23 21:08:54,126] {processor.py:153} INFO - Started process (PID=579) to work on /home/airflow/.local/lib/python3.7/site-packages/airflow/example_dags/example_latest_only.py
[2022-07-23 21:08:54,126] {processor.py:641} INFO - Processing file /home/airflow/.local/lib/python3.7/site-packages/airflow/example_dags/example_latest_only.py for tasks to queue
[2022-07-23 21:08:54,127] {logging_mixin.py:115} INFO - [2022-07-23 21:08:54,127] {dagbag.py:508} INFO - Filling up the DagBag from /home/airflow/.local/lib/python3.7/site-packages/airflow/example_dags/example_latest_only.py
[2022-07-23 21:08:54,130] {processor.py:651} INFO - DAG(s) dict_keys(['latest_only']) retrieved from /home/airflow/.local/lib/python3.7/site-packages/airflow/example_dags/example_latest_only.py
[2022-07-23 21:08:54,148] {logging_mixin.py:115} INFO - [2022-07-23 21:08:54,148] {dag.py:2420} INFO - Sync 1 DAGs
[2022-07-23 21:08:54,162] {logging_mixin.py:115} INFO - [2022-07-23 21:08:54,161] {dag.py:2972} INFO - Setting next_dagrun for latest_only to 2022-07-23T17:08:54.161799+00:00, run_after=2022-07-23T21:08:54.161799+00:00
[2022-07-23 21:08:54,168] {processor.py:161} INFO - Processing /home/airflow/.local/lib/python3.7/site-packages/airflow/example_dags/example_latest_only.py took 0.044 seconds
[2022-07-23 21:09:24,398] {processor.py:153} INFO - Started process (PID=639) to work on /home/airflow/.local/lib/python3.7/site-packages/airflow/example_dags/example_latest_only.py
[2022-07-23 21:09:24,399] {processor.py:641} INFO - Processing file /home/airflow/.local/lib/python3.7/site-packages/airflow/example_dags/example_latest_only.py for tasks to queue
[2022-07-23 21:09:24,399] {logging_mixin.py:115} INFO - [2022-07-23 21:09:24,399] {dagbag.py:508} INFO - Filling up the DagBag from /home/airflow/.local/lib/python3.7/site-packages/airflow/example_dags/example_latest_only.py
[2022-07-23 21:09:24,402] {processor.py:651} INFO - DAG(s) dict_keys(['latest_only']) retrieved from /home/airflow/.local/lib/python3.7/site-packages/airflow/example_dags/example_latest_only.py
[2022-07-23 21:09:24,417] {logging_mixin.py:115} INFO - [2022-07-23 21:09:24,417] {dag.py:2420} INFO - Sync 1 DAGs
[2022-07-23 21:09:24,431] {logging_mixin.py:115} INFO - [2022-07-23 21:09:24,431] {dag.py:2972} INFO - Setting next_dagrun for latest_only to 2022-07-23T17:09:24.430892+00:00, run_after=2022-07-23T21:09:24.430892+00:00
[2022-07-23 21:09:24,439] {processor.py:161} INFO - Processing /home/airflow/.local/lib/python3.7/site-packages/airflow/example_dags/example_latest_only.py took 0.043 seconds
[2022-07-23 21:09:54,626] {processor.py:153} INFO - Started process (PID=699) to work on /home/airflow/.local/lib/python3.7/site-packages/airflow/example_dags/example_latest_only.py
[2022-07-23 21:09:54,626] {processor.py:641} INFO - Processing file /home/airflow/.local/lib/python3.7/site-packages/airflow/example_dags/example_latest_only.py for tasks to queue
[2022-07-23 21:09:54,626] {logging_mixin.py:115} INFO - [2022-07-23 21:09:54,626] {dagbag.py:508} INFO - Filling up the DagBag from /home/airflow/.local/lib/python3.7/site-packages/airflow/example_dags/example_latest_only.py
[2022-07-23 21:09:54,629] {processor.py:651} INFO - DAG(s) dict_keys(['latest_only']) retrieved from /home/airflow/.local/lib/python3.7/site-packages/airflow/example_dags/example_latest_only.py
[2022-07-23 21:09:54,643] {logging_mixin.py:115} INFO - [2022-07-23 21:09:54,643] {dag.py:2420} INFO - Sync 1 DAGs
[2022-07-23 21:09:54,655] {logging_mixin.py:115} INFO - [2022-07-23 21:09:54,655] {dag.py:2972} INFO - Setting next_dagrun for latest_only to 2022-07-23T17:09:54.655514+00:00, run_after=2022-07-23T21:09:54.655514+00:00
[2022-07-23 21:09:54,661] {processor.py:161} INFO - Processing /home/airflow/.local/lib/python3.7/site-packages/airflow/example_dags/example_latest_only.py took 0.037 seconds
[2022-07-23 21:10:24,882] {processor.py:153} INFO - Started process (PID=750) to work on /home/airflow/.local/lib/python3.7/site-packages/airflow/example_dags/example_latest_only.py
[2022-07-23 21:10:24,882] {processor.py:641} INFO - Processing file /home/airflow/.local/lib/python3.7/site-packages/airflow/example_dags/example_latest_only.py for tasks to queue
[2022-07-23 21:10:24,882] {logging_mixin.py:115} INFO - [2022-07-23 21:10:24,882] {dagbag.py:508} INFO - Filling up the DagBag from /home/airflow/.local/lib/python3.7/site-packages/airflow/example_dags/example_latest_only.py
[2022-07-23 21:10:24,885] {processor.py:651} INFO - DAG(s) dict_keys(['latest_only']) retrieved from /home/airflow/.local/lib/python3.7/site-packages/airflow/example_dags/example_latest_only.py
[2022-07-23 21:10:24,899] {logging_mixin.py:115} INFO - [2022-07-23 21:10:24,899] {dag.py:2420} INFO - Sync 1 DAGs
[2022-07-23 21:10:24,911] {logging_mixin.py:115} INFO - [2022-07-23 21:10:24,911] {dag.py:2972} INFO - Setting next_dagrun for latest_only to 2022-07-23T17:10:24.911073+00:00, run_after=2022-07-23T21:10:24.911073+00:00
[2022-07-23 21:10:24,918] {processor.py:161} INFO - Processing /home/airflow/.local/lib/python3.7/site-packages/airflow/example_dags/example_latest_only.py took 0.038 seconds
[2022-07-23 21:10:55,260] {processor.py:153} INFO - Started process (PID=811) to work on /home/airflow/.local/lib/python3.7/site-packages/airflow/example_dags/example_latest_only.py
[2022-07-23 21:10:55,260] {processor.py:641} INFO - Processing file /home/airflow/.local/lib/python3.7/site-packages/airflow/example_dags/example_latest_only.py for tasks to queue
[2022-07-23 21:10:55,260] {logging_mixin.py:115} INFO - [2022-07-23 21:10:55,260] {dagbag.py:508} INFO - Filling up the DagBag from /home/airflow/.local/lib/python3.7/site-packages/airflow/example_dags/example_latest_only.py
[2022-07-23 21:10:55,263] {processor.py:651} INFO - DAG(s) dict_keys(['latest_only']) retrieved from /home/airflow/.local/lib/python3.7/site-packages/airflow/example_dags/example_latest_only.py
[2022-07-23 21:10:55,277] {logging_mixin.py:115} INFO - [2022-07-23 21:10:55,277] {dag.py:2420} INFO - Sync 1 DAGs
[2022-07-23 21:10:55,290] {logging_mixin.py:115} INFO - [2022-07-23 21:10:55,290] {dag.py:2972} INFO - Setting next_dagrun for latest_only to 2022-07-23T17:10:55.289913+00:00, run_after=2022-07-23T21:10:55.289913+00:00
[2022-07-23 21:10:55,296] {processor.py:161} INFO - Processing /home/airflow/.local/lib/python3.7/site-packages/airflow/example_dags/example_latest_only.py took 0.038 seconds
[2022-07-23 21:11:25,398] {processor.py:153} INFO - Started process (PID=872) to work on /home/airflow/.local/lib/python3.7/site-packages/airflow/example_dags/example_latest_only.py
[2022-07-23 21:11:25,399] {processor.py:641} INFO - Processing file /home/airflow/.local/lib/python3.7/site-packages/airflow/example_dags/example_latest_only.py for tasks to queue
[2022-07-23 21:11:25,399] {logging_mixin.py:115} INFO - [2022-07-23 21:11:25,399] {dagbag.py:508} INFO - Filling up the DagBag from /home/airflow/.local/lib/python3.7/site-packages/airflow/example_dags/example_latest_only.py
[2022-07-23 21:11:25,402] {processor.py:651} INFO - DAG(s) dict_keys(['latest_only']) retrieved from /home/airflow/.local/lib/python3.7/site-packages/airflow/example_dags/example_latest_only.py
[2022-07-23 21:11:25,421] {logging_mixin.py:115} INFO - [2022-07-23 21:11:25,421] {dag.py:2420} INFO - Sync 1 DAGs
[2022-07-23 21:11:25,437] {logging_mixin.py:115} INFO - [2022-07-23 21:11:25,437] {dag.py:2972} INFO - Setting next_dagrun for latest_only to 2022-07-23T17:11:25.437015+00:00, run_after=2022-07-23T21:11:25.437015+00:00
[2022-07-23 21:11:25,444] {processor.py:161} INFO - Processing /home/airflow/.local/lib/python3.7/site-packages/airflow/example_dags/example_latest_only.py took 0.048 seconds
[2022-07-23 21:11:55,688] {processor.py:153} INFO - Started process (PID=932) to work on /home/airflow/.local/lib/python3.7/site-packages/airflow/example_dags/example_latest_only.py
[2022-07-23 21:11:55,688] {processor.py:641} INFO - Processing file /home/airflow/.local/lib/python3.7/site-packages/airflow/example_dags/example_latest_only.py for tasks to queue
[2022-07-23 21:11:55,688] {logging_mixin.py:115} INFO - [2022-07-23 21:11:55,688] {dagbag.py:508} INFO - Filling up the DagBag from /home/airflow/.local/lib/python3.7/site-packages/airflow/example_dags/example_latest_only.py
[2022-07-23 21:11:55,691] {processor.py:651} INFO - DAG(s) dict_keys(['latest_only']) retrieved from /home/airflow/.local/lib/python3.7/site-packages/airflow/example_dags/example_latest_only.py
[2022-07-23 21:11:55,705] {logging_mixin.py:115} INFO - [2022-07-23 21:11:55,705] {dag.py:2420} INFO - Sync 1 DAGs
[2022-07-23 21:11:55,717] {logging_mixin.py:115} INFO - [2022-07-23 21:11:55,717] {dag.py:2972} INFO - Setting next_dagrun for latest_only to 2022-07-23T17:11:55.717668+00:00, run_after=2022-07-23T21:11:55.717668+00:00
[2022-07-23 21:11:55,724] {processor.py:161} INFO - Processing /home/airflow/.local/lib/python3.7/site-packages/airflow/example_dags/example_latest_only.py took 0.038 seconds
[2022-07-23 21:12:25,849] {processor.py:153} INFO - Started process (PID=986) to work on /home/airflow/.local/lib/python3.7/site-packages/airflow/example_dags/example_latest_only.py
[2022-07-23 21:12:25,849] {processor.py:641} INFO - Processing file /home/airflow/.local/lib/python3.7/site-packages/airflow/example_dags/example_latest_only.py for tasks to queue
[2022-07-23 21:12:25,849] {logging_mixin.py:115} INFO - [2022-07-23 21:12:25,849] {dagbag.py:508} INFO - Filling up the DagBag from /home/airflow/.local/lib/python3.7/site-packages/airflow/example_dags/example_latest_only.py
[2022-07-23 21:12:25,852] {processor.py:651} INFO - DAG(s) dict_keys(['latest_only']) retrieved from /home/airflow/.local/lib/python3.7/site-packages/airflow/example_dags/example_latest_only.py
[2022-07-23 21:12:25,866] {logging_mixin.py:115} INFO - [2022-07-23 21:12:25,866] {dag.py:2420} INFO - Sync 1 DAGs
[2022-07-23 21:12:25,879] {logging_mixin.py:115} INFO - [2022-07-23 21:12:25,879] {dag.py:2972} INFO - Setting next_dagrun for latest_only to 2022-07-23T17:12:25.879117+00:00, run_after=2022-07-23T21:12:25.879117+00:00
[2022-07-23 21:12:25,885] {processor.py:161} INFO - Processing /home/airflow/.local/lib/python3.7/site-packages/airflow/example_dags/example_latest_only.py took 0.038 seconds
[2022-07-23 21:12:56,153] {processor.py:153} INFO - Started process (PID=1046) to work on /home/airflow/.local/lib/python3.7/site-packages/airflow/example_dags/example_latest_only.py
[2022-07-23 21:12:56,153] {processor.py:641} INFO - Processing file /home/airflow/.local/lib/python3.7/site-packages/airflow/example_dags/example_latest_only.py for tasks to queue
[2022-07-23 21:12:56,153] {logging_mixin.py:115} INFO - [2022-07-23 21:12:56,153] {dagbag.py:508} INFO - Filling up the DagBag from /home/airflow/.local/lib/python3.7/site-packages/airflow/example_dags/example_latest_only.py
[2022-07-23 21:12:56,156] {processor.py:651} INFO - DAG(s) dict_keys(['latest_only']) retrieved from /home/airflow/.local/lib/python3.7/site-packages/airflow/example_dags/example_latest_only.py
[2022-07-23 21:12:56,177] {logging_mixin.py:115} INFO - [2022-07-23 21:12:56,177] {dag.py:2420} INFO - Sync 1 DAGs
[2022-07-23 21:12:56,204] {logging_mixin.py:115} INFO - [2022-07-23 21:12:56,204] {dag.py:2972} INFO - Setting next_dagrun for latest_only to 2022-07-23T17:12:56.204222+00:00, run_after=2022-07-23T21:12:56.204222+00:00
[2022-07-23 21:12:56,214] {processor.py:161} INFO - Processing /home/airflow/.local/lib/python3.7/site-packages/airflow/example_dags/example_latest_only.py took 0.063 seconds
[2022-07-23 21:13:26,685] {processor.py:153} INFO - Started process (PID=1107) to work on /home/airflow/.local/lib/python3.7/site-packages/airflow/example_dags/example_latest_only.py
[2022-07-23 21:13:26,685] {processor.py:641} INFO - Processing file /home/airflow/.local/lib/python3.7/site-packages/airflow/example_dags/example_latest_only.py for tasks to queue
[2022-07-23 21:13:26,685] {logging_mixin.py:115} INFO - [2022-07-23 21:13:26,685] {dagbag.py:508} INFO - Filling up the DagBag from /home/airflow/.local/lib/python3.7/site-packages/airflow/example_dags/example_latest_only.py
[2022-07-23 21:13:26,688] {processor.py:651} INFO - DAG(s) dict_keys(['latest_only']) retrieved from /home/airflow/.local/lib/python3.7/site-packages/airflow/example_dags/example_latest_only.py
[2022-07-23 21:13:26,702] {logging_mixin.py:115} INFO - [2022-07-23 21:13:26,702] {dag.py:2420} INFO - Sync 1 DAGs
[2022-07-23 21:13:26,715] {logging_mixin.py:115} INFO - [2022-07-23 21:13:26,715] {dag.py:2972} INFO - Setting next_dagrun for latest_only to 2022-07-23T17:13:26.715283+00:00, run_after=2022-07-23T21:13:26.715283+00:00
[2022-07-23 21:13:26,721] {processor.py:161} INFO - Processing /home/airflow/.local/lib/python3.7/site-packages/airflow/example_dags/example_latest_only.py took 0.038 seconds
[2022-07-23 21:13:56,986] {processor.py:153} INFO - Started process (PID=1169) to work on /home/airflow/.local/lib/python3.7/site-packages/airflow/example_dags/example_latest_only.py
[2022-07-23 21:13:56,987] {processor.py:641} INFO - Processing file /home/airflow/.local/lib/python3.7/site-packages/airflow/example_dags/example_latest_only.py for tasks to queue
[2022-07-23 21:13:56,987] {logging_mixin.py:115} INFO - [2022-07-23 21:13:56,987] {dagbag.py:508} INFO - Filling up the DagBag from /home/airflow/.local/lib/python3.7/site-packages/airflow/example_dags/example_latest_only.py
[2022-07-23 21:13:56,990] {processor.py:651} INFO - DAG(s) dict_keys(['latest_only']) retrieved from /home/airflow/.local/lib/python3.7/site-packages/airflow/example_dags/example_latest_only.py
[2022-07-23 21:13:57,005] {logging_mixin.py:115} INFO - [2022-07-23 21:13:57,005] {dag.py:2420} INFO - Sync 1 DAGs
[2022-07-23 21:13:57,017] {logging_mixin.py:115} INFO - [2022-07-23 21:13:57,017] {dag.py:2972} INFO - Setting next_dagrun for latest_only to 2022-07-23T17:13:57.017227+00:00, run_after=2022-07-23T21:13:57.017227+00:00
[2022-07-23 21:13:57,023] {processor.py:161} INFO - Processing /home/airflow/.local/lib/python3.7/site-packages/airflow/example_dags/example_latest_only.py took 0.038 seconds
[2022-07-23 21:14:27,223] {processor.py:153} INFO - Started process (PID=1221) to work on /home/airflow/.local/lib/python3.7/site-packages/airflow/example_dags/example_latest_only.py
[2022-07-23 21:14:27,223] {processor.py:641} INFO - Processing file /home/airflow/.local/lib/python3.7/site-packages/airflow/example_dags/example_latest_only.py for tasks to queue
[2022-07-23 21:14:27,224] {logging_mixin.py:115} INFO - [2022-07-23 21:14:27,224] {dagbag.py:508} INFO - Filling up the DagBag from /home/airflow/.local/lib/python3.7/site-packages/airflow/example_dags/example_latest_only.py
[2022-07-23 21:14:27,226] {processor.py:651} INFO - DAG(s) dict_keys(['latest_only']) retrieved from /home/airflow/.local/lib/python3.7/site-packages/airflow/example_dags/example_latest_only.py
[2022-07-23 21:14:27,241] {logging_mixin.py:115} INFO - [2022-07-23 21:14:27,241] {dag.py:2420} INFO - Sync 1 DAGs
[2022-07-23 21:14:27,253] {logging_mixin.py:115} INFO - [2022-07-23 21:14:27,253] {dag.py:2972} INFO - Setting next_dagrun for latest_only to 2022-07-23T17:14:27.253066+00:00, run_after=2022-07-23T21:14:27.253066+00:00
[2022-07-23 21:14:27,259] {processor.py:161} INFO - Processing /home/airflow/.local/lib/python3.7/site-packages/airflow/example_dags/example_latest_only.py took 0.038 seconds
[2022-07-23 21:14:57,559] {processor.py:153} INFO - Started process (PID=1282) to work on /home/airflow/.local/lib/python3.7/site-packages/airflow/example_dags/example_latest_only.py
[2022-07-23 21:14:57,559] {processor.py:641} INFO - Processing file /home/airflow/.local/lib/python3.7/site-packages/airflow/example_dags/example_latest_only.py for tasks to queue
[2022-07-23 21:14:57,560] {logging_mixin.py:115} INFO - [2022-07-23 21:14:57,560] {dagbag.py:508} INFO - Filling up the DagBag from /home/airflow/.local/lib/python3.7/site-packages/airflow/example_dags/example_latest_only.py
[2022-07-23 21:14:57,562] {processor.py:651} INFO - DAG(s) dict_keys(['latest_only']) retrieved from /home/airflow/.local/lib/python3.7/site-packages/airflow/example_dags/example_latest_only.py
[2022-07-23 21:14:57,584] {logging_mixin.py:115} INFO - [2022-07-23 21:14:57,584] {dag.py:2420} INFO - Sync 1 DAGs
[2022-07-23 21:14:57,599] {logging_mixin.py:115} INFO - [2022-07-23 21:14:57,599] {dag.py:2972} INFO - Setting next_dagrun for latest_only to 2022-07-23T17:14:57.598952+00:00, run_after=2022-07-23T21:14:57.598952+00:00
[2022-07-23 21:14:57,610] {processor.py:161} INFO - Processing /home/airflow/.local/lib/python3.7/site-packages/airflow/example_dags/example_latest_only.py took 0.053 seconds
[2022-07-23 21:15:27,901] {processor.py:153} INFO - Started process (PID=1344) to work on /home/airflow/.local/lib/python3.7/site-packages/airflow/example_dags/example_latest_only.py
[2022-07-23 21:15:27,901] {processor.py:641} INFO - Processing file /home/airflow/.local/lib/python3.7/site-packages/airflow/example_dags/example_latest_only.py for tasks to queue
[2022-07-23 21:15:27,902] {logging_mixin.py:115} INFO - [2022-07-23 21:15:27,902] {dagbag.py:508} INFO - Filling up the DagBag from /home/airflow/.local/lib/python3.7/site-packages/airflow/example_dags/example_latest_only.py
[2022-07-23 21:15:27,904] {processor.py:651} INFO - DAG(s) dict_keys(['latest_only']) retrieved from /home/airflow/.local/lib/python3.7/site-packages/airflow/example_dags/example_latest_only.py
[2022-07-23 21:15:27,919] {logging_mixin.py:115} INFO - [2022-07-23 21:15:27,919] {dag.py:2420} INFO - Sync 1 DAGs
[2022-07-23 21:15:27,932] {logging_mixin.py:115} INFO - [2022-07-23 21:15:27,932] {dag.py:2972} INFO - Setting next_dagrun for latest_only to 2022-07-23T17:15:27.932170+00:00, run_after=2022-07-23T21:15:27.932170+00:00
[2022-07-23 21:15:27,940] {processor.py:161} INFO - Processing /home/airflow/.local/lib/python3.7/site-packages/airflow/example_dags/example_latest_only.py took 0.040 seconds
[2022-07-23 21:15:58,147] {processor.py:153} INFO - Started process (PID=1405) to work on /home/airflow/.local/lib/python3.7/site-packages/airflow/example_dags/example_latest_only.py
[2022-07-23 21:15:58,148] {processor.py:641} INFO - Processing file /home/airflow/.local/lib/python3.7/site-packages/airflow/example_dags/example_latest_only.py for tasks to queue
[2022-07-23 21:15:58,148] {logging_mixin.py:115} INFO - [2022-07-23 21:15:58,148] {dagbag.py:508} INFO - Filling up the DagBag from /home/airflow/.local/lib/python3.7/site-packages/airflow/example_dags/example_latest_only.py
[2022-07-23 21:15:58,151] {processor.py:651} INFO - DAG(s) dict_keys(['latest_only']) retrieved from /home/airflow/.local/lib/python3.7/site-packages/airflow/example_dags/example_latest_only.py
[2022-07-23 21:15:58,165] {logging_mixin.py:115} INFO - [2022-07-23 21:15:58,165] {dag.py:2420} INFO - Sync 1 DAGs
[2022-07-23 21:15:58,177] {logging_mixin.py:115} INFO - [2022-07-23 21:15:58,177] {dag.py:2972} INFO - Setting next_dagrun for latest_only to 2022-07-23T17:15:58.177588+00:00, run_after=2022-07-23T21:15:58.177588+00:00
[2022-07-23 21:15:58,183] {processor.py:161} INFO - Processing /home/airflow/.local/lib/python3.7/site-packages/airflow/example_dags/example_latest_only.py took 0.038 seconds
[2022-07-23 21:16:49,880] {processor.py:153} INFO - Started process (PID=44) to work on /home/airflow/.local/lib/python3.7/site-packages/airflow/example_dags/example_latest_only.py
[2022-07-23 21:16:49,880] {processor.py:641} INFO - Processing file /home/airflow/.local/lib/python3.7/site-packages/airflow/example_dags/example_latest_only.py for tasks to queue
[2022-07-23 21:16:49,881] {logging_mixin.py:115} INFO - [2022-07-23 21:16:49,881] {dagbag.py:508} INFO - Filling up the DagBag from /home/airflow/.local/lib/python3.7/site-packages/airflow/example_dags/example_latest_only.py
[2022-07-23 21:16:49,884] {processor.py:651} INFO - DAG(s) dict_keys(['latest_only']) retrieved from /home/airflow/.local/lib/python3.7/site-packages/airflow/example_dags/example_latest_only.py
[2022-07-23 21:16:49,928] {logging_mixin.py:115} INFO - [2022-07-23 21:16:49,927] {dag.py:2420} INFO - Sync 1 DAGs
[2022-07-23 21:16:50,099] {logging_mixin.py:115} INFO - [2022-07-23 21:16:50,099] {dag.py:2972} INFO - Setting next_dagrun for latest_only to 2022-07-23T17:16:50.099318+00:00, run_after=2022-07-23T21:16:50.099318+00:00
[2022-07-23 21:16:50,108] {processor.py:161} INFO - Processing /home/airflow/.local/lib/python3.7/site-packages/airflow/example_dags/example_latest_only.py took 0.245 seconds
