[2022-07-23 21:04:22,257] {processor.py:153} INFO - Started process (PID=67) to work on /home/airflow/.local/lib/python3.7/site-packages/airflow/example_dags/example_sla_dag.py
[2022-07-23 21:04:22,258] {processor.py:641} INFO - Processing file /home/airflow/.local/lib/python3.7/site-packages/airflow/example_dags/example_sla_dag.py for tasks to queue
[2022-07-23 21:04:22,258] {logging_mixin.py:115} INFO - [2022-07-23 21:04:22,258] {dagbag.py:508} INFO - Filling up the DagBag from /home/airflow/.local/lib/python3.7/site-packages/airflow/example_dags/example_sla_dag.py
[2022-07-23 21:04:22,281] {processor.py:651} INFO - DAG(s) dict_keys(['example_sla_dag']) retrieved from /home/airflow/.local/lib/python3.7/site-packages/airflow/example_dags/example_sla_dag.py
[2022-07-23 21:04:22,377] {logging_mixin.py:115} INFO - [2022-07-23 21:04:22,377] {manager.py:508} INFO - Created Permission View: can edit on DAG:example_sla_dag
[2022-07-23 21:04:22,387] {logging_mixin.py:115} INFO - [2022-07-23 21:04:22,387] {manager.py:508} INFO - Created Permission View: can read on DAG:example_sla_dag
[2022-07-23 21:04:22,394] {logging_mixin.py:115} INFO - [2022-07-23 21:04:22,394] {manager.py:508} INFO - Created Permission View: can delete on DAG:example_sla_dag
[2022-07-23 21:04:22,395] {logging_mixin.py:115} INFO - [2022-07-23 21:04:22,394] {dag.py:2420} INFO - Sync 1 DAGs
[2022-07-23 21:04:22,405] {logging_mixin.py:115} INFO - [2022-07-23 21:04:22,405] {dag.py:2439} INFO - Creating ORM DAG for example_sla_dag
[2022-07-23 21:04:22,426] {logging_mixin.py:115} INFO - [2022-07-23 21:04:22,426] {dag.py:2972} INFO - Setting next_dagrun for example_sla_dag to 2022-07-23T21:02:00+00:00, run_after=2022-07-23T21:04:00+00:00
[2022-07-23 21:04:22,438] {processor.py:161} INFO - Processing /home/airflow/.local/lib/python3.7/site-packages/airflow/example_dags/example_sla_dag.py took 0.184 seconds
[2022-07-23 21:04:53,077] {processor.py:153} INFO - Started process (PID=120) to work on /home/airflow/.local/lib/python3.7/site-packages/airflow/example_dags/example_sla_dag.py
[2022-07-23 21:04:53,080] {processor.py:641} INFO - Processing file /home/airflow/.local/lib/python3.7/site-packages/airflow/example_dags/example_sla_dag.py for tasks to queue
[2022-07-23 21:04:53,080] {logging_mixin.py:115} INFO - [2022-07-23 21:04:53,080] {dagbag.py:508} INFO - Filling up the DagBag from /home/airflow/.local/lib/python3.7/site-packages/airflow/example_dags/example_sla_dag.py
[2022-07-23 21:04:53,090] {processor.py:651} INFO - DAG(s) dict_keys(['example_sla_dag']) retrieved from /home/airflow/.local/lib/python3.7/site-packages/airflow/example_dags/example_sla_dag.py
[2022-07-23 21:04:53,103] {logging_mixin.py:115} INFO - [2022-07-23 21:04:53,103] {dag.py:2420} INFO - Sync 1 DAGs
[2022-07-23 21:04:53,118] {logging_mixin.py:115} INFO - [2022-07-23 21:04:53,118] {dag.py:2972} INFO - Setting next_dagrun for example_sla_dag to 2022-07-23T21:02:00+00:00, run_after=2022-07-23T21:04:00+00:00
[2022-07-23 21:04:53,128] {processor.py:161} INFO - Processing /home/airflow/.local/lib/python3.7/site-packages/airflow/example_dags/example_sla_dag.py took 0.053 seconds
[2022-07-23 21:05:23,437] {processor.py:153} INFO - Started process (PID=181) to work on /home/airflow/.local/lib/python3.7/site-packages/airflow/example_dags/example_sla_dag.py
[2022-07-23 21:05:23,438] {processor.py:641} INFO - Processing file /home/airflow/.local/lib/python3.7/site-packages/airflow/example_dags/example_sla_dag.py for tasks to queue
[2022-07-23 21:05:23,438] {logging_mixin.py:115} INFO - [2022-07-23 21:05:23,438] {dagbag.py:508} INFO - Filling up the DagBag from /home/airflow/.local/lib/python3.7/site-packages/airflow/example_dags/example_sla_dag.py
[2022-07-23 21:05:23,450] {processor.py:651} INFO - DAG(s) dict_keys(['example_sla_dag']) retrieved from /home/airflow/.local/lib/python3.7/site-packages/airflow/example_dags/example_sla_dag.py
[2022-07-23 21:05:23,464] {logging_mixin.py:115} INFO - [2022-07-23 21:05:23,464] {dag.py:2420} INFO - Sync 1 DAGs
[2022-07-23 21:05:23,479] {logging_mixin.py:115} INFO - [2022-07-23 21:05:23,479] {dag.py:2972} INFO - Setting next_dagrun for example_sla_dag to 2022-07-23T21:02:00+00:00, run_after=2022-07-23T21:04:00+00:00
[2022-07-23 21:05:23,486] {processor.py:161} INFO - Processing /home/airflow/.local/lib/python3.7/site-packages/airflow/example_dags/example_sla_dag.py took 0.051 seconds
[2022-07-23 21:05:53,685] {processor.py:153} INFO - Started process (PID=241) to work on /home/airflow/.local/lib/python3.7/site-packages/airflow/example_dags/example_sla_dag.py
[2022-07-23 21:05:53,686] {processor.py:641} INFO - Processing file /home/airflow/.local/lib/python3.7/site-packages/airflow/example_dags/example_sla_dag.py for tasks to queue
[2022-07-23 21:05:53,686] {logging_mixin.py:115} INFO - [2022-07-23 21:05:53,686] {dagbag.py:508} INFO - Filling up the DagBag from /home/airflow/.local/lib/python3.7/site-packages/airflow/example_dags/example_sla_dag.py
[2022-07-23 21:05:53,700] {processor.py:651} INFO - DAG(s) dict_keys(['example_sla_dag']) retrieved from /home/airflow/.local/lib/python3.7/site-packages/airflow/example_dags/example_sla_dag.py
[2022-07-23 21:05:53,724] {logging_mixin.py:115} INFO - [2022-07-23 21:05:53,724] {dag.py:2420} INFO - Sync 1 DAGs
[2022-07-23 21:05:53,752] {logging_mixin.py:115} INFO - [2022-07-23 21:05:53,752] {dag.py:2972} INFO - Setting next_dagrun for example_sla_dag to 2022-07-23T21:02:00+00:00, run_after=2022-07-23T21:04:00+00:00
[2022-07-23 21:05:53,762] {processor.py:161} INFO - Processing /home/airflow/.local/lib/python3.7/site-packages/airflow/example_dags/example_sla_dag.py took 0.080 seconds
[2022-07-23 21:06:24,223] {processor.py:153} INFO - Started process (PID=303) to work on /home/airflow/.local/lib/python3.7/site-packages/airflow/example_dags/example_sla_dag.py
[2022-07-23 21:06:24,223] {processor.py:641} INFO - Processing file /home/airflow/.local/lib/python3.7/site-packages/airflow/example_dags/example_sla_dag.py for tasks to queue
[2022-07-23 21:06:24,223] {logging_mixin.py:115} INFO - [2022-07-23 21:06:24,223] {dagbag.py:508} INFO - Filling up the DagBag from /home/airflow/.local/lib/python3.7/site-packages/airflow/example_dags/example_sla_dag.py
[2022-07-23 21:06:24,235] {processor.py:651} INFO - DAG(s) dict_keys(['example_sla_dag']) retrieved from /home/airflow/.local/lib/python3.7/site-packages/airflow/example_dags/example_sla_dag.py
[2022-07-23 21:06:24,250] {logging_mixin.py:115} INFO - [2022-07-23 21:06:24,250] {dag.py:2420} INFO - Sync 1 DAGs
[2022-07-23 21:06:24,265] {logging_mixin.py:115} INFO - [2022-07-23 21:06:24,265] {dag.py:2972} INFO - Setting next_dagrun for example_sla_dag to 2022-07-23T21:04:00+00:00, run_after=2022-07-23T21:06:00+00:00
[2022-07-23 21:06:24,273] {processor.py:161} INFO - Processing /home/airflow/.local/lib/python3.7/site-packages/airflow/example_dags/example_sla_dag.py took 0.052 seconds
[2022-07-23 21:06:54,526] {processor.py:153} INFO - Started process (PID=356) to work on /home/airflow/.local/lib/python3.7/site-packages/airflow/example_dags/example_sla_dag.py
[2022-07-23 21:06:54,526] {processor.py:641} INFO - Processing file /home/airflow/.local/lib/python3.7/site-packages/airflow/example_dags/example_sla_dag.py for tasks to queue
[2022-07-23 21:06:54,527] {logging_mixin.py:115} INFO - [2022-07-23 21:06:54,527] {dagbag.py:508} INFO - Filling up the DagBag from /home/airflow/.local/lib/python3.7/site-packages/airflow/example_dags/example_sla_dag.py
[2022-07-23 21:06:54,546] {processor.py:651} INFO - DAG(s) dict_keys(['example_sla_dag']) retrieved from /home/airflow/.local/lib/python3.7/site-packages/airflow/example_dags/example_sla_dag.py
[2022-07-23 21:06:54,572] {logging_mixin.py:115} INFO - [2022-07-23 21:06:54,572] {dag.py:2420} INFO - Sync 1 DAGs
[2022-07-23 21:06:54,598] {logging_mixin.py:115} INFO - [2022-07-23 21:06:54,598] {dag.py:2972} INFO - Setting next_dagrun for example_sla_dag to 2022-07-23T21:04:00+00:00, run_after=2022-07-23T21:06:00+00:00
[2022-07-23 21:06:54,612] {processor.py:161} INFO - Processing /home/airflow/.local/lib/python3.7/site-packages/airflow/example_dags/example_sla_dag.py took 0.089 seconds
[2022-07-23 21:07:24,812] {processor.py:153} INFO - Started process (PID=417) to work on /home/airflow/.local/lib/python3.7/site-packages/airflow/example_dags/example_sla_dag.py
[2022-07-23 21:07:24,813] {processor.py:641} INFO - Processing file /home/airflow/.local/lib/python3.7/site-packages/airflow/example_dags/example_sla_dag.py for tasks to queue
[2022-07-23 21:07:24,813] {logging_mixin.py:115} INFO - [2022-07-23 21:07:24,813] {dagbag.py:508} INFO - Filling up the DagBag from /home/airflow/.local/lib/python3.7/site-packages/airflow/example_dags/example_sla_dag.py
[2022-07-23 21:07:24,823] {processor.py:651} INFO - DAG(s) dict_keys(['example_sla_dag']) retrieved from /home/airflow/.local/lib/python3.7/site-packages/airflow/example_dags/example_sla_dag.py
[2022-07-23 21:07:24,837] {logging_mixin.py:115} INFO - [2022-07-23 21:07:24,837] {dag.py:2420} INFO - Sync 1 DAGs
[2022-07-23 21:07:24,851] {logging_mixin.py:115} INFO - [2022-07-23 21:07:24,851] {dag.py:2972} INFO - Setting next_dagrun for example_sla_dag to 2022-07-23T21:04:00+00:00, run_after=2022-07-23T21:06:00+00:00
[2022-07-23 21:07:24,857] {processor.py:161} INFO - Processing /home/airflow/.local/lib/python3.7/site-packages/airflow/example_dags/example_sla_dag.py took 0.046 seconds
[2022-07-23 21:07:55,022] {processor.py:153} INFO - Started process (PID=478) to work on /home/airflow/.local/lib/python3.7/site-packages/airflow/example_dags/example_sla_dag.py
[2022-07-23 21:07:55,022] {processor.py:641} INFO - Processing file /home/airflow/.local/lib/python3.7/site-packages/airflow/example_dags/example_sla_dag.py for tasks to queue
[2022-07-23 21:07:55,022] {logging_mixin.py:115} INFO - [2022-07-23 21:07:55,022] {dagbag.py:508} INFO - Filling up the DagBag from /home/airflow/.local/lib/python3.7/site-packages/airflow/example_dags/example_sla_dag.py
[2022-07-23 21:07:55,032] {processor.py:651} INFO - DAG(s) dict_keys(['example_sla_dag']) retrieved from /home/airflow/.local/lib/python3.7/site-packages/airflow/example_dags/example_sla_dag.py
[2022-07-23 21:07:55,046] {logging_mixin.py:115} INFO - [2022-07-23 21:07:55,046] {dag.py:2420} INFO - Sync 1 DAGs
[2022-07-23 21:07:55,061] {logging_mixin.py:115} INFO - [2022-07-23 21:07:55,061] {dag.py:2972} INFO - Setting next_dagrun for example_sla_dag to 2022-07-23T21:04:00+00:00, run_after=2022-07-23T21:06:00+00:00
[2022-07-23 21:07:55,068] {processor.py:161} INFO - Processing /home/airflow/.local/lib/python3.7/site-packages/airflow/example_dags/example_sla_dag.py took 0.048 seconds
[2022-07-23 21:08:25,224] {processor.py:153} INFO - Started process (PID=539) to work on /home/airflow/.local/lib/python3.7/site-packages/airflow/example_dags/example_sla_dag.py
[2022-07-23 21:08:25,225] {processor.py:641} INFO - Processing file /home/airflow/.local/lib/python3.7/site-packages/airflow/example_dags/example_sla_dag.py for tasks to queue
[2022-07-23 21:08:25,225] {logging_mixin.py:115} INFO - [2022-07-23 21:08:25,225] {dagbag.py:508} INFO - Filling up the DagBag from /home/airflow/.local/lib/python3.7/site-packages/airflow/example_dags/example_sla_dag.py
[2022-07-23 21:08:25,240] {processor.py:651} INFO - DAG(s) dict_keys(['example_sla_dag']) retrieved from /home/airflow/.local/lib/python3.7/site-packages/airflow/example_dags/example_sla_dag.py
[2022-07-23 21:08:25,258] {logging_mixin.py:115} INFO - [2022-07-23 21:08:25,258] {dag.py:2420} INFO - Sync 1 DAGs
[2022-07-23 21:08:25,281] {logging_mixin.py:115} INFO - [2022-07-23 21:08:25,281] {dag.py:2972} INFO - Setting next_dagrun for example_sla_dag to 2022-07-23T21:06:00+00:00, run_after=2022-07-23T21:08:00+00:00
[2022-07-23 21:08:25,290] {processor.py:161} INFO - Processing /home/airflow/.local/lib/python3.7/site-packages/airflow/example_dags/example_sla_dag.py took 0.068 seconds
[2022-07-23 21:08:55,560] {processor.py:153} INFO - Started process (PID=592) to work on /home/airflow/.local/lib/python3.7/site-packages/airflow/example_dags/example_sla_dag.py
[2022-07-23 21:08:55,561] {processor.py:641} INFO - Processing file /home/airflow/.local/lib/python3.7/site-packages/airflow/example_dags/example_sla_dag.py for tasks to queue
[2022-07-23 21:08:55,561] {logging_mixin.py:115} INFO - [2022-07-23 21:08:55,561] {dagbag.py:508} INFO - Filling up the DagBag from /home/airflow/.local/lib/python3.7/site-packages/airflow/example_dags/example_sla_dag.py
[2022-07-23 21:08:55,572] {processor.py:651} INFO - DAG(s) dict_keys(['example_sla_dag']) retrieved from /home/airflow/.local/lib/python3.7/site-packages/airflow/example_dags/example_sla_dag.py
[2022-07-23 21:08:55,587] {logging_mixin.py:115} INFO - [2022-07-23 21:08:55,587] {dag.py:2420} INFO - Sync 1 DAGs
[2022-07-23 21:08:55,602] {logging_mixin.py:115} INFO - [2022-07-23 21:08:55,602] {dag.py:2972} INFO - Setting next_dagrun for example_sla_dag to 2022-07-23T21:06:00+00:00, run_after=2022-07-23T21:08:00+00:00
[2022-07-23 21:08:55,610] {processor.py:161} INFO - Processing /home/airflow/.local/lib/python3.7/site-packages/airflow/example_dags/example_sla_dag.py took 0.051 seconds
[2022-07-23 21:09:25,839] {processor.py:153} INFO - Started process (PID=652) to work on /home/airflow/.local/lib/python3.7/site-packages/airflow/example_dags/example_sla_dag.py
[2022-07-23 21:09:25,840] {processor.py:641} INFO - Processing file /home/airflow/.local/lib/python3.7/site-packages/airflow/example_dags/example_sla_dag.py for tasks to queue
[2022-07-23 21:09:25,840] {logging_mixin.py:115} INFO - [2022-07-23 21:09:25,840] {dagbag.py:508} INFO - Filling up the DagBag from /home/airflow/.local/lib/python3.7/site-packages/airflow/example_dags/example_sla_dag.py
[2022-07-23 21:09:25,850] {processor.py:651} INFO - DAG(s) dict_keys(['example_sla_dag']) retrieved from /home/airflow/.local/lib/python3.7/site-packages/airflow/example_dags/example_sla_dag.py
[2022-07-23 21:09:25,864] {logging_mixin.py:115} INFO - [2022-07-23 21:09:25,864] {dag.py:2420} INFO - Sync 1 DAGs
[2022-07-23 21:09:25,878] {logging_mixin.py:115} INFO - [2022-07-23 21:09:25,878] {dag.py:2972} INFO - Setting next_dagrun for example_sla_dag to 2022-07-23T21:06:00+00:00, run_after=2022-07-23T21:08:00+00:00
[2022-07-23 21:09:25,884] {processor.py:161} INFO - Processing /home/airflow/.local/lib/python3.7/site-packages/airflow/example_dags/example_sla_dag.py took 0.046 seconds
[2022-07-23 21:09:56,071] {processor.py:153} INFO - Started process (PID=712) to work on /home/airflow/.local/lib/python3.7/site-packages/airflow/example_dags/example_sla_dag.py
[2022-07-23 21:09:56,071] {processor.py:641} INFO - Processing file /home/airflow/.local/lib/python3.7/site-packages/airflow/example_dags/example_sla_dag.py for tasks to queue
[2022-07-23 21:09:56,071] {logging_mixin.py:115} INFO - [2022-07-23 21:09:56,071] {dagbag.py:508} INFO - Filling up the DagBag from /home/airflow/.local/lib/python3.7/site-packages/airflow/example_dags/example_sla_dag.py
[2022-07-23 21:09:56,082] {processor.py:651} INFO - DAG(s) dict_keys(['example_sla_dag']) retrieved from /home/airflow/.local/lib/python3.7/site-packages/airflow/example_dags/example_sla_dag.py
[2022-07-23 21:09:56,096] {logging_mixin.py:115} INFO - [2022-07-23 21:09:56,096] {dag.py:2420} INFO - Sync 1 DAGs
[2022-07-23 21:09:56,111] {logging_mixin.py:115} INFO - [2022-07-23 21:09:56,111] {dag.py:2972} INFO - Setting next_dagrun for example_sla_dag to 2022-07-23T21:06:00+00:00, run_after=2022-07-23T21:08:00+00:00
[2022-07-23 21:09:56,118] {processor.py:161} INFO - Processing /home/airflow/.local/lib/python3.7/site-packages/airflow/example_dags/example_sla_dag.py took 0.049 seconds
[2022-07-23 21:10:26,400] {processor.py:153} INFO - Started process (PID=772) to work on /home/airflow/.local/lib/python3.7/site-packages/airflow/example_dags/example_sla_dag.py
[2022-07-23 21:10:26,400] {processor.py:641} INFO - Processing file /home/airflow/.local/lib/python3.7/site-packages/airflow/example_dags/example_sla_dag.py for tasks to queue
[2022-07-23 21:10:26,401] {logging_mixin.py:115} INFO - [2022-07-23 21:10:26,401] {dagbag.py:508} INFO - Filling up the DagBag from /home/airflow/.local/lib/python3.7/site-packages/airflow/example_dags/example_sla_dag.py
[2022-07-23 21:10:26,414] {processor.py:651} INFO - DAG(s) dict_keys(['example_sla_dag']) retrieved from /home/airflow/.local/lib/python3.7/site-packages/airflow/example_dags/example_sla_dag.py
[2022-07-23 21:10:26,438] {logging_mixin.py:115} INFO - [2022-07-23 21:10:26,438] {dag.py:2420} INFO - Sync 1 DAGs
[2022-07-23 21:10:26,461] {logging_mixin.py:115} INFO - [2022-07-23 21:10:26,461] {dag.py:2972} INFO - Setting next_dagrun for example_sla_dag to 2022-07-23T21:08:00+00:00, run_after=2022-07-23T21:10:00+00:00
[2022-07-23 21:10:26,469] {processor.py:161} INFO - Processing /home/airflow/.local/lib/python3.7/site-packages/airflow/example_dags/example_sla_dag.py took 0.072 seconds
[2022-07-23 21:10:56,654] {processor.py:153} INFO - Started process (PID=824) to work on /home/airflow/.local/lib/python3.7/site-packages/airflow/example_dags/example_sla_dag.py
[2022-07-23 21:10:56,655] {processor.py:641} INFO - Processing file /home/airflow/.local/lib/python3.7/site-packages/airflow/example_dags/example_sla_dag.py for tasks to queue
[2022-07-23 21:10:56,655] {logging_mixin.py:115} INFO - [2022-07-23 21:10:56,655] {dagbag.py:508} INFO - Filling up the DagBag from /home/airflow/.local/lib/python3.7/site-packages/airflow/example_dags/example_sla_dag.py
[2022-07-23 21:10:56,666] {processor.py:651} INFO - DAG(s) dict_keys(['example_sla_dag']) retrieved from /home/airflow/.local/lib/python3.7/site-packages/airflow/example_dags/example_sla_dag.py
[2022-07-23 21:10:56,680] {logging_mixin.py:115} INFO - [2022-07-23 21:10:56,680] {dag.py:2420} INFO - Sync 1 DAGs
[2022-07-23 21:10:56,697] {logging_mixin.py:115} INFO - [2022-07-23 21:10:56,696] {dag.py:2972} INFO - Setting next_dagrun for example_sla_dag to 2022-07-23T21:08:00+00:00, run_after=2022-07-23T21:10:00+00:00
[2022-07-23 21:10:56,703] {processor.py:161} INFO - Processing /home/airflow/.local/lib/python3.7/site-packages/airflow/example_dags/example_sla_dag.py took 0.050 seconds
[2022-07-23 21:11:26,829] {processor.py:153} INFO - Started process (PID=885) to work on /home/airflow/.local/lib/python3.7/site-packages/airflow/example_dags/example_sla_dag.py
[2022-07-23 21:11:26,829] {processor.py:641} INFO - Processing file /home/airflow/.local/lib/python3.7/site-packages/airflow/example_dags/example_sla_dag.py for tasks to queue
[2022-07-23 21:11:26,829] {logging_mixin.py:115} INFO - [2022-07-23 21:11:26,829] {dagbag.py:508} INFO - Filling up the DagBag from /home/airflow/.local/lib/python3.7/site-packages/airflow/example_dags/example_sla_dag.py
[2022-07-23 21:11:26,839] {processor.py:651} INFO - DAG(s) dict_keys(['example_sla_dag']) retrieved from /home/airflow/.local/lib/python3.7/site-packages/airflow/example_dags/example_sla_dag.py
[2022-07-23 21:11:26,853] {logging_mixin.py:115} INFO - [2022-07-23 21:11:26,853] {dag.py:2420} INFO - Sync 1 DAGs
[2022-07-23 21:11:26,868] {logging_mixin.py:115} INFO - [2022-07-23 21:11:26,868] {dag.py:2972} INFO - Setting next_dagrun for example_sla_dag to 2022-07-23T21:08:00+00:00, run_after=2022-07-23T21:10:00+00:00
[2022-07-23 21:11:26,876] {processor.py:161} INFO - Processing /home/airflow/.local/lib/python3.7/site-packages/airflow/example_dags/example_sla_dag.py took 0.049 seconds
[2022-07-23 21:11:57,122] {processor.py:153} INFO - Started process (PID=945) to work on /home/airflow/.local/lib/python3.7/site-packages/airflow/example_dags/example_sla_dag.py
[2022-07-23 21:11:57,122] {processor.py:641} INFO - Processing file /home/airflow/.local/lib/python3.7/site-packages/airflow/example_dags/example_sla_dag.py for tasks to queue
[2022-07-23 21:11:57,122] {logging_mixin.py:115} INFO - [2022-07-23 21:11:57,122] {dagbag.py:508} INFO - Filling up the DagBag from /home/airflow/.local/lib/python3.7/site-packages/airflow/example_dags/example_sla_dag.py
[2022-07-23 21:11:57,133] {processor.py:651} INFO - DAG(s) dict_keys(['example_sla_dag']) retrieved from /home/airflow/.local/lib/python3.7/site-packages/airflow/example_dags/example_sla_dag.py
[2022-07-23 21:11:57,148] {logging_mixin.py:115} INFO - [2022-07-23 21:11:57,148] {dag.py:2420} INFO - Sync 1 DAGs
[2022-07-23 21:11:57,163] {logging_mixin.py:115} INFO - [2022-07-23 21:11:57,163] {dag.py:2972} INFO - Setting next_dagrun for example_sla_dag to 2022-07-23T21:08:00+00:00, run_after=2022-07-23T21:10:00+00:00
[2022-07-23 21:11:57,170] {processor.py:161} INFO - Processing /home/airflow/.local/lib/python3.7/site-packages/airflow/example_dags/example_sla_dag.py took 0.050 seconds
[2022-07-23 21:12:27,293] {processor.py:153} INFO - Started process (PID=1008) to work on /home/airflow/.local/lib/python3.7/site-packages/airflow/example_dags/example_sla_dag.py
[2022-07-23 21:12:27,294] {processor.py:641} INFO - Processing file /home/airflow/.local/lib/python3.7/site-packages/airflow/example_dags/example_sla_dag.py for tasks to queue
[2022-07-23 21:12:27,294] {logging_mixin.py:115} INFO - [2022-07-23 21:12:27,294] {dagbag.py:508} INFO - Filling up the DagBag from /home/airflow/.local/lib/python3.7/site-packages/airflow/example_dags/example_sla_dag.py
[2022-07-23 21:12:27,308] {processor.py:651} INFO - DAG(s) dict_keys(['example_sla_dag']) retrieved from /home/airflow/.local/lib/python3.7/site-packages/airflow/example_dags/example_sla_dag.py
[2022-07-23 21:12:27,328] {logging_mixin.py:115} INFO - [2022-07-23 21:12:27,328] {dag.py:2420} INFO - Sync 1 DAGs
[2022-07-23 21:12:27,350] {logging_mixin.py:115} INFO - [2022-07-23 21:12:27,350] {dag.py:2972} INFO - Setting next_dagrun for example_sla_dag to 2022-07-23T21:10:00+00:00, run_after=2022-07-23T21:12:00+00:00
[2022-07-23 21:12:27,358] {processor.py:161} INFO - Processing /home/airflow/.local/lib/python3.7/site-packages/airflow/example_dags/example_sla_dag.py took 0.068 seconds
[2022-07-23 21:12:57,892] {processor.py:153} INFO - Started process (PID=1059) to work on /home/airflow/.local/lib/python3.7/site-packages/airflow/example_dags/example_sla_dag.py
[2022-07-23 21:12:57,893] {processor.py:641} INFO - Processing file /home/airflow/.local/lib/python3.7/site-packages/airflow/example_dags/example_sla_dag.py for tasks to queue
[2022-07-23 21:12:57,893] {logging_mixin.py:115} INFO - [2022-07-23 21:12:57,893] {dagbag.py:508} INFO - Filling up the DagBag from /home/airflow/.local/lib/python3.7/site-packages/airflow/example_dags/example_sla_dag.py
[2022-07-23 21:12:57,904] {processor.py:651} INFO - DAG(s) dict_keys(['example_sla_dag']) retrieved from /home/airflow/.local/lib/python3.7/site-packages/airflow/example_dags/example_sla_dag.py
[2022-07-23 21:12:57,919] {logging_mixin.py:115} INFO - [2022-07-23 21:12:57,919] {dag.py:2420} INFO - Sync 1 DAGs
[2022-07-23 21:12:57,941] {logging_mixin.py:115} INFO - [2022-07-23 21:12:57,941] {dag.py:2972} INFO - Setting next_dagrun for example_sla_dag to 2022-07-23T21:10:00+00:00, run_after=2022-07-23T21:12:00+00:00
[2022-07-23 21:12:57,950] {processor.py:161} INFO - Processing /home/airflow/.local/lib/python3.7/site-packages/airflow/example_dags/example_sla_dag.py took 0.059 seconds
[2022-07-23 21:13:28,204] {processor.py:153} INFO - Started process (PID=1120) to work on /home/airflow/.local/lib/python3.7/site-packages/airflow/example_dags/example_sla_dag.py
[2022-07-23 21:13:28,205] {processor.py:641} INFO - Processing file /home/airflow/.local/lib/python3.7/site-packages/airflow/example_dags/example_sla_dag.py for tasks to queue
[2022-07-23 21:13:28,205] {logging_mixin.py:115} INFO - [2022-07-23 21:13:28,205] {dagbag.py:508} INFO - Filling up the DagBag from /home/airflow/.local/lib/python3.7/site-packages/airflow/example_dags/example_sla_dag.py
[2022-07-23 21:13:28,219] {processor.py:651} INFO - DAG(s) dict_keys(['example_sla_dag']) retrieved from /home/airflow/.local/lib/python3.7/site-packages/airflow/example_dags/example_sla_dag.py
[2022-07-23 21:13:28,236] {logging_mixin.py:115} INFO - [2022-07-23 21:13:28,236] {dag.py:2420} INFO - Sync 1 DAGs
[2022-07-23 21:13:28,255] {logging_mixin.py:115} INFO - [2022-07-23 21:13:28,255] {dag.py:2972} INFO - Setting next_dagrun for example_sla_dag to 2022-07-23T21:10:00+00:00, run_after=2022-07-23T21:12:00+00:00
[2022-07-23 21:13:28,262] {processor.py:161} INFO - Processing /home/airflow/.local/lib/python3.7/site-packages/airflow/example_dags/example_sla_dag.py took 0.061 seconds
[2022-07-23 21:13:58,405] {processor.py:153} INFO - Started process (PID=1182) to work on /home/airflow/.local/lib/python3.7/site-packages/airflow/example_dags/example_sla_dag.py
[2022-07-23 21:13:58,405] {processor.py:641} INFO - Processing file /home/airflow/.local/lib/python3.7/site-packages/airflow/example_dags/example_sla_dag.py for tasks to queue
[2022-07-23 21:13:58,406] {logging_mixin.py:115} INFO - [2022-07-23 21:13:58,406] {dagbag.py:508} INFO - Filling up the DagBag from /home/airflow/.local/lib/python3.7/site-packages/airflow/example_dags/example_sla_dag.py
[2022-07-23 21:13:58,417] {processor.py:651} INFO - DAG(s) dict_keys(['example_sla_dag']) retrieved from /home/airflow/.local/lib/python3.7/site-packages/airflow/example_dags/example_sla_dag.py
[2022-07-23 21:13:58,438] {logging_mixin.py:115} INFO - [2022-07-23 21:13:58,438] {dag.py:2420} INFO - Sync 1 DAGs
[2022-07-23 21:13:58,458] {logging_mixin.py:115} INFO - [2022-07-23 21:13:58,458] {dag.py:2972} INFO - Setting next_dagrun for example_sla_dag to 2022-07-23T21:10:00+00:00, run_after=2022-07-23T21:12:00+00:00
[2022-07-23 21:13:58,466] {processor.py:161} INFO - Processing /home/airflow/.local/lib/python3.7/site-packages/airflow/example_dags/example_sla_dag.py took 0.062 seconds
[2022-07-23 21:14:28,639] {processor.py:153} INFO - Started process (PID=1243) to work on /home/airflow/.local/lib/python3.7/site-packages/airflow/example_dags/example_sla_dag.py
[2022-07-23 21:14:28,639] {processor.py:641} INFO - Processing file /home/airflow/.local/lib/python3.7/site-packages/airflow/example_dags/example_sla_dag.py for tasks to queue
[2022-07-23 21:14:28,640] {logging_mixin.py:115} INFO - [2022-07-23 21:14:28,640] {dagbag.py:508} INFO - Filling up the DagBag from /home/airflow/.local/lib/python3.7/site-packages/airflow/example_dags/example_sla_dag.py
[2022-07-23 21:14:28,650] {processor.py:651} INFO - DAG(s) dict_keys(['example_sla_dag']) retrieved from /home/airflow/.local/lib/python3.7/site-packages/airflow/example_dags/example_sla_dag.py
[2022-07-23 21:14:28,665] {logging_mixin.py:115} INFO - [2022-07-23 21:14:28,665] {dag.py:2420} INFO - Sync 1 DAGs
[2022-07-23 21:14:28,681] {logging_mixin.py:115} INFO - [2022-07-23 21:14:28,681] {dag.py:2972} INFO - Setting next_dagrun for example_sla_dag to 2022-07-23T21:12:00+00:00, run_after=2022-07-23T21:14:00+00:00
[2022-07-23 21:14:28,688] {processor.py:161} INFO - Processing /home/airflow/.local/lib/python3.7/site-packages/airflow/example_dags/example_sla_dag.py took 0.051 seconds
[2022-07-23 21:14:59,003] {processor.py:153} INFO - Started process (PID=1295) to work on /home/airflow/.local/lib/python3.7/site-packages/airflow/example_dags/example_sla_dag.py
[2022-07-23 21:14:59,003] {processor.py:641} INFO - Processing file /home/airflow/.local/lib/python3.7/site-packages/airflow/example_dags/example_sla_dag.py for tasks to queue
[2022-07-23 21:14:59,004] {logging_mixin.py:115} INFO - [2022-07-23 21:14:59,004] {dagbag.py:508} INFO - Filling up the DagBag from /home/airflow/.local/lib/python3.7/site-packages/airflow/example_dags/example_sla_dag.py
[2022-07-23 21:14:59,016] {processor.py:651} INFO - DAG(s) dict_keys(['example_sla_dag']) retrieved from /home/airflow/.local/lib/python3.7/site-packages/airflow/example_dags/example_sla_dag.py
[2022-07-23 21:14:59,032] {logging_mixin.py:115} INFO - [2022-07-23 21:14:59,032] {dag.py:2420} INFO - Sync 1 DAGs
[2022-07-23 21:14:59,048] {logging_mixin.py:115} INFO - [2022-07-23 21:14:59,048] {dag.py:2972} INFO - Setting next_dagrun for example_sla_dag to 2022-07-23T21:12:00+00:00, run_after=2022-07-23T21:14:00+00:00
[2022-07-23 21:14:59,056] {processor.py:161} INFO - Processing /home/airflow/.local/lib/python3.7/site-packages/airflow/example_dags/example_sla_dag.py took 0.054 seconds
[2022-07-23 21:15:29,321] {processor.py:153} INFO - Started process (PID=1357) to work on /home/airflow/.local/lib/python3.7/site-packages/airflow/example_dags/example_sla_dag.py
[2022-07-23 21:15:29,322] {processor.py:641} INFO - Processing file /home/airflow/.local/lib/python3.7/site-packages/airflow/example_dags/example_sla_dag.py for tasks to queue
[2022-07-23 21:15:29,322] {logging_mixin.py:115} INFO - [2022-07-23 21:15:29,322] {dagbag.py:508} INFO - Filling up the DagBag from /home/airflow/.local/lib/python3.7/site-packages/airflow/example_dags/example_sla_dag.py
[2022-07-23 21:15:29,332] {processor.py:651} INFO - DAG(s) dict_keys(['example_sla_dag']) retrieved from /home/airflow/.local/lib/python3.7/site-packages/airflow/example_dags/example_sla_dag.py
[2022-07-23 21:15:29,346] {logging_mixin.py:115} INFO - [2022-07-23 21:15:29,346] {dag.py:2420} INFO - Sync 1 DAGs
[2022-07-23 21:15:29,360] {logging_mixin.py:115} INFO - [2022-07-23 21:15:29,360] {dag.py:2972} INFO - Setting next_dagrun for example_sla_dag to 2022-07-23T21:12:00+00:00, run_after=2022-07-23T21:14:00+00:00
[2022-07-23 21:15:29,369] {processor.py:161} INFO - Processing /home/airflow/.local/lib/python3.7/site-packages/airflow/example_dags/example_sla_dag.py took 0.050 seconds
[2022-07-23 21:15:59,568] {processor.py:153} INFO - Started process (PID=1418) to work on /home/airflow/.local/lib/python3.7/site-packages/airflow/example_dags/example_sla_dag.py
[2022-07-23 21:15:59,568] {processor.py:641} INFO - Processing file /home/airflow/.local/lib/python3.7/site-packages/airflow/example_dags/example_sla_dag.py for tasks to queue
[2022-07-23 21:15:59,568] {logging_mixin.py:115} INFO - [2022-07-23 21:15:59,568] {dagbag.py:508} INFO - Filling up the DagBag from /home/airflow/.local/lib/python3.7/site-packages/airflow/example_dags/example_sla_dag.py
[2022-07-23 21:15:59,578] {processor.py:651} INFO - DAG(s) dict_keys(['example_sla_dag']) retrieved from /home/airflow/.local/lib/python3.7/site-packages/airflow/example_dags/example_sla_dag.py
[2022-07-23 21:15:59,592] {logging_mixin.py:115} INFO - [2022-07-23 21:15:59,592] {dag.py:2420} INFO - Sync 1 DAGs
[2022-07-23 21:15:59,606] {logging_mixin.py:115} INFO - [2022-07-23 21:15:59,606] {dag.py:2972} INFO - Setting next_dagrun for example_sla_dag to 2022-07-23T21:12:00+00:00, run_after=2022-07-23T21:14:00+00:00
[2022-07-23 21:15:59,613] {processor.py:161} INFO - Processing /home/airflow/.local/lib/python3.7/site-packages/airflow/example_dags/example_sla_dag.py took 0.047 seconds
[2022-07-23 21:16:51,809] {processor.py:153} INFO - Started process (PID=57) to work on /home/airflow/.local/lib/python3.7/site-packages/airflow/example_dags/example_sla_dag.py
[2022-07-23 21:16:51,810] {processor.py:641} INFO - Processing file /home/airflow/.local/lib/python3.7/site-packages/airflow/example_dags/example_sla_dag.py for tasks to queue
[2022-07-23 21:16:51,810] {logging_mixin.py:115} INFO - [2022-07-23 21:16:51,810] {dagbag.py:508} INFO - Filling up the DagBag from /home/airflow/.local/lib/python3.7/site-packages/airflow/example_dags/example_sla_dag.py
[2022-07-23 21:16:51,834] {processor.py:651} INFO - DAG(s) dict_keys(['example_sla_dag']) retrieved from /home/airflow/.local/lib/python3.7/site-packages/airflow/example_dags/example_sla_dag.py
[2022-07-23 21:16:51,869] {logging_mixin.py:115} INFO - [2022-07-23 21:16:51,869] {dag.py:2420} INFO - Sync 1 DAGs
[2022-07-23 21:16:52,004] {logging_mixin.py:115} INFO - [2022-07-23 21:16:52,004] {dag.py:2972} INFO - Setting next_dagrun for example_sla_dag to 2022-07-23T21:14:00+00:00, run_after=2022-07-23T21:16:00+00:00
[2022-07-23 21:16:52,020] {processor.py:161} INFO - Processing /home/airflow/.local/lib/python3.7/site-packages/airflow/example_dags/example_sla_dag.py took 0.214 seconds
