[2022-07-23 21:04:22,659] {processor.py:153} INFO - Started process (PID=71) to work on /home/airflow/.local/lib/python3.7/site-packages/airflow/example_dags/example_local_kubernetes_executor.py
[2022-07-23 21:04:22,660] {processor.py:641} INFO - Processing file /home/airflow/.local/lib/python3.7/site-packages/airflow/example_dags/example_local_kubernetes_executor.py for tasks to queue
[2022-07-23 21:04:22,661] {logging_mixin.py:115} INFO - [2022-07-23 21:04:22,660] {dagbag.py:508} INFO - Filling up the DagBag from /home/airflow/.local/lib/python3.7/site-packages/airflow/example_dags/example_local_kubernetes_executor.py
[2022-07-23 21:04:22,680] {processor.py:651} INFO - DAG(s) dict_keys(['example_local_kubernetes_executor']) retrieved from /home/airflow/.local/lib/python3.7/site-packages/airflow/example_dags/example_local_kubernetes_executor.py
[2022-07-23 21:04:22,768] {logging_mixin.py:115} INFO - [2022-07-23 21:04:22,768] {manager.py:508} INFO - Created Permission View: can edit on DAG:example_local_kubernetes_executor
[2022-07-23 21:04:22,781] {logging_mixin.py:115} INFO - [2022-07-23 21:04:22,780] {manager.py:508} INFO - Created Permission View: can read on DAG:example_local_kubernetes_executor
[2022-07-23 21:04:22,792] {logging_mixin.py:115} INFO - [2022-07-23 21:04:22,792] {manager.py:508} INFO - Created Permission View: can delete on DAG:example_local_kubernetes_executor
[2022-07-23 21:04:22,792] {logging_mixin.py:115} INFO - [2022-07-23 21:04:22,792] {dag.py:2420} INFO - Sync 1 DAGs
[2022-07-23 21:04:22,804] {logging_mixin.py:115} INFO - [2022-07-23 21:04:22,804] {dag.py:2439} INFO - Creating ORM DAG for example_local_kubernetes_executor
[2022-07-23 21:04:22,819] {logging_mixin.py:115} INFO - [2022-07-23 21:04:22,819] {dag.py:2972} INFO - Setting next_dagrun for example_local_kubernetes_executor to None, run_after=None
[2022-07-23 21:04:22,835] {processor.py:161} INFO - Processing /home/airflow/.local/lib/python3.7/site-packages/airflow/example_dags/example_local_kubernetes_executor.py took 0.181 seconds
[2022-07-23 21:04:53,219] {processor.py:153} INFO - Started process (PID=124) to work on /home/airflow/.local/lib/python3.7/site-packages/airflow/example_dags/example_local_kubernetes_executor.py
[2022-07-23 21:04:53,220] {processor.py:641} INFO - Processing file /home/airflow/.local/lib/python3.7/site-packages/airflow/example_dags/example_local_kubernetes_executor.py for tasks to queue
[2022-07-23 21:04:53,220] {logging_mixin.py:115} INFO - [2022-07-23 21:04:53,220] {dagbag.py:508} INFO - Filling up the DagBag from /home/airflow/.local/lib/python3.7/site-packages/airflow/example_dags/example_local_kubernetes_executor.py
[2022-07-23 21:04:53,234] {processor.py:651} INFO - DAG(s) dict_keys(['example_local_kubernetes_executor']) retrieved from /home/airflow/.local/lib/python3.7/site-packages/airflow/example_dags/example_local_kubernetes_executor.py
[2022-07-23 21:04:53,249] {logging_mixin.py:115} INFO - [2022-07-23 21:04:53,249] {dag.py:2420} INFO - Sync 1 DAGs
[2022-07-23 21:04:53,263] {logging_mixin.py:115} INFO - [2022-07-23 21:04:53,263] {dag.py:2972} INFO - Setting next_dagrun for example_local_kubernetes_executor to None, run_after=None
[2022-07-23 21:04:53,270] {processor.py:161} INFO - Processing /home/airflow/.local/lib/python3.7/site-packages/airflow/example_dags/example_local_kubernetes_executor.py took 0.053 seconds
[2022-07-23 21:05:23,627] {processor.py:153} INFO - Started process (PID=185) to work on /home/airflow/.local/lib/python3.7/site-packages/airflow/example_dags/example_local_kubernetes_executor.py
[2022-07-23 21:05:23,627] {processor.py:641} INFO - Processing file /home/airflow/.local/lib/python3.7/site-packages/airflow/example_dags/example_local_kubernetes_executor.py for tasks to queue
[2022-07-23 21:05:23,627] {logging_mixin.py:115} INFO - [2022-07-23 21:05:23,627] {dagbag.py:508} INFO - Filling up the DagBag from /home/airflow/.local/lib/python3.7/site-packages/airflow/example_dags/example_local_kubernetes_executor.py
[2022-07-23 21:05:23,636] {processor.py:651} INFO - DAG(s) dict_keys(['example_local_kubernetes_executor']) retrieved from /home/airflow/.local/lib/python3.7/site-packages/airflow/example_dags/example_local_kubernetes_executor.py
[2022-07-23 21:05:23,650] {logging_mixin.py:115} INFO - [2022-07-23 21:05:23,650] {dag.py:2420} INFO - Sync 1 DAGs
[2022-07-23 21:05:23,663] {logging_mixin.py:115} INFO - [2022-07-23 21:05:23,663] {dag.py:2972} INFO - Setting next_dagrun for example_local_kubernetes_executor to None, run_after=None
[2022-07-23 21:05:23,669] {processor.py:161} INFO - Processing /home/airflow/.local/lib/python3.7/site-packages/airflow/example_dags/example_local_kubernetes_executor.py took 0.044 seconds
[2022-07-23 21:05:54,010] {processor.py:153} INFO - Started process (PID=245) to work on /home/airflow/.local/lib/python3.7/site-packages/airflow/example_dags/example_local_kubernetes_executor.py
[2022-07-23 21:05:54,010] {processor.py:641} INFO - Processing file /home/airflow/.local/lib/python3.7/site-packages/airflow/example_dags/example_local_kubernetes_executor.py for tasks to queue
[2022-07-23 21:05:54,011] {logging_mixin.py:115} INFO - [2022-07-23 21:05:54,010] {dagbag.py:508} INFO - Filling up the DagBag from /home/airflow/.local/lib/python3.7/site-packages/airflow/example_dags/example_local_kubernetes_executor.py
[2022-07-23 21:05:54,022] {processor.py:651} INFO - DAG(s) dict_keys(['example_local_kubernetes_executor']) retrieved from /home/airflow/.local/lib/python3.7/site-packages/airflow/example_dags/example_local_kubernetes_executor.py
[2022-07-23 21:05:54,042] {logging_mixin.py:115} INFO - [2022-07-23 21:05:54,042] {dag.py:2420} INFO - Sync 1 DAGs
[2022-07-23 21:05:54,065] {logging_mixin.py:115} INFO - [2022-07-23 21:05:54,065] {dag.py:2972} INFO - Setting next_dagrun for example_local_kubernetes_executor to None, run_after=None
[2022-07-23 21:05:54,073] {processor.py:161} INFO - Processing /home/airflow/.local/lib/python3.7/site-packages/airflow/example_dags/example_local_kubernetes_executor.py took 0.065 seconds
[2022-07-23 21:06:24,337] {processor.py:153} INFO - Started process (PID=307) to work on /home/airflow/.local/lib/python3.7/site-packages/airflow/example_dags/example_local_kubernetes_executor.py
[2022-07-23 21:06:24,337] {processor.py:641} INFO - Processing file /home/airflow/.local/lib/python3.7/site-packages/airflow/example_dags/example_local_kubernetes_executor.py for tasks to queue
[2022-07-23 21:06:24,338] {logging_mixin.py:115} INFO - [2022-07-23 21:06:24,337] {dagbag.py:508} INFO - Filling up the DagBag from /home/airflow/.local/lib/python3.7/site-packages/airflow/example_dags/example_local_kubernetes_executor.py
[2022-07-23 21:06:24,348] {processor.py:651} INFO - DAG(s) dict_keys(['example_local_kubernetes_executor']) retrieved from /home/airflow/.local/lib/python3.7/site-packages/airflow/example_dags/example_local_kubernetes_executor.py
[2022-07-23 21:06:24,364] {logging_mixin.py:115} INFO - [2022-07-23 21:06:24,364] {dag.py:2420} INFO - Sync 1 DAGs
[2022-07-23 21:06:24,381] {logging_mixin.py:115} INFO - [2022-07-23 21:06:24,381] {dag.py:2972} INFO - Setting next_dagrun for example_local_kubernetes_executor to None, run_after=None
[2022-07-23 21:06:24,389] {processor.py:161} INFO - Processing /home/airflow/.local/lib/python3.7/site-packages/airflow/example_dags/example_local_kubernetes_executor.py took 0.054 seconds
[2022-07-23 21:06:54,783] {processor.py:153} INFO - Started process (PID=360) to work on /home/airflow/.local/lib/python3.7/site-packages/airflow/example_dags/example_local_kubernetes_executor.py
[2022-07-23 21:06:54,783] {processor.py:641} INFO - Processing file /home/airflow/.local/lib/python3.7/site-packages/airflow/example_dags/example_local_kubernetes_executor.py for tasks to queue
[2022-07-23 21:06:54,783] {logging_mixin.py:115} INFO - [2022-07-23 21:06:54,783] {dagbag.py:508} INFO - Filling up the DagBag from /home/airflow/.local/lib/python3.7/site-packages/airflow/example_dags/example_local_kubernetes_executor.py
[2022-07-23 21:06:54,794] {processor.py:651} INFO - DAG(s) dict_keys(['example_local_kubernetes_executor']) retrieved from /home/airflow/.local/lib/python3.7/site-packages/airflow/example_dags/example_local_kubernetes_executor.py
[2022-07-23 21:06:54,807] {logging_mixin.py:115} INFO - [2022-07-23 21:06:54,807] {dag.py:2420} INFO - Sync 1 DAGs
[2022-07-23 21:06:54,820] {logging_mixin.py:115} INFO - [2022-07-23 21:06:54,820] {dag.py:2972} INFO - Setting next_dagrun for example_local_kubernetes_executor to None, run_after=None
[2022-07-23 21:06:54,827] {processor.py:161} INFO - Processing /home/airflow/.local/lib/python3.7/site-packages/airflow/example_dags/example_local_kubernetes_executor.py took 0.046 seconds
[2022-07-23 21:07:24,921] {processor.py:153} INFO - Started process (PID=421) to work on /home/airflow/.local/lib/python3.7/site-packages/airflow/example_dags/example_local_kubernetes_executor.py
[2022-07-23 21:07:24,922] {processor.py:641} INFO - Processing file /home/airflow/.local/lib/python3.7/site-packages/airflow/example_dags/example_local_kubernetes_executor.py for tasks to queue
[2022-07-23 21:07:24,922] {logging_mixin.py:115} INFO - [2022-07-23 21:07:24,922] {dagbag.py:508} INFO - Filling up the DagBag from /home/airflow/.local/lib/python3.7/site-packages/airflow/example_dags/example_local_kubernetes_executor.py
[2022-07-23 21:07:24,932] {processor.py:651} INFO - DAG(s) dict_keys(['example_local_kubernetes_executor']) retrieved from /home/airflow/.local/lib/python3.7/site-packages/airflow/example_dags/example_local_kubernetes_executor.py
[2022-07-23 21:07:24,946] {logging_mixin.py:115} INFO - [2022-07-23 21:07:24,946] {dag.py:2420} INFO - Sync 1 DAGs
[2022-07-23 21:07:24,959] {logging_mixin.py:115} INFO - [2022-07-23 21:07:24,959] {dag.py:2972} INFO - Setting next_dagrun for example_local_kubernetes_executor to None, run_after=None
[2022-07-23 21:07:24,965] {processor.py:161} INFO - Processing /home/airflow/.local/lib/python3.7/site-packages/airflow/example_dags/example_local_kubernetes_executor.py took 0.046 seconds
[2022-07-23 21:07:55,135] {processor.py:153} INFO - Started process (PID=482) to work on /home/airflow/.local/lib/python3.7/site-packages/airflow/example_dags/example_local_kubernetes_executor.py
[2022-07-23 21:07:55,136] {processor.py:641} INFO - Processing file /home/airflow/.local/lib/python3.7/site-packages/airflow/example_dags/example_local_kubernetes_executor.py for tasks to queue
[2022-07-23 21:07:55,136] {logging_mixin.py:115} INFO - [2022-07-23 21:07:55,136] {dagbag.py:508} INFO - Filling up the DagBag from /home/airflow/.local/lib/python3.7/site-packages/airflow/example_dags/example_local_kubernetes_executor.py
[2022-07-23 21:07:55,147] {processor.py:651} INFO - DAG(s) dict_keys(['example_local_kubernetes_executor']) retrieved from /home/airflow/.local/lib/python3.7/site-packages/airflow/example_dags/example_local_kubernetes_executor.py
[2022-07-23 21:07:55,198] {logging_mixin.py:115} INFO - [2022-07-23 21:07:55,198] {dag.py:2420} INFO - Sync 1 DAGs
[2022-07-23 21:07:55,213] {logging_mixin.py:115} INFO - [2022-07-23 21:07:55,213] {dag.py:2972} INFO - Setting next_dagrun for example_local_kubernetes_executor to None, run_after=None
[2022-07-23 21:07:55,220] {processor.py:161} INFO - Processing /home/airflow/.local/lib/python3.7/site-packages/airflow/example_dags/example_local_kubernetes_executor.py took 0.086 seconds
[2022-07-23 21:08:25,483] {processor.py:153} INFO - Started process (PID=543) to work on /home/airflow/.local/lib/python3.7/site-packages/airflow/example_dags/example_local_kubernetes_executor.py
[2022-07-23 21:08:25,483] {processor.py:641} INFO - Processing file /home/airflow/.local/lib/python3.7/site-packages/airflow/example_dags/example_local_kubernetes_executor.py for tasks to queue
[2022-07-23 21:08:25,484] {logging_mixin.py:115} INFO - [2022-07-23 21:08:25,484] {dagbag.py:508} INFO - Filling up the DagBag from /home/airflow/.local/lib/python3.7/site-packages/airflow/example_dags/example_local_kubernetes_executor.py
[2022-07-23 21:08:25,496] {processor.py:651} INFO - DAG(s) dict_keys(['example_local_kubernetes_executor']) retrieved from /home/airflow/.local/lib/python3.7/site-packages/airflow/example_dags/example_local_kubernetes_executor.py
[2022-07-23 21:08:25,516] {logging_mixin.py:115} INFO - [2022-07-23 21:08:25,516] {dag.py:2420} INFO - Sync 1 DAGs
[2022-07-23 21:08:25,538] {logging_mixin.py:115} INFO - [2022-07-23 21:08:25,538] {dag.py:2972} INFO - Setting next_dagrun for example_local_kubernetes_executor to None, run_after=None
[2022-07-23 21:08:25,548] {processor.py:161} INFO - Processing /home/airflow/.local/lib/python3.7/site-packages/airflow/example_dags/example_local_kubernetes_executor.py took 0.068 seconds
[2022-07-23 21:08:55,753] {processor.py:153} INFO - Started process (PID=596) to work on /home/airflow/.local/lib/python3.7/site-packages/airflow/example_dags/example_local_kubernetes_executor.py
[2022-07-23 21:08:55,753] {processor.py:641} INFO - Processing file /home/airflow/.local/lib/python3.7/site-packages/airflow/example_dags/example_local_kubernetes_executor.py for tasks to queue
[2022-07-23 21:08:55,754] {logging_mixin.py:115} INFO - [2022-07-23 21:08:55,754] {dagbag.py:508} INFO - Filling up the DagBag from /home/airflow/.local/lib/python3.7/site-packages/airflow/example_dags/example_local_kubernetes_executor.py
[2022-07-23 21:08:55,764] {processor.py:651} INFO - DAG(s) dict_keys(['example_local_kubernetes_executor']) retrieved from /home/airflow/.local/lib/python3.7/site-packages/airflow/example_dags/example_local_kubernetes_executor.py
[2022-07-23 21:08:55,779] {logging_mixin.py:115} INFO - [2022-07-23 21:08:55,779] {dag.py:2420} INFO - Sync 1 DAGs
[2022-07-23 21:08:55,796] {logging_mixin.py:115} INFO - [2022-07-23 21:08:55,795] {dag.py:2972} INFO - Setting next_dagrun for example_local_kubernetes_executor to None, run_after=None
[2022-07-23 21:08:55,802] {processor.py:161} INFO - Processing /home/airflow/.local/lib/python3.7/site-packages/airflow/example_dags/example_local_kubernetes_executor.py took 0.051 seconds
[2022-07-23 21:09:26,038] {processor.py:153} INFO - Started process (PID=656) to work on /home/airflow/.local/lib/python3.7/site-packages/airflow/example_dags/example_local_kubernetes_executor.py
[2022-07-23 21:09:26,038] {processor.py:641} INFO - Processing file /home/airflow/.local/lib/python3.7/site-packages/airflow/example_dags/example_local_kubernetes_executor.py for tasks to queue
[2022-07-23 21:09:26,039] {logging_mixin.py:115} INFO - [2022-07-23 21:09:26,039] {dagbag.py:508} INFO - Filling up the DagBag from /home/airflow/.local/lib/python3.7/site-packages/airflow/example_dags/example_local_kubernetes_executor.py
[2022-07-23 21:09:26,049] {processor.py:651} INFO - DAG(s) dict_keys(['example_local_kubernetes_executor']) retrieved from /home/airflow/.local/lib/python3.7/site-packages/airflow/example_dags/example_local_kubernetes_executor.py
[2022-07-23 21:09:26,062] {logging_mixin.py:115} INFO - [2022-07-23 21:09:26,062] {dag.py:2420} INFO - Sync 1 DAGs
[2022-07-23 21:09:26,075] {logging_mixin.py:115} INFO - [2022-07-23 21:09:26,075] {dag.py:2972} INFO - Setting next_dagrun for example_local_kubernetes_executor to None, run_after=None
[2022-07-23 21:09:26,082] {processor.py:161} INFO - Processing /home/airflow/.local/lib/python3.7/site-packages/airflow/example_dags/example_local_kubernetes_executor.py took 0.046 seconds
[2022-07-23 21:09:56,181] {processor.py:153} INFO - Started process (PID=716) to work on /home/airflow/.local/lib/python3.7/site-packages/airflow/example_dags/example_local_kubernetes_executor.py
[2022-07-23 21:09:56,181] {processor.py:641} INFO - Processing file /home/airflow/.local/lib/python3.7/site-packages/airflow/example_dags/example_local_kubernetes_executor.py for tasks to queue
[2022-07-23 21:09:56,182] {logging_mixin.py:115} INFO - [2022-07-23 21:09:56,182] {dagbag.py:508} INFO - Filling up the DagBag from /home/airflow/.local/lib/python3.7/site-packages/airflow/example_dags/example_local_kubernetes_executor.py
[2022-07-23 21:09:56,192] {processor.py:651} INFO - DAG(s) dict_keys(['example_local_kubernetes_executor']) retrieved from /home/airflow/.local/lib/python3.7/site-packages/airflow/example_dags/example_local_kubernetes_executor.py
[2022-07-23 21:09:56,206] {logging_mixin.py:115} INFO - [2022-07-23 21:09:56,206] {dag.py:2420} INFO - Sync 1 DAGs
[2022-07-23 21:09:56,219] {logging_mixin.py:115} INFO - [2022-07-23 21:09:56,219] {dag.py:2972} INFO - Setting next_dagrun for example_local_kubernetes_executor to None, run_after=None
[2022-07-23 21:09:56,225] {processor.py:161} INFO - Processing /home/airflow/.local/lib/python3.7/site-packages/airflow/example_dags/example_local_kubernetes_executor.py took 0.046 seconds
[2022-07-23 21:10:26,487] {processor.py:153} INFO - Started process (PID=775) to work on /home/airflow/.local/lib/python3.7/site-packages/airflow/example_dags/example_local_kubernetes_executor.py
[2022-07-23 21:10:26,488] {processor.py:641} INFO - Processing file /home/airflow/.local/lib/python3.7/site-packages/airflow/example_dags/example_local_kubernetes_executor.py for tasks to queue
[2022-07-23 21:10:26,488] {logging_mixin.py:115} INFO - [2022-07-23 21:10:26,488] {dagbag.py:508} INFO - Filling up the DagBag from /home/airflow/.local/lib/python3.7/site-packages/airflow/example_dags/example_local_kubernetes_executor.py
[2022-07-23 21:10:26,498] {processor.py:651} INFO - DAG(s) dict_keys(['example_local_kubernetes_executor']) retrieved from /home/airflow/.local/lib/python3.7/site-packages/airflow/example_dags/example_local_kubernetes_executor.py
[2022-07-23 21:10:26,513] {logging_mixin.py:115} INFO - [2022-07-23 21:10:26,513] {dag.py:2420} INFO - Sync 1 DAGs
[2022-07-23 21:10:26,527] {logging_mixin.py:115} INFO - [2022-07-23 21:10:26,527] {dag.py:2972} INFO - Setting next_dagrun for example_local_kubernetes_executor to None, run_after=None
[2022-07-23 21:10:26,535] {processor.py:161} INFO - Processing /home/airflow/.local/lib/python3.7/site-packages/airflow/example_dags/example_local_kubernetes_executor.py took 0.049 seconds
[2022-07-23 21:10:56,814] {processor.py:153} INFO - Started process (PID=828) to work on /home/airflow/.local/lib/python3.7/site-packages/airflow/example_dags/example_local_kubernetes_executor.py
[2022-07-23 21:10:56,814] {processor.py:641} INFO - Processing file /home/airflow/.local/lib/python3.7/site-packages/airflow/example_dags/example_local_kubernetes_executor.py for tasks to queue
[2022-07-23 21:10:56,814] {logging_mixin.py:115} INFO - [2022-07-23 21:10:56,814] {dagbag.py:508} INFO - Filling up the DagBag from /home/airflow/.local/lib/python3.7/site-packages/airflow/example_dags/example_local_kubernetes_executor.py
[2022-07-23 21:10:56,824] {processor.py:651} INFO - DAG(s) dict_keys(['example_local_kubernetes_executor']) retrieved from /home/airflow/.local/lib/python3.7/site-packages/airflow/example_dags/example_local_kubernetes_executor.py
[2022-07-23 21:10:56,837] {logging_mixin.py:115} INFO - [2022-07-23 21:10:56,837] {dag.py:2420} INFO - Sync 1 DAGs
[2022-07-23 21:10:56,851] {logging_mixin.py:115} INFO - [2022-07-23 21:10:56,851] {dag.py:2972} INFO - Setting next_dagrun for example_local_kubernetes_executor to None, run_after=None
[2022-07-23 21:10:56,858] {processor.py:161} INFO - Processing /home/airflow/.local/lib/python3.7/site-packages/airflow/example_dags/example_local_kubernetes_executor.py took 0.046 seconds
[2022-07-23 21:11:27,022] {processor.py:153} INFO - Started process (PID=889) to work on /home/airflow/.local/lib/python3.7/site-packages/airflow/example_dags/example_local_kubernetes_executor.py
[2022-07-23 21:11:27,023] {processor.py:641} INFO - Processing file /home/airflow/.local/lib/python3.7/site-packages/airflow/example_dags/example_local_kubernetes_executor.py for tasks to queue
[2022-07-23 21:11:27,023] {logging_mixin.py:115} INFO - [2022-07-23 21:11:27,023] {dagbag.py:508} INFO - Filling up the DagBag from /home/airflow/.local/lib/python3.7/site-packages/airflow/example_dags/example_local_kubernetes_executor.py
[2022-07-23 21:11:27,037] {processor.py:651} INFO - DAG(s) dict_keys(['example_local_kubernetes_executor']) retrieved from /home/airflow/.local/lib/python3.7/site-packages/airflow/example_dags/example_local_kubernetes_executor.py
[2022-07-23 21:11:27,054] {logging_mixin.py:115} INFO - [2022-07-23 21:11:27,054] {dag.py:2420} INFO - Sync 1 DAGs
[2022-07-23 21:11:27,072] {logging_mixin.py:115} INFO - [2022-07-23 21:11:27,072] {dag.py:2972} INFO - Setting next_dagrun for example_local_kubernetes_executor to None, run_after=None
[2022-07-23 21:11:27,079] {processor.py:161} INFO - Processing /home/airflow/.local/lib/python3.7/site-packages/airflow/example_dags/example_local_kubernetes_executor.py took 0.060 seconds
[2022-07-23 21:11:57,231] {processor.py:153} INFO - Started process (PID=949) to work on /home/airflow/.local/lib/python3.7/site-packages/airflow/example_dags/example_local_kubernetes_executor.py
[2022-07-23 21:11:57,231] {processor.py:641} INFO - Processing file /home/airflow/.local/lib/python3.7/site-packages/airflow/example_dags/example_local_kubernetes_executor.py for tasks to queue
[2022-07-23 21:11:57,231] {logging_mixin.py:115} INFO - [2022-07-23 21:11:57,231] {dagbag.py:508} INFO - Filling up the DagBag from /home/airflow/.local/lib/python3.7/site-packages/airflow/example_dags/example_local_kubernetes_executor.py
[2022-07-23 21:11:57,241] {processor.py:651} INFO - DAG(s) dict_keys(['example_local_kubernetes_executor']) retrieved from /home/airflow/.local/lib/python3.7/site-packages/airflow/example_dags/example_local_kubernetes_executor.py
[2022-07-23 21:11:57,255] {logging_mixin.py:115} INFO - [2022-07-23 21:11:57,255] {dag.py:2420} INFO - Sync 1 DAGs
[2022-07-23 21:11:57,268] {logging_mixin.py:115} INFO - [2022-07-23 21:11:57,268] {dag.py:2972} INFO - Setting next_dagrun for example_local_kubernetes_executor to None, run_after=None
[2022-07-23 21:11:57,274] {processor.py:161} INFO - Processing /home/airflow/.local/lib/python3.7/site-packages/airflow/example_dags/example_local_kubernetes_executor.py took 0.045 seconds
[2022-07-23 21:12:27,430] {processor.py:153} INFO - Started process (PID=1011) to work on /home/airflow/.local/lib/python3.7/site-packages/airflow/example_dags/example_local_kubernetes_executor.py
[2022-07-23 21:12:27,430] {processor.py:641} INFO - Processing file /home/airflow/.local/lib/python3.7/site-packages/airflow/example_dags/example_local_kubernetes_executor.py for tasks to queue
[2022-07-23 21:12:27,431] {logging_mixin.py:115} INFO - [2022-07-23 21:12:27,431] {dagbag.py:508} INFO - Filling up the DagBag from /home/airflow/.local/lib/python3.7/site-packages/airflow/example_dags/example_local_kubernetes_executor.py
[2022-07-23 21:12:27,441] {processor.py:651} INFO - DAG(s) dict_keys(['example_local_kubernetes_executor']) retrieved from /home/airflow/.local/lib/python3.7/site-packages/airflow/example_dags/example_local_kubernetes_executor.py
[2022-07-23 21:12:27,460] {logging_mixin.py:115} INFO - [2022-07-23 21:12:27,460] {dag.py:2420} INFO - Sync 1 DAGs
[2022-07-23 21:12:27,480] {logging_mixin.py:115} INFO - [2022-07-23 21:12:27,480] {dag.py:2972} INFO - Setting next_dagrun for example_local_kubernetes_executor to None, run_after=None
[2022-07-23 21:12:27,490] {processor.py:161} INFO - Processing /home/airflow/.local/lib/python3.7/site-packages/airflow/example_dags/example_local_kubernetes_executor.py took 0.061 seconds
[2022-07-23 21:12:58,015] {processor.py:153} INFO - Started process (PID=1063) to work on /home/airflow/.local/lib/python3.7/site-packages/airflow/example_dags/example_local_kubernetes_executor.py
[2022-07-23 21:12:58,015] {processor.py:641} INFO - Processing file /home/airflow/.local/lib/python3.7/site-packages/airflow/example_dags/example_local_kubernetes_executor.py for tasks to queue
[2022-07-23 21:12:58,016] {logging_mixin.py:115} INFO - [2022-07-23 21:12:58,016] {dagbag.py:508} INFO - Filling up the DagBag from /home/airflow/.local/lib/python3.7/site-packages/airflow/example_dags/example_local_kubernetes_executor.py
[2022-07-23 21:12:58,027] {processor.py:651} INFO - DAG(s) dict_keys(['example_local_kubernetes_executor']) retrieved from /home/airflow/.local/lib/python3.7/site-packages/airflow/example_dags/example_local_kubernetes_executor.py
[2022-07-23 21:12:58,044] {logging_mixin.py:115} INFO - [2022-07-23 21:12:58,044] {dag.py:2420} INFO - Sync 1 DAGs
[2022-07-23 21:12:58,058] {logging_mixin.py:115} INFO - [2022-07-23 21:12:58,058] {dag.py:2972} INFO - Setting next_dagrun for example_local_kubernetes_executor to None, run_after=None
[2022-07-23 21:12:58,065] {processor.py:161} INFO - Processing /home/airflow/.local/lib/python3.7/site-packages/airflow/example_dags/example_local_kubernetes_executor.py took 0.052 seconds
[2022-07-23 21:13:28,326] {processor.py:153} INFO - Started process (PID=1124) to work on /home/airflow/.local/lib/python3.7/site-packages/airflow/example_dags/example_local_kubernetes_executor.py
[2022-07-23 21:13:28,326] {processor.py:641} INFO - Processing file /home/airflow/.local/lib/python3.7/site-packages/airflow/example_dags/example_local_kubernetes_executor.py for tasks to queue
[2022-07-23 21:13:28,326] {logging_mixin.py:115} INFO - [2022-07-23 21:13:28,326] {dagbag.py:508} INFO - Filling up the DagBag from /home/airflow/.local/lib/python3.7/site-packages/airflow/example_dags/example_local_kubernetes_executor.py
[2022-07-23 21:13:28,336] {processor.py:651} INFO - DAG(s) dict_keys(['example_local_kubernetes_executor']) retrieved from /home/airflow/.local/lib/python3.7/site-packages/airflow/example_dags/example_local_kubernetes_executor.py
[2022-07-23 21:13:28,353] {logging_mixin.py:115} INFO - [2022-07-23 21:13:28,353] {dag.py:2420} INFO - Sync 1 DAGs
[2022-07-23 21:13:28,370] {logging_mixin.py:115} INFO - [2022-07-23 21:13:28,370] {dag.py:2972} INFO - Setting next_dagrun for example_local_kubernetes_executor to None, run_after=None
[2022-07-23 21:13:28,379] {processor.py:161} INFO - Processing /home/airflow/.local/lib/python3.7/site-packages/airflow/example_dags/example_local_kubernetes_executor.py took 0.055 seconds
[2022-07-23 21:13:58,528] {processor.py:153} INFO - Started process (PID=1186) to work on /home/airflow/.local/lib/python3.7/site-packages/airflow/example_dags/example_local_kubernetes_executor.py
[2022-07-23 21:13:58,528] {processor.py:641} INFO - Processing file /home/airflow/.local/lib/python3.7/site-packages/airflow/example_dags/example_local_kubernetes_executor.py for tasks to queue
[2022-07-23 21:13:58,529] {logging_mixin.py:115} INFO - [2022-07-23 21:13:58,529] {dagbag.py:508} INFO - Filling up the DagBag from /home/airflow/.local/lib/python3.7/site-packages/airflow/example_dags/example_local_kubernetes_executor.py
[2022-07-23 21:13:58,539] {processor.py:651} INFO - DAG(s) dict_keys(['example_local_kubernetes_executor']) retrieved from /home/airflow/.local/lib/python3.7/site-packages/airflow/example_dags/example_local_kubernetes_executor.py
[2022-07-23 21:13:58,557] {logging_mixin.py:115} INFO - [2022-07-23 21:13:58,557] {dag.py:2420} INFO - Sync 1 DAGs
[2022-07-23 21:13:58,575] {logging_mixin.py:115} INFO - [2022-07-23 21:13:58,575] {dag.py:2972} INFO - Setting next_dagrun for example_local_kubernetes_executor to None, run_after=None
[2022-07-23 21:13:58,582] {processor.py:161} INFO - Processing /home/airflow/.local/lib/python3.7/site-packages/airflow/example_dags/example_local_kubernetes_executor.py took 0.056 seconds
[2022-07-23 21:14:28,781] {processor.py:153} INFO - Started process (PID=1247) to work on /home/airflow/.local/lib/python3.7/site-packages/airflow/example_dags/example_local_kubernetes_executor.py
[2022-07-23 21:14:28,781] {processor.py:641} INFO - Processing file /home/airflow/.local/lib/python3.7/site-packages/airflow/example_dags/example_local_kubernetes_executor.py for tasks to queue
[2022-07-23 21:14:28,782] {logging_mixin.py:115} INFO - [2022-07-23 21:14:28,781] {dagbag.py:508} INFO - Filling up the DagBag from /home/airflow/.local/lib/python3.7/site-packages/airflow/example_dags/example_local_kubernetes_executor.py
[2022-07-23 21:14:28,792] {processor.py:651} INFO - DAG(s) dict_keys(['example_local_kubernetes_executor']) retrieved from /home/airflow/.local/lib/python3.7/site-packages/airflow/example_dags/example_local_kubernetes_executor.py
[2022-07-23 21:14:28,807] {logging_mixin.py:115} INFO - [2022-07-23 21:14:28,807] {dag.py:2420} INFO - Sync 1 DAGs
[2022-07-23 21:14:28,821] {logging_mixin.py:115} INFO - [2022-07-23 21:14:28,821] {dag.py:2972} INFO - Setting next_dagrun for example_local_kubernetes_executor to None, run_after=None
[2022-07-23 21:14:28,829] {processor.py:161} INFO - Processing /home/airflow/.local/lib/python3.7/site-packages/airflow/example_dags/example_local_kubernetes_executor.py took 0.050 seconds
[2022-07-23 21:14:59,164] {processor.py:153} INFO - Started process (PID=1298) to work on /home/airflow/.local/lib/python3.7/site-packages/airflow/example_dags/example_local_kubernetes_executor.py
[2022-07-23 21:14:59,165] {processor.py:641} INFO - Processing file /home/airflow/.local/lib/python3.7/site-packages/airflow/example_dags/example_local_kubernetes_executor.py for tasks to queue
[2022-07-23 21:14:59,165] {logging_mixin.py:115} INFO - [2022-07-23 21:14:59,165] {dagbag.py:508} INFO - Filling up the DagBag from /home/airflow/.local/lib/python3.7/site-packages/airflow/example_dags/example_local_kubernetes_executor.py
[2022-07-23 21:14:59,176] {processor.py:651} INFO - DAG(s) dict_keys(['example_local_kubernetes_executor']) retrieved from /home/airflow/.local/lib/python3.7/site-packages/airflow/example_dags/example_local_kubernetes_executor.py
[2022-07-23 21:14:59,190] {logging_mixin.py:115} INFO - [2022-07-23 21:14:59,190] {dag.py:2420} INFO - Sync 1 DAGs
[2022-07-23 21:14:59,203] {logging_mixin.py:115} INFO - [2022-07-23 21:14:59,203] {dag.py:2972} INFO - Setting next_dagrun for example_local_kubernetes_executor to None, run_after=None
[2022-07-23 21:14:59,210] {processor.py:161} INFO - Processing /home/airflow/.local/lib/python3.7/site-packages/airflow/example_dags/example_local_kubernetes_executor.py took 0.048 seconds
[2022-07-23 21:15:29,453] {processor.py:153} INFO - Started process (PID=1361) to work on /home/airflow/.local/lib/python3.7/site-packages/airflow/example_dags/example_local_kubernetes_executor.py
[2022-07-23 21:15:29,455] {processor.py:641} INFO - Processing file /home/airflow/.local/lib/python3.7/site-packages/airflow/example_dags/example_local_kubernetes_executor.py for tasks to queue
[2022-07-23 21:15:29,455] {logging_mixin.py:115} INFO - [2022-07-23 21:15:29,455] {dagbag.py:508} INFO - Filling up the DagBag from /home/airflow/.local/lib/python3.7/site-packages/airflow/example_dags/example_local_kubernetes_executor.py
[2022-07-23 21:15:29,465] {processor.py:651} INFO - DAG(s) dict_keys(['example_local_kubernetes_executor']) retrieved from /home/airflow/.local/lib/python3.7/site-packages/airflow/example_dags/example_local_kubernetes_executor.py
[2022-07-23 21:15:29,478] {logging_mixin.py:115} INFO - [2022-07-23 21:15:29,478] {dag.py:2420} INFO - Sync 1 DAGs
[2022-07-23 21:15:29,491] {logging_mixin.py:115} INFO - [2022-07-23 21:15:29,491] {dag.py:2972} INFO - Setting next_dagrun for example_local_kubernetes_executor to None, run_after=None
[2022-07-23 21:15:29,500] {processor.py:161} INFO - Processing /home/airflow/.local/lib/python3.7/site-packages/airflow/example_dags/example_local_kubernetes_executor.py took 0.049 seconds
[2022-07-23 21:15:59,732] {processor.py:153} INFO - Started process (PID=1422) to work on /home/airflow/.local/lib/python3.7/site-packages/airflow/example_dags/example_local_kubernetes_executor.py
[2022-07-23 21:15:59,732] {processor.py:641} INFO - Processing file /home/airflow/.local/lib/python3.7/site-packages/airflow/example_dags/example_local_kubernetes_executor.py for tasks to queue
[2022-07-23 21:15:59,732] {logging_mixin.py:115} INFO - [2022-07-23 21:15:59,732] {dagbag.py:508} INFO - Filling up the DagBag from /home/airflow/.local/lib/python3.7/site-packages/airflow/example_dags/example_local_kubernetes_executor.py
[2022-07-23 21:15:59,741] {processor.py:651} INFO - DAG(s) dict_keys(['example_local_kubernetes_executor']) retrieved from /home/airflow/.local/lib/python3.7/site-packages/airflow/example_dags/example_local_kubernetes_executor.py
[2022-07-23 21:15:59,755] {logging_mixin.py:115} INFO - [2022-07-23 21:15:59,755] {dag.py:2420} INFO - Sync 1 DAGs
[2022-07-23 21:15:59,766] {logging_mixin.py:115} INFO - [2022-07-23 21:15:59,766] {dag.py:2972} INFO - Setting next_dagrun for example_local_kubernetes_executor to None, run_after=None
[2022-07-23 21:15:59,772] {processor.py:161} INFO - Processing /home/airflow/.local/lib/python3.7/site-packages/airflow/example_dags/example_local_kubernetes_executor.py took 0.042 seconds
[2022-07-23 21:16:52,216] {processor.py:153} INFO - Started process (PID=61) to work on /home/airflow/.local/lib/python3.7/site-packages/airflow/example_dags/example_local_kubernetes_executor.py
[2022-07-23 21:16:52,216] {processor.py:641} INFO - Processing file /home/airflow/.local/lib/python3.7/site-packages/airflow/example_dags/example_local_kubernetes_executor.py for tasks to queue
[2022-07-23 21:16:52,217] {logging_mixin.py:115} INFO - [2022-07-23 21:16:52,217] {dagbag.py:508} INFO - Filling up the DagBag from /home/airflow/.local/lib/python3.7/site-packages/airflow/example_dags/example_local_kubernetes_executor.py
[2022-07-23 21:16:52,230] {processor.py:651} INFO - DAG(s) dict_keys(['example_local_kubernetes_executor']) retrieved from /home/airflow/.local/lib/python3.7/site-packages/airflow/example_dags/example_local_kubernetes_executor.py
[2022-07-23 21:16:52,252] {logging_mixin.py:115} INFO - [2022-07-23 21:16:52,252] {dag.py:2420} INFO - Sync 1 DAGs
[2022-07-23 21:16:52,369] {logging_mixin.py:115} INFO - [2022-07-23 21:16:52,368] {dag.py:2972} INFO - Setting next_dagrun for example_local_kubernetes_executor to None, run_after=None
[2022-07-23 21:16:52,377] {processor.py:161} INFO - Processing /home/airflow/.local/lib/python3.7/site-packages/airflow/example_dags/example_local_kubernetes_executor.py took 0.164 seconds
