[2022-07-23 21:04:20,716] {processor.py:153} INFO - Started process (PID=55) to work on /home/airflow/.local/lib/python3.7/site-packages/airflow/example_dags/example_time_delta_sensor_async.py
[2022-07-23 21:04:20,716] {processor.py:641} INFO - Processing file /home/airflow/.local/lib/python3.7/site-packages/airflow/example_dags/example_time_delta_sensor_async.py for tasks to queue
[2022-07-23 21:04:20,717] {logging_mixin.py:115} INFO - [2022-07-23 21:04:20,717] {dagbag.py:508} INFO - Filling up the DagBag from /home/airflow/.local/lib/python3.7/site-packages/airflow/example_dags/example_time_delta_sensor_async.py
[2022-07-23 21:04:20,723] {processor.py:651} INFO - DAG(s) dict_keys(['example_time_delta_sensor_async']) retrieved from /home/airflow/.local/lib/python3.7/site-packages/airflow/example_dags/example_time_delta_sensor_async.py
[2022-07-23 21:04:20,835] {logging_mixin.py:115} INFO - [2022-07-23 21:04:20,835] {manager.py:508} INFO - Created Permission View: can edit on DAG:example_time_delta_sensor_async
[2022-07-23 21:04:20,846] {logging_mixin.py:115} INFO - [2022-07-23 21:04:20,846] {manager.py:508} INFO - Created Permission View: can read on DAG:example_time_delta_sensor_async
[2022-07-23 21:04:20,852] {logging_mixin.py:115} INFO - [2022-07-23 21:04:20,852] {manager.py:508} INFO - Created Permission View: can delete on DAG:example_time_delta_sensor_async
[2022-07-23 21:04:20,853] {logging_mixin.py:115} INFO - [2022-07-23 21:04:20,853] {dag.py:2420} INFO - Sync 1 DAGs
[2022-07-23 21:04:20,861] {logging_mixin.py:115} INFO - [2022-07-23 21:04:20,861] {dag.py:2439} INFO - Creating ORM DAG for example_time_delta_sensor_async
[2022-07-23 21:04:20,872] {logging_mixin.py:115} INFO - [2022-07-23 21:04:20,872] {dag.py:2972} INFO - Setting next_dagrun for example_time_delta_sensor_async to None, run_after=None
[2022-07-23 21:04:20,885] {processor.py:161} INFO - Processing /home/airflow/.local/lib/python3.7/site-packages/airflow/example_dags/example_time_delta_sensor_async.py took 0.173 seconds
[2022-07-23 21:04:51,668] {processor.py:153} INFO - Started process (PID=108) to work on /home/airflow/.local/lib/python3.7/site-packages/airflow/example_dags/example_time_delta_sensor_async.py
[2022-07-23 21:04:51,669] {processor.py:641} INFO - Processing file /home/airflow/.local/lib/python3.7/site-packages/airflow/example_dags/example_time_delta_sensor_async.py for tasks to queue
[2022-07-23 21:04:51,669] {logging_mixin.py:115} INFO - [2022-07-23 21:04:51,669] {dagbag.py:508} INFO - Filling up the DagBag from /home/airflow/.local/lib/python3.7/site-packages/airflow/example_dags/example_time_delta_sensor_async.py
[2022-07-23 21:04:51,675] {processor.py:651} INFO - DAG(s) dict_keys(['example_time_delta_sensor_async']) retrieved from /home/airflow/.local/lib/python3.7/site-packages/airflow/example_dags/example_time_delta_sensor_async.py
[2022-07-23 21:04:51,703] {logging_mixin.py:115} INFO - [2022-07-23 21:04:51,703] {dag.py:2420} INFO - Sync 1 DAGs
[2022-07-23 21:04:51,718] {logging_mixin.py:115} INFO - [2022-07-23 21:04:51,718] {dag.py:2972} INFO - Setting next_dagrun for example_time_delta_sensor_async to None, run_after=None
[2022-07-23 21:04:51,726] {processor.py:161} INFO - Processing /home/airflow/.local/lib/python3.7/site-packages/airflow/example_dags/example_time_delta_sensor_async.py took 0.062 seconds
[2022-07-23 21:05:21,975] {processor.py:153} INFO - Started process (PID=169) to work on /home/airflow/.local/lib/python3.7/site-packages/airflow/example_dags/example_time_delta_sensor_async.py
[2022-07-23 21:05:21,976] {processor.py:641} INFO - Processing file /home/airflow/.local/lib/python3.7/site-packages/airflow/example_dags/example_time_delta_sensor_async.py for tasks to queue
[2022-07-23 21:05:21,976] {logging_mixin.py:115} INFO - [2022-07-23 21:05:21,976] {dagbag.py:508} INFO - Filling up the DagBag from /home/airflow/.local/lib/python3.7/site-packages/airflow/example_dags/example_time_delta_sensor_async.py
[2022-07-23 21:05:21,980] {processor.py:651} INFO - DAG(s) dict_keys(['example_time_delta_sensor_async']) retrieved from /home/airflow/.local/lib/python3.7/site-packages/airflow/example_dags/example_time_delta_sensor_async.py
[2022-07-23 21:05:22,012] {logging_mixin.py:115} INFO - [2022-07-23 21:05:22,012] {dag.py:2420} INFO - Sync 1 DAGs
[2022-07-23 21:05:22,029] {logging_mixin.py:115} INFO - [2022-07-23 21:05:22,029] {dag.py:2972} INFO - Setting next_dagrun for example_time_delta_sensor_async to None, run_after=None
[2022-07-23 21:05:22,038] {processor.py:161} INFO - Processing /home/airflow/.local/lib/python3.7/site-packages/airflow/example_dags/example_time_delta_sensor_async.py took 0.067 seconds
[2022-07-23 21:05:52,247] {processor.py:153} INFO - Started process (PID=229) to work on /home/airflow/.local/lib/python3.7/site-packages/airflow/example_dags/example_time_delta_sensor_async.py
[2022-07-23 21:05:52,247] {processor.py:641} INFO - Processing file /home/airflow/.local/lib/python3.7/site-packages/airflow/example_dags/example_time_delta_sensor_async.py for tasks to queue
[2022-07-23 21:05:52,247] {logging_mixin.py:115} INFO - [2022-07-23 21:05:52,247] {dagbag.py:508} INFO - Filling up the DagBag from /home/airflow/.local/lib/python3.7/site-packages/airflow/example_dags/example_time_delta_sensor_async.py
[2022-07-23 21:05:52,251] {processor.py:651} INFO - DAG(s) dict_keys(['example_time_delta_sensor_async']) retrieved from /home/airflow/.local/lib/python3.7/site-packages/airflow/example_dags/example_time_delta_sensor_async.py
[2022-07-23 21:05:52,277] {logging_mixin.py:115} INFO - [2022-07-23 21:05:52,277] {dag.py:2420} INFO - Sync 1 DAGs
[2022-07-23 21:05:52,298] {logging_mixin.py:115} INFO - [2022-07-23 21:05:52,298] {dag.py:2972} INFO - Setting next_dagrun for example_time_delta_sensor_async to None, run_after=None
[2022-07-23 21:05:52,305] {processor.py:161} INFO - Processing /home/airflow/.local/lib/python3.7/site-packages/airflow/example_dags/example_time_delta_sensor_async.py took 0.060 seconds
[2022-07-23 21:06:22,785] {processor.py:153} INFO - Started process (PID=289) to work on /home/airflow/.local/lib/python3.7/site-packages/airflow/example_dags/example_time_delta_sensor_async.py
[2022-07-23 21:06:22,785] {processor.py:641} INFO - Processing file /home/airflow/.local/lib/python3.7/site-packages/airflow/example_dags/example_time_delta_sensor_async.py for tasks to queue
[2022-07-23 21:06:22,785] {logging_mixin.py:115} INFO - [2022-07-23 21:06:22,785] {dagbag.py:508} INFO - Filling up the DagBag from /home/airflow/.local/lib/python3.7/site-packages/airflow/example_dags/example_time_delta_sensor_async.py
[2022-07-23 21:06:22,788] {processor.py:651} INFO - DAG(s) dict_keys(['example_time_delta_sensor_async']) retrieved from /home/airflow/.local/lib/python3.7/site-packages/airflow/example_dags/example_time_delta_sensor_async.py
[2022-07-23 21:06:22,813] {logging_mixin.py:115} INFO - [2022-07-23 21:06:22,813] {dag.py:2420} INFO - Sync 1 DAGs
[2022-07-23 21:06:22,828] {logging_mixin.py:115} INFO - [2022-07-23 21:06:22,828] {dag.py:2972} INFO - Setting next_dagrun for example_time_delta_sensor_async to None, run_after=None
[2022-07-23 21:06:22,835] {processor.py:161} INFO - Processing /home/airflow/.local/lib/python3.7/site-packages/airflow/example_dags/example_time_delta_sensor_async.py took 0.053 seconds
[2022-07-23 21:06:53,043] {processor.py:153} INFO - Started process (PID=344) to work on /home/airflow/.local/lib/python3.7/site-packages/airflow/example_dags/example_time_delta_sensor_async.py
[2022-07-23 21:06:53,044] {processor.py:641} INFO - Processing file /home/airflow/.local/lib/python3.7/site-packages/airflow/example_dags/example_time_delta_sensor_async.py for tasks to queue
[2022-07-23 21:06:53,044] {logging_mixin.py:115} INFO - [2022-07-23 21:06:53,044] {dagbag.py:508} INFO - Filling up the DagBag from /home/airflow/.local/lib/python3.7/site-packages/airflow/example_dags/example_time_delta_sensor_async.py
[2022-07-23 21:06:53,048] {processor.py:651} INFO - DAG(s) dict_keys(['example_time_delta_sensor_async']) retrieved from /home/airflow/.local/lib/python3.7/site-packages/airflow/example_dags/example_time_delta_sensor_async.py
[2022-07-23 21:06:53,076] {logging_mixin.py:115} INFO - [2022-07-23 21:06:53,076] {dag.py:2420} INFO - Sync 1 DAGs
[2022-07-23 21:06:53,092] {logging_mixin.py:115} INFO - [2022-07-23 21:06:53,092] {dag.py:2972} INFO - Setting next_dagrun for example_time_delta_sensor_async to None, run_after=None
[2022-07-23 21:06:53,101] {processor.py:161} INFO - Processing /home/airflow/.local/lib/python3.7/site-packages/airflow/example_dags/example_time_delta_sensor_async.py took 0.059 seconds
[2022-07-23 21:07:23,447] {processor.py:153} INFO - Started process (PID=405) to work on /home/airflow/.local/lib/python3.7/site-packages/airflow/example_dags/example_time_delta_sensor_async.py
[2022-07-23 21:07:23,448] {processor.py:641} INFO - Processing file /home/airflow/.local/lib/python3.7/site-packages/airflow/example_dags/example_time_delta_sensor_async.py for tasks to queue
[2022-07-23 21:07:23,448] {logging_mixin.py:115} INFO - [2022-07-23 21:07:23,448] {dagbag.py:508} INFO - Filling up the DagBag from /home/airflow/.local/lib/python3.7/site-packages/airflow/example_dags/example_time_delta_sensor_async.py
[2022-07-23 21:07:23,451] {processor.py:651} INFO - DAG(s) dict_keys(['example_time_delta_sensor_async']) retrieved from /home/airflow/.local/lib/python3.7/site-packages/airflow/example_dags/example_time_delta_sensor_async.py
[2022-07-23 21:07:23,479] {logging_mixin.py:115} INFO - [2022-07-23 21:07:23,479] {dag.py:2420} INFO - Sync 1 DAGs
[2022-07-23 21:07:23,493] {logging_mixin.py:115} INFO - [2022-07-23 21:07:23,493] {dag.py:2972} INFO - Setting next_dagrun for example_time_delta_sensor_async to None, run_after=None
[2022-07-23 21:07:23,500] {processor.py:161} INFO - Processing /home/airflow/.local/lib/python3.7/site-packages/airflow/example_dags/example_time_delta_sensor_async.py took 0.055 seconds
[2022-07-23 21:07:53,618] {processor.py:153} INFO - Started process (PID=466) to work on /home/airflow/.local/lib/python3.7/site-packages/airflow/example_dags/example_time_delta_sensor_async.py
[2022-07-23 21:07:53,619] {processor.py:641} INFO - Processing file /home/airflow/.local/lib/python3.7/site-packages/airflow/example_dags/example_time_delta_sensor_async.py for tasks to queue
[2022-07-23 21:07:53,619] {logging_mixin.py:115} INFO - [2022-07-23 21:07:53,619] {dagbag.py:508} INFO - Filling up the DagBag from /home/airflow/.local/lib/python3.7/site-packages/airflow/example_dags/example_time_delta_sensor_async.py
[2022-07-23 21:07:53,623] {processor.py:651} INFO - DAG(s) dict_keys(['example_time_delta_sensor_async']) retrieved from /home/airflow/.local/lib/python3.7/site-packages/airflow/example_dags/example_time_delta_sensor_async.py
[2022-07-23 21:07:53,653] {logging_mixin.py:115} INFO - [2022-07-23 21:07:53,653] {dag.py:2420} INFO - Sync 1 DAGs
[2022-07-23 21:07:53,669] {logging_mixin.py:115} INFO - [2022-07-23 21:07:53,669] {dag.py:2972} INFO - Setting next_dagrun for example_time_delta_sensor_async to None, run_after=None
[2022-07-23 21:07:53,676] {processor.py:161} INFO - Processing /home/airflow/.local/lib/python3.7/site-packages/airflow/example_dags/example_time_delta_sensor_async.py took 0.063 seconds
[2022-07-23 21:08:23,867] {processor.py:153} INFO - Started process (PID=518) to work on /home/airflow/.local/lib/python3.7/site-packages/airflow/example_dags/example_time_delta_sensor_async.py
[2022-07-23 21:08:23,867] {processor.py:641} INFO - Processing file /home/airflow/.local/lib/python3.7/site-packages/airflow/example_dags/example_time_delta_sensor_async.py for tasks to queue
[2022-07-23 21:08:23,867] {logging_mixin.py:115} INFO - [2022-07-23 21:08:23,867] {dagbag.py:508} INFO - Filling up the DagBag from /home/airflow/.local/lib/python3.7/site-packages/airflow/example_dags/example_time_delta_sensor_async.py
[2022-07-23 21:08:23,870] {processor.py:651} INFO - DAG(s) dict_keys(['example_time_delta_sensor_async']) retrieved from /home/airflow/.local/lib/python3.7/site-packages/airflow/example_dags/example_time_delta_sensor_async.py
[2022-07-23 21:08:23,893] {logging_mixin.py:115} INFO - [2022-07-23 21:08:23,893] {dag.py:2420} INFO - Sync 1 DAGs
[2022-07-23 21:08:23,905] {logging_mixin.py:115} INFO - [2022-07-23 21:08:23,905] {dag.py:2972} INFO - Setting next_dagrun for example_time_delta_sensor_async to None, run_after=None
[2022-07-23 21:08:23,912] {processor.py:161} INFO - Processing /home/airflow/.local/lib/python3.7/site-packages/airflow/example_dags/example_time_delta_sensor_async.py took 0.047 seconds
[2022-07-23 21:08:54,183] {processor.py:153} INFO - Started process (PID=580) to work on /home/airflow/.local/lib/python3.7/site-packages/airflow/example_dags/example_time_delta_sensor_async.py
[2022-07-23 21:08:54,183] {processor.py:641} INFO - Processing file /home/airflow/.local/lib/python3.7/site-packages/airflow/example_dags/example_time_delta_sensor_async.py for tasks to queue
[2022-07-23 21:08:54,183] {logging_mixin.py:115} INFO - [2022-07-23 21:08:54,183] {dagbag.py:508} INFO - Filling up the DagBag from /home/airflow/.local/lib/python3.7/site-packages/airflow/example_dags/example_time_delta_sensor_async.py
[2022-07-23 21:08:54,186] {processor.py:651} INFO - DAG(s) dict_keys(['example_time_delta_sensor_async']) retrieved from /home/airflow/.local/lib/python3.7/site-packages/airflow/example_dags/example_time_delta_sensor_async.py
[2022-07-23 21:08:54,208] {logging_mixin.py:115} INFO - [2022-07-23 21:08:54,208] {dag.py:2420} INFO - Sync 1 DAGs
[2022-07-23 21:08:54,221] {logging_mixin.py:115} INFO - [2022-07-23 21:08:54,221] {dag.py:2972} INFO - Setting next_dagrun for example_time_delta_sensor_async to None, run_after=None
[2022-07-23 21:08:54,228] {processor.py:161} INFO - Processing /home/airflow/.local/lib/python3.7/site-packages/airflow/example_dags/example_time_delta_sensor_async.py took 0.048 seconds
[2022-07-23 21:09:24,450] {processor.py:153} INFO - Started process (PID=640) to work on /home/airflow/.local/lib/python3.7/site-packages/airflow/example_dags/example_time_delta_sensor_async.py
[2022-07-23 21:09:24,451] {processor.py:641} INFO - Processing file /home/airflow/.local/lib/python3.7/site-packages/airflow/example_dags/example_time_delta_sensor_async.py for tasks to queue
[2022-07-23 21:09:24,451] {logging_mixin.py:115} INFO - [2022-07-23 21:09:24,451] {dagbag.py:508} INFO - Filling up the DagBag from /home/airflow/.local/lib/python3.7/site-packages/airflow/example_dags/example_time_delta_sensor_async.py
[2022-07-23 21:09:24,454] {processor.py:651} INFO - DAG(s) dict_keys(['example_time_delta_sensor_async']) retrieved from /home/airflow/.local/lib/python3.7/site-packages/airflow/example_dags/example_time_delta_sensor_async.py
[2022-07-23 21:09:24,482] {logging_mixin.py:115} INFO - [2022-07-23 21:09:24,482] {dag.py:2420} INFO - Sync 1 DAGs
[2022-07-23 21:09:24,499] {logging_mixin.py:115} INFO - [2022-07-23 21:09:24,499] {dag.py:2972} INFO - Setting next_dagrun for example_time_delta_sensor_async to None, run_after=None
[2022-07-23 21:09:24,506] {processor.py:161} INFO - Processing /home/airflow/.local/lib/python3.7/site-packages/airflow/example_dags/example_time_delta_sensor_async.py took 0.058 seconds
[2022-07-23 21:09:54,670] {processor.py:153} INFO - Started process (PID=700) to work on /home/airflow/.local/lib/python3.7/site-packages/airflow/example_dags/example_time_delta_sensor_async.py
[2022-07-23 21:09:54,671] {processor.py:641} INFO - Processing file /home/airflow/.local/lib/python3.7/site-packages/airflow/example_dags/example_time_delta_sensor_async.py for tasks to queue
[2022-07-23 21:09:54,671] {logging_mixin.py:115} INFO - [2022-07-23 21:09:54,671] {dagbag.py:508} INFO - Filling up the DagBag from /home/airflow/.local/lib/python3.7/site-packages/airflow/example_dags/example_time_delta_sensor_async.py
[2022-07-23 21:09:54,674] {processor.py:651} INFO - DAG(s) dict_keys(['example_time_delta_sensor_async']) retrieved from /home/airflow/.local/lib/python3.7/site-packages/airflow/example_dags/example_time_delta_sensor_async.py
[2022-07-23 21:09:54,697] {logging_mixin.py:115} INFO - [2022-07-23 21:09:54,697] {dag.py:2420} INFO - Sync 1 DAGs
[2022-07-23 21:09:54,710] {logging_mixin.py:115} INFO - [2022-07-23 21:09:54,710] {dag.py:2972} INFO - Setting next_dagrun for example_time_delta_sensor_async to None, run_after=None
[2022-07-23 21:09:54,718] {processor.py:161} INFO - Processing /home/airflow/.local/lib/python3.7/site-packages/airflow/example_dags/example_time_delta_sensor_async.py took 0.049 seconds
[2022-07-23 21:10:24,927] {processor.py:153} INFO - Started process (PID=751) to work on /home/airflow/.local/lib/python3.7/site-packages/airflow/example_dags/example_time_delta_sensor_async.py
[2022-07-23 21:10:24,928] {processor.py:641} INFO - Processing file /home/airflow/.local/lib/python3.7/site-packages/airflow/example_dags/example_time_delta_sensor_async.py for tasks to queue
[2022-07-23 21:10:24,928] {logging_mixin.py:115} INFO - [2022-07-23 21:10:24,928] {dagbag.py:508} INFO - Filling up the DagBag from /home/airflow/.local/lib/python3.7/site-packages/airflow/example_dags/example_time_delta_sensor_async.py
[2022-07-23 21:10:24,931] {processor.py:651} INFO - DAG(s) dict_keys(['example_time_delta_sensor_async']) retrieved from /home/airflow/.local/lib/python3.7/site-packages/airflow/example_dags/example_time_delta_sensor_async.py
[2022-07-23 21:10:24,953] {logging_mixin.py:115} INFO - [2022-07-23 21:10:24,953] {dag.py:2420} INFO - Sync 1 DAGs
[2022-07-23 21:10:24,967] {logging_mixin.py:115} INFO - [2022-07-23 21:10:24,967] {dag.py:2972} INFO - Setting next_dagrun for example_time_delta_sensor_async to None, run_after=None
[2022-07-23 21:10:24,974] {processor.py:161} INFO - Processing /home/airflow/.local/lib/python3.7/site-packages/airflow/example_dags/example_time_delta_sensor_async.py took 0.049 seconds
[2022-07-23 21:10:55,305] {processor.py:153} INFO - Started process (PID=812) to work on /home/airflow/.local/lib/python3.7/site-packages/airflow/example_dags/example_time_delta_sensor_async.py
[2022-07-23 21:10:55,305] {processor.py:641} INFO - Processing file /home/airflow/.local/lib/python3.7/site-packages/airflow/example_dags/example_time_delta_sensor_async.py for tasks to queue
[2022-07-23 21:10:55,306] {logging_mixin.py:115} INFO - [2022-07-23 21:10:55,306] {dagbag.py:508} INFO - Filling up the DagBag from /home/airflow/.local/lib/python3.7/site-packages/airflow/example_dags/example_time_delta_sensor_async.py
[2022-07-23 21:10:55,308] {processor.py:651} INFO - DAG(s) dict_keys(['example_time_delta_sensor_async']) retrieved from /home/airflow/.local/lib/python3.7/site-packages/airflow/example_dags/example_time_delta_sensor_async.py
[2022-07-23 21:10:55,332] {logging_mixin.py:115} INFO - [2022-07-23 21:10:55,332] {dag.py:2420} INFO - Sync 1 DAGs
[2022-07-23 21:10:55,346] {logging_mixin.py:115} INFO - [2022-07-23 21:10:55,346] {dag.py:2972} INFO - Setting next_dagrun for example_time_delta_sensor_async to None, run_after=None
[2022-07-23 21:10:55,354] {processor.py:161} INFO - Processing /home/airflow/.local/lib/python3.7/site-packages/airflow/example_dags/example_time_delta_sensor_async.py took 0.051 seconds
[2022-07-23 21:11:25,454] {processor.py:153} INFO - Started process (PID=873) to work on /home/airflow/.local/lib/python3.7/site-packages/airflow/example_dags/example_time_delta_sensor_async.py
[2022-07-23 21:11:25,454] {processor.py:641} INFO - Processing file /home/airflow/.local/lib/python3.7/site-packages/airflow/example_dags/example_time_delta_sensor_async.py for tasks to queue
[2022-07-23 21:11:25,454] {logging_mixin.py:115} INFO - [2022-07-23 21:11:25,454] {dagbag.py:508} INFO - Filling up the DagBag from /home/airflow/.local/lib/python3.7/site-packages/airflow/example_dags/example_time_delta_sensor_async.py
[2022-07-23 21:11:25,457] {processor.py:651} INFO - DAG(s) dict_keys(['example_time_delta_sensor_async']) retrieved from /home/airflow/.local/lib/python3.7/site-packages/airflow/example_dags/example_time_delta_sensor_async.py
[2022-07-23 21:11:25,480] {logging_mixin.py:115} INFO - [2022-07-23 21:11:25,480] {dag.py:2420} INFO - Sync 1 DAGs
[2022-07-23 21:11:25,493] {logging_mixin.py:115} INFO - [2022-07-23 21:11:25,493] {dag.py:2972} INFO - Setting next_dagrun for example_time_delta_sensor_async to None, run_after=None
[2022-07-23 21:11:25,500] {processor.py:161} INFO - Processing /home/airflow/.local/lib/python3.7/site-packages/airflow/example_dags/example_time_delta_sensor_async.py took 0.048 seconds
[2022-07-23 21:11:55,733] {processor.py:153} INFO - Started process (PID=933) to work on /home/airflow/.local/lib/python3.7/site-packages/airflow/example_dags/example_time_delta_sensor_async.py
[2022-07-23 21:11:55,733] {processor.py:641} INFO - Processing file /home/airflow/.local/lib/python3.7/site-packages/airflow/example_dags/example_time_delta_sensor_async.py for tasks to queue
[2022-07-23 21:11:55,733] {logging_mixin.py:115} INFO - [2022-07-23 21:11:55,733] {dagbag.py:508} INFO - Filling up the DagBag from /home/airflow/.local/lib/python3.7/site-packages/airflow/example_dags/example_time_delta_sensor_async.py
[2022-07-23 21:11:55,736] {processor.py:651} INFO - DAG(s) dict_keys(['example_time_delta_sensor_async']) retrieved from /home/airflow/.local/lib/python3.7/site-packages/airflow/example_dags/example_time_delta_sensor_async.py
[2022-07-23 21:11:55,758] {logging_mixin.py:115} INFO - [2022-07-23 21:11:55,758] {dag.py:2420} INFO - Sync 1 DAGs
[2022-07-23 21:11:55,771] {logging_mixin.py:115} INFO - [2022-07-23 21:11:55,771] {dag.py:2972} INFO - Setting next_dagrun for example_time_delta_sensor_async to None, run_after=None
[2022-07-23 21:11:55,778] {processor.py:161} INFO - Processing /home/airflow/.local/lib/python3.7/site-packages/airflow/example_dags/example_time_delta_sensor_async.py took 0.047 seconds
[2022-07-23 21:12:25,896] {processor.py:153} INFO - Started process (PID=987) to work on /home/airflow/.local/lib/python3.7/site-packages/airflow/example_dags/example_time_delta_sensor_async.py
[2022-07-23 21:12:25,896] {processor.py:641} INFO - Processing file /home/airflow/.local/lib/python3.7/site-packages/airflow/example_dags/example_time_delta_sensor_async.py for tasks to queue
[2022-07-23 21:12:25,896] {logging_mixin.py:115} INFO - [2022-07-23 21:12:25,896] {dagbag.py:508} INFO - Filling up the DagBag from /home/airflow/.local/lib/python3.7/site-packages/airflow/example_dags/example_time_delta_sensor_async.py
[2022-07-23 21:12:25,899] {processor.py:651} INFO - DAG(s) dict_keys(['example_time_delta_sensor_async']) retrieved from /home/airflow/.local/lib/python3.7/site-packages/airflow/example_dags/example_time_delta_sensor_async.py
[2022-07-23 21:12:25,928] {logging_mixin.py:115} INFO - [2022-07-23 21:12:25,928] {dag.py:2420} INFO - Sync 1 DAGs
[2022-07-23 21:12:25,942] {logging_mixin.py:115} INFO - [2022-07-23 21:12:25,942] {dag.py:2972} INFO - Setting next_dagrun for example_time_delta_sensor_async to None, run_after=None
[2022-07-23 21:12:25,948] {processor.py:161} INFO - Processing /home/airflow/.local/lib/python3.7/site-packages/airflow/example_dags/example_time_delta_sensor_async.py took 0.055 seconds
[2022-07-23 21:12:56,224] {processor.py:153} INFO - Started process (PID=1047) to work on /home/airflow/.local/lib/python3.7/site-packages/airflow/example_dags/example_time_delta_sensor_async.py
[2022-07-23 21:12:56,224] {processor.py:641} INFO - Processing file /home/airflow/.local/lib/python3.7/site-packages/airflow/example_dags/example_time_delta_sensor_async.py for tasks to queue
[2022-07-23 21:12:56,224] {logging_mixin.py:115} INFO - [2022-07-23 21:12:56,224] {dagbag.py:508} INFO - Filling up the DagBag from /home/airflow/.local/lib/python3.7/site-packages/airflow/example_dags/example_time_delta_sensor_async.py
[2022-07-23 21:12:56,227] {processor.py:651} INFO - DAG(s) dict_keys(['example_time_delta_sensor_async']) retrieved from /home/airflow/.local/lib/python3.7/site-packages/airflow/example_dags/example_time_delta_sensor_async.py
[2022-07-23 21:12:56,261] {logging_mixin.py:115} INFO - [2022-07-23 21:12:56,261] {dag.py:2420} INFO - Sync 1 DAGs
[2022-07-23 21:12:56,310] {logging_mixin.py:115} INFO - [2022-07-23 21:12:56,309] {dag.py:2972} INFO - Setting next_dagrun for example_time_delta_sensor_async to None, run_after=None
[2022-07-23 21:12:56,345] {processor.py:161} INFO - Processing /home/airflow/.local/lib/python3.7/site-packages/airflow/example_dags/example_time_delta_sensor_async.py took 0.123 seconds
[2022-07-23 21:13:26,731] {processor.py:153} INFO - Started process (PID=1108) to work on /home/airflow/.local/lib/python3.7/site-packages/airflow/example_dags/example_time_delta_sensor_async.py
[2022-07-23 21:13:26,731] {processor.py:641} INFO - Processing file /home/airflow/.local/lib/python3.7/site-packages/airflow/example_dags/example_time_delta_sensor_async.py for tasks to queue
[2022-07-23 21:13:26,731] {logging_mixin.py:115} INFO - [2022-07-23 21:13:26,731] {dagbag.py:508} INFO - Filling up the DagBag from /home/airflow/.local/lib/python3.7/site-packages/airflow/example_dags/example_time_delta_sensor_async.py
[2022-07-23 21:13:26,734] {processor.py:651} INFO - DAG(s) dict_keys(['example_time_delta_sensor_async']) retrieved from /home/airflow/.local/lib/python3.7/site-packages/airflow/example_dags/example_time_delta_sensor_async.py
[2022-07-23 21:13:26,757] {logging_mixin.py:115} INFO - [2022-07-23 21:13:26,757] {dag.py:2420} INFO - Sync 1 DAGs
[2022-07-23 21:13:26,771] {logging_mixin.py:115} INFO - [2022-07-23 21:13:26,771] {dag.py:2972} INFO - Setting next_dagrun for example_time_delta_sensor_async to None, run_after=None
[2022-07-23 21:13:26,778] {processor.py:161} INFO - Processing /home/airflow/.local/lib/python3.7/site-packages/airflow/example_dags/example_time_delta_sensor_async.py took 0.050 seconds
[2022-07-23 21:13:57,033] {processor.py:153} INFO - Started process (PID=1170) to work on /home/airflow/.local/lib/python3.7/site-packages/airflow/example_dags/example_time_delta_sensor_async.py
[2022-07-23 21:13:57,033] {processor.py:641} INFO - Processing file /home/airflow/.local/lib/python3.7/site-packages/airflow/example_dags/example_time_delta_sensor_async.py for tasks to queue
[2022-07-23 21:13:57,034] {logging_mixin.py:115} INFO - [2022-07-23 21:13:57,034] {dagbag.py:508} INFO - Filling up the DagBag from /home/airflow/.local/lib/python3.7/site-packages/airflow/example_dags/example_time_delta_sensor_async.py
[2022-07-23 21:13:57,036] {processor.py:651} INFO - DAG(s) dict_keys(['example_time_delta_sensor_async']) retrieved from /home/airflow/.local/lib/python3.7/site-packages/airflow/example_dags/example_time_delta_sensor_async.py
[2022-07-23 21:13:57,063] {logging_mixin.py:115} INFO - [2022-07-23 21:13:57,062] {dag.py:2420} INFO - Sync 1 DAGs
[2022-07-23 21:13:57,075] {logging_mixin.py:115} INFO - [2022-07-23 21:13:57,075] {dag.py:2972} INFO - Setting next_dagrun for example_time_delta_sensor_async to None, run_after=None
[2022-07-23 21:13:57,082] {processor.py:161} INFO - Processing /home/airflow/.local/lib/python3.7/site-packages/airflow/example_dags/example_time_delta_sensor_async.py took 0.052 seconds
[2022-07-23 21:14:27,269] {processor.py:153} INFO - Started process (PID=1222) to work on /home/airflow/.local/lib/python3.7/site-packages/airflow/example_dags/example_time_delta_sensor_async.py
[2022-07-23 21:14:27,269] {processor.py:641} INFO - Processing file /home/airflow/.local/lib/python3.7/site-packages/airflow/example_dags/example_time_delta_sensor_async.py for tasks to queue
[2022-07-23 21:14:27,269] {logging_mixin.py:115} INFO - [2022-07-23 21:14:27,269] {dagbag.py:508} INFO - Filling up the DagBag from /home/airflow/.local/lib/python3.7/site-packages/airflow/example_dags/example_time_delta_sensor_async.py
[2022-07-23 21:14:27,272] {processor.py:651} INFO - DAG(s) dict_keys(['example_time_delta_sensor_async']) retrieved from /home/airflow/.local/lib/python3.7/site-packages/airflow/example_dags/example_time_delta_sensor_async.py
[2022-07-23 21:14:27,300] {logging_mixin.py:115} INFO - [2022-07-23 21:14:27,300] {dag.py:2420} INFO - Sync 1 DAGs
[2022-07-23 21:14:27,318] {logging_mixin.py:115} INFO - [2022-07-23 21:14:27,318] {dag.py:2972} INFO - Setting next_dagrun for example_time_delta_sensor_async to None, run_after=None
[2022-07-23 21:14:27,326] {processor.py:161} INFO - Processing /home/airflow/.local/lib/python3.7/site-packages/airflow/example_dags/example_time_delta_sensor_async.py took 0.059 seconds
[2022-07-23 21:14:57,572] {processor.py:153} INFO - Started process (PID=1283) to work on /home/airflow/.local/lib/python3.7/site-packages/airflow/example_dags/example_time_delta_sensor_async.py
[2022-07-23 21:14:57,572] {processor.py:641} INFO - Processing file /home/airflow/.local/lib/python3.7/site-packages/airflow/example_dags/example_time_delta_sensor_async.py for tasks to queue
[2022-07-23 21:14:57,572] {logging_mixin.py:115} INFO - [2022-07-23 21:14:57,572] {dagbag.py:508} INFO - Filling up the DagBag from /home/airflow/.local/lib/python3.7/site-packages/airflow/example_dags/example_time_delta_sensor_async.py
[2022-07-23 21:14:57,575] {processor.py:651} INFO - DAG(s) dict_keys(['example_time_delta_sensor_async']) retrieved from /home/airflow/.local/lib/python3.7/site-packages/airflow/example_dags/example_time_delta_sensor_async.py
[2022-07-23 21:14:57,599] {logging_mixin.py:115} INFO - [2022-07-23 21:14:57,599] {dag.py:2420} INFO - Sync 1 DAGs
[2022-07-23 21:14:57,620] {logging_mixin.py:115} INFO - [2022-07-23 21:14:57,620] {dag.py:2972} INFO - Setting next_dagrun for example_time_delta_sensor_async to None, run_after=None
[2022-07-23 21:14:57,630] {processor.py:161} INFO - Processing /home/airflow/.local/lib/python3.7/site-packages/airflow/example_dags/example_time_delta_sensor_async.py took 0.062 seconds
[2022-07-23 21:15:27,953] {processor.py:153} INFO - Started process (PID=1345) to work on /home/airflow/.local/lib/python3.7/site-packages/airflow/example_dags/example_time_delta_sensor_async.py
[2022-07-23 21:15:27,953] {processor.py:641} INFO - Processing file /home/airflow/.local/lib/python3.7/site-packages/airflow/example_dags/example_time_delta_sensor_async.py for tasks to queue
[2022-07-23 21:15:27,953] {logging_mixin.py:115} INFO - [2022-07-23 21:15:27,953] {dagbag.py:508} INFO - Filling up the DagBag from /home/airflow/.local/lib/python3.7/site-packages/airflow/example_dags/example_time_delta_sensor_async.py
[2022-07-23 21:15:27,956] {processor.py:651} INFO - DAG(s) dict_keys(['example_time_delta_sensor_async']) retrieved from /home/airflow/.local/lib/python3.7/site-packages/airflow/example_dags/example_time_delta_sensor_async.py
[2022-07-23 21:15:27,984] {logging_mixin.py:115} INFO - [2022-07-23 21:15:27,983] {dag.py:2420} INFO - Sync 1 DAGs
[2022-07-23 21:15:27,997] {logging_mixin.py:115} INFO - [2022-07-23 21:15:27,997] {dag.py:2972} INFO - Setting next_dagrun for example_time_delta_sensor_async to None, run_after=None
[2022-07-23 21:15:28,005] {processor.py:161} INFO - Processing /home/airflow/.local/lib/python3.7/site-packages/airflow/example_dags/example_time_delta_sensor_async.py took 0.054 seconds
[2022-07-23 21:15:58,193] {processor.py:153} INFO - Started process (PID=1406) to work on /home/airflow/.local/lib/python3.7/site-packages/airflow/example_dags/example_time_delta_sensor_async.py
[2022-07-23 21:15:58,193] {processor.py:641} INFO - Processing file /home/airflow/.local/lib/python3.7/site-packages/airflow/example_dags/example_time_delta_sensor_async.py for tasks to queue
[2022-07-23 21:15:58,193] {logging_mixin.py:115} INFO - [2022-07-23 21:15:58,193] {dagbag.py:508} INFO - Filling up the DagBag from /home/airflow/.local/lib/python3.7/site-packages/airflow/example_dags/example_time_delta_sensor_async.py
[2022-07-23 21:15:58,196] {processor.py:651} INFO - DAG(s) dict_keys(['example_time_delta_sensor_async']) retrieved from /home/airflow/.local/lib/python3.7/site-packages/airflow/example_dags/example_time_delta_sensor_async.py
[2022-07-23 21:15:58,219] {logging_mixin.py:115} INFO - [2022-07-23 21:15:58,219] {dag.py:2420} INFO - Sync 1 DAGs
[2022-07-23 21:15:58,233] {logging_mixin.py:115} INFO - [2022-07-23 21:15:58,232] {dag.py:2972} INFO - Setting next_dagrun for example_time_delta_sensor_async to None, run_after=None
[2022-07-23 21:15:58,240] {processor.py:161} INFO - Processing /home/airflow/.local/lib/python3.7/site-packages/airflow/example_dags/example_time_delta_sensor_async.py took 0.049 seconds
[2022-07-23 21:16:50,095] {processor.py:153} INFO - Started process (PID=45) to work on /home/airflow/.local/lib/python3.7/site-packages/airflow/example_dags/example_time_delta_sensor_async.py
[2022-07-23 21:16:50,096] {processor.py:641} INFO - Processing file /home/airflow/.local/lib/python3.7/site-packages/airflow/example_dags/example_time_delta_sensor_async.py for tasks to queue
[2022-07-23 21:16:50,096] {logging_mixin.py:115} INFO - [2022-07-23 21:16:50,096] {dagbag.py:508} INFO - Filling up the DagBag from /home/airflow/.local/lib/python3.7/site-packages/airflow/example_dags/example_time_delta_sensor_async.py
[2022-07-23 21:16:50,100] {processor.py:651} INFO - DAG(s) dict_keys(['example_time_delta_sensor_async']) retrieved from /home/airflow/.local/lib/python3.7/site-packages/airflow/example_dags/example_time_delta_sensor_async.py
[2022-07-23 21:16:50,134] {logging_mixin.py:115} INFO - [2022-07-23 21:16:50,134] {dag.py:2420} INFO - Sync 1 DAGs
[2022-07-23 21:16:50,290] {logging_mixin.py:115} INFO - [2022-07-23 21:16:50,290] {dag.py:2972} INFO - Setting next_dagrun for example_time_delta_sensor_async to None, run_after=None
[2022-07-23 21:16:50,301] {processor.py:161} INFO - Processing /home/airflow/.local/lib/python3.7/site-packages/airflow/example_dags/example_time_delta_sensor_async.py took 0.209 seconds
