[2022-07-23 21:04:21,102] {processor.py:153} INFO - Started process (PID=58) to work on /home/airflow/.local/lib/python3.7/site-packages/airflow/example_dags/example_branch_operator_decorator.py
[2022-07-23 21:04:21,102] {processor.py:641} INFO - Processing file /home/airflow/.local/lib/python3.7/site-packages/airflow/example_dags/example_branch_operator_decorator.py for tasks to queue
[2022-07-23 21:04:21,103] {logging_mixin.py:115} INFO - [2022-07-23 21:04:21,103] {dagbag.py:508} INFO - Filling up the DagBag from /home/airflow/.local/lib/python3.7/site-packages/airflow/example_dags/example_branch_operator_decorator.py
[2022-07-23 21:04:21,137] {processor.py:651} INFO - DAG(s) dict_keys(['example_branch_python_operator_decorator']) retrieved from /home/airflow/.local/lib/python3.7/site-packages/airflow/example_dags/example_branch_operator_decorator.py
[2022-07-23 21:04:21,264] {logging_mixin.py:115} INFO - [2022-07-23 21:04:21,264] {manager.py:508} INFO - Created Permission View: can edit on DAG:example_branch_python_operator_decorator
[2022-07-23 21:04:21,282] {logging_mixin.py:115} INFO - [2022-07-23 21:04:21,282] {manager.py:508} INFO - Created Permission View: can read on DAG:example_branch_python_operator_decorator
[2022-07-23 21:04:21,291] {logging_mixin.py:115} INFO - [2022-07-23 21:04:21,291] {manager.py:508} INFO - Created Permission View: can delete on DAG:example_branch_python_operator_decorator
[2022-07-23 21:04:21,291] {logging_mixin.py:115} INFO - [2022-07-23 21:04:21,291] {dag.py:2420} INFO - Sync 1 DAGs
[2022-07-23 21:04:21,303] {logging_mixin.py:115} INFO - [2022-07-23 21:04:21,303] {dag.py:2439} INFO - Creating ORM DAG for example_branch_python_operator_decorator
[2022-07-23 21:04:21,322] {logging_mixin.py:115} INFO - [2022-07-23 21:04:21,322] {dag.py:2972} INFO - Setting next_dagrun for example_branch_python_operator_decorator to 2022-07-22T00:00:00+00:00, run_after=2022-07-23T00:00:00+00:00
[2022-07-23 21:04:21,341] {processor.py:161} INFO - Processing /home/airflow/.local/lib/python3.7/site-packages/airflow/example_dags/example_branch_operator_decorator.py took 0.243 seconds
[2022-07-23 21:04:51,736] {processor.py:153} INFO - Started process (PID=111) to work on /home/airflow/.local/lib/python3.7/site-packages/airflow/example_dags/example_branch_operator_decorator.py
[2022-07-23 21:04:51,736] {processor.py:641} INFO - Processing file /home/airflow/.local/lib/python3.7/site-packages/airflow/example_dags/example_branch_operator_decorator.py for tasks to queue
[2022-07-23 21:04:51,736] {logging_mixin.py:115} INFO - [2022-07-23 21:04:51,736] {dagbag.py:508} INFO - Filling up the DagBag from /home/airflow/.local/lib/python3.7/site-packages/airflow/example_dags/example_branch_operator_decorator.py
[2022-07-23 21:04:51,752] {processor.py:651} INFO - DAG(s) dict_keys(['example_branch_python_operator_decorator']) retrieved from /home/airflow/.local/lib/python3.7/site-packages/airflow/example_dags/example_branch_operator_decorator.py
[2022-07-23 21:04:51,772] {logging_mixin.py:115} INFO - [2022-07-23 21:04:51,772] {dag.py:2420} INFO - Sync 1 DAGs
[2022-07-23 21:04:51,788] {logging_mixin.py:115} INFO - [2022-07-23 21:04:51,788] {dag.py:2972} INFO - Setting next_dagrun for example_branch_python_operator_decorator to 2022-07-22T00:00:00+00:00, run_after=2022-07-23T00:00:00+00:00
[2022-07-23 21:04:51,795] {processor.py:161} INFO - Processing /home/airflow/.local/lib/python3.7/site-packages/airflow/example_dags/example_branch_operator_decorator.py took 0.061 seconds
[2022-07-23 21:05:22,051] {processor.py:153} INFO - Started process (PID=172) to work on /home/airflow/.local/lib/python3.7/site-packages/airflow/example_dags/example_branch_operator_decorator.py
[2022-07-23 21:05:22,051] {processor.py:641} INFO - Processing file /home/airflow/.local/lib/python3.7/site-packages/airflow/example_dags/example_branch_operator_decorator.py for tasks to queue
[2022-07-23 21:05:22,052] {logging_mixin.py:115} INFO - [2022-07-23 21:05:22,052] {dagbag.py:508} INFO - Filling up the DagBag from /home/airflow/.local/lib/python3.7/site-packages/airflow/example_dags/example_branch_operator_decorator.py
[2022-07-23 21:05:22,069] {processor.py:651} INFO - DAG(s) dict_keys(['example_branch_python_operator_decorator']) retrieved from /home/airflow/.local/lib/python3.7/site-packages/airflow/example_dags/example_branch_operator_decorator.py
[2022-07-23 21:05:22,092] {logging_mixin.py:115} INFO - [2022-07-23 21:05:22,092] {dag.py:2420} INFO - Sync 1 DAGs
[2022-07-23 21:05:22,113] {logging_mixin.py:115} INFO - [2022-07-23 21:05:22,113] {dag.py:2972} INFO - Setting next_dagrun for example_branch_python_operator_decorator to 2022-07-22T00:00:00+00:00, run_after=2022-07-23T00:00:00+00:00
[2022-07-23 21:05:22,124] {processor.py:161} INFO - Processing /home/airflow/.local/lib/python3.7/site-packages/airflow/example_dags/example_branch_operator_decorator.py took 0.075 seconds
[2022-07-23 21:05:52,344] {processor.py:153} INFO - Started process (PID=232) to work on /home/airflow/.local/lib/python3.7/site-packages/airflow/example_dags/example_branch_operator_decorator.py
[2022-07-23 21:05:52,345] {processor.py:641} INFO - Processing file /home/airflow/.local/lib/python3.7/site-packages/airflow/example_dags/example_branch_operator_decorator.py for tasks to queue
[2022-07-23 21:05:52,345] {logging_mixin.py:115} INFO - [2022-07-23 21:05:52,345] {dagbag.py:508} INFO - Filling up the DagBag from /home/airflow/.local/lib/python3.7/site-packages/airflow/example_dags/example_branch_operator_decorator.py
[2022-07-23 21:05:52,357] {processor.py:651} INFO - DAG(s) dict_keys(['example_branch_python_operator_decorator']) retrieved from /home/airflow/.local/lib/python3.7/site-packages/airflow/example_dags/example_branch_operator_decorator.py
[2022-07-23 21:05:52,373] {logging_mixin.py:115} INFO - [2022-07-23 21:05:52,373] {dag.py:2420} INFO - Sync 1 DAGs
[2022-07-23 21:05:52,390] {logging_mixin.py:115} INFO - [2022-07-23 21:05:52,389] {dag.py:2972} INFO - Setting next_dagrun for example_branch_python_operator_decorator to 2022-07-22T00:00:00+00:00, run_after=2022-07-23T00:00:00+00:00
[2022-07-23 21:05:52,397] {processor.py:161} INFO - Processing /home/airflow/.local/lib/python3.7/site-packages/airflow/example_dags/example_branch_operator_decorator.py took 0.054 seconds
[2022-07-23 21:06:22,901] {processor.py:153} INFO - Started process (PID=292) to work on /home/airflow/.local/lib/python3.7/site-packages/airflow/example_dags/example_branch_operator_decorator.py
[2022-07-23 21:06:22,902] {processor.py:641} INFO - Processing file /home/airflow/.local/lib/python3.7/site-packages/airflow/example_dags/example_branch_operator_decorator.py for tasks to queue
[2022-07-23 21:06:22,902] {logging_mixin.py:115} INFO - [2022-07-23 21:06:22,902] {dagbag.py:508} INFO - Filling up the DagBag from /home/airflow/.local/lib/python3.7/site-packages/airflow/example_dags/example_branch_operator_decorator.py
[2022-07-23 21:06:22,915] {processor.py:651} INFO - DAG(s) dict_keys(['example_branch_python_operator_decorator']) retrieved from /home/airflow/.local/lib/python3.7/site-packages/airflow/example_dags/example_branch_operator_decorator.py
[2022-07-23 21:06:22,934] {logging_mixin.py:115} INFO - [2022-07-23 21:06:22,934] {dag.py:2420} INFO - Sync 1 DAGs
[2022-07-23 21:06:22,950] {logging_mixin.py:115} INFO - [2022-07-23 21:06:22,950] {dag.py:2972} INFO - Setting next_dagrun for example_branch_python_operator_decorator to 2022-07-22T00:00:00+00:00, run_after=2022-07-23T00:00:00+00:00
[2022-07-23 21:06:22,957] {processor.py:161} INFO - Processing /home/airflow/.local/lib/python3.7/site-packages/airflow/example_dags/example_branch_operator_decorator.py took 0.058 seconds
[2022-07-23 21:06:53,111] {processor.py:153} INFO - Started process (PID=347) to work on /home/airflow/.local/lib/python3.7/site-packages/airflow/example_dags/example_branch_operator_decorator.py
[2022-07-23 21:06:53,111] {processor.py:641} INFO - Processing file /home/airflow/.local/lib/python3.7/site-packages/airflow/example_dags/example_branch_operator_decorator.py for tasks to queue
[2022-07-23 21:06:53,111] {logging_mixin.py:115} INFO - [2022-07-23 21:06:53,111] {dagbag.py:508} INFO - Filling up the DagBag from /home/airflow/.local/lib/python3.7/site-packages/airflow/example_dags/example_branch_operator_decorator.py
[2022-07-23 21:06:53,123] {processor.py:651} INFO - DAG(s) dict_keys(['example_branch_python_operator_decorator']) retrieved from /home/airflow/.local/lib/python3.7/site-packages/airflow/example_dags/example_branch_operator_decorator.py
[2022-07-23 21:06:53,138] {logging_mixin.py:115} INFO - [2022-07-23 21:06:53,138] {dag.py:2420} INFO - Sync 1 DAGs
[2022-07-23 21:06:53,153] {logging_mixin.py:115} INFO - [2022-07-23 21:06:53,153] {dag.py:2972} INFO - Setting next_dagrun for example_branch_python_operator_decorator to 2022-07-22T00:00:00+00:00, run_after=2022-07-23T00:00:00+00:00
[2022-07-23 21:06:53,160] {processor.py:161} INFO - Processing /home/airflow/.local/lib/python3.7/site-packages/airflow/example_dags/example_branch_operator_decorator.py took 0.051 seconds
[2022-07-23 21:07:23,511] {processor.py:153} INFO - Started process (PID=408) to work on /home/airflow/.local/lib/python3.7/site-packages/airflow/example_dags/example_branch_operator_decorator.py
[2022-07-23 21:07:23,511] {processor.py:641} INFO - Processing file /home/airflow/.local/lib/python3.7/site-packages/airflow/example_dags/example_branch_operator_decorator.py for tasks to queue
[2022-07-23 21:07:23,511] {logging_mixin.py:115} INFO - [2022-07-23 21:07:23,511] {dagbag.py:508} INFO - Filling up the DagBag from /home/airflow/.local/lib/python3.7/site-packages/airflow/example_dags/example_branch_operator_decorator.py
[2022-07-23 21:07:23,523] {processor.py:651} INFO - DAG(s) dict_keys(['example_branch_python_operator_decorator']) retrieved from /home/airflow/.local/lib/python3.7/site-packages/airflow/example_dags/example_branch_operator_decorator.py
[2022-07-23 21:07:23,538] {logging_mixin.py:115} INFO - [2022-07-23 21:07:23,538] {dag.py:2420} INFO - Sync 1 DAGs
[2022-07-23 21:07:23,554] {logging_mixin.py:115} INFO - [2022-07-23 21:07:23,553] {dag.py:2972} INFO - Setting next_dagrun for example_branch_python_operator_decorator to 2022-07-22T00:00:00+00:00, run_after=2022-07-23T00:00:00+00:00
[2022-07-23 21:07:23,563] {processor.py:161} INFO - Processing /home/airflow/.local/lib/python3.7/site-packages/airflow/example_dags/example_branch_operator_decorator.py took 0.054 seconds
[2022-07-23 21:07:53,686] {processor.py:153} INFO - Started process (PID=469) to work on /home/airflow/.local/lib/python3.7/site-packages/airflow/example_dags/example_branch_operator_decorator.py
[2022-07-23 21:07:53,687] {processor.py:641} INFO - Processing file /home/airflow/.local/lib/python3.7/site-packages/airflow/example_dags/example_branch_operator_decorator.py for tasks to queue
[2022-07-23 21:07:53,687] {logging_mixin.py:115} INFO - [2022-07-23 21:07:53,687] {dagbag.py:508} INFO - Filling up the DagBag from /home/airflow/.local/lib/python3.7/site-packages/airflow/example_dags/example_branch_operator_decorator.py
[2022-07-23 21:07:53,698] {processor.py:651} INFO - DAG(s) dict_keys(['example_branch_python_operator_decorator']) retrieved from /home/airflow/.local/lib/python3.7/site-packages/airflow/example_dags/example_branch_operator_decorator.py
[2022-07-23 21:07:53,715] {logging_mixin.py:115} INFO - [2022-07-23 21:07:53,715] {dag.py:2420} INFO - Sync 1 DAGs
[2022-07-23 21:07:53,735] {logging_mixin.py:115} INFO - [2022-07-23 21:07:53,734] {dag.py:2972} INFO - Setting next_dagrun for example_branch_python_operator_decorator to 2022-07-22T00:00:00+00:00, run_after=2022-07-23T00:00:00+00:00
[2022-07-23 21:07:53,745] {processor.py:161} INFO - Processing /home/airflow/.local/lib/python3.7/site-packages/airflow/example_dags/example_branch_operator_decorator.py took 0.060 seconds
[2022-07-23 21:08:23,923] {processor.py:153} INFO - Started process (PID=521) to work on /home/airflow/.local/lib/python3.7/site-packages/airflow/example_dags/example_branch_operator_decorator.py
[2022-07-23 21:08:23,923] {processor.py:641} INFO - Processing file /home/airflow/.local/lib/python3.7/site-packages/airflow/example_dags/example_branch_operator_decorator.py for tasks to queue
[2022-07-23 21:08:23,923] {logging_mixin.py:115} INFO - [2022-07-23 21:08:23,923] {dagbag.py:508} INFO - Filling up the DagBag from /home/airflow/.local/lib/python3.7/site-packages/airflow/example_dags/example_branch_operator_decorator.py
[2022-07-23 21:08:23,935] {processor.py:651} INFO - DAG(s) dict_keys(['example_branch_python_operator_decorator']) retrieved from /home/airflow/.local/lib/python3.7/site-packages/airflow/example_dags/example_branch_operator_decorator.py
[2022-07-23 21:08:23,951] {logging_mixin.py:115} INFO - [2022-07-23 21:08:23,951] {dag.py:2420} INFO - Sync 1 DAGs
[2022-07-23 21:08:23,966] {logging_mixin.py:115} INFO - [2022-07-23 21:08:23,966] {dag.py:2972} INFO - Setting next_dagrun for example_branch_python_operator_decorator to 2022-07-22T00:00:00+00:00, run_after=2022-07-23T00:00:00+00:00
[2022-07-23 21:08:23,974] {processor.py:161} INFO - Processing /home/airflow/.local/lib/python3.7/site-packages/airflow/example_dags/example_branch_operator_decorator.py took 0.052 seconds
[2022-07-23 21:08:54,238] {processor.py:153} INFO - Started process (PID=583) to work on /home/airflow/.local/lib/python3.7/site-packages/airflow/example_dags/example_branch_operator_decorator.py
[2022-07-23 21:08:54,238] {processor.py:641} INFO - Processing file /home/airflow/.local/lib/python3.7/site-packages/airflow/example_dags/example_branch_operator_decorator.py for tasks to queue
[2022-07-23 21:08:54,238] {logging_mixin.py:115} INFO - [2022-07-23 21:08:54,238] {dagbag.py:508} INFO - Filling up the DagBag from /home/airflow/.local/lib/python3.7/site-packages/airflow/example_dags/example_branch_operator_decorator.py
[2022-07-23 21:08:54,250] {processor.py:651} INFO - DAG(s) dict_keys(['example_branch_python_operator_decorator']) retrieved from /home/airflow/.local/lib/python3.7/site-packages/airflow/example_dags/example_branch_operator_decorator.py
[2022-07-23 21:08:54,265] {logging_mixin.py:115} INFO - [2022-07-23 21:08:54,265] {dag.py:2420} INFO - Sync 1 DAGs
[2022-07-23 21:08:54,282] {logging_mixin.py:115} INFO - [2022-07-23 21:08:54,282] {dag.py:2972} INFO - Setting next_dagrun for example_branch_python_operator_decorator to 2022-07-22T00:00:00+00:00, run_after=2022-07-23T00:00:00+00:00
[2022-07-23 21:08:54,292] {processor.py:161} INFO - Processing /home/airflow/.local/lib/python3.7/site-packages/airflow/example_dags/example_branch_operator_decorator.py took 0.056 seconds
[2022-07-23 21:09:24,517] {processor.py:153} INFO - Started process (PID=643) to work on /home/airflow/.local/lib/python3.7/site-packages/airflow/example_dags/example_branch_operator_decorator.py
[2022-07-23 21:09:24,517] {processor.py:641} INFO - Processing file /home/airflow/.local/lib/python3.7/site-packages/airflow/example_dags/example_branch_operator_decorator.py for tasks to queue
[2022-07-23 21:09:24,518] {logging_mixin.py:115} INFO - [2022-07-23 21:09:24,518] {dagbag.py:508} INFO - Filling up the DagBag from /home/airflow/.local/lib/python3.7/site-packages/airflow/example_dags/example_branch_operator_decorator.py
[2022-07-23 21:09:24,534] {processor.py:651} INFO - DAG(s) dict_keys(['example_branch_python_operator_decorator']) retrieved from /home/airflow/.local/lib/python3.7/site-packages/airflow/example_dags/example_branch_operator_decorator.py
[2022-07-23 21:09:24,552] {logging_mixin.py:115} INFO - [2022-07-23 21:09:24,552] {dag.py:2420} INFO - Sync 1 DAGs
[2022-07-23 21:09:24,567] {logging_mixin.py:115} INFO - [2022-07-23 21:09:24,567] {dag.py:2972} INFO - Setting next_dagrun for example_branch_python_operator_decorator to 2022-07-22T00:00:00+00:00, run_after=2022-07-23T00:00:00+00:00
[2022-07-23 21:09:24,574] {processor.py:161} INFO - Processing /home/airflow/.local/lib/python3.7/site-packages/airflow/example_dags/example_branch_operator_decorator.py took 0.060 seconds
[2022-07-23 21:09:54,728] {processor.py:153} INFO - Started process (PID=703) to work on /home/airflow/.local/lib/python3.7/site-packages/airflow/example_dags/example_branch_operator_decorator.py
[2022-07-23 21:09:54,729] {processor.py:641} INFO - Processing file /home/airflow/.local/lib/python3.7/site-packages/airflow/example_dags/example_branch_operator_decorator.py for tasks to queue
[2022-07-23 21:09:54,729] {logging_mixin.py:115} INFO - [2022-07-23 21:09:54,729] {dagbag.py:508} INFO - Filling up the DagBag from /home/airflow/.local/lib/python3.7/site-packages/airflow/example_dags/example_branch_operator_decorator.py
[2022-07-23 21:09:54,741] {processor.py:651} INFO - DAG(s) dict_keys(['example_branch_python_operator_decorator']) retrieved from /home/airflow/.local/lib/python3.7/site-packages/airflow/example_dags/example_branch_operator_decorator.py
[2022-07-23 21:09:54,760] {logging_mixin.py:115} INFO - [2022-07-23 21:09:54,760] {dag.py:2420} INFO - Sync 1 DAGs
[2022-07-23 21:09:54,782] {logging_mixin.py:115} INFO - [2022-07-23 21:09:54,782] {dag.py:2972} INFO - Setting next_dagrun for example_branch_python_operator_decorator to 2022-07-22T00:00:00+00:00, run_after=2022-07-23T00:00:00+00:00
[2022-07-23 21:09:54,793] {processor.py:161} INFO - Processing /home/airflow/.local/lib/python3.7/site-packages/airflow/example_dags/example_branch_operator_decorator.py took 0.067 seconds
[2022-07-23 21:10:25,073] {processor.py:153} INFO - Started process (PID=754) to work on /home/airflow/.local/lib/python3.7/site-packages/airflow/example_dags/example_branch_operator_decorator.py
[2022-07-23 21:10:25,073] {processor.py:641} INFO - Processing file /home/airflow/.local/lib/python3.7/site-packages/airflow/example_dags/example_branch_operator_decorator.py for tasks to queue
[2022-07-23 21:10:25,073] {logging_mixin.py:115} INFO - [2022-07-23 21:10:25,073] {dagbag.py:508} INFO - Filling up the DagBag from /home/airflow/.local/lib/python3.7/site-packages/airflow/example_dags/example_branch_operator_decorator.py
[2022-07-23 21:10:25,086] {processor.py:651} INFO - DAG(s) dict_keys(['example_branch_python_operator_decorator']) retrieved from /home/airflow/.local/lib/python3.7/site-packages/airflow/example_dags/example_branch_operator_decorator.py
[2022-07-23 21:10:25,108] {logging_mixin.py:115} INFO - [2022-07-23 21:10:25,108] {dag.py:2420} INFO - Sync 1 DAGs
[2022-07-23 21:10:25,122] {logging_mixin.py:115} INFO - [2022-07-23 21:10:25,122] {dag.py:2972} INFO - Setting next_dagrun for example_branch_python_operator_decorator to 2022-07-22T00:00:00+00:00, run_after=2022-07-23T00:00:00+00:00
[2022-07-23 21:10:25,128] {processor.py:161} INFO - Processing /home/airflow/.local/lib/python3.7/site-packages/airflow/example_dags/example_branch_operator_decorator.py took 0.057 seconds
[2022-07-23 21:10:55,364] {processor.py:153} INFO - Started process (PID=815) to work on /home/airflow/.local/lib/python3.7/site-packages/airflow/example_dags/example_branch_operator_decorator.py
[2022-07-23 21:10:55,364] {processor.py:641} INFO - Processing file /home/airflow/.local/lib/python3.7/site-packages/airflow/example_dags/example_branch_operator_decorator.py for tasks to queue
[2022-07-23 21:10:55,364] {logging_mixin.py:115} INFO - [2022-07-23 21:10:55,364] {dagbag.py:508} INFO - Filling up the DagBag from /home/airflow/.local/lib/python3.7/site-packages/airflow/example_dags/example_branch_operator_decorator.py
[2022-07-23 21:10:55,380] {processor.py:651} INFO - DAG(s) dict_keys(['example_branch_python_operator_decorator']) retrieved from /home/airflow/.local/lib/python3.7/site-packages/airflow/example_dags/example_branch_operator_decorator.py
[2022-07-23 21:10:55,399] {logging_mixin.py:115} INFO - [2022-07-23 21:10:55,399] {dag.py:2420} INFO - Sync 1 DAGs
[2022-07-23 21:10:55,416] {logging_mixin.py:115} INFO - [2022-07-23 21:10:55,416] {dag.py:2972} INFO - Setting next_dagrun for example_branch_python_operator_decorator to 2022-07-22T00:00:00+00:00, run_after=2022-07-23T00:00:00+00:00
[2022-07-23 21:10:55,425] {processor.py:161} INFO - Processing /home/airflow/.local/lib/python3.7/site-packages/airflow/example_dags/example_branch_operator_decorator.py took 0.064 seconds
[2022-07-23 21:11:25,509] {processor.py:153} INFO - Started process (PID=876) to work on /home/airflow/.local/lib/python3.7/site-packages/airflow/example_dags/example_branch_operator_decorator.py
[2022-07-23 21:11:25,510] {processor.py:641} INFO - Processing file /home/airflow/.local/lib/python3.7/site-packages/airflow/example_dags/example_branch_operator_decorator.py for tasks to queue
[2022-07-23 21:11:25,510] {logging_mixin.py:115} INFO - [2022-07-23 21:11:25,510] {dagbag.py:508} INFO - Filling up the DagBag from /home/airflow/.local/lib/python3.7/site-packages/airflow/example_dags/example_branch_operator_decorator.py
[2022-07-23 21:11:25,522] {processor.py:651} INFO - DAG(s) dict_keys(['example_branch_python_operator_decorator']) retrieved from /home/airflow/.local/lib/python3.7/site-packages/airflow/example_dags/example_branch_operator_decorator.py
[2022-07-23 21:11:25,537] {logging_mixin.py:115} INFO - [2022-07-23 21:11:25,537] {dag.py:2420} INFO - Sync 1 DAGs
[2022-07-23 21:11:25,552] {logging_mixin.py:115} INFO - [2022-07-23 21:11:25,552] {dag.py:2972} INFO - Setting next_dagrun for example_branch_python_operator_decorator to 2022-07-22T00:00:00+00:00, run_after=2022-07-23T00:00:00+00:00
[2022-07-23 21:11:25,559] {processor.py:161} INFO - Processing /home/airflow/.local/lib/python3.7/site-packages/airflow/example_dags/example_branch_operator_decorator.py took 0.052 seconds
[2022-07-23 21:11:55,843] {processor.py:153} INFO - Started process (PID=936) to work on /home/airflow/.local/lib/python3.7/site-packages/airflow/example_dags/example_branch_operator_decorator.py
[2022-07-23 21:11:55,843] {processor.py:641} INFO - Processing file /home/airflow/.local/lib/python3.7/site-packages/airflow/example_dags/example_branch_operator_decorator.py for tasks to queue
[2022-07-23 21:11:55,843] {logging_mixin.py:115} INFO - [2022-07-23 21:11:55,843] {dagbag.py:508} INFO - Filling up the DagBag from /home/airflow/.local/lib/python3.7/site-packages/airflow/example_dags/example_branch_operator_decorator.py
[2022-07-23 21:11:55,855] {processor.py:651} INFO - DAG(s) dict_keys(['example_branch_python_operator_decorator']) retrieved from /home/airflow/.local/lib/python3.7/site-packages/airflow/example_dags/example_branch_operator_decorator.py
[2022-07-23 21:11:55,874] {logging_mixin.py:115} INFO - [2022-07-23 21:11:55,874] {dag.py:2420} INFO - Sync 1 DAGs
[2022-07-23 21:11:55,888] {logging_mixin.py:115} INFO - [2022-07-23 21:11:55,888] {dag.py:2972} INFO - Setting next_dagrun for example_branch_python_operator_decorator to 2022-07-22T00:00:00+00:00, run_after=2022-07-23T00:00:00+00:00
[2022-07-23 21:11:55,895] {processor.py:161} INFO - Processing /home/airflow/.local/lib/python3.7/site-packages/airflow/example_dags/example_branch_operator_decorator.py took 0.054 seconds
[2022-07-23 21:12:25,961] {processor.py:153} INFO - Started process (PID=990) to work on /home/airflow/.local/lib/python3.7/site-packages/airflow/example_dags/example_branch_operator_decorator.py
[2022-07-23 21:12:25,961] {processor.py:641} INFO - Processing file /home/airflow/.local/lib/python3.7/site-packages/airflow/example_dags/example_branch_operator_decorator.py for tasks to queue
[2022-07-23 21:12:25,962] {logging_mixin.py:115} INFO - [2022-07-23 21:12:25,962] {dagbag.py:508} INFO - Filling up the DagBag from /home/airflow/.local/lib/python3.7/site-packages/airflow/example_dags/example_branch_operator_decorator.py
[2022-07-23 21:12:25,978] {processor.py:651} INFO - DAG(s) dict_keys(['example_branch_python_operator_decorator']) retrieved from /home/airflow/.local/lib/python3.7/site-packages/airflow/example_dags/example_branch_operator_decorator.py
[2022-07-23 21:12:25,995] {logging_mixin.py:115} INFO - [2022-07-23 21:12:25,995] {dag.py:2420} INFO - Sync 1 DAGs
[2022-07-23 21:12:26,014] {logging_mixin.py:115} INFO - [2022-07-23 21:12:26,014] {dag.py:2972} INFO - Setting next_dagrun for example_branch_python_operator_decorator to 2022-07-22T00:00:00+00:00, run_after=2022-07-23T00:00:00+00:00
[2022-07-23 21:12:26,022] {processor.py:161} INFO - Processing /home/airflow/.local/lib/python3.7/site-packages/airflow/example_dags/example_branch_operator_decorator.py took 0.063 seconds
[2022-07-23 21:12:56,391] {processor.py:153} INFO - Started process (PID=1050) to work on /home/airflow/.local/lib/python3.7/site-packages/airflow/example_dags/example_branch_operator_decorator.py
[2022-07-23 21:12:56,391] {processor.py:641} INFO - Processing file /home/airflow/.local/lib/python3.7/site-packages/airflow/example_dags/example_branch_operator_decorator.py for tasks to queue
[2022-07-23 21:12:56,392] {logging_mixin.py:115} INFO - [2022-07-23 21:12:56,392] {dagbag.py:508} INFO - Filling up the DagBag from /home/airflow/.local/lib/python3.7/site-packages/airflow/example_dags/example_branch_operator_decorator.py
[2022-07-23 21:12:56,416] {processor.py:651} INFO - DAG(s) dict_keys(['example_branch_python_operator_decorator']) retrieved from /home/airflow/.local/lib/python3.7/site-packages/airflow/example_dags/example_branch_operator_decorator.py
[2022-07-23 21:12:56,451] {logging_mixin.py:115} INFO - [2022-07-23 21:12:56,451] {dag.py:2420} INFO - Sync 1 DAGs
[2022-07-23 21:12:56,473] {logging_mixin.py:115} INFO - [2022-07-23 21:12:56,473] {dag.py:2972} INFO - Setting next_dagrun for example_branch_python_operator_decorator to 2022-07-22T00:00:00+00:00, run_after=2022-07-23T00:00:00+00:00
[2022-07-23 21:12:56,489] {processor.py:161} INFO - Processing /home/airflow/.local/lib/python3.7/site-packages/airflow/example_dags/example_branch_operator_decorator.py took 0.104 seconds
[2022-07-23 21:13:26,792] {processor.py:153} INFO - Started process (PID=1111) to work on /home/airflow/.local/lib/python3.7/site-packages/airflow/example_dags/example_branch_operator_decorator.py
[2022-07-23 21:13:26,793] {processor.py:641} INFO - Processing file /home/airflow/.local/lib/python3.7/site-packages/airflow/example_dags/example_branch_operator_decorator.py for tasks to queue
[2022-07-23 21:13:26,793] {logging_mixin.py:115} INFO - [2022-07-23 21:13:26,793] {dagbag.py:508} INFO - Filling up the DagBag from /home/airflow/.local/lib/python3.7/site-packages/airflow/example_dags/example_branch_operator_decorator.py
[2022-07-23 21:13:26,812] {processor.py:651} INFO - DAG(s) dict_keys(['example_branch_python_operator_decorator']) retrieved from /home/airflow/.local/lib/python3.7/site-packages/airflow/example_dags/example_branch_operator_decorator.py
[2022-07-23 21:13:26,836] {logging_mixin.py:115} INFO - [2022-07-23 21:13:26,836] {dag.py:2420} INFO - Sync 1 DAGs
[2022-07-23 21:13:26,860] {logging_mixin.py:115} INFO - [2022-07-23 21:13:26,860] {dag.py:2972} INFO - Setting next_dagrun for example_branch_python_operator_decorator to 2022-07-22T00:00:00+00:00, run_after=2022-07-23T00:00:00+00:00
[2022-07-23 21:13:26,870] {processor.py:161} INFO - Processing /home/airflow/.local/lib/python3.7/site-packages/airflow/example_dags/example_branch_operator_decorator.py took 0.080 seconds
[2022-07-23 21:13:57,092] {processor.py:153} INFO - Started process (PID=1173) to work on /home/airflow/.local/lib/python3.7/site-packages/airflow/example_dags/example_branch_operator_decorator.py
[2022-07-23 21:13:57,093] {processor.py:641} INFO - Processing file /home/airflow/.local/lib/python3.7/site-packages/airflow/example_dags/example_branch_operator_decorator.py for tasks to queue
[2022-07-23 21:13:57,093] {logging_mixin.py:115} INFO - [2022-07-23 21:13:57,093] {dagbag.py:508} INFO - Filling up the DagBag from /home/airflow/.local/lib/python3.7/site-packages/airflow/example_dags/example_branch_operator_decorator.py
[2022-07-23 21:13:57,104] {processor.py:651} INFO - DAG(s) dict_keys(['example_branch_python_operator_decorator']) retrieved from /home/airflow/.local/lib/python3.7/site-packages/airflow/example_dags/example_branch_operator_decorator.py
[2022-07-23 21:13:57,119] {logging_mixin.py:115} INFO - [2022-07-23 21:13:57,119] {dag.py:2420} INFO - Sync 1 DAGs
[2022-07-23 21:13:57,135] {logging_mixin.py:115} INFO - [2022-07-23 21:13:57,135] {dag.py:2972} INFO - Setting next_dagrun for example_branch_python_operator_decorator to 2022-07-22T00:00:00+00:00, run_after=2022-07-23T00:00:00+00:00
[2022-07-23 21:13:57,142] {processor.py:161} INFO - Processing /home/airflow/.local/lib/python3.7/site-packages/airflow/example_dags/example_branch_operator_decorator.py took 0.052 seconds
[2022-07-23 21:14:27,336] {processor.py:153} INFO - Started process (PID=1225) to work on /home/airflow/.local/lib/python3.7/site-packages/airflow/example_dags/example_branch_operator_decorator.py
[2022-07-23 21:14:27,336] {processor.py:641} INFO - Processing file /home/airflow/.local/lib/python3.7/site-packages/airflow/example_dags/example_branch_operator_decorator.py for tasks to queue
[2022-07-23 21:14:27,336] {logging_mixin.py:115} INFO - [2022-07-23 21:14:27,336] {dagbag.py:508} INFO - Filling up the DagBag from /home/airflow/.local/lib/python3.7/site-packages/airflow/example_dags/example_branch_operator_decorator.py
[2022-07-23 21:14:27,348] {processor.py:651} INFO - DAG(s) dict_keys(['example_branch_python_operator_decorator']) retrieved from /home/airflow/.local/lib/python3.7/site-packages/airflow/example_dags/example_branch_operator_decorator.py
[2022-07-23 21:14:27,365] {logging_mixin.py:115} INFO - [2022-07-23 21:14:27,365] {dag.py:2420} INFO - Sync 1 DAGs
[2022-07-23 21:14:27,381] {logging_mixin.py:115} INFO - [2022-07-23 21:14:27,381] {dag.py:2972} INFO - Setting next_dagrun for example_branch_python_operator_decorator to 2022-07-22T00:00:00+00:00, run_after=2022-07-23T00:00:00+00:00
[2022-07-23 21:14:27,388] {processor.py:161} INFO - Processing /home/airflow/.local/lib/python3.7/site-packages/airflow/example_dags/example_branch_operator_decorator.py took 0.054 seconds
[2022-07-23 21:14:57,673] {processor.py:153} INFO - Started process (PID=1286) to work on /home/airflow/.local/lib/python3.7/site-packages/airflow/example_dags/example_branch_operator_decorator.py
[2022-07-23 21:14:57,674] {processor.py:641} INFO - Processing file /home/airflow/.local/lib/python3.7/site-packages/airflow/example_dags/example_branch_operator_decorator.py for tasks to queue
[2022-07-23 21:14:57,674] {logging_mixin.py:115} INFO - [2022-07-23 21:14:57,674] {dagbag.py:508} INFO - Filling up the DagBag from /home/airflow/.local/lib/python3.7/site-packages/airflow/example_dags/example_branch_operator_decorator.py
[2022-07-23 21:14:57,689] {processor.py:651} INFO - DAG(s) dict_keys(['example_branch_python_operator_decorator']) retrieved from /home/airflow/.local/lib/python3.7/site-packages/airflow/example_dags/example_branch_operator_decorator.py
[2022-07-23 21:14:57,707] {logging_mixin.py:115} INFO - [2022-07-23 21:14:57,707] {dag.py:2420} INFO - Sync 1 DAGs
[2022-07-23 21:14:57,724] {logging_mixin.py:115} INFO - [2022-07-23 21:14:57,724] {dag.py:2972} INFO - Setting next_dagrun for example_branch_python_operator_decorator to 2022-07-22T00:00:00+00:00, run_after=2022-07-23T00:00:00+00:00
[2022-07-23 21:14:57,734] {processor.py:161} INFO - Processing /home/airflow/.local/lib/python3.7/site-packages/airflow/example_dags/example_branch_operator_decorator.py took 0.063 seconds
[2022-07-23 21:15:28,016] {processor.py:153} INFO - Started process (PID=1348) to work on /home/airflow/.local/lib/python3.7/site-packages/airflow/example_dags/example_branch_operator_decorator.py
[2022-07-23 21:15:28,016] {processor.py:641} INFO - Processing file /home/airflow/.local/lib/python3.7/site-packages/airflow/example_dags/example_branch_operator_decorator.py for tasks to queue
[2022-07-23 21:15:28,016] {logging_mixin.py:115} INFO - [2022-07-23 21:15:28,016] {dagbag.py:508} INFO - Filling up the DagBag from /home/airflow/.local/lib/python3.7/site-packages/airflow/example_dags/example_branch_operator_decorator.py
[2022-07-23 21:15:28,028] {processor.py:651} INFO - DAG(s) dict_keys(['example_branch_python_operator_decorator']) retrieved from /home/airflow/.local/lib/python3.7/site-packages/airflow/example_dags/example_branch_operator_decorator.py
[2022-07-23 21:15:28,043] {logging_mixin.py:115} INFO - [2022-07-23 21:15:28,043] {dag.py:2420} INFO - Sync 1 DAGs
[2022-07-23 21:15:28,060] {logging_mixin.py:115} INFO - [2022-07-23 21:15:28,060] {dag.py:2972} INFO - Setting next_dagrun for example_branch_python_operator_decorator to 2022-07-22T00:00:00+00:00, run_after=2022-07-23T00:00:00+00:00
[2022-07-23 21:15:28,067] {processor.py:161} INFO - Processing /home/airflow/.local/lib/python3.7/site-packages/airflow/example_dags/example_branch_operator_decorator.py took 0.053 seconds
[2022-07-23 21:15:58,250] {processor.py:153} INFO - Started process (PID=1409) to work on /home/airflow/.local/lib/python3.7/site-packages/airflow/example_dags/example_branch_operator_decorator.py
[2022-07-23 21:15:58,250] {processor.py:641} INFO - Processing file /home/airflow/.local/lib/python3.7/site-packages/airflow/example_dags/example_branch_operator_decorator.py for tasks to queue
[2022-07-23 21:15:58,250] {logging_mixin.py:115} INFO - [2022-07-23 21:15:58,250] {dagbag.py:508} INFO - Filling up the DagBag from /home/airflow/.local/lib/python3.7/site-packages/airflow/example_dags/example_branch_operator_decorator.py
[2022-07-23 21:15:58,262] {processor.py:651} INFO - DAG(s) dict_keys(['example_branch_python_operator_decorator']) retrieved from /home/airflow/.local/lib/python3.7/site-packages/airflow/example_dags/example_branch_operator_decorator.py
[2022-07-23 21:15:58,277] {logging_mixin.py:115} INFO - [2022-07-23 21:15:58,277] {dag.py:2420} INFO - Sync 1 DAGs
[2022-07-23 21:15:58,292] {logging_mixin.py:115} INFO - [2022-07-23 21:15:58,292] {dag.py:2972} INFO - Setting next_dagrun for example_branch_python_operator_decorator to 2022-07-22T00:00:00+00:00, run_after=2022-07-23T00:00:00+00:00
[2022-07-23 21:15:58,299] {processor.py:161} INFO - Processing /home/airflow/.local/lib/python3.7/site-packages/airflow/example_dags/example_branch_operator_decorator.py took 0.052 seconds
[2022-07-23 21:16:50,334] {processor.py:153} INFO - Started process (PID=48) to work on /home/airflow/.local/lib/python3.7/site-packages/airflow/example_dags/example_branch_operator_decorator.py
[2022-07-23 21:16:50,334] {processor.py:641} INFO - Processing file /home/airflow/.local/lib/python3.7/site-packages/airflow/example_dags/example_branch_operator_decorator.py for tasks to queue
[2022-07-23 21:16:50,335] {logging_mixin.py:115} INFO - [2022-07-23 21:16:50,335] {dagbag.py:508} INFO - Filling up the DagBag from /home/airflow/.local/lib/python3.7/site-packages/airflow/example_dags/example_branch_operator_decorator.py
[2022-07-23 21:16:50,352] {processor.py:651} INFO - DAG(s) dict_keys(['example_branch_python_operator_decorator']) retrieved from /home/airflow/.local/lib/python3.7/site-packages/airflow/example_dags/example_branch_operator_decorator.py
[2022-07-23 21:16:50,378] {logging_mixin.py:115} INFO - [2022-07-23 21:16:50,378] {dag.py:2420} INFO - Sync 1 DAGs
[2022-07-23 21:16:50,523] {logging_mixin.py:115} INFO - [2022-07-23 21:16:50,523] {dag.py:2972} INFO - Setting next_dagrun for example_branch_python_operator_decorator to 2022-07-22T00:00:00+00:00, run_after=2022-07-23T00:00:00+00:00
[2022-07-23 21:16:50,533] {processor.py:161} INFO - Processing /home/airflow/.local/lib/python3.7/site-packages/airflow/example_dags/example_branch_operator_decorator.py took 0.202 seconds
