[2022-07-23 21:04:20,296] {processor.py:153} INFO - Started process (PID=52) to work on /home/airflow/.local/lib/python3.7/site-packages/airflow/example_dags/example_python_operator.py
[2022-07-23 21:04:20,313] {processor.py:641} INFO - Processing file /home/airflow/.local/lib/python3.7/site-packages/airflow/example_dags/example_python_operator.py for tasks to queue
[2022-07-23 21:04:20,313] {logging_mixin.py:115} INFO - [2022-07-23 21:04:20,313] {dagbag.py:508} INFO - Filling up the DagBag from /home/airflow/.local/lib/python3.7/site-packages/airflow/example_dags/example_python_operator.py
[2022-07-23 21:04:20,353] {processor.py:651} INFO - DAG(s) dict_keys(['example_python_operator']) retrieved from /home/airflow/.local/lib/python3.7/site-packages/airflow/example_dags/example_python_operator.py
[2022-07-23 21:04:20,579] {logging_mixin.py:115} INFO - [2022-07-23 21:04:20,579] {manager.py:508} INFO - Created Permission View: can edit on DAG:example_python_operator
[2022-07-23 21:04:20,601] {logging_mixin.py:115} INFO - [2022-07-23 21:04:20,601] {manager.py:508} INFO - Created Permission View: can read on DAG:example_python_operator
[2022-07-23 21:04:20,613] {logging_mixin.py:115} INFO - [2022-07-23 21:04:20,613] {manager.py:508} INFO - Created Permission View: can delete on DAG:example_python_operator
[2022-07-23 21:04:20,613] {logging_mixin.py:115} INFO - [2022-07-23 21:04:20,613] {dag.py:2420} INFO - Sync 1 DAGs
[2022-07-23 21:04:20,628] {logging_mixin.py:115} INFO - [2022-07-23 21:04:20,628] {dag.py:2439} INFO - Creating ORM DAG for example_python_operator
[2022-07-23 21:04:20,644] {logging_mixin.py:115} INFO - [2022-07-23 21:04:20,644] {dag.py:2972} INFO - Setting next_dagrun for example_python_operator to None, run_after=None
[2022-07-23 21:04:20,666] {processor.py:161} INFO - Processing /home/airflow/.local/lib/python3.7/site-packages/airflow/example_dags/example_python_operator.py took 0.374 seconds
[2022-07-23 21:04:51,502] {processor.py:153} INFO - Started process (PID=105) to work on /home/airflow/.local/lib/python3.7/site-packages/airflow/example_dags/example_python_operator.py
[2022-07-23 21:04:51,503] {processor.py:641} INFO - Processing file /home/airflow/.local/lib/python3.7/site-packages/airflow/example_dags/example_python_operator.py for tasks to queue
[2022-07-23 21:04:51,503] {logging_mixin.py:115} INFO - [2022-07-23 21:04:51,503] {dagbag.py:508} INFO - Filling up the DagBag from /home/airflow/.local/lib/python3.7/site-packages/airflow/example_dags/example_python_operator.py
[2022-07-23 21:04:51,519] {processor.py:651} INFO - DAG(s) dict_keys(['example_python_operator']) retrieved from /home/airflow/.local/lib/python3.7/site-packages/airflow/example_dags/example_python_operator.py
[2022-07-23 21:04:51,542] {logging_mixin.py:115} INFO - [2022-07-23 21:04:51,542] {dag.py:2420} INFO - Sync 1 DAGs
[2022-07-23 21:04:51,562] {logging_mixin.py:115} INFO - [2022-07-23 21:04:51,562] {dag.py:2972} INFO - Setting next_dagrun for example_python_operator to None, run_after=None
[2022-07-23 21:04:51,573] {processor.py:161} INFO - Processing /home/airflow/.local/lib/python3.7/site-packages/airflow/example_dags/example_python_operator.py took 0.074 seconds
[2022-07-23 21:05:21,761] {processor.py:153} INFO - Started process (PID=166) to work on /home/airflow/.local/lib/python3.7/site-packages/airflow/example_dags/example_python_operator.py
[2022-07-23 21:05:21,762] {processor.py:641} INFO - Processing file /home/airflow/.local/lib/python3.7/site-packages/airflow/example_dags/example_python_operator.py for tasks to queue
[2022-07-23 21:05:21,762] {logging_mixin.py:115} INFO - [2022-07-23 21:05:21,762] {dagbag.py:508} INFO - Filling up the DagBag from /home/airflow/.local/lib/python3.7/site-packages/airflow/example_dags/example_python_operator.py
[2022-07-23 21:05:21,778] {processor.py:651} INFO - DAG(s) dict_keys(['example_python_operator']) retrieved from /home/airflow/.local/lib/python3.7/site-packages/airflow/example_dags/example_python_operator.py
[2022-07-23 21:05:21,810] {logging_mixin.py:115} INFO - [2022-07-23 21:05:21,810] {dag.py:2420} INFO - Sync 1 DAGs
[2022-07-23 21:05:21,841] {logging_mixin.py:115} INFO - [2022-07-23 21:05:21,841] {dag.py:2972} INFO - Setting next_dagrun for example_python_operator to None, run_after=None
[2022-07-23 21:05:21,854] {processor.py:161} INFO - Processing /home/airflow/.local/lib/python3.7/site-packages/airflow/example_dags/example_python_operator.py took 0.096 seconds
[2022-07-23 21:05:52,169] {processor.py:153} INFO - Started process (PID=226) to work on /home/airflow/.local/lib/python3.7/site-packages/airflow/example_dags/example_python_operator.py
[2022-07-23 21:05:52,169] {processor.py:641} INFO - Processing file /home/airflow/.local/lib/python3.7/site-packages/airflow/example_dags/example_python_operator.py for tasks to queue
[2022-07-23 21:05:52,170] {logging_mixin.py:115} INFO - [2022-07-23 21:05:52,170] {dagbag.py:508} INFO - Filling up the DagBag from /home/airflow/.local/lib/python3.7/site-packages/airflow/example_dags/example_python_operator.py
[2022-07-23 21:05:52,186] {processor.py:651} INFO - DAG(s) dict_keys(['example_python_operator']) retrieved from /home/airflow/.local/lib/python3.7/site-packages/airflow/example_dags/example_python_operator.py
[2022-07-23 21:05:52,206] {logging_mixin.py:115} INFO - [2022-07-23 21:05:52,206] {dag.py:2420} INFO - Sync 1 DAGs
[2022-07-23 21:05:52,222] {logging_mixin.py:115} INFO - [2022-07-23 21:05:52,222] {dag.py:2972} INFO - Setting next_dagrun for example_python_operator to None, run_after=None
[2022-07-23 21:05:52,233] {processor.py:161} INFO - Processing /home/airflow/.local/lib/python3.7/site-packages/airflow/example_dags/example_python_operator.py took 0.067 seconds
[2022-07-23 21:06:22,692] {processor.py:153} INFO - Started process (PID=279) to work on /home/airflow/.local/lib/python3.7/site-packages/airflow/example_dags/example_python_operator.py
[2022-07-23 21:06:22,693] {processor.py:641} INFO - Processing file /home/airflow/.local/lib/python3.7/site-packages/airflow/example_dags/example_python_operator.py for tasks to queue
[2022-07-23 21:06:22,693] {logging_mixin.py:115} INFO - [2022-07-23 21:06:22,693] {dagbag.py:508} INFO - Filling up the DagBag from /home/airflow/.local/lib/python3.7/site-packages/airflow/example_dags/example_python_operator.py
[2022-07-23 21:06:22,704] {processor.py:651} INFO - DAG(s) dict_keys(['example_python_operator']) retrieved from /home/airflow/.local/lib/python3.7/site-packages/airflow/example_dags/example_python_operator.py
[2022-07-23 21:06:22,741] {logging_mixin.py:115} INFO - [2022-07-23 21:06:22,741] {dag.py:2420} INFO - Sync 1 DAGs
[2022-07-23 21:06:22,755] {logging_mixin.py:115} INFO - [2022-07-23 21:06:22,755] {dag.py:2972} INFO - Setting next_dagrun for example_python_operator to None, run_after=None
[2022-07-23 21:06:22,762] {processor.py:161} INFO - Processing /home/airflow/.local/lib/python3.7/site-packages/airflow/example_dags/example_python_operator.py took 0.072 seconds
[2022-07-23 21:06:52,943] {processor.py:153} INFO - Started process (PID=341) to work on /home/airflow/.local/lib/python3.7/site-packages/airflow/example_dags/example_python_operator.py
[2022-07-23 21:06:52,943] {processor.py:641} INFO - Processing file /home/airflow/.local/lib/python3.7/site-packages/airflow/example_dags/example_python_operator.py for tasks to queue
[2022-07-23 21:06:52,944] {logging_mixin.py:115} INFO - [2022-07-23 21:06:52,944] {dagbag.py:508} INFO - Filling up the DagBag from /home/airflow/.local/lib/python3.7/site-packages/airflow/example_dags/example_python_operator.py
[2022-07-23 21:06:52,955] {processor.py:651} INFO - DAG(s) dict_keys(['example_python_operator']) retrieved from /home/airflow/.local/lib/python3.7/site-packages/airflow/example_dags/example_python_operator.py
[2022-07-23 21:06:52,970] {logging_mixin.py:115} INFO - [2022-07-23 21:06:52,970] {dag.py:2420} INFO - Sync 1 DAGs
[2022-07-23 21:06:52,982] {logging_mixin.py:115} INFO - [2022-07-23 21:06:52,982] {dag.py:2972} INFO - Setting next_dagrun for example_python_operator to None, run_after=None
[2022-07-23 21:06:52,989] {processor.py:161} INFO - Processing /home/airflow/.local/lib/python3.7/site-packages/airflow/example_dags/example_python_operator.py took 0.052 seconds
[2022-07-23 21:07:23,341] {processor.py:153} INFO - Started process (PID=402) to work on /home/airflow/.local/lib/python3.7/site-packages/airflow/example_dags/example_python_operator.py
[2022-07-23 21:07:23,342] {processor.py:641} INFO - Processing file /home/airflow/.local/lib/python3.7/site-packages/airflow/example_dags/example_python_operator.py for tasks to queue
[2022-07-23 21:07:23,343] {logging_mixin.py:115} INFO - [2022-07-23 21:07:23,343] {dagbag.py:508} INFO - Filling up the DagBag from /home/airflow/.local/lib/python3.7/site-packages/airflow/example_dags/example_python_operator.py
[2022-07-23 21:07:23,359] {processor.py:651} INFO - DAG(s) dict_keys(['example_python_operator']) retrieved from /home/airflow/.local/lib/python3.7/site-packages/airflow/example_dags/example_python_operator.py
[2022-07-23 21:07:23,373] {logging_mixin.py:115} INFO - [2022-07-23 21:07:23,373] {dag.py:2420} INFO - Sync 1 DAGs
[2022-07-23 21:07:23,386] {logging_mixin.py:115} INFO - [2022-07-23 21:07:23,386] {dag.py:2972} INFO - Setting next_dagrun for example_python_operator to None, run_after=None
[2022-07-23 21:07:23,393] {processor.py:161} INFO - Processing /home/airflow/.local/lib/python3.7/site-packages/airflow/example_dags/example_python_operator.py took 0.057 seconds
[2022-07-23 21:07:53,496] {processor.py:153} INFO - Started process (PID=463) to work on /home/airflow/.local/lib/python3.7/site-packages/airflow/example_dags/example_python_operator.py
[2022-07-23 21:07:53,507] {processor.py:641} INFO - Processing file /home/airflow/.local/lib/python3.7/site-packages/airflow/example_dags/example_python_operator.py for tasks to queue
[2022-07-23 21:07:53,508] {logging_mixin.py:115} INFO - [2022-07-23 21:07:53,508] {dagbag.py:508} INFO - Filling up the DagBag from /home/airflow/.local/lib/python3.7/site-packages/airflow/example_dags/example_python_operator.py
[2022-07-23 21:07:53,523] {processor.py:651} INFO - DAG(s) dict_keys(['example_python_operator']) retrieved from /home/airflow/.local/lib/python3.7/site-packages/airflow/example_dags/example_python_operator.py
[2022-07-23 21:07:53,538] {logging_mixin.py:115} INFO - [2022-07-23 21:07:53,538] {dag.py:2420} INFO - Sync 1 DAGs
[2022-07-23 21:07:53,550] {logging_mixin.py:115} INFO - [2022-07-23 21:07:53,550] {dag.py:2972} INFO - Setting next_dagrun for example_python_operator to None, run_after=None
[2022-07-23 21:07:53,557] {processor.py:161} INFO - Processing /home/airflow/.local/lib/python3.7/site-packages/airflow/example_dags/example_python_operator.py took 0.063 seconds
[2022-07-23 21:08:23,757] {processor.py:153} INFO - Started process (PID=515) to work on /home/airflow/.local/lib/python3.7/site-packages/airflow/example_dags/example_python_operator.py
[2022-07-23 21:08:23,758] {processor.py:641} INFO - Processing file /home/airflow/.local/lib/python3.7/site-packages/airflow/example_dags/example_python_operator.py for tasks to queue
[2022-07-23 21:08:23,759] {logging_mixin.py:115} INFO - [2022-07-23 21:08:23,759] {dagbag.py:508} INFO - Filling up the DagBag from /home/airflow/.local/lib/python3.7/site-packages/airflow/example_dags/example_python_operator.py
[2022-07-23 21:08:23,776] {processor.py:651} INFO - DAG(s) dict_keys(['example_python_operator']) retrieved from /home/airflow/.local/lib/python3.7/site-packages/airflow/example_dags/example_python_operator.py
[2022-07-23 21:08:23,791] {logging_mixin.py:115} INFO - [2022-07-23 21:08:23,791] {dag.py:2420} INFO - Sync 1 DAGs
[2022-07-23 21:08:23,805] {logging_mixin.py:115} INFO - [2022-07-23 21:08:23,805] {dag.py:2972} INFO - Setting next_dagrun for example_python_operator to None, run_after=None
[2022-07-23 21:08:23,812] {processor.py:161} INFO - Processing /home/airflow/.local/lib/python3.7/site-packages/airflow/example_dags/example_python_operator.py took 0.057 seconds
[2022-07-23 21:08:54,063] {processor.py:153} INFO - Started process (PID=577) to work on /home/airflow/.local/lib/python3.7/site-packages/airflow/example_dags/example_python_operator.py
[2022-07-23 21:08:54,063] {processor.py:641} INFO - Processing file /home/airflow/.local/lib/python3.7/site-packages/airflow/example_dags/example_python_operator.py for tasks to queue
[2022-07-23 21:08:54,064] {logging_mixin.py:115} INFO - [2022-07-23 21:08:54,064] {dagbag.py:508} INFO - Filling up the DagBag from /home/airflow/.local/lib/python3.7/site-packages/airflow/example_dags/example_python_operator.py
[2022-07-23 21:08:54,080] {processor.py:651} INFO - DAG(s) dict_keys(['example_python_operator']) retrieved from /home/airflow/.local/lib/python3.7/site-packages/airflow/example_dags/example_python_operator.py
[2022-07-23 21:08:54,095] {logging_mixin.py:115} INFO - [2022-07-23 21:08:54,095] {dag.py:2420} INFO - Sync 1 DAGs
[2022-07-23 21:08:54,108] {logging_mixin.py:115} INFO - [2022-07-23 21:08:54,108] {dag.py:2972} INFO - Setting next_dagrun for example_python_operator to None, run_after=None
[2022-07-23 21:08:54,115] {processor.py:161} INFO - Processing /home/airflow/.local/lib/python3.7/site-packages/airflow/example_dags/example_python_operator.py took 0.057 seconds
[2022-07-23 21:09:24,313] {processor.py:153} INFO - Started process (PID=637) to work on /home/airflow/.local/lib/python3.7/site-packages/airflow/example_dags/example_python_operator.py
[2022-07-23 21:09:24,324] {processor.py:641} INFO - Processing file /home/airflow/.local/lib/python3.7/site-packages/airflow/example_dags/example_python_operator.py for tasks to queue
[2022-07-23 21:09:24,325] {logging_mixin.py:115} INFO - [2022-07-23 21:09:24,325] {dagbag.py:508} INFO - Filling up the DagBag from /home/airflow/.local/lib/python3.7/site-packages/airflow/example_dags/example_python_operator.py
[2022-07-23 21:09:24,340] {processor.py:651} INFO - DAG(s) dict_keys(['example_python_operator']) retrieved from /home/airflow/.local/lib/python3.7/site-packages/airflow/example_dags/example_python_operator.py
[2022-07-23 21:09:24,355] {logging_mixin.py:115} INFO - [2022-07-23 21:09:24,355] {dag.py:2420} INFO - Sync 1 DAGs
[2022-07-23 21:09:24,374] {logging_mixin.py:115} INFO - [2022-07-23 21:09:24,374] {dag.py:2972} INFO - Setting next_dagrun for example_python_operator to None, run_after=None
[2022-07-23 21:09:24,383] {processor.py:161} INFO - Processing /home/airflow/.local/lib/python3.7/site-packages/airflow/example_dags/example_python_operator.py took 0.071 seconds
[2022-07-23 21:09:54,571] {processor.py:153} INFO - Started process (PID=697) to work on /home/airflow/.local/lib/python3.7/site-packages/airflow/example_dags/example_python_operator.py
[2022-07-23 21:09:54,571] {processor.py:641} INFO - Processing file /home/airflow/.local/lib/python3.7/site-packages/airflow/example_dags/example_python_operator.py for tasks to queue
[2022-07-23 21:09:54,571] {logging_mixin.py:115} INFO - [2022-07-23 21:09:54,571] {dagbag.py:508} INFO - Filling up the DagBag from /home/airflow/.local/lib/python3.7/site-packages/airflow/example_dags/example_python_operator.py
[2022-07-23 21:09:54,582] {processor.py:651} INFO - DAG(s) dict_keys(['example_python_operator']) retrieved from /home/airflow/.local/lib/python3.7/site-packages/airflow/example_dags/example_python_operator.py
[2022-07-23 21:09:54,596] {logging_mixin.py:115} INFO - [2022-07-23 21:09:54,596] {dag.py:2420} INFO - Sync 1 DAGs
[2022-07-23 21:09:54,609] {logging_mixin.py:115} INFO - [2022-07-23 21:09:54,609] {dag.py:2972} INFO - Setting next_dagrun for example_python_operator to None, run_after=None
[2022-07-23 21:09:54,616] {processor.py:161} INFO - Processing /home/airflow/.local/lib/python3.7/site-packages/airflow/example_dags/example_python_operator.py took 0.047 seconds
[2022-07-23 21:10:24,824] {processor.py:153} INFO - Started process (PID=748) to work on /home/airflow/.local/lib/python3.7/site-packages/airflow/example_dags/example_python_operator.py
[2022-07-23 21:10:24,825] {processor.py:641} INFO - Processing file /home/airflow/.local/lib/python3.7/site-packages/airflow/example_dags/example_python_operator.py for tasks to queue
[2022-07-23 21:10:24,825] {logging_mixin.py:115} INFO - [2022-07-23 21:10:24,825] {dagbag.py:508} INFO - Filling up the DagBag from /home/airflow/.local/lib/python3.7/site-packages/airflow/example_dags/example_python_operator.py
[2022-07-23 21:10:24,839] {processor.py:651} INFO - DAG(s) dict_keys(['example_python_operator']) retrieved from /home/airflow/.local/lib/python3.7/site-packages/airflow/example_dags/example_python_operator.py
[2022-07-23 21:10:24,853] {logging_mixin.py:115} INFO - [2022-07-23 21:10:24,853] {dag.py:2420} INFO - Sync 1 DAGs
[2022-07-23 21:10:24,866] {logging_mixin.py:115} INFO - [2022-07-23 21:10:24,866] {dag.py:2972} INFO - Setting next_dagrun for example_python_operator to None, run_after=None
[2022-07-23 21:10:24,872] {processor.py:161} INFO - Processing /home/airflow/.local/lib/python3.7/site-packages/airflow/example_dags/example_python_operator.py took 0.051 seconds
[2022-07-23 21:10:55,204] {processor.py:153} INFO - Started process (PID=809) to work on /home/airflow/.local/lib/python3.7/site-packages/airflow/example_dags/example_python_operator.py
[2022-07-23 21:10:55,204] {processor.py:641} INFO - Processing file /home/airflow/.local/lib/python3.7/site-packages/airflow/example_dags/example_python_operator.py for tasks to queue
[2022-07-23 21:10:55,205] {logging_mixin.py:115} INFO - [2022-07-23 21:10:55,205] {dagbag.py:508} INFO - Filling up the DagBag from /home/airflow/.local/lib/python3.7/site-packages/airflow/example_dags/example_python_operator.py
[2022-07-23 21:10:55,215] {processor.py:651} INFO - DAG(s) dict_keys(['example_python_operator']) retrieved from /home/airflow/.local/lib/python3.7/site-packages/airflow/example_dags/example_python_operator.py
[2022-07-23 21:10:55,230] {logging_mixin.py:115} INFO - [2022-07-23 21:10:55,230] {dag.py:2420} INFO - Sync 1 DAGs
[2022-07-23 21:10:55,243] {logging_mixin.py:115} INFO - [2022-07-23 21:10:55,242] {dag.py:2972} INFO - Setting next_dagrun for example_python_operator to None, run_after=None
[2022-07-23 21:10:55,250] {processor.py:161} INFO - Processing /home/airflow/.local/lib/python3.7/site-packages/airflow/example_dags/example_python_operator.py took 0.048 seconds
[2022-07-23 21:11:25,336] {processor.py:153} INFO - Started process (PID=870) to work on /home/airflow/.local/lib/python3.7/site-packages/airflow/example_dags/example_python_operator.py
[2022-07-23 21:11:25,336] {processor.py:641} INFO - Processing file /home/airflow/.local/lib/python3.7/site-packages/airflow/example_dags/example_python_operator.py for tasks to queue
[2022-07-23 21:11:25,337] {logging_mixin.py:115} INFO - [2022-07-23 21:11:25,337] {dagbag.py:508} INFO - Filling up the DagBag from /home/airflow/.local/lib/python3.7/site-packages/airflow/example_dags/example_python_operator.py
[2022-07-23 21:11:25,348] {processor.py:651} INFO - DAG(s) dict_keys(['example_python_operator']) retrieved from /home/airflow/.local/lib/python3.7/site-packages/airflow/example_dags/example_python_operator.py
[2022-07-23 21:11:25,368] {logging_mixin.py:115} INFO - [2022-07-23 21:11:25,368] {dag.py:2420} INFO - Sync 1 DAGs
[2022-07-23 21:11:25,380] {logging_mixin.py:115} INFO - [2022-07-23 21:11:25,380] {dag.py:2972} INFO - Setting next_dagrun for example_python_operator to None, run_after=None
[2022-07-23 21:11:25,387] {processor.py:161} INFO - Processing /home/airflow/.local/lib/python3.7/site-packages/airflow/example_dags/example_python_operator.py took 0.054 seconds
[2022-07-23 21:11:55,632] {processor.py:153} INFO - Started process (PID=930) to work on /home/airflow/.local/lib/python3.7/site-packages/airflow/example_dags/example_python_operator.py
[2022-07-23 21:11:55,633] {processor.py:641} INFO - Processing file /home/airflow/.local/lib/python3.7/site-packages/airflow/example_dags/example_python_operator.py for tasks to queue
[2022-07-23 21:11:55,633] {logging_mixin.py:115} INFO - [2022-07-23 21:11:55,633] {dagbag.py:508} INFO - Filling up the DagBag from /home/airflow/.local/lib/python3.7/site-packages/airflow/example_dags/example_python_operator.py
[2022-07-23 21:11:55,644] {processor.py:651} INFO - DAG(s) dict_keys(['example_python_operator']) retrieved from /home/airflow/.local/lib/python3.7/site-packages/airflow/example_dags/example_python_operator.py
[2022-07-23 21:11:55,659] {logging_mixin.py:115} INFO - [2022-07-23 21:11:55,659] {dag.py:2420} INFO - Sync 1 DAGs
[2022-07-23 21:11:55,671] {logging_mixin.py:115} INFO - [2022-07-23 21:11:55,671] {dag.py:2972} INFO - Setting next_dagrun for example_python_operator to None, run_after=None
[2022-07-23 21:11:55,678] {processor.py:161} INFO - Processing /home/airflow/.local/lib/python3.7/site-packages/airflow/example_dags/example_python_operator.py took 0.048 seconds
[2022-07-23 21:12:25,783] {processor.py:153} INFO - Started process (PID=984) to work on /home/airflow/.local/lib/python3.7/site-packages/airflow/example_dags/example_python_operator.py
[2022-07-23 21:12:25,783] {processor.py:641} INFO - Processing file /home/airflow/.local/lib/python3.7/site-packages/airflow/example_dags/example_python_operator.py for tasks to queue
[2022-07-23 21:12:25,784] {logging_mixin.py:115} INFO - [2022-07-23 21:12:25,784] {dagbag.py:508} INFO - Filling up the DagBag from /home/airflow/.local/lib/python3.7/site-packages/airflow/example_dags/example_python_operator.py
[2022-07-23 21:12:25,794] {processor.py:651} INFO - DAG(s) dict_keys(['example_python_operator']) retrieved from /home/airflow/.local/lib/python3.7/site-packages/airflow/example_dags/example_python_operator.py
[2022-07-23 21:12:25,812] {logging_mixin.py:115} INFO - [2022-07-23 21:12:25,812] {dag.py:2420} INFO - Sync 1 DAGs
[2022-07-23 21:12:25,827] {logging_mixin.py:115} INFO - [2022-07-23 21:12:25,827] {dag.py:2972} INFO - Setting next_dagrun for example_python_operator to None, run_after=None
[2022-07-23 21:12:25,834] {processor.py:161} INFO - Processing /home/airflow/.local/lib/python3.7/site-packages/airflow/example_dags/example_python_operator.py took 0.053 seconds
[2022-07-23 21:12:56,068] {processor.py:153} INFO - Started process (PID=1044) to work on /home/airflow/.local/lib/python3.7/site-packages/airflow/example_dags/example_python_operator.py
[2022-07-23 21:12:56,069] {processor.py:641} INFO - Processing file /home/airflow/.local/lib/python3.7/site-packages/airflow/example_dags/example_python_operator.py for tasks to queue
[2022-07-23 21:12:56,069] {logging_mixin.py:115} INFO - [2022-07-23 21:12:56,069] {dagbag.py:508} INFO - Filling up the DagBag from /home/airflow/.local/lib/python3.7/site-packages/airflow/example_dags/example_python_operator.py
[2022-07-23 21:12:56,084] {processor.py:651} INFO - DAG(s) dict_keys(['example_python_operator']) retrieved from /home/airflow/.local/lib/python3.7/site-packages/airflow/example_dags/example_python_operator.py
[2022-07-23 21:12:56,107] {logging_mixin.py:115} INFO - [2022-07-23 21:12:56,107] {dag.py:2420} INFO - Sync 1 DAGs
[2022-07-23 21:12:56,126] {logging_mixin.py:115} INFO - [2022-07-23 21:12:56,126] {dag.py:2972} INFO - Setting next_dagrun for example_python_operator to None, run_after=None
[2022-07-23 21:12:56,137] {processor.py:161} INFO - Processing /home/airflow/.local/lib/python3.7/site-packages/airflow/example_dags/example_python_operator.py took 0.073 seconds
[2022-07-23 21:13:26,626] {processor.py:153} INFO - Started process (PID=1105) to work on /home/airflow/.local/lib/python3.7/site-packages/airflow/example_dags/example_python_operator.py
[2022-07-23 21:13:26,627] {processor.py:641} INFO - Processing file /home/airflow/.local/lib/python3.7/site-packages/airflow/example_dags/example_python_operator.py for tasks to queue
[2022-07-23 21:13:26,627] {logging_mixin.py:115} INFO - [2022-07-23 21:13:26,627] {dagbag.py:508} INFO - Filling up the DagBag from /home/airflow/.local/lib/python3.7/site-packages/airflow/example_dags/example_python_operator.py
[2022-07-23 21:13:26,642] {processor.py:651} INFO - DAG(s) dict_keys(['example_python_operator']) retrieved from /home/airflow/.local/lib/python3.7/site-packages/airflow/example_dags/example_python_operator.py
[2022-07-23 21:13:26,656] {logging_mixin.py:115} INFO - [2022-07-23 21:13:26,656] {dag.py:2420} INFO - Sync 1 DAGs
[2022-07-23 21:13:26,669] {logging_mixin.py:115} INFO - [2022-07-23 21:13:26,669] {dag.py:2972} INFO - Setting next_dagrun for example_python_operator to None, run_after=None
[2022-07-23 21:13:26,675] {processor.py:161} INFO - Processing /home/airflow/.local/lib/python3.7/site-packages/airflow/example_dags/example_python_operator.py took 0.051 seconds
[2022-07-23 21:13:56,906] {processor.py:153} INFO - Started process (PID=1167) to work on /home/airflow/.local/lib/python3.7/site-packages/airflow/example_dags/example_python_operator.py
[2022-07-23 21:13:56,917] {processor.py:641} INFO - Processing file /home/airflow/.local/lib/python3.7/site-packages/airflow/example_dags/example_python_operator.py for tasks to queue
[2022-07-23 21:13:56,918] {logging_mixin.py:115} INFO - [2022-07-23 21:13:56,918] {dagbag.py:508} INFO - Filling up the DagBag from /home/airflow/.local/lib/python3.7/site-packages/airflow/example_dags/example_python_operator.py
[2022-07-23 21:13:56,938] {processor.py:651} INFO - DAG(s) dict_keys(['example_python_operator']) retrieved from /home/airflow/.local/lib/python3.7/site-packages/airflow/example_dags/example_python_operator.py
[2022-07-23 21:13:56,955] {logging_mixin.py:115} INFO - [2022-07-23 21:13:56,955] {dag.py:2420} INFO - Sync 1 DAGs
[2022-07-23 21:13:56,970] {logging_mixin.py:115} INFO - [2022-07-23 21:13:56,970] {dag.py:2972} INFO - Setting next_dagrun for example_python_operator to None, run_after=None
[2022-07-23 21:13:56,977] {processor.py:161} INFO - Processing /home/airflow/.local/lib/python3.7/site-packages/airflow/example_dags/example_python_operator.py took 0.073 seconds
[2022-07-23 21:14:27,165] {processor.py:153} INFO - Started process (PID=1219) to work on /home/airflow/.local/lib/python3.7/site-packages/airflow/example_dags/example_python_operator.py
[2022-07-23 21:14:27,166] {processor.py:641} INFO - Processing file /home/airflow/.local/lib/python3.7/site-packages/airflow/example_dags/example_python_operator.py for tasks to queue
[2022-07-23 21:14:27,166] {logging_mixin.py:115} INFO - [2022-07-23 21:14:27,166] {dagbag.py:508} INFO - Filling up the DagBag from /home/airflow/.local/lib/python3.7/site-packages/airflow/example_dags/example_python_operator.py
[2022-07-23 21:14:27,179] {processor.py:651} INFO - DAG(s) dict_keys(['example_python_operator']) retrieved from /home/airflow/.local/lib/python3.7/site-packages/airflow/example_dags/example_python_operator.py
[2022-07-23 21:14:27,194] {logging_mixin.py:115} INFO - [2022-07-23 21:14:27,194] {dag.py:2420} INFO - Sync 1 DAGs
[2022-07-23 21:14:27,206] {logging_mixin.py:115} INFO - [2022-07-23 21:14:27,206] {dag.py:2972} INFO - Setting next_dagrun for example_python_operator to None, run_after=None
[2022-07-23 21:14:27,214] {processor.py:161} INFO - Processing /home/airflow/.local/lib/python3.7/site-packages/airflow/example_dags/example_python_operator.py took 0.051 seconds
[2022-07-23 21:14:57,499] {processor.py:153} INFO - Started process (PID=1280) to work on /home/airflow/.local/lib/python3.7/site-packages/airflow/example_dags/example_python_operator.py
[2022-07-23 21:14:57,500] {processor.py:641} INFO - Processing file /home/airflow/.local/lib/python3.7/site-packages/airflow/example_dags/example_python_operator.py for tasks to queue
[2022-07-23 21:14:57,500] {logging_mixin.py:115} INFO - [2022-07-23 21:14:57,500] {dagbag.py:508} INFO - Filling up the DagBag from /home/airflow/.local/lib/python3.7/site-packages/airflow/example_dags/example_python_operator.py
[2022-07-23 21:14:57,516] {processor.py:651} INFO - DAG(s) dict_keys(['example_python_operator']) retrieved from /home/airflow/.local/lib/python3.7/site-packages/airflow/example_dags/example_python_operator.py
[2022-07-23 21:14:57,535] {logging_mixin.py:115} INFO - [2022-07-23 21:14:57,535] {dag.py:2420} INFO - Sync 1 DAGs
[2022-07-23 21:14:57,549] {logging_mixin.py:115} INFO - [2022-07-23 21:14:57,549] {dag.py:2972} INFO - Setting next_dagrun for example_python_operator to None, run_after=None
[2022-07-23 21:14:57,556] {processor.py:161} INFO - Processing /home/airflow/.local/lib/python3.7/site-packages/airflow/example_dags/example_python_operator.py took 0.062 seconds
[2022-07-23 21:15:27,837] {processor.py:153} INFO - Started process (PID=1342) to work on /home/airflow/.local/lib/python3.7/site-packages/airflow/example_dags/example_python_operator.py
[2022-07-23 21:15:27,837] {processor.py:641} INFO - Processing file /home/airflow/.local/lib/python3.7/site-packages/airflow/example_dags/example_python_operator.py for tasks to queue
[2022-07-23 21:15:27,838] {logging_mixin.py:115} INFO - [2022-07-23 21:15:27,838] {dagbag.py:508} INFO - Filling up the DagBag from /home/airflow/.local/lib/python3.7/site-packages/airflow/example_dags/example_python_operator.py
[2022-07-23 21:15:27,849] {processor.py:651} INFO - DAG(s) dict_keys(['example_python_operator']) retrieved from /home/airflow/.local/lib/python3.7/site-packages/airflow/example_dags/example_python_operator.py
[2022-07-23 21:15:27,867] {logging_mixin.py:115} INFO - [2022-07-23 21:15:27,867] {dag.py:2420} INFO - Sync 1 DAGs
[2022-07-23 21:15:27,884] {logging_mixin.py:115} INFO - [2022-07-23 21:15:27,884] {dag.py:2972} INFO - Setting next_dagrun for example_python_operator to None, run_after=None
[2022-07-23 21:15:27,892] {processor.py:161} INFO - Processing /home/airflow/.local/lib/python3.7/site-packages/airflow/example_dags/example_python_operator.py took 0.057 seconds
[2022-07-23 21:15:58,084] {processor.py:153} INFO - Started process (PID=1403) to work on /home/airflow/.local/lib/python3.7/site-packages/airflow/example_dags/example_python_operator.py
[2022-07-23 21:15:58,085] {processor.py:641} INFO - Processing file /home/airflow/.local/lib/python3.7/site-packages/airflow/example_dags/example_python_operator.py for tasks to queue
[2022-07-23 21:15:58,086] {logging_mixin.py:115} INFO - [2022-07-23 21:15:58,086] {dagbag.py:508} INFO - Filling up the DagBag from /home/airflow/.local/lib/python3.7/site-packages/airflow/example_dags/example_python_operator.py
[2022-07-23 21:15:58,099] {processor.py:651} INFO - DAG(s) dict_keys(['example_python_operator']) retrieved from /home/airflow/.local/lib/python3.7/site-packages/airflow/example_dags/example_python_operator.py
[2022-07-23 21:15:58,118] {logging_mixin.py:115} INFO - [2022-07-23 21:15:58,118] {dag.py:2420} INFO - Sync 1 DAGs
[2022-07-23 21:15:58,131] {logging_mixin.py:115} INFO - [2022-07-23 21:15:58,131] {dag.py:2972} INFO - Setting next_dagrun for example_python_operator to None, run_after=None
[2022-07-23 21:15:58,138] {processor.py:161} INFO - Processing /home/airflow/.local/lib/python3.7/site-packages/airflow/example_dags/example_python_operator.py took 0.058 seconds
[2022-07-23 21:16:49,613] {processor.py:153} INFO - Started process (PID=42) to work on /home/airflow/.local/lib/python3.7/site-packages/airflow/example_dags/example_python_operator.py
[2022-07-23 21:16:49,614] {processor.py:641} INFO - Processing file /home/airflow/.local/lib/python3.7/site-packages/airflow/example_dags/example_python_operator.py for tasks to queue
[2022-07-23 21:16:49,615] {logging_mixin.py:115} INFO - [2022-07-23 21:16:49,615] {dagbag.py:508} INFO - Filling up the DagBag from /home/airflow/.local/lib/python3.7/site-packages/airflow/example_dags/example_python_operator.py
[2022-07-23 21:16:49,636] {processor.py:651} INFO - DAG(s) dict_keys(['example_python_operator']) retrieved from /home/airflow/.local/lib/python3.7/site-packages/airflow/example_dags/example_python_operator.py
[2022-07-23 21:16:49,664] {logging_mixin.py:115} INFO - [2022-07-23 21:16:49,663] {dag.py:2420} INFO - Sync 1 DAGs
[2022-07-23 21:16:49,830] {logging_mixin.py:115} INFO - [2022-07-23 21:16:49,830] {dag.py:2972} INFO - Setting next_dagrun for example_python_operator to None, run_after=None
[2022-07-23 21:16:49,839] {processor.py:161} INFO - Processing /home/airflow/.local/lib/python3.7/site-packages/airflow/example_dags/example_python_operator.py took 0.229 seconds
