[2022-07-23 21:04:20,109] {processor.py:153} INFO - Started process (PID=49) to work on /home/airflow/.local/lib/python3.7/site-packages/airflow/example_dags/example_trigger_target_dag.py
[2022-07-23 21:04:20,109] {processor.py:641} INFO - Processing file /home/airflow/.local/lib/python3.7/site-packages/airflow/example_dags/example_trigger_target_dag.py for tasks to queue
[2022-07-23 21:04:20,110] {logging_mixin.py:115} INFO - [2022-07-23 21:04:20,110] {dagbag.py:508} INFO - Filling up the DagBag from /home/airflow/.local/lib/python3.7/site-packages/airflow/example_dags/example_trigger_target_dag.py
[2022-07-23 21:04:20,156] {processor.py:651} INFO - DAG(s) dict_keys(['example_trigger_target_dag']) retrieved from /home/airflow/.local/lib/python3.7/site-packages/airflow/example_dags/example_trigger_target_dag.py
[2022-07-23 21:04:20,291] {logging_mixin.py:115} INFO - [2022-07-23 21:04:20,291] {manager.py:508} INFO - Created Permission View: can edit on DAG:example_trigger_target_dag
[2022-07-23 21:04:20,333] {logging_mixin.py:115} INFO - [2022-07-23 21:04:20,333] {manager.py:508} INFO - Created Permission View: can read on DAG:example_trigger_target_dag
[2022-07-23 21:04:20,354] {logging_mixin.py:115} INFO - [2022-07-23 21:04:20,354] {manager.py:508} INFO - Created Permission View: can delete on DAG:example_trigger_target_dag
[2022-07-23 21:04:20,354] {logging_mixin.py:115} INFO - [2022-07-23 21:04:20,354] {dag.py:2420} INFO - Sync 1 DAGs
[2022-07-23 21:04:20,374] {logging_mixin.py:115} INFO - [2022-07-23 21:04:20,374] {dag.py:2439} INFO - Creating ORM DAG for example_trigger_target_dag
[2022-07-23 21:04:20,397] {logging_mixin.py:115} INFO - [2022-07-23 21:04:20,397] {dag.py:2972} INFO - Setting next_dagrun for example_trigger_target_dag to None, run_after=None
[2022-07-23 21:04:20,427] {processor.py:161} INFO - Processing /home/airflow/.local/lib/python3.7/site-packages/airflow/example_dags/example_trigger_target_dag.py took 0.321 seconds
[2022-07-23 21:04:50,488] {processor.py:153} INFO - Started process (PID=104) to work on /home/airflow/.local/lib/python3.7/site-packages/airflow/example_dags/example_trigger_target_dag.py
[2022-07-23 21:04:50,489] {processor.py:641} INFO - Processing file /home/airflow/.local/lib/python3.7/site-packages/airflow/example_dags/example_trigger_target_dag.py for tasks to queue
[2022-07-23 21:04:50,489] {logging_mixin.py:115} INFO - [2022-07-23 21:04:50,489] {dagbag.py:508} INFO - Filling up the DagBag from /home/airflow/.local/lib/python3.7/site-packages/airflow/example_dags/example_trigger_target_dag.py
[2022-07-23 21:04:50,497] {processor.py:651} INFO - DAG(s) dict_keys(['example_trigger_target_dag']) retrieved from /home/airflow/.local/lib/python3.7/site-packages/airflow/example_dags/example_trigger_target_dag.py
[2022-07-23 21:04:50,511] {logging_mixin.py:115} INFO - [2022-07-23 21:04:50,511] {dag.py:2420} INFO - Sync 1 DAGs
[2022-07-23 21:04:50,523] {logging_mixin.py:115} INFO - [2022-07-23 21:04:50,523] {dag.py:2972} INFO - Setting next_dagrun for example_trigger_target_dag to None, run_after=None
[2022-07-23 21:04:50,530] {processor.py:161} INFO - Processing /home/airflow/.local/lib/python3.7/site-packages/airflow/example_dags/example_trigger_target_dag.py took 0.043 seconds
[2022-07-23 21:05:20,749] {processor.py:153} INFO - Started process (PID=165) to work on /home/airflow/.local/lib/python3.7/site-packages/airflow/example_dags/example_trigger_target_dag.py
[2022-07-23 21:05:20,749] {processor.py:641} INFO - Processing file /home/airflow/.local/lib/python3.7/site-packages/airflow/example_dags/example_trigger_target_dag.py for tasks to queue
[2022-07-23 21:05:20,749] {logging_mixin.py:115} INFO - [2022-07-23 21:05:20,749] {dagbag.py:508} INFO - Filling up the DagBag from /home/airflow/.local/lib/python3.7/site-packages/airflow/example_dags/example_trigger_target_dag.py
[2022-07-23 21:05:20,763] {processor.py:651} INFO - DAG(s) dict_keys(['example_trigger_target_dag']) retrieved from /home/airflow/.local/lib/python3.7/site-packages/airflow/example_dags/example_trigger_target_dag.py
[2022-07-23 21:05:20,785] {logging_mixin.py:115} INFO - [2022-07-23 21:05:20,785] {dag.py:2420} INFO - Sync 1 DAGs
[2022-07-23 21:05:20,812] {logging_mixin.py:115} INFO - [2022-07-23 21:05:20,812] {dag.py:2972} INFO - Setting next_dagrun for example_trigger_target_dag to None, run_after=None
[2022-07-23 21:05:20,819] {processor.py:161} INFO - Processing /home/airflow/.local/lib/python3.7/site-packages/airflow/example_dags/example_trigger_target_dag.py took 0.073 seconds
[2022-07-23 21:05:51,162] {processor.py:153} INFO - Started process (PID=225) to work on /home/airflow/.local/lib/python3.7/site-packages/airflow/example_dags/example_trigger_target_dag.py
[2022-07-23 21:05:51,163] {processor.py:641} INFO - Processing file /home/airflow/.local/lib/python3.7/site-packages/airflow/example_dags/example_trigger_target_dag.py for tasks to queue
[2022-07-23 21:05:51,163] {logging_mixin.py:115} INFO - [2022-07-23 21:05:51,163] {dagbag.py:508} INFO - Filling up the DagBag from /home/airflow/.local/lib/python3.7/site-packages/airflow/example_dags/example_trigger_target_dag.py
[2022-07-23 21:05:51,172] {processor.py:651} INFO - DAG(s) dict_keys(['example_trigger_target_dag']) retrieved from /home/airflow/.local/lib/python3.7/site-packages/airflow/example_dags/example_trigger_target_dag.py
[2022-07-23 21:05:51,189] {logging_mixin.py:115} INFO - [2022-07-23 21:05:51,189] {dag.py:2420} INFO - Sync 1 DAGs
[2022-07-23 21:05:51,203] {logging_mixin.py:115} INFO - [2022-07-23 21:05:51,203] {dag.py:2972} INFO - Setting next_dagrun for example_trigger_target_dag to None, run_after=None
[2022-07-23 21:05:51,209] {processor.py:161} INFO - Processing /home/airflow/.local/lib/python3.7/site-packages/airflow/example_dags/example_trigger_target_dag.py took 0.049 seconds
[2022-07-23 21:06:21,682] {processor.py:153} INFO - Started process (PID=278) to work on /home/airflow/.local/lib/python3.7/site-packages/airflow/example_dags/example_trigger_target_dag.py
[2022-07-23 21:06:21,682] {processor.py:641} INFO - Processing file /home/airflow/.local/lib/python3.7/site-packages/airflow/example_dags/example_trigger_target_dag.py for tasks to queue
[2022-07-23 21:06:21,682] {logging_mixin.py:115} INFO - [2022-07-23 21:06:21,682] {dagbag.py:508} INFO - Filling up the DagBag from /home/airflow/.local/lib/python3.7/site-packages/airflow/example_dags/example_trigger_target_dag.py
[2022-07-23 21:06:21,691] {processor.py:651} INFO - DAG(s) dict_keys(['example_trigger_target_dag']) retrieved from /home/airflow/.local/lib/python3.7/site-packages/airflow/example_dags/example_trigger_target_dag.py
[2022-07-23 21:06:21,706] {logging_mixin.py:115} INFO - [2022-07-23 21:06:21,706] {dag.py:2420} INFO - Sync 1 DAGs
[2022-07-23 21:06:21,719] {logging_mixin.py:115} INFO - [2022-07-23 21:06:21,719] {dag.py:2972} INFO - Setting next_dagrun for example_trigger_target_dag to None, run_after=None
[2022-07-23 21:06:21,726] {processor.py:161} INFO - Processing /home/airflow/.local/lib/python3.7/site-packages/airflow/example_dags/example_trigger_target_dag.py took 0.046 seconds
[2022-07-23 21:06:51,914] {processor.py:153} INFO - Started process (PID=340) to work on /home/airflow/.local/lib/python3.7/site-packages/airflow/example_dags/example_trigger_target_dag.py
[2022-07-23 21:06:51,914] {processor.py:641} INFO - Processing file /home/airflow/.local/lib/python3.7/site-packages/airflow/example_dags/example_trigger_target_dag.py for tasks to queue
[2022-07-23 21:06:51,915] {logging_mixin.py:115} INFO - [2022-07-23 21:06:51,915] {dagbag.py:508} INFO - Filling up the DagBag from /home/airflow/.local/lib/python3.7/site-packages/airflow/example_dags/example_trigger_target_dag.py
[2022-07-23 21:06:51,924] {processor.py:651} INFO - DAG(s) dict_keys(['example_trigger_target_dag']) retrieved from /home/airflow/.local/lib/python3.7/site-packages/airflow/example_dags/example_trigger_target_dag.py
[2022-07-23 21:06:51,939] {logging_mixin.py:115} INFO - [2022-07-23 21:06:51,939] {dag.py:2420} INFO - Sync 1 DAGs
[2022-07-23 21:06:51,952] {logging_mixin.py:115} INFO - [2022-07-23 21:06:51,952] {dag.py:2972} INFO - Setting next_dagrun for example_trigger_target_dag to None, run_after=None
[2022-07-23 21:06:51,958] {processor.py:161} INFO - Processing /home/airflow/.local/lib/python3.7/site-packages/airflow/example_dags/example_trigger_target_dag.py took 0.046 seconds
[2022-07-23 21:07:22,326] {processor.py:153} INFO - Started process (PID=401) to work on /home/airflow/.local/lib/python3.7/site-packages/airflow/example_dags/example_trigger_target_dag.py
[2022-07-23 21:07:22,327] {processor.py:641} INFO - Processing file /home/airflow/.local/lib/python3.7/site-packages/airflow/example_dags/example_trigger_target_dag.py for tasks to queue
[2022-07-23 21:07:22,327] {logging_mixin.py:115} INFO - [2022-07-23 21:07:22,327] {dagbag.py:508} INFO - Filling up the DagBag from /home/airflow/.local/lib/python3.7/site-packages/airflow/example_dags/example_trigger_target_dag.py
[2022-07-23 21:07:22,336] {processor.py:651} INFO - DAG(s) dict_keys(['example_trigger_target_dag']) retrieved from /home/airflow/.local/lib/python3.7/site-packages/airflow/example_dags/example_trigger_target_dag.py
[2022-07-23 21:07:22,351] {logging_mixin.py:115} INFO - [2022-07-23 21:07:22,350] {dag.py:2420} INFO - Sync 1 DAGs
[2022-07-23 21:07:22,364] {logging_mixin.py:115} INFO - [2022-07-23 21:07:22,364] {dag.py:2972} INFO - Setting next_dagrun for example_trigger_target_dag to None, run_after=None
[2022-07-23 21:07:22,371] {processor.py:161} INFO - Processing /home/airflow/.local/lib/python3.7/site-packages/airflow/example_dags/example_trigger_target_dag.py took 0.047 seconds
[2022-07-23 21:07:52,481] {processor.py:153} INFO - Started process (PID=462) to work on /home/airflow/.local/lib/python3.7/site-packages/airflow/example_dags/example_trigger_target_dag.py
[2022-07-23 21:07:52,482] {processor.py:641} INFO - Processing file /home/airflow/.local/lib/python3.7/site-packages/airflow/example_dags/example_trigger_target_dag.py for tasks to queue
[2022-07-23 21:07:52,482] {logging_mixin.py:115} INFO - [2022-07-23 21:07:52,482] {dagbag.py:508} INFO - Filling up the DagBag from /home/airflow/.local/lib/python3.7/site-packages/airflow/example_dags/example_trigger_target_dag.py
[2022-07-23 21:07:52,491] {processor.py:651} INFO - DAG(s) dict_keys(['example_trigger_target_dag']) retrieved from /home/airflow/.local/lib/python3.7/site-packages/airflow/example_dags/example_trigger_target_dag.py
[2022-07-23 21:07:52,505] {logging_mixin.py:115} INFO - [2022-07-23 21:07:52,505] {dag.py:2420} INFO - Sync 1 DAGs
[2022-07-23 21:07:52,520] {logging_mixin.py:115} INFO - [2022-07-23 21:07:52,520] {dag.py:2972} INFO - Setting next_dagrun for example_trigger_target_dag to None, run_after=None
[2022-07-23 21:07:52,528] {processor.py:161} INFO - Processing /home/airflow/.local/lib/python3.7/site-packages/airflow/example_dags/example_trigger_target_dag.py took 0.048 seconds
[2022-07-23 21:08:22,744] {processor.py:153} INFO - Started process (PID=514) to work on /home/airflow/.local/lib/python3.7/site-packages/airflow/example_dags/example_trigger_target_dag.py
[2022-07-23 21:08:22,745] {processor.py:641} INFO - Processing file /home/airflow/.local/lib/python3.7/site-packages/airflow/example_dags/example_trigger_target_dag.py for tasks to queue
[2022-07-23 21:08:22,745] {logging_mixin.py:115} INFO - [2022-07-23 21:08:22,745] {dagbag.py:508} INFO - Filling up the DagBag from /home/airflow/.local/lib/python3.7/site-packages/airflow/example_dags/example_trigger_target_dag.py
[2022-07-23 21:08:22,754] {processor.py:651} INFO - DAG(s) dict_keys(['example_trigger_target_dag']) retrieved from /home/airflow/.local/lib/python3.7/site-packages/airflow/example_dags/example_trigger_target_dag.py
[2022-07-23 21:08:22,769] {logging_mixin.py:115} INFO - [2022-07-23 21:08:22,769] {dag.py:2420} INFO - Sync 1 DAGs
[2022-07-23 21:08:22,782] {logging_mixin.py:115} INFO - [2022-07-23 21:08:22,782] {dag.py:2972} INFO - Setting next_dagrun for example_trigger_target_dag to None, run_after=None
[2022-07-23 21:08:22,788] {processor.py:161} INFO - Processing /home/airflow/.local/lib/python3.7/site-packages/airflow/example_dags/example_trigger_target_dag.py took 0.046 seconds
[2022-07-23 21:08:53,041] {processor.py:153} INFO - Started process (PID=576) to work on /home/airflow/.local/lib/python3.7/site-packages/airflow/example_dags/example_trigger_target_dag.py
[2022-07-23 21:08:53,042] {processor.py:641} INFO - Processing file /home/airflow/.local/lib/python3.7/site-packages/airflow/example_dags/example_trigger_target_dag.py for tasks to queue
[2022-07-23 21:08:53,042] {logging_mixin.py:115} INFO - [2022-07-23 21:08:53,042] {dagbag.py:508} INFO - Filling up the DagBag from /home/airflow/.local/lib/python3.7/site-packages/airflow/example_dags/example_trigger_target_dag.py
[2022-07-23 21:08:53,051] {processor.py:651} INFO - DAG(s) dict_keys(['example_trigger_target_dag']) retrieved from /home/airflow/.local/lib/python3.7/site-packages/airflow/example_dags/example_trigger_target_dag.py
[2022-07-23 21:08:53,066] {logging_mixin.py:115} INFO - [2022-07-23 21:08:53,066] {dag.py:2420} INFO - Sync 1 DAGs
[2022-07-23 21:08:53,079] {logging_mixin.py:115} INFO - [2022-07-23 21:08:53,079] {dag.py:2972} INFO - Setting next_dagrun for example_trigger_target_dag to None, run_after=None
[2022-07-23 21:08:53,085] {processor.py:161} INFO - Processing /home/airflow/.local/lib/python3.7/site-packages/airflow/example_dags/example_trigger_target_dag.py took 0.046 seconds
[2022-07-23 21:09:23,305] {processor.py:153} INFO - Started process (PID=636) to work on /home/airflow/.local/lib/python3.7/site-packages/airflow/example_dags/example_trigger_target_dag.py
[2022-07-23 21:09:23,305] {processor.py:641} INFO - Processing file /home/airflow/.local/lib/python3.7/site-packages/airflow/example_dags/example_trigger_target_dag.py for tasks to queue
[2022-07-23 21:09:23,305] {logging_mixin.py:115} INFO - [2022-07-23 21:09:23,305] {dagbag.py:508} INFO - Filling up the DagBag from /home/airflow/.local/lib/python3.7/site-packages/airflow/example_dags/example_trigger_target_dag.py
[2022-07-23 21:09:23,313] {processor.py:651} INFO - DAG(s) dict_keys(['example_trigger_target_dag']) retrieved from /home/airflow/.local/lib/python3.7/site-packages/airflow/example_dags/example_trigger_target_dag.py
[2022-07-23 21:09:23,328] {logging_mixin.py:115} INFO - [2022-07-23 21:09:23,328] {dag.py:2420} INFO - Sync 1 DAGs
[2022-07-23 21:09:23,340] {logging_mixin.py:115} INFO - [2022-07-23 21:09:23,340] {dag.py:2972} INFO - Setting next_dagrun for example_trigger_target_dag to None, run_after=None
[2022-07-23 21:09:23,347] {processor.py:161} INFO - Processing /home/airflow/.local/lib/python3.7/site-packages/airflow/example_dags/example_trigger_target_dag.py took 0.044 seconds
[2022-07-23 21:09:53,554] {processor.py:153} INFO - Started process (PID=696) to work on /home/airflow/.local/lib/python3.7/site-packages/airflow/example_dags/example_trigger_target_dag.py
[2022-07-23 21:09:53,554] {processor.py:641} INFO - Processing file /home/airflow/.local/lib/python3.7/site-packages/airflow/example_dags/example_trigger_target_dag.py for tasks to queue
[2022-07-23 21:09:53,555] {logging_mixin.py:115} INFO - [2022-07-23 21:09:53,555] {dagbag.py:508} INFO - Filling up the DagBag from /home/airflow/.local/lib/python3.7/site-packages/airflow/example_dags/example_trigger_target_dag.py
[2022-07-23 21:09:53,565] {processor.py:651} INFO - DAG(s) dict_keys(['example_trigger_target_dag']) retrieved from /home/airflow/.local/lib/python3.7/site-packages/airflow/example_dags/example_trigger_target_dag.py
[2022-07-23 21:09:53,582] {logging_mixin.py:115} INFO - [2022-07-23 21:09:53,582] {dag.py:2420} INFO - Sync 1 DAGs
[2022-07-23 21:09:53,598] {logging_mixin.py:115} INFO - [2022-07-23 21:09:53,598] {dag.py:2972} INFO - Setting next_dagrun for example_trigger_target_dag to None, run_after=None
[2022-07-23 21:09:53,605] {processor.py:161} INFO - Processing /home/airflow/.local/lib/python3.7/site-packages/airflow/example_dags/example_trigger_target_dag.py took 0.054 seconds
[2022-07-23 21:10:23,801] {processor.py:153} INFO - Started process (PID=747) to work on /home/airflow/.local/lib/python3.7/site-packages/airflow/example_dags/example_trigger_target_dag.py
[2022-07-23 21:10:23,801] {processor.py:641} INFO - Processing file /home/airflow/.local/lib/python3.7/site-packages/airflow/example_dags/example_trigger_target_dag.py for tasks to queue
[2022-07-23 21:10:23,802] {logging_mixin.py:115} INFO - [2022-07-23 21:10:23,802] {dagbag.py:508} INFO - Filling up the DagBag from /home/airflow/.local/lib/python3.7/site-packages/airflow/example_dags/example_trigger_target_dag.py
[2022-07-23 21:10:23,811] {processor.py:651} INFO - DAG(s) dict_keys(['example_trigger_target_dag']) retrieved from /home/airflow/.local/lib/python3.7/site-packages/airflow/example_dags/example_trigger_target_dag.py
[2022-07-23 21:10:23,826] {logging_mixin.py:115} INFO - [2022-07-23 21:10:23,826] {dag.py:2420} INFO - Sync 1 DAGs
[2022-07-23 21:10:23,839] {logging_mixin.py:115} INFO - [2022-07-23 21:10:23,839] {dag.py:2972} INFO - Setting next_dagrun for example_trigger_target_dag to None, run_after=None
[2022-07-23 21:10:23,845] {processor.py:161} INFO - Processing /home/airflow/.local/lib/python3.7/site-packages/airflow/example_dags/example_trigger_target_dag.py took 0.046 seconds
[2022-07-23 21:10:54,196] {processor.py:153} INFO - Started process (PID=808) to work on /home/airflow/.local/lib/python3.7/site-packages/airflow/example_dags/example_trigger_target_dag.py
[2022-07-23 21:10:54,196] {processor.py:641} INFO - Processing file /home/airflow/.local/lib/python3.7/site-packages/airflow/example_dags/example_trigger_target_dag.py for tasks to queue
[2022-07-23 21:10:54,196] {logging_mixin.py:115} INFO - [2022-07-23 21:10:54,196] {dagbag.py:508} INFO - Filling up the DagBag from /home/airflow/.local/lib/python3.7/site-packages/airflow/example_dags/example_trigger_target_dag.py
[2022-07-23 21:10:54,206] {processor.py:651} INFO - DAG(s) dict_keys(['example_trigger_target_dag']) retrieved from /home/airflow/.local/lib/python3.7/site-packages/airflow/example_dags/example_trigger_target_dag.py
[2022-07-23 21:10:54,220] {logging_mixin.py:115} INFO - [2022-07-23 21:10:54,219] {dag.py:2420} INFO - Sync 1 DAGs
[2022-07-23 21:10:54,232] {logging_mixin.py:115} INFO - [2022-07-23 21:10:54,232] {dag.py:2972} INFO - Setting next_dagrun for example_trigger_target_dag to None, run_after=None
[2022-07-23 21:10:54,238] {processor.py:161} INFO - Processing /home/airflow/.local/lib/python3.7/site-packages/airflow/example_dags/example_trigger_target_dag.py took 0.044 seconds
[2022-07-23 21:11:24,329] {processor.py:153} INFO - Started process (PID=869) to work on /home/airflow/.local/lib/python3.7/site-packages/airflow/example_dags/example_trigger_target_dag.py
[2022-07-23 21:11:24,329] {processor.py:641} INFO - Processing file /home/airflow/.local/lib/python3.7/site-packages/airflow/example_dags/example_trigger_target_dag.py for tasks to queue
[2022-07-23 21:11:24,330] {logging_mixin.py:115} INFO - [2022-07-23 21:11:24,330] {dagbag.py:508} INFO - Filling up the DagBag from /home/airflow/.local/lib/python3.7/site-packages/airflow/example_dags/example_trigger_target_dag.py
[2022-07-23 21:11:24,339] {processor.py:651} INFO - DAG(s) dict_keys(['example_trigger_target_dag']) retrieved from /home/airflow/.local/lib/python3.7/site-packages/airflow/example_dags/example_trigger_target_dag.py
[2022-07-23 21:11:24,353] {logging_mixin.py:115} INFO - [2022-07-23 21:11:24,353] {dag.py:2420} INFO - Sync 1 DAGs
[2022-07-23 21:11:24,368] {logging_mixin.py:115} INFO - [2022-07-23 21:11:24,368] {dag.py:2972} INFO - Setting next_dagrun for example_trigger_target_dag to None, run_after=None
[2022-07-23 21:11:24,375] {processor.py:161} INFO - Processing /home/airflow/.local/lib/python3.7/site-packages/airflow/example_dags/example_trigger_target_dag.py took 0.047 seconds
[2022-07-23 21:11:54,573] {processor.py:153} INFO - Started process (PID=929) to work on /home/airflow/.local/lib/python3.7/site-packages/airflow/example_dags/example_trigger_target_dag.py
[2022-07-23 21:11:54,573] {processor.py:641} INFO - Processing file /home/airflow/.local/lib/python3.7/site-packages/airflow/example_dags/example_trigger_target_dag.py for tasks to queue
[2022-07-23 21:11:54,573] {logging_mixin.py:115} INFO - [2022-07-23 21:11:54,573] {dagbag.py:508} INFO - Filling up the DagBag from /home/airflow/.local/lib/python3.7/site-packages/airflow/example_dags/example_trigger_target_dag.py
[2022-07-23 21:11:54,583] {processor.py:651} INFO - DAG(s) dict_keys(['example_trigger_target_dag']) retrieved from /home/airflow/.local/lib/python3.7/site-packages/airflow/example_dags/example_trigger_target_dag.py
[2022-07-23 21:11:54,599] {logging_mixin.py:115} INFO - [2022-07-23 21:11:54,598] {dag.py:2420} INFO - Sync 1 DAGs
[2022-07-23 21:11:54,617] {logging_mixin.py:115} INFO - [2022-07-23 21:11:54,617] {dag.py:2972} INFO - Setting next_dagrun for example_trigger_target_dag to None, run_after=None
[2022-07-23 21:11:54,624] {processor.py:161} INFO - Processing /home/airflow/.local/lib/python3.7/site-packages/airflow/example_dags/example_trigger_target_dag.py took 0.054 seconds
[2022-07-23 21:12:24,766] {processor.py:153} INFO - Started process (PID=983) to work on /home/airflow/.local/lib/python3.7/site-packages/airflow/example_dags/example_trigger_target_dag.py
[2022-07-23 21:12:24,767] {processor.py:641} INFO - Processing file /home/airflow/.local/lib/python3.7/site-packages/airflow/example_dags/example_trigger_target_dag.py for tasks to queue
[2022-07-23 21:12:24,767] {logging_mixin.py:115} INFO - [2022-07-23 21:12:24,767] {dagbag.py:508} INFO - Filling up the DagBag from /home/airflow/.local/lib/python3.7/site-packages/airflow/example_dags/example_trigger_target_dag.py
[2022-07-23 21:12:24,777] {processor.py:651} INFO - DAG(s) dict_keys(['example_trigger_target_dag']) retrieved from /home/airflow/.local/lib/python3.7/site-packages/airflow/example_dags/example_trigger_target_dag.py
[2022-07-23 21:12:24,792] {logging_mixin.py:115} INFO - [2022-07-23 21:12:24,792] {dag.py:2420} INFO - Sync 1 DAGs
[2022-07-23 21:12:24,804] {logging_mixin.py:115} INFO - [2022-07-23 21:12:24,804] {dag.py:2972} INFO - Setting next_dagrun for example_trigger_target_dag to None, run_after=None
[2022-07-23 21:12:24,810] {processor.py:161} INFO - Processing /home/airflow/.local/lib/python3.7/site-packages/airflow/example_dags/example_trigger_target_dag.py took 0.046 seconds
[2022-07-23 21:12:55,049] {processor.py:153} INFO - Started process (PID=1043) to work on /home/airflow/.local/lib/python3.7/site-packages/airflow/example_dags/example_trigger_target_dag.py
[2022-07-23 21:12:55,050] {processor.py:641} INFO - Processing file /home/airflow/.local/lib/python3.7/site-packages/airflow/example_dags/example_trigger_target_dag.py for tasks to queue
[2022-07-23 21:12:55,050] {logging_mixin.py:115} INFO - [2022-07-23 21:12:55,050] {dagbag.py:508} INFO - Filling up the DagBag from /home/airflow/.local/lib/python3.7/site-packages/airflow/example_dags/example_trigger_target_dag.py
[2022-07-23 21:12:55,060] {processor.py:651} INFO - DAG(s) dict_keys(['example_trigger_target_dag']) retrieved from /home/airflow/.local/lib/python3.7/site-packages/airflow/example_dags/example_trigger_target_dag.py
[2022-07-23 21:12:55,076] {logging_mixin.py:115} INFO - [2022-07-23 21:12:55,075] {dag.py:2420} INFO - Sync 1 DAGs
[2022-07-23 21:12:55,093] {logging_mixin.py:115} INFO - [2022-07-23 21:12:55,093] {dag.py:2972} INFO - Setting next_dagrun for example_trigger_target_dag to None, run_after=None
[2022-07-23 21:12:55,100] {processor.py:161} INFO - Processing /home/airflow/.local/lib/python3.7/site-packages/airflow/example_dags/example_trigger_target_dag.py took 0.053 seconds
[2022-07-23 21:13:25,617] {processor.py:153} INFO - Started process (PID=1104) to work on /home/airflow/.local/lib/python3.7/site-packages/airflow/example_dags/example_trigger_target_dag.py
[2022-07-23 21:13:25,617] {processor.py:641} INFO - Processing file /home/airflow/.local/lib/python3.7/site-packages/airflow/example_dags/example_trigger_target_dag.py for tasks to queue
[2022-07-23 21:13:25,618] {logging_mixin.py:115} INFO - [2022-07-23 21:13:25,618] {dagbag.py:508} INFO - Filling up the DagBag from /home/airflow/.local/lib/python3.7/site-packages/airflow/example_dags/example_trigger_target_dag.py
[2022-07-23 21:13:25,628] {processor.py:651} INFO - DAG(s) dict_keys(['example_trigger_target_dag']) retrieved from /home/airflow/.local/lib/python3.7/site-packages/airflow/example_dags/example_trigger_target_dag.py
[2022-07-23 21:13:25,644] {logging_mixin.py:115} INFO - [2022-07-23 21:13:25,644] {dag.py:2420} INFO - Sync 1 DAGs
[2022-07-23 21:13:25,659] {logging_mixin.py:115} INFO - [2022-07-23 21:13:25,659] {dag.py:2972} INFO - Setting next_dagrun for example_trigger_target_dag to None, run_after=None
[2022-07-23 21:13:25,666] {processor.py:161} INFO - Processing /home/airflow/.local/lib/python3.7/site-packages/airflow/example_dags/example_trigger_target_dag.py took 0.051 seconds
[2022-07-23 21:13:55,842] {processor.py:153} INFO - Started process (PID=1166) to work on /home/airflow/.local/lib/python3.7/site-packages/airflow/example_dags/example_trigger_target_dag.py
[2022-07-23 21:13:55,843] {processor.py:641} INFO - Processing file /home/airflow/.local/lib/python3.7/site-packages/airflow/example_dags/example_trigger_target_dag.py for tasks to queue
[2022-07-23 21:13:55,843] {logging_mixin.py:115} INFO - [2022-07-23 21:13:55,843] {dagbag.py:508} INFO - Filling up the DagBag from /home/airflow/.local/lib/python3.7/site-packages/airflow/example_dags/example_trigger_target_dag.py
[2022-07-23 21:13:55,853] {processor.py:651} INFO - DAG(s) dict_keys(['example_trigger_target_dag']) retrieved from /home/airflow/.local/lib/python3.7/site-packages/airflow/example_dags/example_trigger_target_dag.py
[2022-07-23 21:13:55,877] {logging_mixin.py:115} INFO - [2022-07-23 21:13:55,877] {dag.py:2420} INFO - Sync 1 DAGs
[2022-07-23 21:13:55,896] {logging_mixin.py:115} INFO - [2022-07-23 21:13:55,896] {dag.py:2972} INFO - Setting next_dagrun for example_trigger_target_dag to None, run_after=None
[2022-07-23 21:13:55,903] {processor.py:161} INFO - Processing /home/airflow/.local/lib/python3.7/site-packages/airflow/example_dags/example_trigger_target_dag.py took 0.063 seconds
[2022-07-23 21:14:26,157] {processor.py:153} INFO - Started process (PID=1218) to work on /home/airflow/.local/lib/python3.7/site-packages/airflow/example_dags/example_trigger_target_dag.py
[2022-07-23 21:14:26,157] {processor.py:641} INFO - Processing file /home/airflow/.local/lib/python3.7/site-packages/airflow/example_dags/example_trigger_target_dag.py for tasks to queue
[2022-07-23 21:14:26,157] {logging_mixin.py:115} INFO - [2022-07-23 21:14:26,157] {dagbag.py:508} INFO - Filling up the DagBag from /home/airflow/.local/lib/python3.7/site-packages/airflow/example_dags/example_trigger_target_dag.py
[2022-07-23 21:14:26,166] {processor.py:651} INFO - DAG(s) dict_keys(['example_trigger_target_dag']) retrieved from /home/airflow/.local/lib/python3.7/site-packages/airflow/example_dags/example_trigger_target_dag.py
[2022-07-23 21:14:26,180] {logging_mixin.py:115} INFO - [2022-07-23 21:14:26,180] {dag.py:2420} INFO - Sync 1 DAGs
[2022-07-23 21:14:26,193] {logging_mixin.py:115} INFO - [2022-07-23 21:14:26,193] {dag.py:2972} INFO - Setting next_dagrun for example_trigger_target_dag to None, run_after=None
[2022-07-23 21:14:26,199] {processor.py:161} INFO - Processing /home/airflow/.local/lib/python3.7/site-packages/airflow/example_dags/example_trigger_target_dag.py took 0.044 seconds
[2022-07-23 21:14:56,475] {processor.py:153} INFO - Started process (PID=1279) to work on /home/airflow/.local/lib/python3.7/site-packages/airflow/example_dags/example_trigger_target_dag.py
[2022-07-23 21:14:56,476] {processor.py:641} INFO - Processing file /home/airflow/.local/lib/python3.7/site-packages/airflow/example_dags/example_trigger_target_dag.py for tasks to queue
[2022-07-23 21:14:56,476] {logging_mixin.py:115} INFO - [2022-07-23 21:14:56,476] {dagbag.py:508} INFO - Filling up the DagBag from /home/airflow/.local/lib/python3.7/site-packages/airflow/example_dags/example_trigger_target_dag.py
[2022-07-23 21:14:56,485] {processor.py:651} INFO - DAG(s) dict_keys(['example_trigger_target_dag']) retrieved from /home/airflow/.local/lib/python3.7/site-packages/airflow/example_dags/example_trigger_target_dag.py
[2022-07-23 21:14:56,502] {logging_mixin.py:115} INFO - [2022-07-23 21:14:56,502] {dag.py:2420} INFO - Sync 1 DAGs
[2022-07-23 21:14:56,516] {logging_mixin.py:115} INFO - [2022-07-23 21:14:56,515] {dag.py:2972} INFO - Setting next_dagrun for example_trigger_target_dag to None, run_after=None
[2022-07-23 21:14:56,522] {processor.py:161} INFO - Processing /home/airflow/.local/lib/python3.7/site-packages/airflow/example_dags/example_trigger_target_dag.py took 0.049 seconds
[2022-07-23 21:15:26,805] {processor.py:153} INFO - Started process (PID=1341) to work on /home/airflow/.local/lib/python3.7/site-packages/airflow/example_dags/example_trigger_target_dag.py
[2022-07-23 21:15:26,806] {processor.py:641} INFO - Processing file /home/airflow/.local/lib/python3.7/site-packages/airflow/example_dags/example_trigger_target_dag.py for tasks to queue
[2022-07-23 21:15:26,806] {logging_mixin.py:115} INFO - [2022-07-23 21:15:26,806] {dagbag.py:508} INFO - Filling up the DagBag from /home/airflow/.local/lib/python3.7/site-packages/airflow/example_dags/example_trigger_target_dag.py
[2022-07-23 21:15:26,818] {processor.py:651} INFO - DAG(s) dict_keys(['example_trigger_target_dag']) retrieved from /home/airflow/.local/lib/python3.7/site-packages/airflow/example_dags/example_trigger_target_dag.py
[2022-07-23 21:15:26,833] {logging_mixin.py:115} INFO - [2022-07-23 21:15:26,833] {dag.py:2420} INFO - Sync 1 DAGs
[2022-07-23 21:15:26,850] {logging_mixin.py:115} INFO - [2022-07-23 21:15:26,850] {dag.py:2972} INFO - Setting next_dagrun for example_trigger_target_dag to None, run_after=None
[2022-07-23 21:15:26,860] {processor.py:161} INFO - Processing /home/airflow/.local/lib/python3.7/site-packages/airflow/example_dags/example_trigger_target_dag.py took 0.056 seconds
[2022-07-23 21:15:57,066] {processor.py:153} INFO - Started process (PID=1402) to work on /home/airflow/.local/lib/python3.7/site-packages/airflow/example_dags/example_trigger_target_dag.py
[2022-07-23 21:15:57,067] {processor.py:641} INFO - Processing file /home/airflow/.local/lib/python3.7/site-packages/airflow/example_dags/example_trigger_target_dag.py for tasks to queue
[2022-07-23 21:15:57,067] {logging_mixin.py:115} INFO - [2022-07-23 21:15:57,067] {dagbag.py:508} INFO - Filling up the DagBag from /home/airflow/.local/lib/python3.7/site-packages/airflow/example_dags/example_trigger_target_dag.py
[2022-07-23 21:15:57,078] {processor.py:651} INFO - DAG(s) dict_keys(['example_trigger_target_dag']) retrieved from /home/airflow/.local/lib/python3.7/site-packages/airflow/example_dags/example_trigger_target_dag.py
[2022-07-23 21:15:57,093] {logging_mixin.py:115} INFO - [2022-07-23 21:15:57,093] {dag.py:2420} INFO - Sync 1 DAGs
[2022-07-23 21:15:57,108] {logging_mixin.py:115} INFO - [2022-07-23 21:15:57,108] {dag.py:2972} INFO - Setting next_dagrun for example_trigger_target_dag to None, run_after=None
[2022-07-23 21:15:57,115] {processor.py:161} INFO - Processing /home/airflow/.local/lib/python3.7/site-packages/airflow/example_dags/example_trigger_target_dag.py took 0.050 seconds
[2022-07-23 21:16:49,575] {processor.py:153} INFO - Started process (PID=41) to work on /home/airflow/.local/lib/python3.7/site-packages/airflow/example_dags/example_trigger_target_dag.py
[2022-07-23 21:16:49,576] {processor.py:641} INFO - Processing file /home/airflow/.local/lib/python3.7/site-packages/airflow/example_dags/example_trigger_target_dag.py for tasks to queue
[2022-07-23 21:16:49,577] {logging_mixin.py:115} INFO - [2022-07-23 21:16:49,577] {dagbag.py:508} INFO - Filling up the DagBag from /home/airflow/.local/lib/python3.7/site-packages/airflow/example_dags/example_trigger_target_dag.py
[2022-07-23 21:16:49,591] {processor.py:651} INFO - DAG(s) dict_keys(['example_trigger_target_dag']) retrieved from /home/airflow/.local/lib/python3.7/site-packages/airflow/example_dags/example_trigger_target_dag.py
[2022-07-23 21:16:49,623] {logging_mixin.py:115} INFO - [2022-07-23 21:16:49,623] {dag.py:2420} INFO - Sync 1 DAGs
[2022-07-23 21:16:49,804] {logging_mixin.py:115} INFO - [2022-07-23 21:16:49,804] {dag.py:2972} INFO - Setting next_dagrun for example_trigger_target_dag to None, run_after=None
[2022-07-23 21:16:49,825] {processor.py:161} INFO - Processing /home/airflow/.local/lib/python3.7/site-packages/airflow/example_dags/example_trigger_target_dag.py took 0.252 seconds
