[2022-07-23 21:04:20,921] {processor.py:153} INFO - Started process (PID=57) to work on /home/airflow/.local/lib/python3.7/site-packages/airflow/example_dags/tutorial_etl_dag.py
[2022-07-23 21:04:20,922] {processor.py:641} INFO - Processing file /home/airflow/.local/lib/python3.7/site-packages/airflow/example_dags/tutorial_etl_dag.py for tasks to queue
[2022-07-23 21:04:20,922] {logging_mixin.py:115} INFO - [2022-07-23 21:04:20,922] {dagbag.py:508} INFO - Filling up the DagBag from /home/airflow/.local/lib/python3.7/site-packages/airflow/example_dags/tutorial_etl_dag.py
[2022-07-23 21:04:20,931] {processor.py:651} INFO - DAG(s) dict_keys(['tutorial_etl_dag']) retrieved from /home/airflow/.local/lib/python3.7/site-packages/airflow/example_dags/tutorial_etl_dag.py
[2022-07-23 21:04:21,050] {logging_mixin.py:115} INFO - [2022-07-23 21:04:21,050] {manager.py:508} INFO - Created Permission View: can edit on DAG:tutorial_etl_dag
[2022-07-23 21:04:21,062] {logging_mixin.py:115} INFO - [2022-07-23 21:04:21,062] {manager.py:508} INFO - Created Permission View: can read on DAG:tutorial_etl_dag
[2022-07-23 21:04:21,070] {logging_mixin.py:115} INFO - [2022-07-23 21:04:21,070] {manager.py:508} INFO - Created Permission View: can delete on DAG:tutorial_etl_dag
[2022-07-23 21:04:21,070] {logging_mixin.py:115} INFO - [2022-07-23 21:04:21,070] {dag.py:2420} INFO - Sync 1 DAGs
[2022-07-23 21:04:21,081] {logging_mixin.py:115} INFO - [2022-07-23 21:04:21,081] {dag.py:2439} INFO - Creating ORM DAG for tutorial_etl_dag
[2022-07-23 21:04:21,102] {logging_mixin.py:115} INFO - [2022-07-23 21:04:21,102] {dag.py:2972} INFO - Setting next_dagrun for tutorial_etl_dag to None, run_after=None
[2022-07-23 21:04:21,121] {processor.py:161} INFO - Processing /home/airflow/.local/lib/python3.7/site-packages/airflow/example_dags/tutorial_etl_dag.py took 0.203 seconds
[2022-07-23 21:04:51,732] {processor.py:153} INFO - Started process (PID=110) to work on /home/airflow/.local/lib/python3.7/site-packages/airflow/example_dags/tutorial_etl_dag.py
[2022-07-23 21:04:51,732] {processor.py:641} INFO - Processing file /home/airflow/.local/lib/python3.7/site-packages/airflow/example_dags/tutorial_etl_dag.py for tasks to queue
[2022-07-23 21:04:51,733] {logging_mixin.py:115} INFO - [2022-07-23 21:04:51,732] {dagbag.py:508} INFO - Filling up the DagBag from /home/airflow/.local/lib/python3.7/site-packages/airflow/example_dags/tutorial_etl_dag.py
[2022-07-23 21:04:51,737] {processor.py:651} INFO - DAG(s) dict_keys(['tutorial_etl_dag']) retrieved from /home/airflow/.local/lib/python3.7/site-packages/airflow/example_dags/tutorial_etl_dag.py
[2022-07-23 21:04:51,751] {logging_mixin.py:115} INFO - [2022-07-23 21:04:51,751] {dag.py:2420} INFO - Sync 1 DAGs
[2022-07-23 21:04:51,764] {logging_mixin.py:115} INFO - [2022-07-23 21:04:51,764] {dag.py:2972} INFO - Setting next_dagrun for tutorial_etl_dag to None, run_after=None
[2022-07-23 21:04:51,771] {processor.py:161} INFO - Processing /home/airflow/.local/lib/python3.7/site-packages/airflow/example_dags/tutorial_etl_dag.py took 0.041 seconds
[2022-07-23 21:05:22,047] {processor.py:153} INFO - Started process (PID=171) to work on /home/airflow/.local/lib/python3.7/site-packages/airflow/example_dags/tutorial_etl_dag.py
[2022-07-23 21:05:22,048] {processor.py:641} INFO - Processing file /home/airflow/.local/lib/python3.7/site-packages/airflow/example_dags/tutorial_etl_dag.py for tasks to queue
[2022-07-23 21:05:22,048] {logging_mixin.py:115} INFO - [2022-07-23 21:05:22,048] {dagbag.py:508} INFO - Filling up the DagBag from /home/airflow/.local/lib/python3.7/site-packages/airflow/example_dags/tutorial_etl_dag.py
[2022-07-23 21:05:22,052] {processor.py:651} INFO - DAG(s) dict_keys(['tutorial_etl_dag']) retrieved from /home/airflow/.local/lib/python3.7/site-packages/airflow/example_dags/tutorial_etl_dag.py
[2022-07-23 21:05:22,075] {logging_mixin.py:115} INFO - [2022-07-23 21:05:22,075] {dag.py:2420} INFO - Sync 1 DAGs
[2022-07-23 21:05:22,094] {logging_mixin.py:115} INFO - [2022-07-23 21:05:22,094] {dag.py:2972} INFO - Setting next_dagrun for tutorial_etl_dag to None, run_after=None
[2022-07-23 21:05:22,101] {processor.py:161} INFO - Processing /home/airflow/.local/lib/python3.7/site-packages/airflow/example_dags/tutorial_etl_dag.py took 0.055 seconds
[2022-07-23 21:05:52,315] {processor.py:153} INFO - Started process (PID=231) to work on /home/airflow/.local/lib/python3.7/site-packages/airflow/example_dags/tutorial_etl_dag.py
[2022-07-23 21:05:52,315] {processor.py:641} INFO - Processing file /home/airflow/.local/lib/python3.7/site-packages/airflow/example_dags/tutorial_etl_dag.py for tasks to queue
[2022-07-23 21:05:52,316] {logging_mixin.py:115} INFO - [2022-07-23 21:05:52,316] {dagbag.py:508} INFO - Filling up the DagBag from /home/airflow/.local/lib/python3.7/site-packages/airflow/example_dags/tutorial_etl_dag.py
[2022-07-23 21:05:52,320] {processor.py:651} INFO - DAG(s) dict_keys(['tutorial_etl_dag']) retrieved from /home/airflow/.local/lib/python3.7/site-packages/airflow/example_dags/tutorial_etl_dag.py
[2022-07-23 21:05:52,334] {logging_mixin.py:115} INFO - [2022-07-23 21:05:52,334] {dag.py:2420} INFO - Sync 1 DAGs
[2022-07-23 21:05:52,348] {logging_mixin.py:115} INFO - [2022-07-23 21:05:52,348] {dag.py:2972} INFO - Setting next_dagrun for tutorial_etl_dag to None, run_after=None
[2022-07-23 21:05:52,354] {processor.py:161} INFO - Processing /home/airflow/.local/lib/python3.7/site-packages/airflow/example_dags/tutorial_etl_dag.py took 0.041 seconds
[2022-07-23 21:06:22,847] {processor.py:153} INFO - Started process (PID=291) to work on /home/airflow/.local/lib/python3.7/site-packages/airflow/example_dags/tutorial_etl_dag.py
[2022-07-23 21:06:22,847] {processor.py:641} INFO - Processing file /home/airflow/.local/lib/python3.7/site-packages/airflow/example_dags/tutorial_etl_dag.py for tasks to queue
[2022-07-23 21:06:22,848] {logging_mixin.py:115} INFO - [2022-07-23 21:06:22,848] {dagbag.py:508} INFO - Filling up the DagBag from /home/airflow/.local/lib/python3.7/site-packages/airflow/example_dags/tutorial_etl_dag.py
[2022-07-23 21:06:22,853] {processor.py:651} INFO - DAG(s) dict_keys(['tutorial_etl_dag']) retrieved from /home/airflow/.local/lib/python3.7/site-packages/airflow/example_dags/tutorial_etl_dag.py
[2022-07-23 21:06:22,872] {logging_mixin.py:115} INFO - [2022-07-23 21:06:22,872] {dag.py:2420} INFO - Sync 1 DAGs
[2022-07-23 21:06:22,891] {logging_mixin.py:115} INFO - [2022-07-23 21:06:22,890] {dag.py:2972} INFO - Setting next_dagrun for tutorial_etl_dag to None, run_after=None
[2022-07-23 21:06:22,900] {processor.py:161} INFO - Processing /home/airflow/.local/lib/python3.7/site-packages/airflow/example_dags/tutorial_etl_dag.py took 0.055 seconds
[2022-07-23 21:06:53,102] {processor.py:153} INFO - Started process (PID=346) to work on /home/airflow/.local/lib/python3.7/site-packages/airflow/example_dags/tutorial_etl_dag.py
[2022-07-23 21:06:53,103] {processor.py:641} INFO - Processing file /home/airflow/.local/lib/python3.7/site-packages/airflow/example_dags/tutorial_etl_dag.py for tasks to queue
[2022-07-23 21:06:53,103] {logging_mixin.py:115} INFO - [2022-07-23 21:06:53,103] {dagbag.py:508} INFO - Filling up the DagBag from /home/airflow/.local/lib/python3.7/site-packages/airflow/example_dags/tutorial_etl_dag.py
[2022-07-23 21:06:53,107] {processor.py:651} INFO - DAG(s) dict_keys(['tutorial_etl_dag']) retrieved from /home/airflow/.local/lib/python3.7/site-packages/airflow/example_dags/tutorial_etl_dag.py
[2022-07-23 21:06:53,122] {logging_mixin.py:115} INFO - [2022-07-23 21:06:53,122] {dag.py:2420} INFO - Sync 1 DAGs
[2022-07-23 21:06:53,135] {logging_mixin.py:115} INFO - [2022-07-23 21:06:53,135] {dag.py:2972} INFO - Setting next_dagrun for tutorial_etl_dag to None, run_after=None
[2022-07-23 21:06:53,142] {processor.py:161} INFO - Processing /home/airflow/.local/lib/python3.7/site-packages/airflow/example_dags/tutorial_etl_dag.py took 0.041 seconds
[2022-07-23 21:07:23,495] {processor.py:153} INFO - Started process (PID=407) to work on /home/airflow/.local/lib/python3.7/site-packages/airflow/example_dags/tutorial_etl_dag.py
[2022-07-23 21:07:23,496] {processor.py:641} INFO - Processing file /home/airflow/.local/lib/python3.7/site-packages/airflow/example_dags/tutorial_etl_dag.py for tasks to queue
[2022-07-23 21:07:23,496] {logging_mixin.py:115} INFO - [2022-07-23 21:07:23,496] {dagbag.py:508} INFO - Filling up the DagBag from /home/airflow/.local/lib/python3.7/site-packages/airflow/example_dags/tutorial_etl_dag.py
[2022-07-23 21:07:23,500] {processor.py:651} INFO - DAG(s) dict_keys(['tutorial_etl_dag']) retrieved from /home/airflow/.local/lib/python3.7/site-packages/airflow/example_dags/tutorial_etl_dag.py
[2022-07-23 21:07:23,515] {logging_mixin.py:115} INFO - [2022-07-23 21:07:23,515] {dag.py:2420} INFO - Sync 1 DAGs
[2022-07-23 21:07:23,529] {logging_mixin.py:115} INFO - [2022-07-23 21:07:23,528] {dag.py:2972} INFO - Setting next_dagrun for tutorial_etl_dag to None, run_after=None
[2022-07-23 21:07:23,536] {processor.py:161} INFO - Processing /home/airflow/.local/lib/python3.7/site-packages/airflow/example_dags/tutorial_etl_dag.py took 0.042 seconds
[2022-07-23 21:07:53,669] {processor.py:153} INFO - Started process (PID=468) to work on /home/airflow/.local/lib/python3.7/site-packages/airflow/example_dags/tutorial_etl_dag.py
[2022-07-23 21:07:53,669] {processor.py:641} INFO - Processing file /home/airflow/.local/lib/python3.7/site-packages/airflow/example_dags/tutorial_etl_dag.py for tasks to queue
[2022-07-23 21:07:53,670] {logging_mixin.py:115} INFO - [2022-07-23 21:07:53,670] {dagbag.py:508} INFO - Filling up the DagBag from /home/airflow/.local/lib/python3.7/site-packages/airflow/example_dags/tutorial_etl_dag.py
[2022-07-23 21:07:53,674] {processor.py:651} INFO - DAG(s) dict_keys(['tutorial_etl_dag']) retrieved from /home/airflow/.local/lib/python3.7/site-packages/airflow/example_dags/tutorial_etl_dag.py
[2022-07-23 21:07:53,689] {logging_mixin.py:115} INFO - [2022-07-23 21:07:53,689] {dag.py:2420} INFO - Sync 1 DAGs
[2022-07-23 21:07:53,702] {logging_mixin.py:115} INFO - [2022-07-23 21:07:53,702] {dag.py:2972} INFO - Setting next_dagrun for tutorial_etl_dag to None, run_after=None
[2022-07-23 21:07:53,710] {processor.py:161} INFO - Processing /home/airflow/.local/lib/python3.7/site-packages/airflow/example_dags/tutorial_etl_dag.py took 0.043 seconds
[2022-07-23 21:08:23,916] {processor.py:153} INFO - Started process (PID=520) to work on /home/airflow/.local/lib/python3.7/site-packages/airflow/example_dags/tutorial_etl_dag.py
[2022-07-23 21:08:23,916] {processor.py:641} INFO - Processing file /home/airflow/.local/lib/python3.7/site-packages/airflow/example_dags/tutorial_etl_dag.py for tasks to queue
[2022-07-23 21:08:23,916] {logging_mixin.py:115} INFO - [2022-07-23 21:08:23,916] {dagbag.py:508} INFO - Filling up the DagBag from /home/airflow/.local/lib/python3.7/site-packages/airflow/example_dags/tutorial_etl_dag.py
[2022-07-23 21:08:23,920] {processor.py:651} INFO - DAG(s) dict_keys(['tutorial_etl_dag']) retrieved from /home/airflow/.local/lib/python3.7/site-packages/airflow/example_dags/tutorial_etl_dag.py
[2022-07-23 21:08:23,935] {logging_mixin.py:115} INFO - [2022-07-23 21:08:23,935] {dag.py:2420} INFO - Sync 1 DAGs
[2022-07-23 21:08:23,948] {logging_mixin.py:115} INFO - [2022-07-23 21:08:23,948] {dag.py:2972} INFO - Setting next_dagrun for tutorial_etl_dag to None, run_after=None
[2022-07-23 21:08:23,955] {processor.py:161} INFO - Processing /home/airflow/.local/lib/python3.7/site-packages/airflow/example_dags/tutorial_etl_dag.py took 0.041 seconds
[2022-07-23 21:08:54,232] {processor.py:153} INFO - Started process (PID=582) to work on /home/airflow/.local/lib/python3.7/site-packages/airflow/example_dags/tutorial_etl_dag.py
[2022-07-23 21:08:54,233] {processor.py:641} INFO - Processing file /home/airflow/.local/lib/python3.7/site-packages/airflow/example_dags/tutorial_etl_dag.py for tasks to queue
[2022-07-23 21:08:54,233] {logging_mixin.py:115} INFO - [2022-07-23 21:08:54,233] {dagbag.py:508} INFO - Filling up the DagBag from /home/airflow/.local/lib/python3.7/site-packages/airflow/example_dags/tutorial_etl_dag.py
[2022-07-23 21:08:54,237] {processor.py:651} INFO - DAG(s) dict_keys(['tutorial_etl_dag']) retrieved from /home/airflow/.local/lib/python3.7/site-packages/airflow/example_dags/tutorial_etl_dag.py
[2022-07-23 21:08:54,252] {logging_mixin.py:115} INFO - [2022-07-23 21:08:54,252] {dag.py:2420} INFO - Sync 1 DAGs
[2022-07-23 21:08:54,265] {logging_mixin.py:115} INFO - [2022-07-23 21:08:54,265] {dag.py:2972} INFO - Setting next_dagrun for tutorial_etl_dag to None, run_after=None
[2022-07-23 21:08:54,272] {processor.py:161} INFO - Processing /home/airflow/.local/lib/python3.7/site-packages/airflow/example_dags/tutorial_etl_dag.py took 0.042 seconds
[2022-07-23 21:09:24,500] {processor.py:153} INFO - Started process (PID=642) to work on /home/airflow/.local/lib/python3.7/site-packages/airflow/example_dags/tutorial_etl_dag.py
[2022-07-23 21:09:24,500] {processor.py:641} INFO - Processing file /home/airflow/.local/lib/python3.7/site-packages/airflow/example_dags/tutorial_etl_dag.py for tasks to queue
[2022-07-23 21:09:24,500] {logging_mixin.py:115} INFO - [2022-07-23 21:09:24,500] {dagbag.py:508} INFO - Filling up the DagBag from /home/airflow/.local/lib/python3.7/site-packages/airflow/example_dags/tutorial_etl_dag.py
[2022-07-23 21:09:24,504] {processor.py:651} INFO - DAG(s) dict_keys(['tutorial_etl_dag']) retrieved from /home/airflow/.local/lib/python3.7/site-packages/airflow/example_dags/tutorial_etl_dag.py
[2022-07-23 21:09:24,522] {logging_mixin.py:115} INFO - [2022-07-23 21:09:24,522] {dag.py:2420} INFO - Sync 1 DAGs
[2022-07-23 21:09:24,541] {logging_mixin.py:115} INFO - [2022-07-23 21:09:24,541] {dag.py:2972} INFO - Setting next_dagrun for tutorial_etl_dag to None, run_after=None
[2022-07-23 21:09:24,549] {processor.py:161} INFO - Processing /home/airflow/.local/lib/python3.7/site-packages/airflow/example_dags/tutorial_etl_dag.py took 0.051 seconds
[2022-07-23 21:09:54,720] {processor.py:153} INFO - Started process (PID=702) to work on /home/airflow/.local/lib/python3.7/site-packages/airflow/example_dags/tutorial_etl_dag.py
[2022-07-23 21:09:54,721] {processor.py:641} INFO - Processing file /home/airflow/.local/lib/python3.7/site-packages/airflow/example_dags/tutorial_etl_dag.py for tasks to queue
[2022-07-23 21:09:54,721] {logging_mixin.py:115} INFO - [2022-07-23 21:09:54,721] {dagbag.py:508} INFO - Filling up the DagBag from /home/airflow/.local/lib/python3.7/site-packages/airflow/example_dags/tutorial_etl_dag.py
[2022-07-23 21:09:54,725] {processor.py:651} INFO - DAG(s) dict_keys(['tutorial_etl_dag']) retrieved from /home/airflow/.local/lib/python3.7/site-packages/airflow/example_dags/tutorial_etl_dag.py
[2022-07-23 21:09:54,740] {logging_mixin.py:115} INFO - [2022-07-23 21:09:54,740] {dag.py:2420} INFO - Sync 1 DAGs
[2022-07-23 21:09:54,756] {logging_mixin.py:115} INFO - [2022-07-23 21:09:54,756] {dag.py:2972} INFO - Setting next_dagrun for tutorial_etl_dag to None, run_after=None
[2022-07-23 21:09:54,765] {processor.py:161} INFO - Processing /home/airflow/.local/lib/python3.7/site-packages/airflow/example_dags/tutorial_etl_dag.py took 0.046 seconds
[2022-07-23 21:10:24,984] {processor.py:153} INFO - Started process (PID=753) to work on /home/airflow/.local/lib/python3.7/site-packages/airflow/example_dags/tutorial_etl_dag.py
[2022-07-23 21:10:24,984] {processor.py:641} INFO - Processing file /home/airflow/.local/lib/python3.7/site-packages/airflow/example_dags/tutorial_etl_dag.py for tasks to queue
[2022-07-23 21:10:24,985] {logging_mixin.py:115} INFO - [2022-07-23 21:10:24,985] {dagbag.py:508} INFO - Filling up the DagBag from /home/airflow/.local/lib/python3.7/site-packages/airflow/example_dags/tutorial_etl_dag.py
[2022-07-23 21:10:24,991] {processor.py:651} INFO - DAG(s) dict_keys(['tutorial_etl_dag']) retrieved from /home/airflow/.local/lib/python3.7/site-packages/airflow/example_dags/tutorial_etl_dag.py
[2022-07-23 21:10:25,029] {logging_mixin.py:115} INFO - [2022-07-23 21:10:25,029] {dag.py:2420} INFO - Sync 1 DAGs
[2022-07-23 21:10:25,051] {logging_mixin.py:115} INFO - [2022-07-23 21:10:25,051] {dag.py:2972} INFO - Setting next_dagrun for tutorial_etl_dag to None, run_after=None
[2022-07-23 21:10:25,061] {processor.py:161} INFO - Processing /home/airflow/.local/lib/python3.7/site-packages/airflow/example_dags/tutorial_etl_dag.py took 0.079 seconds
[2022-07-23 21:10:55,355] {processor.py:153} INFO - Started process (PID=814) to work on /home/airflow/.local/lib/python3.7/site-packages/airflow/example_dags/tutorial_etl_dag.py
[2022-07-23 21:10:55,356] {processor.py:641} INFO - Processing file /home/airflow/.local/lib/python3.7/site-packages/airflow/example_dags/tutorial_etl_dag.py for tasks to queue
[2022-07-23 21:10:55,356] {logging_mixin.py:115} INFO - [2022-07-23 21:10:55,356] {dagbag.py:508} INFO - Filling up the DagBag from /home/airflow/.local/lib/python3.7/site-packages/airflow/example_dags/tutorial_etl_dag.py
[2022-07-23 21:10:55,360] {processor.py:651} INFO - DAG(s) dict_keys(['tutorial_etl_dag']) retrieved from /home/airflow/.local/lib/python3.7/site-packages/airflow/example_dags/tutorial_etl_dag.py
[2022-07-23 21:10:55,375] {logging_mixin.py:115} INFO - [2022-07-23 21:10:55,375] {dag.py:2420} INFO - Sync 1 DAGs
[2022-07-23 21:10:55,389] {logging_mixin.py:115} INFO - [2022-07-23 21:10:55,389] {dag.py:2972} INFO - Setting next_dagrun for tutorial_etl_dag to None, run_after=None
[2022-07-23 21:10:55,398] {processor.py:161} INFO - Processing /home/airflow/.local/lib/python3.7/site-packages/airflow/example_dags/tutorial_etl_dag.py took 0.045 seconds
[2022-07-23 21:11:25,503] {processor.py:153} INFO - Started process (PID=875) to work on /home/airflow/.local/lib/python3.7/site-packages/airflow/example_dags/tutorial_etl_dag.py
[2022-07-23 21:11:25,504] {processor.py:641} INFO - Processing file /home/airflow/.local/lib/python3.7/site-packages/airflow/example_dags/tutorial_etl_dag.py for tasks to queue
[2022-07-23 21:11:25,504] {logging_mixin.py:115} INFO - [2022-07-23 21:11:25,504] {dagbag.py:508} INFO - Filling up the DagBag from /home/airflow/.local/lib/python3.7/site-packages/airflow/example_dags/tutorial_etl_dag.py
[2022-07-23 21:11:25,508] {processor.py:651} INFO - DAG(s) dict_keys(['tutorial_etl_dag']) retrieved from /home/airflow/.local/lib/python3.7/site-packages/airflow/example_dags/tutorial_etl_dag.py
[2022-07-23 21:11:25,523] {logging_mixin.py:115} INFO - [2022-07-23 21:11:25,523] {dag.py:2420} INFO - Sync 1 DAGs
[2022-07-23 21:11:25,536] {logging_mixin.py:115} INFO - [2022-07-23 21:11:25,536] {dag.py:2972} INFO - Setting next_dagrun for tutorial_etl_dag to None, run_after=None
[2022-07-23 21:11:25,543] {processor.py:161} INFO - Processing /home/airflow/.local/lib/python3.7/site-packages/airflow/example_dags/tutorial_etl_dag.py took 0.041 seconds
[2022-07-23 21:11:55,788] {processor.py:153} INFO - Started process (PID=935) to work on /home/airflow/.local/lib/python3.7/site-packages/airflow/example_dags/tutorial_etl_dag.py
[2022-07-23 21:11:55,788] {processor.py:641} INFO - Processing file /home/airflow/.local/lib/python3.7/site-packages/airflow/example_dags/tutorial_etl_dag.py for tasks to queue
[2022-07-23 21:11:55,788] {logging_mixin.py:115} INFO - [2022-07-23 21:11:55,788] {dagbag.py:508} INFO - Filling up the DagBag from /home/airflow/.local/lib/python3.7/site-packages/airflow/example_dags/tutorial_etl_dag.py
[2022-07-23 21:11:55,792] {processor.py:651} INFO - DAG(s) dict_keys(['tutorial_etl_dag']) retrieved from /home/airflow/.local/lib/python3.7/site-packages/airflow/example_dags/tutorial_etl_dag.py
[2022-07-23 21:11:55,808] {logging_mixin.py:115} INFO - [2022-07-23 21:11:55,808] {dag.py:2420} INFO - Sync 1 DAGs
[2022-07-23 21:11:55,821] {logging_mixin.py:115} INFO - [2022-07-23 21:11:55,821] {dag.py:2972} INFO - Setting next_dagrun for tutorial_etl_dag to None, run_after=None
[2022-07-23 21:11:55,828] {processor.py:161} INFO - Processing /home/airflow/.local/lib/python3.7/site-packages/airflow/example_dags/tutorial_etl_dag.py took 0.042 seconds
[2022-07-23 21:12:25,944] {processor.py:153} INFO - Started process (PID=989) to work on /home/airflow/.local/lib/python3.7/site-packages/airflow/example_dags/tutorial_etl_dag.py
[2022-07-23 21:12:25,945] {processor.py:641} INFO - Processing file /home/airflow/.local/lib/python3.7/site-packages/airflow/example_dags/tutorial_etl_dag.py for tasks to queue
[2022-07-23 21:12:25,945] {logging_mixin.py:115} INFO - [2022-07-23 21:12:25,945] {dagbag.py:508} INFO - Filling up the DagBag from /home/airflow/.local/lib/python3.7/site-packages/airflow/example_dags/tutorial_etl_dag.py
[2022-07-23 21:12:25,949] {processor.py:651} INFO - DAG(s) dict_keys(['tutorial_etl_dag']) retrieved from /home/airflow/.local/lib/python3.7/site-packages/airflow/example_dags/tutorial_etl_dag.py
[2022-07-23 21:12:25,967] {logging_mixin.py:115} INFO - [2022-07-23 21:12:25,967] {dag.py:2420} INFO - Sync 1 DAGs
[2022-07-23 21:12:25,982] {logging_mixin.py:115} INFO - [2022-07-23 21:12:25,982] {dag.py:2972} INFO - Setting next_dagrun for tutorial_etl_dag to None, run_after=None
[2022-07-23 21:12:25,988] {processor.py:161} INFO - Processing /home/airflow/.local/lib/python3.7/site-packages/airflow/example_dags/tutorial_etl_dag.py took 0.046 seconds
[2022-07-23 21:12:56,367] {processor.py:153} INFO - Started process (PID=1049) to work on /home/airflow/.local/lib/python3.7/site-packages/airflow/example_dags/tutorial_etl_dag.py
[2022-07-23 21:12:56,368] {processor.py:641} INFO - Processing file /home/airflow/.local/lib/python3.7/site-packages/airflow/example_dags/tutorial_etl_dag.py for tasks to queue
[2022-07-23 21:12:56,369] {logging_mixin.py:115} INFO - [2022-07-23 21:12:56,369] {dagbag.py:508} INFO - Filling up the DagBag from /home/airflow/.local/lib/python3.7/site-packages/airflow/example_dags/tutorial_etl_dag.py
[2022-07-23 21:12:56,382] {processor.py:651} INFO - DAG(s) dict_keys(['tutorial_etl_dag']) retrieved from /home/airflow/.local/lib/python3.7/site-packages/airflow/example_dags/tutorial_etl_dag.py
[2022-07-23 21:12:56,418] {logging_mixin.py:115} INFO - [2022-07-23 21:12:56,418] {dag.py:2420} INFO - Sync 1 DAGs
[2022-07-23 21:12:56,461] {logging_mixin.py:115} INFO - [2022-07-23 21:12:56,461] {dag.py:2972} INFO - Setting next_dagrun for tutorial_etl_dag to None, run_after=None
[2022-07-23 21:12:56,471] {processor.py:161} INFO - Processing /home/airflow/.local/lib/python3.7/site-packages/airflow/example_dags/tutorial_etl_dag.py took 0.111 seconds
[2022-07-23 21:13:26,786] {processor.py:153} INFO - Started process (PID=1110) to work on /home/airflow/.local/lib/python3.7/site-packages/airflow/example_dags/tutorial_etl_dag.py
[2022-07-23 21:13:26,786] {processor.py:641} INFO - Processing file /home/airflow/.local/lib/python3.7/site-packages/airflow/example_dags/tutorial_etl_dag.py for tasks to queue
[2022-07-23 21:13:26,786] {logging_mixin.py:115} INFO - [2022-07-23 21:13:26,786] {dagbag.py:508} INFO - Filling up the DagBag from /home/airflow/.local/lib/python3.7/site-packages/airflow/example_dags/tutorial_etl_dag.py
[2022-07-23 21:13:26,793] {processor.py:651} INFO - DAG(s) dict_keys(['tutorial_etl_dag']) retrieved from /home/airflow/.local/lib/python3.7/site-packages/airflow/example_dags/tutorial_etl_dag.py
[2022-07-23 21:13:26,817] {logging_mixin.py:115} INFO - [2022-07-23 21:13:26,817] {dag.py:2420} INFO - Sync 1 DAGs
[2022-07-23 21:13:26,841] {logging_mixin.py:115} INFO - [2022-07-23 21:13:26,841] {dag.py:2972} INFO - Setting next_dagrun for tutorial_etl_dag to None, run_after=None
[2022-07-23 21:13:26,850] {processor.py:161} INFO - Processing /home/airflow/.local/lib/python3.7/site-packages/airflow/example_dags/tutorial_etl_dag.py took 0.067 seconds
[2022-07-23 21:13:57,086] {processor.py:153} INFO - Started process (PID=1172) to work on /home/airflow/.local/lib/python3.7/site-packages/airflow/example_dags/tutorial_etl_dag.py
[2022-07-23 21:13:57,087] {processor.py:641} INFO - Processing file /home/airflow/.local/lib/python3.7/site-packages/airflow/example_dags/tutorial_etl_dag.py for tasks to queue
[2022-07-23 21:13:57,087] {logging_mixin.py:115} INFO - [2022-07-23 21:13:57,087] {dagbag.py:508} INFO - Filling up the DagBag from /home/airflow/.local/lib/python3.7/site-packages/airflow/example_dags/tutorial_etl_dag.py
[2022-07-23 21:13:57,091] {processor.py:651} INFO - DAG(s) dict_keys(['tutorial_etl_dag']) retrieved from /home/airflow/.local/lib/python3.7/site-packages/airflow/example_dags/tutorial_etl_dag.py
[2022-07-23 21:13:57,105] {logging_mixin.py:115} INFO - [2022-07-23 21:13:57,105] {dag.py:2420} INFO - Sync 1 DAGs
[2022-07-23 21:13:57,119] {logging_mixin.py:115} INFO - [2022-07-23 21:13:57,119] {dag.py:2972} INFO - Setting next_dagrun for tutorial_etl_dag to None, run_after=None
[2022-07-23 21:13:57,125] {processor.py:161} INFO - Processing /home/airflow/.local/lib/python3.7/site-packages/airflow/example_dags/tutorial_etl_dag.py took 0.041 seconds
[2022-07-23 21:14:27,317] {processor.py:153} INFO - Started process (PID=1224) to work on /home/airflow/.local/lib/python3.7/site-packages/airflow/example_dags/tutorial_etl_dag.py
[2022-07-23 21:14:27,318] {processor.py:641} INFO - Processing file /home/airflow/.local/lib/python3.7/site-packages/airflow/example_dags/tutorial_etl_dag.py for tasks to queue
[2022-07-23 21:14:27,318] {logging_mixin.py:115} INFO - [2022-07-23 21:14:27,318] {dagbag.py:508} INFO - Filling up the DagBag from /home/airflow/.local/lib/python3.7/site-packages/airflow/example_dags/tutorial_etl_dag.py
[2022-07-23 21:14:27,322] {processor.py:651} INFO - DAG(s) dict_keys(['tutorial_etl_dag']) retrieved from /home/airflow/.local/lib/python3.7/site-packages/airflow/example_dags/tutorial_etl_dag.py
[2022-07-23 21:14:27,337] {logging_mixin.py:115} INFO - [2022-07-23 21:14:27,337] {dag.py:2420} INFO - Sync 1 DAGs
[2022-07-23 21:14:27,350] {logging_mixin.py:115} INFO - [2022-07-23 21:14:27,350] {dag.py:2972} INFO - Setting next_dagrun for tutorial_etl_dag to None, run_after=None
[2022-07-23 21:14:27,358] {processor.py:161} INFO - Processing /home/airflow/.local/lib/python3.7/site-packages/airflow/example_dags/tutorial_etl_dag.py took 0.043 seconds
[2022-07-23 21:14:57,641] {processor.py:153} INFO - Started process (PID=1285) to work on /home/airflow/.local/lib/python3.7/site-packages/airflow/example_dags/tutorial_etl_dag.py
[2022-07-23 21:14:57,642] {processor.py:641} INFO - Processing file /home/airflow/.local/lib/python3.7/site-packages/airflow/example_dags/tutorial_etl_dag.py for tasks to queue
[2022-07-23 21:14:57,642] {logging_mixin.py:115} INFO - [2022-07-23 21:14:57,642] {dagbag.py:508} INFO - Filling up the DagBag from /home/airflow/.local/lib/python3.7/site-packages/airflow/example_dags/tutorial_etl_dag.py
[2022-07-23 21:14:57,646] {processor.py:651} INFO - DAG(s) dict_keys(['tutorial_etl_dag']) retrieved from /home/airflow/.local/lib/python3.7/site-packages/airflow/example_dags/tutorial_etl_dag.py
[2022-07-23 21:14:57,668] {logging_mixin.py:115} INFO - [2022-07-23 21:14:57,668] {dag.py:2420} INFO - Sync 1 DAGs
[2022-07-23 21:14:57,687] {logging_mixin.py:115} INFO - [2022-07-23 21:14:57,687] {dag.py:2972} INFO - Setting next_dagrun for tutorial_etl_dag to None, run_after=None
[2022-07-23 21:14:57,695] {processor.py:161} INFO - Processing /home/airflow/.local/lib/python3.7/site-packages/airflow/example_dags/tutorial_etl_dag.py took 0.056 seconds
[2022-07-23 21:15:28,004] {processor.py:153} INFO - Started process (PID=1347) to work on /home/airflow/.local/lib/python3.7/site-packages/airflow/example_dags/tutorial_etl_dag.py
[2022-07-23 21:15:28,004] {processor.py:641} INFO - Processing file /home/airflow/.local/lib/python3.7/site-packages/airflow/example_dags/tutorial_etl_dag.py for tasks to queue
[2022-07-23 21:15:28,004] {logging_mixin.py:115} INFO - [2022-07-23 21:15:28,004] {dagbag.py:508} INFO - Filling up the DagBag from /home/airflow/.local/lib/python3.7/site-packages/airflow/example_dags/tutorial_etl_dag.py
[2022-07-23 21:15:28,009] {processor.py:651} INFO - DAG(s) dict_keys(['tutorial_etl_dag']) retrieved from /home/airflow/.local/lib/python3.7/site-packages/airflow/example_dags/tutorial_etl_dag.py
[2022-07-23 21:15:28,024] {logging_mixin.py:115} INFO - [2022-07-23 21:15:28,024] {dag.py:2420} INFO - Sync 1 DAGs
[2022-07-23 21:15:28,037] {logging_mixin.py:115} INFO - [2022-07-23 21:15:28,037] {dag.py:2972} INFO - Setting next_dagrun for tutorial_etl_dag to None, run_after=None
[2022-07-23 21:15:28,043] {processor.py:161} INFO - Processing /home/airflow/.local/lib/python3.7/site-packages/airflow/example_dags/tutorial_etl_dag.py took 0.042 seconds
[2022-07-23 21:15:58,243] {processor.py:153} INFO - Started process (PID=1408) to work on /home/airflow/.local/lib/python3.7/site-packages/airflow/example_dags/tutorial_etl_dag.py
[2022-07-23 21:15:58,243] {processor.py:641} INFO - Processing file /home/airflow/.local/lib/python3.7/site-packages/airflow/example_dags/tutorial_etl_dag.py for tasks to queue
[2022-07-23 21:15:58,243] {logging_mixin.py:115} INFO - [2022-07-23 21:15:58,243] {dagbag.py:508} INFO - Filling up the DagBag from /home/airflow/.local/lib/python3.7/site-packages/airflow/example_dags/tutorial_etl_dag.py
[2022-07-23 21:15:58,247] {processor.py:651} INFO - DAG(s) dict_keys(['tutorial_etl_dag']) retrieved from /home/airflow/.local/lib/python3.7/site-packages/airflow/example_dags/tutorial_etl_dag.py
[2022-07-23 21:15:58,262] {logging_mixin.py:115} INFO - [2022-07-23 21:15:58,262] {dag.py:2420} INFO - Sync 1 DAGs
[2022-07-23 21:15:58,275] {logging_mixin.py:115} INFO - [2022-07-23 21:15:58,275] {dag.py:2972} INFO - Setting next_dagrun for tutorial_etl_dag to None, run_after=None
[2022-07-23 21:15:58,281] {processor.py:161} INFO - Processing /home/airflow/.local/lib/python3.7/site-packages/airflow/example_dags/tutorial_etl_dag.py took 0.041 seconds
[2022-07-23 21:16:50,326] {processor.py:153} INFO - Started process (PID=47) to work on /home/airflow/.local/lib/python3.7/site-packages/airflow/example_dags/tutorial_etl_dag.py
[2022-07-23 21:16:50,326] {processor.py:641} INFO - Processing file /home/airflow/.local/lib/python3.7/site-packages/airflow/example_dags/tutorial_etl_dag.py for tasks to queue
[2022-07-23 21:16:50,327] {logging_mixin.py:115} INFO - [2022-07-23 21:16:50,327] {dagbag.py:508} INFO - Filling up the DagBag from /home/airflow/.local/lib/python3.7/site-packages/airflow/example_dags/tutorial_etl_dag.py
[2022-07-23 21:16:50,333] {processor.py:651} INFO - DAG(s) dict_keys(['tutorial_etl_dag']) retrieved from /home/airflow/.local/lib/python3.7/site-packages/airflow/example_dags/tutorial_etl_dag.py
[2022-07-23 21:16:50,356] {logging_mixin.py:115} INFO - [2022-07-23 21:16:50,356] {dag.py:2420} INFO - Sync 1 DAGs
[2022-07-23 21:16:50,498] {logging_mixin.py:115} INFO - [2022-07-23 21:16:50,498] {dag.py:2972} INFO - Setting next_dagrun for tutorial_etl_dag to None, run_after=None
[2022-07-23 21:16:50,520] {processor.py:161} INFO - Processing /home/airflow/.local/lib/python3.7/site-packages/airflow/example_dags/tutorial_etl_dag.py took 0.196 seconds
